#
# A fatal error has been detected by the Java Runtime Environment:
#
#  EXCEPTION_ACCESS_VIOLATION (0xc0000005) at pc=0x00007ff9494dbeca, pid=30348, tid=26356
#
# JRE version: OpenJDK Runtime Environment (17.0+35) (build 17+35-2724)
# Java VM: OpenJDK 64-Bit Server VM (17+35-2724, mixed mode, sharing, tiered, compressed oops, compressed class ptrs, g1 gc, windows-amd64)
# Problematic frame:
# V  [jvm.dll+0x73beca]
#
# No core dump will be written. Minidumps are not enabled by default on client versions of Windows
#
# If you would like to submit a bug report, please visit:
#   https://bugreport.java.com/bugreport/crash.jsp
#

---------------  S U M M A R Y ------------

Command Line: -Djava.net.preferIPv4Stack=true -XX:+ShowCodeDetailsInExceptionMessages -agentlib:jdwp=transport=dt_socket,suspend=y,address=localhost:57152 --module-path=C:\Program Files\Java\open-jdk-16-javafx --add-modules=ALL-MODULE-PATH -javaagent:C:\Users\KYJ\uml2-master2\eclipse\configuration\org.eclipse.osgi\1410\0\.cp\lib\javaagent-shaded.jar -Dfile.encoding=UTF-8 com.kyj.fx.b.ETScriptHelper.MainApp

Host: Intel(R) Core(TM) i7-8565U CPU @ 1.80GHz, 8 cores, 23G,  Windows 10 , 64 bit Build 19041 (10.0.19041.1348)
Time: Fri Dec 10 16:25:24 2021  Windows 10 , 64 bit Build 19041 (10.0.19041.1348) elapsed time: 178.320337 seconds (0d 0h 2m 58s)

---------------  T H R E A D  ---------------

Current thread (0x0000019b5d293670):  JavaThread "JDWP Transport Listener: dt_socket" daemon [_thread_in_vm, id=26356, stack(0x000000376f800000,0x000000376f900000)]

Stack: [0x000000376f800000,0x000000376f900000],  sp=0x000000376f8ff400,  free space=1021k
Native frames: (J=compiled Java code, j=interpreted, Vv=VM code, C=native code)
V  [jvm.dll+0x73beca]
V  [jvm.dll+0x50476c]
V  [jvm.dll+0x4d0084]
C  [jdwp.dll+0x22e9f]


siginfo: EXCEPTION_ACCESS_VIOLATION (0xc0000005), reading address 0x0000000000760077


Register to memory mapping:

RIP=0x00007ff9494dbeca jvm.dll
RAX=0x0000000000000077 is an unknown value
RBX=0x0000019b5c0257e0 points into unknown readable memory: 0x65746e6f432f6c6f | 6f 6c 2f 43 6f 6e 74 65
RCX=0x0000000000760073 is an unknown value
RDX=0x0000019b656c8850 points into unknown readable memory: 0x6a796b2f6d6f634c | 4c 63 6f 6d 2f 6b 79 6a
RSP=0x000000376f8ff400 is pointing into the stack for thread: 0x0000019b5d293670
RBP=0x0000019b5d0ce4e0 points into unknown readable memory: 0x0000000000000002 | 02 00 00 00 00 00 00 00
RSI=0x0 is NULL
RDI=0xffffffffffffffff is an unknown value
R8 =0x0000000000000012 is an unknown value
R9 =0x0000000000000014 is an unknown value
R10=0x0 is NULL
R11=0x000000376f8ff420 is pointing into the stack for thread: 0x0000019b5d293670
R12=0x000000376f8ff558 is pointing into the stack for thread: 0x0000019b5d293670
R13=0x0 is NULL
R14=0x00000008010e0000 is a pointer to class: 
com.kyj.fx.b.ETScriptHelper.eqtree.MiAllEventCancelPerform$EventPerformDeploy {0x00000008010e0008}
 - instance size:     85
 - klass size:        288
 - access:            synchronized 
 - state:             fully_initialized
 - name:              'com/kyj/fx/b/ETScriptHelper/eqtree/MiAllEventCancelPerform$EventPerformDeploy'
 - super:             'com/kyj/fx/b/ETScriptHelper/actions/deploy/DeployComposite'
 - sub:               
 - arrays:            NULL
 - methods:           Array<T>(0x0000019b725953d8)
 - method ordering:   Array<T>(0x0000019b725963f0)
 - default_methods:   Array<T>(0x0000019b701d46e0)
 - default vtable indices:   Array<T>(0x0000019b701d46f0)
 - local interfaces:  Array<T>(0x00000008005aef10)
 - trans. interfaces: Array<T>(0x0000019b5ca07ca8)
 - constants:         constant pool [129] {0x0000019b72595ce0} for 'com/kyj/fx/b/ETScriptHelper/eqtree/MiAllEventCancelPerform$EventPerformDeploy' cache=0x0000019b72596190
 - class loader data:  loader data: 0x0000019b5c1762e0 for instance a 'jdk/internal/loader/ClassLoaders$AppClassLoader'{0x000000068198bd48}
 - source file:       'MiAllEventCancelPerform.java'
 - source debug extension:       SMAP
MiAllEventCancelPerform.java
Java
*S jdt
*F
1 MiAllEventCancelPerform.java
2 file:/C:/Users/KYJ/git/repository/ETScriptHelper/target/classes/
*L
*E

 - class annotations:       Array<T>(0x0000000000000000)
 - class type annotations:  Array<T>(0x0000000000000000)
 - field annotations:       Array<T>(0x0000000000000000)
 - field type annotations:  Array<T>(0x0000000000000000)
 - generic signature: '
[error occurred during error reporting (printing register info), id 0xc0000005, EXCEPTION_ACCESS_VIOLATION (0xc0000005) at pc=0x00007ff9494dcad6]

Registers:
RAX=0x0000000000000077, RBX=0x0000019b5c0257e0, RCX=0x0000000000760073, RDX=0x0000019b656c8850
RSP=0x000000376f8ff400, RBP=0x0000019b5d0ce4e0, RSI=0x0000000000000000, RDI=0xffffffffffffffff
R8 =0x0000000000000012, R9 =0x0000000000000014, R10=0x0000000000000000, R11=0x000000376f8ff420
R12=0x000000376f8ff558, R13=0x0000000000000000, R14=0x00000008010e0000, R15=0x000000376f8ff580
RIP=0x00007ff9494dbeca, EFLAGS=0x0000000000010206

Top of Stack: (sp=0x000000376f8ff400)
0x000000376f8ff400:   000000000000004d 00000008010e0000
0x000000376f8ff410:   0000019b656c85b0 00007ff9991f47b1
0x000000376f8ff420:   ffffffffffffffff 00007ff9492a476c
0x000000376f8ff430:   0000019b5c0257e0 0000019b5c025790
0x000000376f8ff440:   0000019b5d0ce4e0 0000000000000000
0x000000376f8ff450:   0000019b5c025730 00000000000003d8
0x000000376f8ff460:   0000019b5c025740 0000019b5c025b18
0x000000376f8ff470:   000000000000fe01 000000376f8ff558
0x000000376f8ff480:   0000000000000007 0000019b5d293918
0x000000376f8ff490:   000000068ec26bf0 00007ff949270084
0x000000376f8ff4a0:   0000019b5d293670 000000376f8ff580
0x000000376f8ff4b0:   0000019b34729fb0 000000376f8ff580
0x000000376f8ff4c0:   0000019b5d293670 0000000000000000
0x000000376f8ff4d0:   0000000000000000 0000000000000000
0x000000376f8ff4e0:   0000019b5cf4bfc0 00007ff983802e9f
0x000000376f8ff4f0:   000000376f8ff578 00007ff983811830 

Instructions: (pc=0x00007ff9494dbeca)
0x00007ff9494dbdca:   48 83 c4 20 5f e9 fc 87 96 ff cc cc cc cc cc cc
0x00007ff9494dbdda:   cc cc cc cc cc cc 48 89 5c 24 08 57 48 83 ec 20
0x00007ff9494dbdea:   83 fa 02 8d 42 06 b9 08 00 00 00 49 8b d8 0f 4e
0x00007ff9494dbdfa:   c1 48 63 c8 48 83 c1 07 83 e1 f8 48 63 f9 49 8b
0x00007ff9494dbe0a:   48 18 48 8b c7 48 f7 d0 48 3b c1 73 16 4c 8d 05
0x00007ff9494dbe1a:   8a 48 17 00 48 8b d7 48 8b cb e8 07 eb 96 ff 48
0x00007ff9494dbe2a:   8b 4b 18 48 8d 04 39 48 3b 43 20 76 18 45 33 c0
0x00007ff9494dbe3a:   48 8b d7 48 8b cb 48 8b 5c 24 30 48 83 c4 20 5f
0x00007ff9494dbe4a:   e9 61 e7 96 ff 48 89 43 18 48 8b c1 48 8b 5c 24
0x00007ff9494dbe5a:   30 48 83 c4 20 5f c3 cc cc cc cc cc cc cc cc cc
0x00007ff9494dbe6a:   cc cc cc cc cc cc 4c 8b d2 4c 8b d9 45 85 c0 7e
0x00007ff9494dbe7a:   3c 44 0f b7 49 04 41 8d 40 ff 41 3b c1 44 0f 4c
0x00007ff9494dbe8a:   c8 4d 63 c1 45 85 c9 7e 1f 48 8b c2 4c 2b da 49
0x00007ff9494dbe9a:   8b d0 0f 1f 40 00 41 0f b6 4c 03 06 88 08 48 8d
0x00007ff9494dbeaa:   40 01 48 83 ea 01 75 ee 43 c6 04 10 00 49 8b c2
0x00007ff9494dbeba:   c3 cc cc cc cc cc 48 89 5c 24 08 57 48 83 ec 20
0x00007ff9494dbeca:   0f b7 59 04 48 8b f9 33 d2 48 8d 4b 01 e8 14 9b
0x00007ff9494dbeda:   f8 ff 0f b7 57 04 4c 8b c0 3b da 0f 42 d3 44 8b
0x00007ff9494dbeea:   ca 85 d2 74 39 48 2b f8 0f 1f 40 00 66 66 0f 1f
0x00007ff9494dbefa:   84 00 00 00 00 00 0f b6 4c 07 06 88 08 48 ff c0
0x00007ff9494dbf0a:   48 8b c8 49 2b c8 49 3b c9 7c eb 42 c6 04 02 00
0x00007ff9494dbf1a:   49 8b c0 48 8b 5c 24 30 48 83 c4 20 5f c3 48 8b
0x00007ff9494dbf2a:   5c 24 30 c6 04 02 00 48 83 c4 20 5f c3 cc cc cc
0x00007ff9494dbf3a:   cc cc cc cc cc cc 4c 8b d1 45 85 c0 7e 6c 44 0f
0x00007ff9494dbf4a:   b7 49 04 41 8d 40 ff 41 3b c1 44 0f 4c c8 4d 63
0x00007ff9494dbf5a:   d9 45 85 c9 7e 22 48 8b ca 4c 2b d2 4d 8b c3 0f
0x00007ff9494dbf6a:   1f 80 00 00 00 00 41 0f b6 44 0a 06 88 01 48 8d
0x00007ff9494dbf7a:   49 01 49 83 e8 01 75 ee 41 c6 04 13 00 48 c7 c0
0x00007ff9494dbf8a:   ff ff ff ff 66 90 48 ff c0 80 3c 02 00 75 f7 48
0x00007ff9494dbf9a:   63 c8 85 c0 48 8b c2 7e 14 80 38 2f 75 03 c6 00
0x00007ff9494dbfaa:   2e 48 ff c0 48 83 e9 01 75 ef 48 8b c2 c3 cc cc
0x00007ff9494dbfba:   cc cc cc cc cc cc 48 83 ec 28 e8 f7 fe ff ff 4c 


Stack slot to memory mapping:
stack at sp + 0 slots: 0x000000000000004d is an unknown value
stack at sp + 1 slots: 0x00000008010e0000 is a pointer to class: 
com.kyj.fx.b.ETScriptHelper.eqtree.MiAllEventCancelPerform$EventPerformDeploy {0x00000008010e0008}
 - instance size:     85
 - klass size:        288
 - access:            synchronized 
 - state:             fully_initialized
 - name:              'com/kyj/fx/b/ETScriptHelper/eqtree/MiAllEventCancelPerform$EventPerformDeploy'
 - super:             'com/kyj/fx/b/ETScriptHelper/actions/deploy/DeployComposite'
 - sub:               
 - arrays:            NULL
 - methods:           Array<T>(0x0000019b725953d8)
 - method ordering:   Array<T>(0x0000019b725963f0)
 - default_methods:   Array<T>(0x0000019b701d46e0)
 - default vtable indices:   Array<T>(0x0000019b701d46f0)
 - local interfaces:  Array<T>(0x00000008005aef10)
 - trans. interfaces: Array<T>(0x0000019b5ca07ca8)
 - constants:         constant pool [129] {0x0000019b72595ce0} for 'com/kyj/fx/b/ETScriptHelper/eqtree/MiAllEventCancelPerform$EventPerformDeploy' cache=0x0000019b72596190
 - class loader data:  loader data: 0x0000019b5c1762e0 for instance a 'jdk/internal/loader/ClassLoaders$AppClassLoader'{0x000000068198bd48}
 - source file:       'MiAllEventCancelPerform.java'
 - source debug extension:       SMAP
MiAllEventCancelPerform.java
Java
*S jdt
*F
1 MiAllEventCancelPerform.java
2 file:/C:/Users/KYJ/git/repository/ETScriptHelper/target/classes/
*L
*E

 - class annotations:       Array<T>(0x0000000000000000)
 - class type annotations:  Array<T>(0x0000000000000000)
 - field annotations:       Array<T>(0x0000000000000000)
 - field type annotations:  Array<T>(0x0000000000000000)
 - generic signature: '
[error occurred during error reporting (inspecting top of stack), id 0xc0000005, EXCEPTION_ACCESS_VIOLATION (0xc0000005) at pc=0x00007ff9494dcad6]


---------------  P R O C E S S  ---------------

Threads class SMR info:
_java_thread_list=0x0000019b685592b0, length=26, elements={
0x0000019b3474e950, 0x0000019b340f4c90, 0x0000019b340f5fe0, 0x0000019b3410bd80,
0x0000019b3410dff0, 0x0000019b34113e00, 0x0000019b34111c50, 0x0000019b347367a0,
0x0000019b347376d0, 0x0000019b5c023280, 0x0000019b34112f90, 0x0000019b5d293670,
0x0000019b5d0faad0, 0x0000019b5d290f60, 0x0000019b34113460, 0x0000019b34112ac0,
0x0000019b34113930, 0x0000019b341142d0, 0x0000019b34110910, 0x0000019b341112b0,
0x0000019b341125f0, 0x0000019b668365d0, 0x0000019b66836aa0, 0x0000019b66838c50,
0x0000019b66835c30, 0x0000019b668382b0
}

Java Threads: ( => current thread )
  0x0000019b3474e950 JavaThread "main" [_thread_blocked, id=30216, stack(0x000000376e500000,0x000000376e600000)]
  0x0000019b340f4c90 JavaThread "Reference Handler" daemon [_thread_blocked, id=15496, stack(0x000000376ec00000,0x000000376ed00000)]
  0x0000019b340f5fe0 JavaThread "Finalizer" daemon [_thread_blocked, id=29788, stack(0x000000376ed00000,0x000000376ee00000)]
  0x0000019b3410bd80 JavaThread "Signal Dispatcher" daemon [_thread_blocked, id=29768, stack(0x000000376ee00000,0x000000376ef00000)]
  0x0000019b3410dff0 JavaThread "Attach Listener" daemon [_thread_blocked, id=27684, stack(0x000000376ef00000,0x000000376f000000)]
  0x0000019b34113e00 JavaThread "Service Thread" daemon [_thread_blocked, id=30988, stack(0x000000376f000000,0x000000376f100000)]
  0x0000019b34111c50 JavaThread "Monitor Deflation Thread" daemon [_thread_blocked, id=30656, stack(0x000000376f100000,0x000000376f200000)]
  0x0000019b347367a0 JavaThread "C2 CompilerThread0" daemon [_thread_blocked, id=31312, stack(0x000000376f200000,0x000000376f300000)]
  0x0000019b347376d0 JavaThread "C1 CompilerThread0" daemon [_thread_blocked, id=30184, stack(0x000000376f300000,0x000000376f400000)]
  0x0000019b5c023280 JavaThread "Sweeper thread" daemon [_thread_blocked, id=14980, stack(0x000000376f400000,0x000000376f500000)]
  0x0000019b34112f90 JavaThread "Common-Cleaner" daemon [_thread_blocked, id=29184, stack(0x000000376f500000,0x000000376f600000)]
=>0x0000019b5d293670 JavaThread "JDWP Transport Listener: dt_socket" daemon [_thread_in_vm, id=26356, stack(0x000000376f800000,0x000000376f900000)]
  0x0000019b5d0faad0 JavaThread "JDWP Event Helper Thread" daemon [_thread_blocked, id=27580, stack(0x000000376f900000,0x000000376fa00000)]
  0x0000019b5d290f60 JavaThread "JDWP Command Reader" daemon [_thread_in_native, id=8772, stack(0x000000376fa00000,0x000000376fb00000)]
  0x0000019b34113460 JavaThread "Notification Thread" daemon [_thread_blocked, id=8328, stack(0x000000376f700000,0x000000376f800000)]
  0x0000019b34112ac0 JavaThread "QuantumRenderer-0" daemon [_thread_blocked, id=24292, stack(0x000000376f600000,0x000000376f700000)]
  0x0000019b34113930 JavaThread "InvokeLaterDispatcher" daemon [_thread_blocked, id=20692, stack(0x0000003770300000,0x0000003770400000)]
  0x0000019b341142d0 JavaThread "JavaFX Application Thread" [_thread_in_native, id=27636, stack(0x0000003770400000,0x0000003770500000)]
  0x0000019b34110910 JavaThread "Thread-1" daemon [_thread_in_native, id=21628, stack(0x0000003770800000,0x0000003770900000)]
  0x0000019b341112b0 JavaThread "JavaFX-Launcher" [_thread_blocked, id=11016, stack(0x0000003770b00000,0x0000003770c00000)]
  0x0000019b341125f0 JavaThread "Prism Font Disposer" daemon [_thread_blocked, id=20308, stack(0x0000003770f00000,0x0000003771000000)]
  0x0000019b668365d0 JavaThread "PoolCleaner[317574433:1639120949586]" daemon [_thread_blocked, id=29896, stack(0x0000003771100000,0x0000003771200000)]
  0x0000019b66836aa0 JavaThread "Cleaner-0" daemon [_thread_blocked, id=17452, stack(0x0000003771300000,0x0000003771400000)]
  0x0000019b66838c50 JavaThread "[Gargoye-Excutor-Deamon-Thread]" daemon [_thread_blocked, id=28212, stack(0x0000003770900000,0x0000003770a00000)]
  0x0000019b66835c30 JavaThread "[Gargoye-Excutor-Deamon-Thread]" daemon [_thread_blocked, id=31584, stack(0x000000376e000000,0x000000376e100000)]
  0x0000019b668382b0 JavaThread "[Gargoye-Excutor-Deamon-Thread]" daemon [_thread_blocked, id=21028, stack(0x000000376e100000,0x000000376e200000)]

Other Threads:
  0x0000019b340ebd10 VMThread "VM Thread" [stack: 0x000000376eb00000,0x000000376ec00000] [id=27216]
  0x0000019b3132a660 WatcherThread [stack: 0x000000376fb00000,0x000000376fc00000] [id=30824]
  0x0000019b33f7ef60 GCTaskThread "GC Thread#0" [stack: 0x000000376e600000,0x000000376e700000] [id=27932]
  0x0000019b5d61b540 GCTaskThread "GC Thread#1" [stack: 0x000000376fc00000,0x000000376fd00000] [id=30052]
  0x0000019b5d489840 GCTaskThread "GC Thread#2" [stack: 0x000000376fd00000,0x000000376fe00000] [id=30848]
  0x0000019b5d857360 GCTaskThread "GC Thread#3" [stack: 0x000000376fe00000,0x000000376ff00000] [id=28812]
  0x0000019b5d857820 GCTaskThread "GC Thread#4" [stack: 0x000000376ff00000,0x0000003770000000] [id=28856]
  0x0000019b5d40d930 GCTaskThread "GC Thread#5" [stack: 0x0000003770000000,0x0000003770100000] [id=27720]
  0x0000019b5d40dbe0 GCTaskThread "GC Thread#6" [stack: 0x0000003770100000,0x0000003770200000] [id=31240]
  0x0000019b5d3e58e0 GCTaskThread "GC Thread#7" [stack: 0x0000003770200000,0x0000003770300000] [id=28188]
  0x0000019b33f80930 ConcurrentGCThread "G1 Main Marker" [stack: 0x000000376e700000,0x000000376e800000] [id=6536]
  0x0000019b33f810f0 ConcurrentGCThread "G1 Conc#0" [stack: 0x000000376e800000,0x000000376e900000] [id=30908]
  0x0000019b5e6967c0 ConcurrentGCThread "G1 Conc#1" [stack: 0x0000003771000000,0x0000003771100000] [id=30008]
  0x0000019b313fe900 ConcurrentGCThread "G1 Refine#0" [stack: 0x000000376e900000,0x000000376ea00000] [id=23004]
  0x0000019b3475e1e0 ConcurrentGCThread "G1 Service" [stack: 0x000000376ea00000,0x000000376eb00000] [id=26304]

Threads with active compile tasks:

VM state: not at safepoint (normal execution)

VM Mutex/Monitor currently owned by a thread: None

Heap address: 0x0000000681800000, size: 6120 MB, Compressed Oops mode: Zero based, Oop shift amount: 3

CDS archive(s) mapped at: [0x0000000800000000-0x0000000800bc0000-0x0000000800bc0000), size 12320768, SharedBaseAddress: 0x0000000800000000, ArchiveRelocationMode: 0.
Compressed class space mapped at: 0x0000000800c00000-0x0000000840c00000, reserved size: 1073741824
Narrow klass base: 0x0000000800000000, Narrow klass shift: 0, Narrow klass range: 0x100000000

GC Precious Log:
 CPUs: 8 total, 8 available
 Memory: 24467M
 Large Page Support: Disabled
 NUMA Support: Disabled
 Compressed Oops: Enabled (Zero based)
 Heap Region Size: 4M
 Heap Min Capacity: 8M
 Heap Initial Capacity: 384M
 Heap Max Capacity: 6120M
 Pre-touch: Disabled
 Parallel Workers: 8
 Concurrent Workers: 2
 Concurrent Refinement Workers: 8
 Periodic GC: Disabled

Heap:
 garbage-first heap   total 139264K, used 66128K [0x0000000681800000, 0x0000000800000000)
  region size 4096K, 10 young (40960K), 1 survivors (4096K)
 Metaspace       used 39029K, committed 39360K, reserved 1089536K
  class space    used 5264K, committed 5440K, reserved 1048576K

Heap Regions: E=young(eden), S=young(survivor), O=old, HS=humongous(starts), HC=humongous(continues), CS=collection set, F=free, OA=open archive, CA=closed archive, TAMS=top-at-mark-start (previous, next)
|   0|0x0000000681800000, 0x0000000681c00000, 0x0000000681c00000|100%| O|  |TAMS 0x0000000681c00000, 0x0000000681800000| Untracked 
|   1|0x0000000681c00000, 0x0000000682000000, 0x0000000682000000|100%| O|  |TAMS 0x0000000682000000, 0x0000000681c00000| Untracked 
|   2|0x0000000682000000, 0x0000000682400000, 0x0000000682400000|100%| O|  |TAMS 0x0000000682400000, 0x0000000682000000| Untracked 
|   3|0x0000000682400000, 0x0000000682800000, 0x0000000682800000|100%| O|  |TAMS 0x0000000682800000, 0x0000000682400000| Untracked 
|   4|0x0000000682800000, 0x0000000682c00000, 0x0000000682c00000|100%| O|  |TAMS 0x0000000682c00000, 0x0000000682800000| Untracked 
|   5|0x0000000682c00000, 0x0000000683000000, 0x0000000683000000|100%| O|  |TAMS 0x0000000683000000, 0x0000000682c00000| Untracked 
|   6|0x0000000683000000, 0x0000000683182600, 0x0000000683400000| 37%| O|  |TAMS 0x0000000683182600, 0x0000000683000000| Untracked 
|   7|0x0000000683400000, 0x0000000683800000, 0x0000000683800000|100%| O|  |TAMS 0x0000000683800000, 0x0000000683400000| Untracked 
|   8|0x0000000683800000, 0x0000000683800000, 0x0000000683c00000|  0%| F|  |TAMS 0x0000000683800000, 0x0000000683800000| Untracked 
|   9|0x0000000683c00000, 0x0000000683c00000, 0x0000000684000000|  0%| F|  |TAMS 0x0000000683c00000, 0x0000000683c00000| Untracked 
|  10|0x0000000684000000, 0x0000000684000000, 0x0000000684400000|  0%| F|  |TAMS 0x0000000684000000, 0x0000000684000000| Untracked 
|  11|0x0000000684400000, 0x0000000684400000, 0x0000000684800000|  0%| F|  |TAMS 0x0000000684400000, 0x0000000684400000| Untracked 
|  12|0x0000000684800000, 0x0000000684800000, 0x0000000684c00000|  0%| F|  |TAMS 0x0000000684800000, 0x0000000684800000| Untracked 
|  13|0x0000000684c00000, 0x0000000684c00000, 0x0000000685000000|  0%| F|  |TAMS 0x0000000684c00000, 0x0000000684c00000| Untracked 
|  14|0x0000000685000000, 0x0000000685000000, 0x0000000685400000|  0%| F|  |TAMS 0x0000000685000000, 0x0000000685000000| Untracked 
|  15|0x0000000685400000, 0x0000000685400000, 0x0000000685800000|  0%| F|  |TAMS 0x0000000685400000, 0x0000000685400000| Untracked 
|  16|0x0000000685800000, 0x0000000685800000, 0x0000000685c00000|  0%| F|  |TAMS 0x0000000685800000, 0x0000000685800000| Untracked 
|  17|0x0000000685c00000, 0x0000000685c00000, 0x0000000686000000|  0%| F|  |TAMS 0x0000000685c00000, 0x0000000685c00000| Untracked 
|  18|0x0000000686000000, 0x0000000686000000, 0x0000000686400000|  0%| F|  |TAMS 0x0000000686000000, 0x0000000686000000| Untracked 
|  19|0x0000000686400000, 0x0000000686400000, 0x0000000686800000|  0%| F|  |TAMS 0x0000000686400000, 0x0000000686400000| Untracked 
|  20|0x0000000686800000, 0x0000000686800000, 0x0000000686c00000|  0%| F|  |TAMS 0x0000000686800000, 0x0000000686800000| Untracked 
|  21|0x0000000686c00000, 0x0000000686c00000, 0x0000000687000000|  0%| F|  |TAMS 0x0000000686c00000, 0x0000000686c00000| Untracked 
|  22|0x0000000687000000, 0x0000000687000000, 0x0000000687400000|  0%| F|  |TAMS 0x0000000687000000, 0x0000000687000000| Untracked 
|  23|0x0000000687400000, 0x0000000687400000, 0x0000000687800000|  0%| F|  |TAMS 0x0000000687400000, 0x0000000687400000| Untracked 
|  24|0x0000000687800000, 0x0000000687c00000, 0x0000000687c00000|100%| E|  |TAMS 0x0000000687800000, 0x0000000687800000| Complete 
|  25|0x0000000687c00000, 0x0000000688000000, 0x0000000688000000|100%| E|CS|TAMS 0x0000000687c00000, 0x0000000687c00000| Complete 
|  26|0x0000000688000000, 0x0000000688400000, 0x0000000688400000|100%| E|CS|TAMS 0x0000000688000000, 0x0000000688000000| Complete 
|  27|0x0000000688400000, 0x0000000688800000, 0x0000000688800000|100%| E|CS|TAMS 0x0000000688400000, 0x0000000688400000| Complete 
|  28|0x0000000688800000, 0x0000000688c00000, 0x0000000688c00000|100%| E|CS|TAMS 0x0000000688800000, 0x0000000688800000| Complete 
|  29|0x0000000688c00000, 0x0000000689000000, 0x0000000689000000|100%| E|CS|TAMS 0x0000000688c00000, 0x0000000688c00000| Complete 
|  30|0x0000000689000000, 0x0000000689400000, 0x0000000689400000|100%| E|CS|TAMS 0x0000000689000000, 0x0000000689000000| Complete 
|  31|0x0000000689400000, 0x0000000689800000, 0x0000000689800000|100%| E|CS|TAMS 0x0000000689400000, 0x0000000689400000| Complete 
|  53|0x000000068ec00000, 0x000000068ef11d90, 0x000000068f000000| 76%| S|CS|TAMS 0x000000068ec00000, 0x000000068ec00000| Complete 
|  95|0x0000000699400000, 0x0000000699800000, 0x0000000699800000|100%| E|CS|TAMS 0x0000000699400000, 0x0000000699400000| Complete 

Card table byte_map: [0x0000019b4bfd0000,0x0000019b4cbd0000] _byte_map_base: 0x0000019b48bc4000

Marking Bits (Prev, Next): (CMBitMap*) 0x0000019b33f7f410, (CMBitMap*) 0x0000019b33f7f450
 Prev Bits: [0x0000019b4d7d0000, 0x0000019b53770000)
 Next Bits: [0x0000019b53770000, 0x0000019b59710000)

Polling page: 0x0000019b33cd0000

Metaspace:

Usage:
  Non-class:     32.97 MB used.
      Class:      5.14 MB used.
       Both:     38.11 MB used.

Virtual space:
  Non-class space:       40.00 MB reserved,      33.12 MB ( 83%) committed,  5 nodes.
      Class space:        1.00 GB reserved,       5.31 MB ( <1%) committed,  1 nodes.
             Both:        1.04 GB reserved,      38.44 MB (  4%) committed. 

Chunk freelists:
   Non-Class:  2.31 MB
       Class:  2.66 MB
        Both:  4.97 MB

MaxMetaspaceSize: unlimited
CompressedClassSpaceSize: 1.00 GB
Initial GC threshold: 21.00 MB
Current GC threshold: 58.88 MB
CDS: on
MetaspaceReclaimPolicy: balanced
 - commit_granule_bytes: 65536.
 - commit_granule_words: 8192.
 - virtual_space_node_default_size: 1048576.
 - enlarge_chunks_in_place: 1.
 - new_chunks_are_fully_committed: 0.
 - uncommit_free_chunks: 1.
 - use_allocation_guard: 0.
 - handle_deallocations: 1.


Internal statistics:

num_allocs_failed_limit: 6.
num_arena_births: 310.
num_arena_deaths: 0.
num_vsnodes_births: 6.
num_vsnodes_deaths: 0.
num_space_committed: 615.
num_space_uncommitted: 0.
num_chunks_returned_to_freelist: 6.
num_chunks_taken_from_freelist: 1503.
num_chunk_merges: 6.
num_chunk_splits: 1077.
num_chunks_enlarged: 847.
num_purges: 0.
num_inconsistent_stats: 0.

CodeHeap 'non-profiled nmethods': size=120000Kb used=4994Kb max_used=4994Kb free=115005Kb
 bounds [0x0000019b43950000, 0x0000019b43e40000, 0x0000019b4ae80000]
CodeHeap 'profiled nmethods': size=120000Kb used=12881Kb max_used=12881Kb free=107118Kb
 bounds [0x0000019b3c420000, 0x0000019b3d0c0000, 0x0000019b43950000]
CodeHeap 'non-nmethods': size=5760Kb used=1620Kb max_used=1742Kb free=4139Kb
 bounds [0x0000019b3be80000, 0x0000019b3c0f0000, 0x0000019b3c420000]
 total_blobs=6866 nmethods=5927 adapters=850
 compilation: enabled
              stopped_count=0, restarted_count=0
 full_count=0

Compilation events (20 events):
Event: 164.629 Thread 0x0000019b347376d0 6773       3       javafx.scene.layout.Region$StyleableProperties$14::isSettable (9 bytes)
Event: 164.629 Thread 0x0000019b347376d0 nmethod 6773 0x0000019b3d0afe10 code [0x0000019b3d0affc0, 0x0000019b3d0b0438]
Event: 164.629 Thread 0x0000019b347376d0 6766       3       javafx.scene.layout.Region$StyleableProperties$11::isSettable (9 bytes)
Event: 164.629 Thread 0x0000019b347376d0 nmethod 6766 0x0000019b3d0b0590 code [0x0000019b3d0b0740, 0x0000019b3d0b0bb8]
Event: 164.629 Thread 0x0000019b347376d0 6772       3       javafx.scene.layout.Region$StyleableProperties$12::isSettable (9 bytes)
Event: 164.629 Thread 0x0000019b347376d0 nmethod 6772 0x0000019b3d0b0d10 code [0x0000019b3d0b0ec0, 0x0000019b3d0b1338]
Event: 165.172 Thread 0x0000019b347376d0 6774       3       javafx.scene.layout.Region$StyleableProperties$1::isSettable (9 bytes)
Event: 165.172 Thread 0x0000019b347376d0 nmethod 6774 0x0000019b3d0b1490 code [0x0000019b3d0b1640, 0x0000019b3d0b1a98]
Event: 165.172 Thread 0x0000019b347376d0 6776       3       javafx.scene.layout.Region$StyleableProperties$5::isSettable (9 bytes)
Event: 165.172 Thread 0x0000019b347376d0 nmethod 6776 0x0000019b3d0b1c10 code [0x0000019b3d0b1dc0, 0x0000019b3d0b2218]
Event: 165.172 Thread 0x0000019b347376d0 6775       3       javafx.scene.layout.Region$StyleableProperties$10::isSettable (9 bytes)
Event: 165.173 Thread 0x0000019b347376d0 nmethod 6775 0x0000019b3d0b2390 code [0x0000019b3d0b2540, 0x0000019b3d0b2998]
Event: 167.077 Thread 0x0000019b347376d0 6777       3       javafx.scene.layout.Region$StyleableProperties$4::isSettable (9 bytes)
Event: 167.077 Thread 0x0000019b347376d0 nmethod 6777 0x0000019b3d0b2b10 code [0x0000019b3d0b2cc0, 0x0000019b3d0b30d8]
Event: 167.077 Thread 0x0000019b347376d0 6779       3       javafx.scene.layout.Region$StyleableProperties$2::isSettable (9 bytes)
Event: 167.078 Thread 0x0000019b347376d0 nmethod 6779 0x0000019b3d0b3210 code [0x0000019b3d0b33c0, 0x0000019b3d0b3818]
Event: 167.078 Thread 0x0000019b347376d0 6778       3       javafx.scene.layout.Region$StyleableProperties$13::isSettable (9 bytes)
Event: 167.078 Thread 0x0000019b347376d0 nmethod 6778 0x0000019b3d0b3990 code [0x0000019b3d0b3b40, 0x0000019b3d0b3f98]
Event: 167.078 Thread 0x0000019b347376d0 6780       3       javafx.scene.layout.HBox::getContentBias (84 bytes)
Event: 167.078 Thread 0x0000019b347376d0 nmethod 6780 0x0000019b3d0b4110 code [0x0000019b3d0b4320, 0x0000019b3d0b4b68]

GC Heap History (20 events):
Event: 1.120 GC heap before
{Heap before GC invocations=1 (full 0):
 garbage-first heap   total 393216K, used 26103K [0x0000000681800000, 0x0000000800000000)
  region size 4096K, 6 young (24576K), 1 survivors (4096K)
 Metaspace       used 6528K, committed 6720K, reserved 1056768K
  class space    used 643K, committed 704K, reserved 1048576K
}
Event: 1.122 GC heap after
{Heap after GC invocations=2 (full 0):
 garbage-first heap   total 393216K, used 6859K [0x0000000681800000, 0x0000000800000000)
  region size 4096K, 1 young (4096K), 1 survivors (4096K)
 Metaspace       used 6528K, committed 6720K, reserved 1056768K
  class space    used 643K, committed 704K, reserved 1048576K
}
Event: 3.154 GC heap before
{Heap before GC invocations=2 (full 0):
 garbage-first heap   total 393216K, used 88779K [0x0000000681800000, 0x0000000800000000)
  region size 4096K, 22 young (90112K), 1 survivors (4096K)
 Metaspace       used 17384K, committed 17600K, reserved 1064960K
  class space    used 2285K, committed 2368K, reserved 1048576K
}
Event: 3.161 GC heap after
{Heap after GC invocations=3 (full 0):
 garbage-first heap   total 393216K, used 11813K [0x0000000681800000, 0x0000000800000000)
  region size 4096K, 2 young (8192K), 2 survivors (8192K)
 Metaspace       used 17384K, committed 17600K, reserved 1064960K
  class space    used 2285K, committed 2368K, reserved 1048576K
}
Event: 3.646 GC heap before
{Heap before GC invocations=3 (full 0):
 garbage-first heap   total 393216K, used 44581K [0x0000000681800000, 0x0000000800000000)
  region size 4096K, 11 young (45056K), 2 survivors (8192K)
 Metaspace       used 21307K, committed 21504K, reserved 1073152K
  class space    used 2926K, committed 3008K, reserved 1048576K
}
Event: 3.651 GC heap after
{Heap after GC invocations=4 (full 0):
 garbage-first heap   total 393216K, used 13193K [0x0000000681800000, 0x0000000800000000)
  region size 4096K, 2 young (8192K), 2 survivors (8192K)
 Metaspace       used 21307K, committed 21504K, reserved 1073152K
  class space    used 2926K, committed 3008K, reserved 1048576K
}
Event: 4.907 GC heap before
{Heap before GC invocations=5 (full 0):
 garbage-first heap   total 69632K, used 45961K [0x0000000681800000, 0x0000000800000000)
  region size 4096K, 10 young (40960K), 2 survivors (8192K)
 Metaspace       used 27541K, committed 27840K, reserved 1073152K
  class space    used 3621K, committed 3776K, reserved 1048576K
}
Event: 4.913 GC heap after
{Heap after GC invocations=6 (full 0):
 garbage-first heap   total 69632K, used 17050K [0x0000000681800000, 0x0000000800000000)
  region size 4096K, 2 young (8192K), 2 survivors (8192K)
 Metaspace       used 27541K, committed 27840K, reserved 1073152K
  class space    used 3621K, committed 3776K, reserved 1048576K
}
Event: 4.964 GC heap before
{Heap before GC invocations=6 (full 0):
 garbage-first heap   total 69632K, used 21146K [0x0000000681800000, 0x0000000800000000)
  region size 4096K, 3 young (12288K), 2 survivors (8192K)
 Metaspace       used 27986K, committed 28352K, reserved 1081344K
  class space    used 3661K, committed 3840K, reserved 1048576K
}
Event: 4.968 GC heap after
{Heap after GC invocations=7 (full 0):
 garbage-first heap   total 69632K, used 17905K [0x0000000681800000, 0x0000000800000000)
  region size 4096K, 1 young (4096K), 1 survivors (4096K)
 Metaspace       used 27986K, committed 28352K, reserved 1081344K
  class space    used 3661K, committed 3840K, reserved 1048576K
}
Event: 5.288 GC heap before
{Heap before GC invocations=7 (full 0):
 garbage-first heap   total 69632K, used 42481K [0x0000000681800000, 0x0000000800000000)
  region size 4096K, 7 young (28672K), 1 survivors (4096K)
 Metaspace       used 30367K, committed 30656K, reserved 1081344K
  class space    used 4084K, committed 4224K, reserved 1048576K
}
Event: 5.291 GC heap after
{Heap after GC invocations=8 (full 0):
 garbage-first heap   total 69632K, used 19904K [0x0000000681800000, 0x0000000800000000)
  region size 4096K, 1 young (4096K), 1 survivors (4096K)
 Metaspace       used 30367K, committed 30656K, reserved 1081344K
  class space    used 4084K, committed 4224K, reserved 1048576K
}
Event: 5.722 GC heap before
{Heap before GC invocations=8 (full 0):
 garbage-first heap   total 69632K, used 44480K [0x0000000681800000, 0x0000000800000000)
  region size 4096K, 7 young (28672K), 1 survivors (4096K)
 Metaspace       used 32770K, committed 33024K, reserved 1081344K
  class space    used 4578K, committed 4736K, reserved 1048576K
}
Event: 5.727 GC heap after
{Heap after GC invocations=9 (full 0):
 garbage-first heap   total 69632K, used 22977K [0x0000000681800000, 0x0000000800000000)
  region size 4096K, 1 young (4096K), 1 survivors (4096K)
 Metaspace       used 32770K, committed 33024K, reserved 1081344K
  class space    used 4578K, committed 4736K, reserved 1048576K
}
Event: 6.319 GC heap before
{Heap before GC invocations=9 (full 0):
 garbage-first heap   total 69632K, used 43457K [0x0000000681800000, 0x0000000800000000)
  region size 4096K, 7 young (28672K), 1 survivors (4096K)
 Metaspace       used 34148K, committed 34432K, reserved 1081344K
  class space    used 4698K, committed 4864K, reserved 1048576K
}
Event: 6.326 GC heap after
{Heap after GC invocations=10 (full 0):
 garbage-first heap   total 69632K, used 29920K [0x0000000681800000, 0x0000000800000000)
  region size 4096K, 1 young (4096K), 1 survivors (4096K)
 Metaspace       used 34148K, committed 34432K, reserved 1081344K
  class space    used 4698K, committed 4864K, reserved 1048576K
}
Event: 16.526 GC heap before
{Heap before GC invocations=10 (full 0):
 garbage-first heap   total 69632K, used 46304K [0x0000000681800000, 0x0000000800000000)
  region size 4096K, 5 young (20480K), 1 survivors (4096K)
 Metaspace       used 35508K, committed 35776K, reserved 1081344K
  class space    used 4807K, committed 4928K, reserved 1048576K
}
Event: 16.530 GC heap after
{Heap after GC invocations=11 (full 0):
 garbage-first heap   total 233472K, used 31611K [0x0000000681800000, 0x0000000800000000)
  region size 4096K, 1 young (4096K), 1 survivors (4096K)
 Metaspace       used 35508K, committed 35776K, reserved 1081344K
  class space    used 4807K, committed 4928K, reserved 1048576K
}
Event: 18.326 GC heap before
{Heap before GC invocations=11 (full 0):
 garbage-first heap   total 233472K, used 39803K [0x0000000681800000, 0x0000000800000000)
  region size 4096K, 4 young (16384K), 1 survivors (4096K)
 Metaspace       used 35871K, committed 36096K, reserved 1081344K
  class space    used 4858K, committed 4992K, reserved 1048576K
}
Event: 18.337 GC heap after
{Heap after GC invocations=12 (full 0):
 garbage-first heap   total 233472K, used 33360K [0x0000000681800000, 0x0000000800000000)
  region size 4096K, 1 young (4096K), 1 survivors (4096K)
 Metaspace       used 35871K, committed 36096K, reserved 1081344K
  class space    used 4858K, committed 4992K, reserved 1048576K
}

Deoptimization events (20 events):
Event: 22.037 Thread 0x0000019b341142d0 DEOPT PACKING pc=0x0000019b43a94650 sp=0x00000037704fce10
Event: 22.037 Thread 0x0000019b341142d0 DEOPT UNPACKING pc=0x0000019b3bed23a3 sp=0x00000037704fcd60 mode 2
Event: 22.789 Thread 0x0000019b341142d0 DEOPT PACKING pc=0x0000019b3ce378dd sp=0x00000037704fd1e0
Event: 22.789 Thread 0x0000019b341142d0 DEOPT UNPACKING pc=0x0000019b3bed2b43 sp=0x00000037704fc818 mode 0
Event: 141.298 Thread 0x0000019b341142d0 Uncommon trap: trap_request=0xfffffff4 fr.pc=0x0000019b4398e08c relative=0x000000000000114c
Event: 141.298 Thread 0x0000019b341142d0 Uncommon trap: reason=null_check action=make_not_entrant pc=0x0000019b4398e08c method=javafx.scene.Node$MiscProperties.getClip()Ljavafx/scene/Node; @ 20 c2
Event: 141.298 Thread 0x0000019b341142d0 DEOPT PACKING pc=0x0000019b4398e08c sp=0x00000037704fc8f0
Event: 141.298 Thread 0x0000019b341142d0 DEOPT UNPACKING pc=0x0000019b3bed23a3 sp=0x00000037704fc718 mode 2
Event: 148.434 Thread 0x0000019b341142d0 Uncommon trap: trap_request=0xffffff45 fr.pc=0x0000019b439d63bc relative=0x000000000000149c
Event: 148.434 Thread 0x0000019b341142d0 Uncommon trap: reason=unstable_if action=reinterpret pc=0x0000019b439d63bc method=javafx.scene.Parent.getOrderedChildren()Ljava/util/List; @ 23 c2
Event: 148.434 Thread 0x0000019b341142d0 DEOPT PACKING pc=0x0000019b439d63bc sp=0x00000037704fcb00
Event: 148.434 Thread 0x0000019b341142d0 DEOPT UNPACKING pc=0x0000019b3bed23a3 sp=0x00000037704fc8f0 mode 2
Event: 150.236 Thread 0x0000019b34112ac0 DEOPT PACKING pc=0x0000019b3c55a420 sp=0x000000376f6fac80
Event: 150.236 Thread 0x0000019b34112ac0 DEOPT UNPACKING pc=0x0000019b3bed2b43 sp=0x000000376f6fa158 mode 0
Event: 150.237 Thread 0x0000019b34112ac0 DEOPT PACKING pc=0x0000019b3c55a92f sp=0x000000376f6fac80
Event: 150.237 Thread 0x0000019b34112ac0 DEOPT UNPACKING pc=0x0000019b3bed2b43 sp=0x000000376f6fa158 mode 0
Event: 162.604 Thread 0x0000019b341142d0 Uncommon trap: trap_request=0xffffff45 fr.pc=0x0000019b43e00fc0 relative=0x0000000000003920
Event: 162.604 Thread 0x0000019b341142d0 Uncommon trap: reason=unstable_if action=reinterpret pc=0x0000019b43e00fc0 method=com.sun.javafx.geom.RoundRectangle2D.contains(FF)Z @ 61 c2
Event: 162.604 Thread 0x0000019b341142d0 DEOPT PACKING pc=0x0000019b43e00fc0 sp=0x00000037704fb7c0
Event: 162.604 Thread 0x0000019b341142d0 DEOPT UNPACKING pc=0x0000019b3bed23a3 sp=0x00000037704fb1c0 mode 2

Classes unloaded (0 events):
No events

Classes redefined (9 events):
Event: 124.066 Thread 0x0000019b340ebd10 redefined class name=com.kyj.fx.b.ETScriptHelper.eqtree.MiAllEventCancelPerform$EventPerformDeploy, count=1
Event: 124.066 Thread 0x0000019b340ebd10 redefined class name=com.kyj.fx.b.ETScriptHelper.eqtree.MiAllEventCancelPerform$EquipmentDAO, count=1
Event: 124.066 Thread 0x0000019b340ebd10 redefined class name=com.kyj.fx.b.ETScriptHelper.eqtree.MiAllEventCancelPerform, count=1
Event: 156.497 Thread 0x0000019b340ebd10 redefined class name=com.kyj.fx.b.ETScriptHelper.eqtree.MiAllEventCancelPerform$EventPerformDeploy, count=2
Event: 156.497 Thread 0x0000019b340ebd10 redefined class name=com.kyj.fx.b.ETScriptHelper.eqtree.MiAllEventCancelPerform$EquipmentDAO, count=2
Event: 156.497 Thread 0x0000019b340ebd10 redefined class name=com.kyj.fx.b.ETScriptHelper.eqtree.MiAllEventCancelPerform, count=2
Event: 158.221 Thread 0x0000019b340ebd10 redefined class name=com.kyj.fx.b.ETScriptHelper.eqtree.MiAllEventCancelPerform$EventPerformDeploy, count=3
Event: 158.221 Thread 0x0000019b340ebd10 redefined class name=com.kyj.fx.b.ETScriptHelper.eqtree.MiAllEventCancelPerform$EquipmentDAO, count=3
Event: 158.221 Thread 0x0000019b340ebd10 redefined class name=com.kyj.fx.b.ETScriptHelper.eqtree.MiAllEventCancelPerform, count=3

Internal exceptions (20 events):
Event: 5.865 Thread 0x0000019b341142d0 Exception <a 'java/lang/NoSuchMethodError'{0x0000000697030b48}: 'java.lang.Object java.lang.invoke.DirectMethodHandle$Holder.newInvokeSpecial(java.lang.Object, java.lang.Object, int, int)'> (0x0000000697030b48) 
thrown [t:\workspace\open\src\hotspot\share\interpreter\linkResolver.cpp, line 766]
Event: 11.648 Thread 0x0000019b341142d0 Exception <a 'java/lang/NoSuchMethodError'{0x000000069949d568}: 'java.lang.Object java.lang.invoke.DirectMethodHandle$Holder.newInvokeSpecial(java.lang.Object, java.lang.Object, java.lang.Object, double, double, double, double, int, int, int, int, int, int, int, int, int)'> (0x000000069949d568) 
thrown [t:\workspace\open\src\hotspot\share\interpreter\linkResolver.cpp, line 766]
Event: 14.656 Thread 0x0000019b341142d0 Implicit null exception at 0x0000019b43c38e4e to 0x0000019b43c393e8
Event: 14.858 Thread 0x0000019b341142d0 Exception <a 'java/lang/ClassNotFoundException'{0x0000000696ccec08}: com/kyj/fx/b/ETScriptHelper/actions/ec/ec/EquipmentClassDVOBeanInfo> (0x0000000696ccec08) 
thrown [t:\workspace\open\src\hotspot\share\classfile\systemDictionary.cpp, line 256]
Event: 14.858 Thread 0x0000019b341142d0 Exception <a 'java/lang/ClassNotFoundException'{0x0000000696cd2070}: com/kyj/fx/b/ETScriptHelper/actions/ec/ec/EquipmentClassDVOCustomizer> (0x0000000696cd2070) 
thrown [t:\workspace\open\src\hotspot\share\classfile\systemDictionary.cpp, line 256]
Event: 15.711 Thread 0x0000019b341142d0 Implicit null exception at 0x0000019b4397606a to 0x0000019b43976c34
Event: 16.517 Thread 0x0000019b341142d0 Exception <a 'java/lang/ClassNotFoundException'{0x0000000684f872a0}: com/kyj/fx/b/ETScriptHelper/eqtree/EquipmentEventsDVOBeanInfo> (0x0000000684f872a0) 
thrown [t:\workspace\open\src\hotspot\share\classfile\systemDictionary.cpp, line 256]
Event: 16.517 Thread 0x0000019b341142d0 Exception <a 'java/lang/ClassNotFoundException'{0x0000000684f89e20}: com/kyj/fx/b/ETScriptHelper/eqtree/EquipmentEventsDVOCustomizer> (0x0000000684f89e20) 
thrown [t:\workspace\open\src\hotspot\share\classfile\systemDictionary.cpp, line 256]
Event: 16.552 Thread 0x0000019b341142d0 Exception <a 'java/lang/NoSuchMethodError'{0x00000006994f0188}: 'java.lang.Object java.lang.invoke.Invokers$Holder.invokeExact_MT(java.lang.Object, java.lang.Object, java.lang.Object, java.lang.Object, java.lang.Object, java.lang.Object)'> (0x00000006994f0188) 
thrown [t:\workspace\open\src\hotspot\share\interpreter\linkResolver.cpp, line 766]
Event: 17.791 Thread 0x0000019b341142d0 Exception <a 'java/lang/NoSuchMethodError'{0x000000069735e440}: 'int java.lang.invoke.DirectMethodHandle$Holder.invokeVirtual(java.lang.Object, java.lang.Object)'> (0x000000069735e440) 
thrown [t:\workspace\open\src\hotspot\share\interpreter\linkResolver.cpp, line 766]
Event: 17.792 Thread 0x0000019b341142d0 Exception <a 'java/lang/NoSuchMethodError'{0x0000000697364b00}: 'void java.lang.invoke.DirectMethodHandle$Holder.invokeVirtual(java.lang.Object, java.lang.Object, int)'> (0x0000000697364b00) 
thrown [t:\workspace\open\src\hotspot\share\interpreter\linkResolver.cpp, line 766]
Event: 18.433 Thread 0x0000019b341142d0 Exception <a 'java/lang/NoSuchMethodError'{0x0000000699492930}: 'void java.lang.invoke.DirectMethodHandle$Holder.invokeStaticInit(java.lang.Object, java.lang.Object, java.lang.Object)'> (0x0000000699492930) 
thrown [t:\workspace\open\src\hotspot\share\interpreter\linkResolver.cpp, line 766]
Event: 18.541 Thread 0x0000019b66838c50 Implicit null exception at 0x0000019b439cbbf6 to 0x0000019b439cbd10
Event: 20.595 Thread 0x0000019b66838c50 Exception <a 'java/lang/ClassNotFoundException'{0x0000000688624e68}: com/sun/org/apache/xerces/internal/impl/msg/spi/SAXMessagesProvider> (0x0000000688624e68) 
thrown [t:\workspace\open\src\hotspot\share\classfile\systemDictionary.cpp, line 256]
Event: 22.037 Thread 0x0000019b341142d0 Implicit null exception at 0x0000019b43a50c80 to 0x0000019b43a52370
Event: 22.037 Thread 0x0000019b341142d0 Implicit null exception at 0x0000019b43ac07b4 to 0x0000019b43ac26a4
Event: 22.037 Thread 0x0000019b341142d0 Implicit null exception at 0x0000019b43a945c0 to 0x0000019b43a9463c
Event: 136.353 Thread 0x0000019b668382b0 Exception <a 'java/lang/NoSuchMethodError'{0x0000000687a60328}: 'java.lang.Object com.kyj.fx.b.ETScriptHelper.actions.ec.eq.eventform.CancelEventPerformService.cancel(java.lang.String, java.lang.String)'> (0x0000000687a60328) 
thrown [t:\workspace\open\src\hotspot\share\interpreter\linkResolver.cpp, line 766]
Event: 141.298 Thread 0x0000019b341142d0 Implicit null exception at 0x0000019b4398d2b1 to 0x0000019b4398e040
Event: 164.624 Thread 0x0000019b66838c50 Exception <a 'java/lang/NoSuchMethodError'{0x0000000687e54a58}: 'java.lang.Object com.kyj.fx.b.ETScriptHelper.actions.ec.eq.eventform.CancelEventPerformService.cancel(java.lang.String, java.lang.String)'> (0x0000000687e54a58) 
thrown [t:\workspace\open\src\hotspot\share\interpreter\linkResolver.cpp, line 766]

VM Operations (20 events):
Event: 142.102 Executing VM operation: Cleanup
Event: 142.102 Executing VM operation: Cleanup done
Event: 143.102 Executing VM operation: Cleanup
Event: 143.103 Executing VM operation: Cleanup done
Event: 151.108 Executing VM operation: Cleanup
Event: 151.108 Executing VM operation: Cleanup done
Event: 152.109 Executing VM operation: Cleanup
Event: 152.109 Executing VM operation: Cleanup done
Event: 153.110 Executing VM operation: Cleanup
Event: 153.111 Executing VM operation: Cleanup done
Event: 156.113 Executing VM operation: Cleanup
Event: 156.113 Executing VM operation: Cleanup done
Event: 156.483 Executing VM operation: RedefineClasses
Event: 156.528 Executing VM operation: RedefineClasses done
Event: 158.208 Executing VM operation: RedefineClasses
Event: 158.242 Executing VM operation: RedefineClasses done
Event: 163.245 Executing VM operation: Cleanup
Event: 163.246 Executing VM operation: Cleanup done
Event: 165.246 Executing VM operation: Cleanup
Event: 165.247 Executing VM operation: Cleanup done

Events (20 events):
Event: 20.595 loading class com/sun/org/apache/xerces/internal/impl/msg/SAXMessages_ko done
Event: 20.595 loading class java/text/MessageFormat
Event: 20.596 loading class java/text/MessageFormat done
Event: 20.596 loading class java/text/MessageFormat$Field
Event: 20.596 loading class java/text/MessageFormat$Field done
Event: 20.625 Thread 0x0000019b5c023280 flushing nmethod 0x0000019b3ce5e690
Event: 20.646 loading class sun/text/resources/cldr/FormatData_en
Event: 20.647 loading class sun/text/resources/cldr/FormatData_en done
Event: 20.654 loading class java/util/Collections$EmptyListIterator
Event: 20.654 loading class java/util/Collections$EmptyListIterator done
Event: 20.660 Thread 0x0000019b65202230 Thread added: 0x0000019b65202230
Event: 20.666 loading class org/xml/sax/helpers/XMLFilterImpl
Event: 20.666 loading class org/xml/sax/XMLFilter
Event: 20.666 loading class org/xml/sax/XMLFilter done
Event: 20.666 loading class org/xml/sax/helpers/XMLFilterImpl done
Event: 20.673 Thread 0x0000019b65204fc0 Thread added: 0x0000019b65204fc0
Event: 22.026 Thread 0x0000019b65204fc0 Thread exited: 0x0000019b65204fc0
Event: 22.026 Thread 0x0000019b65202230 Thread exited: 0x0000019b65202230
Event: 132.100 Thread 0x0000019b66835c30 Thread added: 0x0000019b66835c30
Event: 136.352 Thread 0x0000019b668382b0 Thread added: 0x0000019b668382b0


Dynamic libraries:
0x00007ff73f540000 - 0x00007ff73f54e000 	C:\Program Files\Java\jdk-17\bin\javaw.exe
0x00007ff9991d0000 - 0x00007ff9993c5000 	C:\WINDOWS\SYSTEM32\ntdll.dll
0x00007ff997dc0000 - 0x00007ff997e7e000 	C:\WINDOWS\System32\KERNEL32.DLL
0x00007ff996990000 - 0x00007ff996c58000 	C:\WINDOWS\System32\KERNELBASE.dll
0x00007ff997090000 - 0x00007ff997190000 	C:\WINDOWS\System32\ucrtbase.dll
0x00007ff985470000 - 0x00007ff98548a000 	C:\Program Files\Java\jdk-17\bin\VCRUNTIME140.dll
0x00007ff985350000 - 0x00007ff985368000 	C:\Program Files\Java\jdk-17\bin\jli.dll
0x00007ff997f00000 - 0x00007ff9980a1000 	C:\WINDOWS\System32\USER32.dll
0x00007ff996fe0000 - 0x00007ff997002000 	C:\WINDOWS\System32\win32u.dll
0x00007ff998fb0000 - 0x00007ff998fdb000 	C:\WINDOWS\System32\GDI32.dll
0x00007ff96fa70000 - 0x00007ff96fd0a000 	C:\WINDOWS\WinSxS\amd64_microsoft.windows.common-controls_6595b64144ccf1df_6.0.19041.1110_none_60b5254171f9507e\COMCTL32.dll
0x00007ff996d70000 - 0x00007ff996e7b000 	C:\WINDOWS\System32\gdi32full.dll
0x00007ff998160000 - 0x00007ff9981fe000 	C:\WINDOWS\System32\msvcrt.dll
0x00007ff9968f0000 - 0x00007ff99698d000 	C:\WINDOWS\System32\msvcp_win.dll
0x00007ff998280000 - 0x00007ff9982b0000 	C:\WINDOWS\System32\IMM32.DLL
0x00007ff978b30000 - 0x00007ff978bd9000 	C:\WINDOWS\INCOPS3\esdcnl64.dll
0x00007ff9982b0000 - 0x00007ff99835c000 	C:\WINDOWS\System32\ADVAPI32.dll
0x00007ff998f10000 - 0x00007ff998fab000 	C:\WINDOWS\System32\sechost.dll
0x00007ff997960000 - 0x00007ff997a8a000 	C:\WINDOWS\System32\RPCRT4.dll
0x00007ff995520000 - 0x00007ff995553000 	C:\WINDOWS\SYSTEM32\ntmarta.dll
0x00007ff96c0e0000 - 0x00007ff96c1c5000 	C:\WINDOWS\INCOPS3\ESATM64.dll
0x00007ff997220000 - 0x00007ff99795f000 	C:\WINDOWS\System32\SHELL32.dll
0x00007ff998860000 - 0x00007ff99898a000 	C:\WINDOWS\System32\ole32.dll
0x00007ff998ba0000 - 0x00007ff998ef5000 	C:\WINDOWS\System32\combase.dll
0x00007ff962340000 - 0x00007ff962436000 	C:\WINDOWS\INCOPS3\ESSCNL64.dll
0x00007ff972a80000 - 0x00007ff972d7b000 	C:\WINDOWS\pcdrm\NSCCOR0364.DLL
0x00007ff98f900000 - 0x00007ff98f90a000 	C:\WINDOWS\SYSTEM32\VERSION.dll
0x00007ff998f00000 - 0x00007ff998f08000 	C:\WINDOWS\System32\psapi.dll
0x00007ff972a50000 - 0x00007ff972a7e000 	C:\WINDOWS\pcdrm\NBID64.dll
0x00007ff9990c0000 - 0x00007ff99918d000 	C:\WINDOWS\System32\OLEAUT32.dll
0x00007ff972a10000 - 0x00007ff972a49000 	C:\WINDOWS\pcdrm\NFD0164.dll
0x00007ff972e90000 - 0x00007ff972ea6000 	C:\PAPERSECU\SPCOREHK64.dll
0x00007ff972910000 - 0x00007ff972a05000 	C:\PAPERSECU\PAPERHK64.DLL
0x00007ff97dbd0000 - 0x00007ff97dc65000 	C:\WINDOWS\SYSTEM32\WINSPOOL.DRV
0x00007ff9728a0000 - 0x00007ff972904000 	C:\PAPERSECU\PAPERPHK64.DLL
0x00007ff990c30000 - 0x00007ff990c3c000 	C:\Program Files\Java\jdk-17\bin\vcruntime140_1.dll
0x00007ff95afd0000 - 0x00007ff95b05d000 	C:\Program Files\Java\jdk-17\bin\msvcp140.dll
0x00007ff948da0000 - 0x00007ff94995e000 	C:\Program Files\Java\jdk-17\bin\server\jvm.dll
0x00007ff981740000 - 0x00007ff981749000 	C:\WINDOWS\SYSTEM32\WSOCK32.dll
0x0000019b33df0000 - 0x0000019b33e5b000 	C:\WINDOWS\System32\WS2_32.dll
0x00007ff97d970000 - 0x00007ff97d997000 	C:\WINDOWS\SYSTEM32\WINMM.dll
0x00007ff995100000 - 0x00007ff995112000 	C:\WINDOWS\SYSTEM32\kernel.appcore.dll
0x00007ff98e6b0000 - 0x00007ff98e6ba000 	C:\Program Files\Java\jdk-17\bin\jimage.dll
0x00007ff994630000 - 0x00007ff994814000 	C:\WINDOWS\SYSTEM32\DBGHELP.DLL
0x00007ff97e210000 - 0x00007ff97e23c000 	C:\WINDOWS\SYSTEM32\dbgcore.DLL
0x00007ff997190000 - 0x00007ff997213000 	C:\WINDOWS\System32\bcryptPrimitives.dll
0x00007ff9837e0000 - 0x00007ff98381b000 	C:\Program Files\Java\jdk-17\bin\jdwp.dll
0x00007ff98e650000 - 0x00007ff98e65e000 	C:\Program Files\Java\jdk-17\bin\instrument.dll
0x00007ff9837b0000 - 0x00007ff9837d5000 	C:\Program Files\Java\jdk-17\bin\java.dll
0x00007ff959fe0000 - 0x00007ff95a0b6000 	C:\Program Files\Java\jdk-17\bin\svml.dll
0x00007ff994910000 - 0x00007ff9950a0000 	C:\WINDOWS\SYSTEM32\windows.storage.dll
0x00007ff996260000 - 0x00007ff99628e000 	C:\WINDOWS\SYSTEM32\Wldp.dll
0x0000019b5cd90000 - 0x0000019b5ce3d000 	C:\WINDOWS\System32\SHCORE.dll
0x00007ff997d60000 - 0x00007ff997db5000 	C:\WINDOWS\System32\shlwapi.dll
0x00007ff996830000 - 0x00007ff99684f000 	C:\WINDOWS\SYSTEM32\profapi.dll
0x00007ff9852d0000 - 0x00007ff9852e9000 	C:\Program Files\Java\jdk-17\bin\net.dll
0x00007ff98c0f0000 - 0x00007ff98c1fc000 	C:\WINDOWS\SYSTEM32\WINHTTP.dll
0x00007ff996040000 - 0x00007ff9960aa000 	C:\WINDOWS\system32\mswsock.dll
0x00007ff983520000 - 0x00007ff983535000 	C:\Program Files\Java\jdk-17\bin\nio.dll
0x00007ff983500000 - 0x00007ff983518000 	C:\Program Files\Java\jdk-17\bin\zip.dll
0x00007ff98e5f0000 - 0x00007ff98e5fc000 	C:\Program Files\Java\jdk-17\bin\dt_socket.dll
0x00007ff995d00000 - 0x00007ff995d3b000 	C:\WINDOWS\SYSTEM32\IPHLPAPI.DLL
0x00007ff995d40000 - 0x00007ff995e0b000 	C:\WINDOWS\SYSTEM32\DNSAPI.dll
0x00007ff998990000 - 0x00007ff998998000 	C:\WINDOWS\System32\NSI.dll
0x00007ff98a430000 - 0x00007ff98a4af000 	C:\WINDOWS\System32\fwpuclnt.dll
0x00007ff997010000 - 0x00007ff997037000 	C:\WINDOWS\System32\bcrypt.dll
0x00007ff989e60000 - 0x00007ff989e6a000 	C:\Windows\System32\rasadhlp.dll
0x00007ff98ddb0000 - 0x00007ff98ddc0000 	C:\Program Files\Java\jdk-17\bin\verify.dll
0x0000019b34630000 - 0x0000019b34633000 	C:\Users\KYJ\.openjfx\cache\16\api-ms-win-core-console-l1-1-0.dll
0x0000019b34640000 - 0x0000019b34643000 	C:\Users\KYJ\.openjfx\cache\16\api-ms-win-core-console-l1-2-0.dll
0x0000019b34650000 - 0x0000019b34653000 	C:\Users\KYJ\.openjfx\cache\16\api-ms-win-core-datetime-l1-1-0.dll
0x0000019b5c3a0000 - 0x0000019b5c3a3000 	C:\Users\KYJ\.openjfx\cache\16\api-ms-win-core-debug-l1-1-0.dll
0x0000019b5c3b0000 - 0x0000019b5c3b3000 	C:\Users\KYJ\.openjfx\cache\16\api-ms-win-core-errorhandling-l1-1-0.dll
0x0000019b5c3c0000 - 0x0000019b5c3c4000 	C:\Users\KYJ\.openjfx\cache\16\api-ms-win-core-file-l1-1-0.dll
0x0000019b5c3d0000 - 0x0000019b5c3d3000 	C:\Users\KYJ\.openjfx\cache\16\api-ms-win-core-file-l1-2-0.dll
0x0000019b5c3e0000 - 0x0000019b5c3e3000 	C:\Users\KYJ\.openjfx\cache\16\api-ms-win-core-file-l2-1-0.dll
0x0000019b5c3f0000 - 0x0000019b5c3f3000 	C:\Users\KYJ\.openjfx\cache\16\api-ms-win-core-handle-l1-1-0.dll
0x0000019b5ce40000 - 0x0000019b5ce43000 	C:\Users\KYJ\.openjfx\cache\16\api-ms-win-core-heap-l1-1-0.dll
0x0000019b5ce50000 - 0x0000019b5ce53000 	C:\Users\KYJ\.openjfx\cache\16\api-ms-win-core-interlocked-l1-1-0.dll
0x0000019b5ce60000 - 0x0000019b5ce63000 	C:\Users\KYJ\.openjfx\cache\16\api-ms-win-core-libraryloader-l1-1-0.dll
0x0000019b5ce70000 - 0x0000019b5ce73000 	C:\Users\KYJ\.openjfx\cache\16\api-ms-win-core-localization-l1-2-0.dll
0x0000019b5ce80000 - 0x0000019b5ce83000 	C:\Users\KYJ\.openjfx\cache\16\api-ms-win-core-memory-l1-1-0.dll
0x0000019b5ce90000 - 0x0000019b5ce93000 	C:\Users\KYJ\.openjfx\cache\16\api-ms-win-core-namedpipe-l1-1-0.dll
0x0000019b5cea0000 - 0x0000019b5cea3000 	C:\Users\KYJ\.openjfx\cache\16\api-ms-win-core-processenvironment-l1-1-0.dll
0x0000019b5ceb0000 - 0x0000019b5ceb3000 	C:\Users\KYJ\.openjfx\cache\16\api-ms-win-core-processthreads-l1-1-0.dll
0x0000019b5cec0000 - 0x0000019b5cec3000 	C:\Users\KYJ\.openjfx\cache\16\api-ms-win-core-processthreads-l1-1-1.dll
0x0000019b5e9a0000 - 0x0000019b5e9a3000 	C:\Users\KYJ\.openjfx\cache\16\api-ms-win-core-profile-l1-1-0.dll
0x0000019b5e9b0000 - 0x0000019b5e9b3000 	C:\Users\KYJ\.openjfx\cache\16\api-ms-win-core-rtlsupport-l1-1-0.dll
0x0000019b5e9c0000 - 0x0000019b5e9c3000 	C:\Users\KYJ\.openjfx\cache\16\api-ms-win-core-string-l1-1-0.dll
0x0000019b5e9d0000 - 0x0000019b5e9d3000 	C:\Users\KYJ\.openjfx\cache\16\api-ms-win-core-synch-l1-1-0.dll
0x0000019b5e9e0000 - 0x0000019b5e9e3000 	C:\Users\KYJ\.openjfx\cache\16\api-ms-win-core-synch-l1-2-0.dll
0x0000019b5e9f0000 - 0x0000019b5e9f3000 	C:\Users\KYJ\.openjfx\cache\16\api-ms-win-core-sysinfo-l1-1-0.dll
0x0000019b5ea00000 - 0x0000019b5ea03000 	C:\Users\KYJ\.openjfx\cache\16\api-ms-win-core-timezone-l1-1-0.dll
0x0000019b5ea10000 - 0x0000019b5ea13000 	C:\Users\KYJ\.openjfx\cache\16\api-ms-win-core-util-l1-1-0.dll
0x0000019b5ea20000 - 0x0000019b5ea23000 	C:\Users\KYJ\.openjfx\cache\16\api-ms-win-crt-conio-l1-1-0.dll
0x0000019b5ea30000 - 0x0000019b5ea34000 	C:\Users\KYJ\.openjfx\cache\16\api-ms-win-crt-convert-l1-1-0.dll
0x0000019b5ea40000 - 0x0000019b5ea43000 	C:\Users\KYJ\.openjfx\cache\16\api-ms-win-crt-environment-l1-1-0.dll
0x0000019b5ea50000 - 0x0000019b5ea53000 	C:\Users\KYJ\.openjfx\cache\16\api-ms-win-crt-filesystem-l1-1-0.dll
0x0000019b5ea60000 - 0x0000019b5ea63000 	C:\Users\KYJ\.openjfx\cache\16\api-ms-win-crt-heap-l1-1-0.dll
0x0000019b5ea70000 - 0x0000019b5ea73000 	C:\Users\KYJ\.openjfx\cache\16\api-ms-win-crt-locale-l1-1-0.dll
0x0000019b5ea80000 - 0x0000019b5ea85000 	C:\Users\KYJ\.openjfx\cache\16\api-ms-win-crt-math-l1-1-0.dll
0x0000019b5ea90000 - 0x0000019b5ea95000 	C:\Users\KYJ\.openjfx\cache\16\api-ms-win-crt-multibyte-l1-1-0.dll
0x0000019b5eaa0000 - 0x0000019b5eab0000 	C:\Users\KYJ\.openjfx\cache\16\api-ms-win-crt-private-l1-1-0.dll
0x0000019b5eab0000 - 0x0000019b5eab3000 	C:\Users\KYJ\.openjfx\cache\16\api-ms-win-crt-process-l1-1-0.dll
0x0000019b5eac0000 - 0x0000019b5eac4000 	C:\Users\KYJ\.openjfx\cache\16\api-ms-win-crt-runtime-l1-1-0.dll
0x0000019b5ead0000 - 0x0000019b5ead4000 	C:\Users\KYJ\.openjfx\cache\16\api-ms-win-crt-stdio-l1-1-0.dll
0x0000019b5eae0000 - 0x0000019b5eae4000 	C:\Users\KYJ\.openjfx\cache\16\api-ms-win-crt-string-l1-1-0.dll
0x0000019b5eaf0000 - 0x0000019b5eaf3000 	C:\Users\KYJ\.openjfx\cache\16\api-ms-win-crt-time-l1-1-0.dll
0x0000019b5eb00000 - 0x0000019b5eb03000 	C:\Users\KYJ\.openjfx\cache\16\api-ms-win-crt-utility-l1-1-0.dll
0x00007ff959ee0000 - 0x00007ff959fdc000 	C:\Users\KYJ\.openjfx\cache\16\ucrtbase.dll
0x00007ff9834e0000 - 0x00007ff9834f9000 	C:\Users\KYJ\.openjfx\cache\16\vcruntime140.dll
0x00007ff986130000 - 0x00007ff98613c000 	C:\Users\KYJ\.openjfx\cache\16\vcruntime140_1.dll
0x00007ff954e40000 - 0x00007ff954ed1000 	C:\Users\KYJ\.openjfx\cache\16\msvcp140.dll
0x00007ff978be0000 - 0x00007ff978c07000 	C:\Users\KYJ\.openjfx\cache\16\prism_d3d.dll
0x00007ff985c30000 - 0x00007ff985dfe000 	C:\WINDOWS\system32\d3d9.dll
0x00007ff9941b0000 - 0x00007ff9941df000 	C:\WINDOWS\SYSTEM32\dwmapi.dll
0x00007ff993140000 - 0x00007ff9931de000 	C:\WINDOWS\system32\uxtheme.dll
0x00007ff939350000 - 0x00007ff9394b0000 	C:\WINDOWS\System32\DriverStore\FileRepository\iigd_dch.inf_amd64_d3bdee8c45641e36\igdumdim64.dll
0x00007ff923ae0000 - 0x00007ff9273ee000 	C:\WINDOWS\System32\DriverStore\FileRepository\iigd_dch.inf_amd64_d3bdee8c45641e36\igd9dxva64.dll
0x0000019b5eb50000 - 0x0000019b5efc2000 	C:\WINDOWS\System32\SETUPAPI.dll
0x00007ff997040000 - 0x00007ff99708e000 	C:\WINDOWS\System32\cfgmgr32.dll
0x00007ff989e70000 - 0x00007ff98a017000 	C:\WINDOWS\System32\DriverStore\FileRepository\iigd_dch.inf_amd64_d3bdee8c45641e36\igdgmm64.dll
0x00007ff9707c0000 - 0x00007ff970802000 	C:\Users\KYJ\.openjfx\cache\16\glass.dll
0x0000019b5efd0000 - 0x0000019b5f0aa000 	C:\WINDOWS\System32\COMDLG32.dll
0x00007ff997c40000 - 0x00007ff997d55000 	C:\WINDOWS\System32\MSCTF.dll
0x00007ff95fb60000 - 0x00007ff95fb9f000 	C:\WINDOWS\incops3\ProcMon64.dll
0x00007ff98ee10000 - 0x00007ff98ee38000 	C:\WINDOWS\System32\DriverStore\FileRepository\iigd_dch.inf_amd64_d3bdee8c45641e36\igdinfo64.dll
0x00007ff9874c0000 - 0x00007ff989dc7000 	C:\WINDOWS\System32\DriverStore\FileRepository\iigd_dch.inf_amd64_d3bdee8c45641e36\igc64.dll

dbghelp: loaded successfully - version: 4.0.5 - missing functions: none
symbol engine: initialized successfully - sym options: 0x614 - pdb path: .;C:\Program Files\Java\jdk-17\bin;C:\WINDOWS\SYSTEM32;C:\WINDOWS\WinSxS\amd64_microsoft.windows.common-controls_6595b64144ccf1df_6.0.19041.1110_none_60b5254171f9507e;C:\WINDOWS\INCOPS3;C:\WINDOWS\pcdrm;C:\PAPERSECU;C:\Program Files\Java\jdk-17\bin\server;C:\Users\KYJ\.openjfx\cache\16;C:\WINDOWS\System32\DriverStore\FileRepository\iigd_dch.inf_amd64_d3bdee8c45641e36;C:\Program Files\Common Files\Microsoft Shared\Ink;C:\Windows\System32\IME\IMEKR;C:\Windows\System32\IME\shared

VM Arguments:
jvm_args: -Djava.net.preferIPv4Stack=true -XX:+ShowCodeDetailsInExceptionMessages -agentlib:jdwp=transport=dt_socket,suspend=y,address=localhost:57152 --module-path=C:\Program Files\Java\open-jdk-16-javafx --add-modules=ALL-MODULE-PATH -javaagent:C:\Users\KYJ\uml2-master2\eclipse\configuration\org.eclipse.osgi\1410\0\.cp\lib\javaagent-shaded.jar -Dfile.encoding=UTF-8 
java_command: com.kyj.fx.b.ETScriptHelper.MainApp
java_class_path (initial): C:\Users\KYJ\git\repository\ETScriptHelper\target\classes;C:\Users\KYJ\.p2\pool\plugins\org.junit.jupiter.api_5.7.1.v20210222-1948.jar;C:\Users\KYJ\.p2\pool\plugins\org.junit.jupiter.engine_5.7.1.v20210222-1948.jar;C:\Users\KYJ\.p2\pool\plugins\org.junit.jupiter.migrationsupport_5.7.1.v20210222-1948.jar;C:\Users\KYJ\.p2\pool\plugins\org.junit.jupiter.params_5.7.1.v20210222-1948.jar;C:\Users\KYJ\.p2\pool\plugins\org.junit.platform.commons_1.7.1.v20210222-1948.jar;C:\Users\KYJ\.p2\pool\plugins\org.junit.platform.engine_1.7.1.v20210222-1948.jar;C:\Users\KYJ\.p2\pool\plugins\org.junit.platform.launcher_1.7.1.v20210222-1948.jar;C:\Users\KYJ\.p2\pool\plugins\org.junit.platform.runner_1.7.1.v20210222-1948.jar;C:\Users\KYJ\.p2\pool\plugins\org.junit.platform.suite.api_1.7.1.v20210222-1948.jar;C:\Users\KYJ\.p2\pool\plugins\org.junit.vintage.engine_5.7.1.v20210222-1948.jar;C:\Users\KYJ\.p2\pool\plugins\org.opentest4j_1.2.0.v20190826-0900.jar;C:\Users\KYJ\.p2\pool\plugins\org.apiguardian_1.1.0.v20190826-0900.jar;C:\Users\KYJ\.p2\pool\plugins\org.junit_4.13.0.v20200204-1500.jar;C:\Users\KYJ\.p2\pool\plugins\org.hamcrest.core_1.3.0.v20180420-1519.jar;C:\Users\KYJ\.p2\pool\plugins\org.eclipse.fx.ide.css.jfx8_3.7.0.202010120832.jar;C:\Program Files\Java\javafx-sdk-17.0.1\lib\javafx.base.jar;C:\Program Files\Java\javafx-sdk-17.0.1\lib\javafx.controls.jar;C:\Program Files\Java\javafx-sdk-17.0.1\lib\javafx.fxml.jar;C:\Program Files\Java\javafx-sdk-17.0.1\lib\javafx.graphics.jar;C:\Program Files\Java\javafx-sdk-17.0.1\lib\javafx.media.jar;C:\Program Files\Java\javafx-sdk-17.0.1\lib\javafx.swing.jar;C:\Program Files\Java\javafx-sdk-17.0.1\lib\javafx.web.jar;C:\Program Files\Java\javafx-sdk-17.0.1\lib\javafx-swt.jar;C:\Users\KYJ\.m2\repository\org\slf4j\slf4j-api\1.7.20\slf4j-api-1.7.20.jar;C:\Users\KYJ\.m2\repository\ch\qos\logback\logback-classic\1.2.0\logback-classic-1.2.0.jar;C:\Users\KYJ\.m2\repository\ch\qos\logback\logback-core\1.2.0\logback-core-1.2.
Launcher Type: SUN_STANDARD

[Global flags]
     intx CICompilerCount                          = 4                                         {product} {ergonomic}
     uint ConcGCThreads                            = 2                                         {product} {ergonomic}
     uint G1ConcRefinementThreads                  = 8                                         {product} {ergonomic}
   size_t G1HeapRegionSize                         = 4194304                                   {product} {ergonomic}
    uintx GCDrainStackTargetSize                   = 64                                        {product} {ergonomic}
   size_t InitialHeapSize                          = 402653184                                 {product} {ergonomic}
   size_t MarkStackSize                            = 4194304                                   {product} {ergonomic}
   size_t MaxHeapSize                              = 6417285120                                {product} {ergonomic}
   size_t MaxNewSize                               = 3850371072                                {product} {ergonomic}
   size_t MinHeapDeltaBytes                        = 4194304                                   {product} {ergonomic}
   size_t MinHeapSize                              = 8388608                                   {product} {ergonomic}
    uintx NonNMethodCodeHeapSize                   = 5839372                                {pd product} {ergonomic}
    uintx NonProfiledCodeHeapSize                  = 122909434                              {pd product} {ergonomic}
    uintx ProfiledCodeHeapSize                     = 122909434                              {pd product} {ergonomic}
    uintx ReservedCodeCacheSize                    = 251658240                              {pd product} {ergonomic}
     bool SegmentedCodeCache                       = true                                      {product} {ergonomic}
     bool ShowCodeDetailsInExceptionMessages       = true                                   {manageable} {command line}
   size_t SoftMaxHeapSize                          = 6417285120                             {manageable} {ergonomic}
     bool UseCompressedClassPointers               = true                           {product lp64_product} {ergonomic}
     bool UseCompressedOops                        = true                           {product lp64_product} {ergonomic}
     bool UseG1GC                                  = true                                      {product} {ergonomic}
     bool UseLargePagesIndividualAllocation        = false                                  {pd product} {ergonomic}

Logging:
Log output configuration:
 #0: stdout all=warning uptime,level,tags
 #1: stderr all=off uptime,level,tags

Environment Variables:
JAVA_HOME=C:\Program Files\Java\jdk-17
JAVA_TOOL_OPTIONS=-Djava.net.preferIPv4Stack=true
PATH=C:\Program Files (x86)\ImageMagick-7.0.8-Q8;C:\Program Files (x86)\Intel\Intel(R) Management Engine Components\iCLS\;C:\Program Files\Intel\Intel(R) Management Engine Components\iCLS\;C:\Windows\system32;C:\Windows;C:\Windows\System32\Wbem;C:\Windows\System32\WindowsPowerShell\v1.0\;C:\Windows\System32\OpenSSH\;C:\Program Files (x86)\NVIDIA Corporation\PhysX\Common;C:\Program Files\NVIDIA Corporation\NVIDIA NvDLISR;C:\Program Files (x86)\Intel\Intel(R) Management Engine Components\DAL;C:\Program Files\Intel\Intel(R) Management Engine Components\DAL;C:\Program Files\dotnet\;C:\Program Files\Microsoft SQL Server\130\Tools\Binn\;C:\Program Files\Java\jdk-17\bin;C:\Users\KYJ\apache-maven-3.8.3\bin;C:\Program Files (x86)\Inno Setup 5;C:\Program Files (x86)\Microsoft SQL Server\Client SDK\ODBC\130\Tools\Binn\;C:\Program Files (x86)\Microsoft SQL Server\140\Tools\Binn\;C:\Program Files (x86)\Microsoft SQL Server\140\DTS\Binn\;C:\Program Files (x86)\Microsoft SQL Server\140\Tools\Binn\ManagementStudio\;C:\Program Files\TortoiseSVN\bin;C:\WINDOWS\system32;C:\WINDOWS;C:\WINDOWS\System32\Wbem;C:\WINDOWS\System32\WindowsPowerShell\v1.0\;C:\WINDOWS\System32\OpenSSH\;C:\Program Files\WinMerge;D:\Bitnami\redmine-3.4.6-2\ruby\bin;C:\Windows\Microsoft.NET\Framework\v4.0.30319;C:\Go\bin;C:\Users\KYJ\gradle-6.0.1-bin\gradle-6.0.1\bin;C:\Program Files (x86)\Log Parser 2.2;C:\Users\KYJ\tcping;C:\Program Files\nodejs\;C:\Users\KYJ\AppData\Local\Programs\Python\Python38-32\Scripts;C:\Users\KYJ\AppData\Local\Android\Sdk\platform-tools;C:\Program Files\Tesseract-OCR;C:\Users\KYJ\Perl\Strawberry\c\bin;C:\Users\KYJ\Perl\Strawberry\perl\site\bin;C:\Users\KYJ\Perl\Strawberry\perl\bin;C:\Users\KYJ\apache-ant-1.10.8\apache-ant-1.10.8\bin;C:\Program Files\PostgreSQL\12\bin;C:\Program Files\Docker\Docker\resources\bin;C:\ProgramData\DockerDesktop\version-bin;C:\Program Files\TortoiseGit\bin;C:\Program Files (x86)\Microsoft SQL Server\150\DTS\Binn\;C:\Program Files\Azure Data Studio\bin;C:\Users\K
USERNAME=KYJ
OS=Windows_NT
PROCESSOR_IDENTIFIER=Intel64 Family 6 Model 142 Stepping 11, GenuineIntel



---------------  S Y S T E M  ---------------

OS:
 Windows 10 , 64 bit Build 19041 (10.0.19041.1348)
OS uptime: 1 days 2:53 hours
Hyper-V role detected

CPU: total 8 (initial active 8) (4 cores per cpu, 2 threads per core) family 6 model 142 stepping 11 microcode 0xae, cx8, cmov, fxsr, ht, mmx, 3dnowpref, sse, sse2, sse3, ssse3, sse4.1, sse4.2, popcnt, lzcnt, tsc, tscinvbit, avx, avx2, aes, erms, clmul, bmi1, bmi2, adx, fma, vzeroupper, clflush, clflushopt, hv

Memory: 4k page, system-wide physical 24467M (9840M free)
TotalPageFile size 29095M (AvailPageFile size 3555M)
current process WorkingSet (physical memory assigned to process): 290M, peak: 387M
current process commit charge ("private bytes"): 362M, peak: 666M

vm_info: OpenJDK 64-Bit Server VM (17+35-2724) for windows-amd64 JRE (17+35-2724), built on Aug  5 2021 23:26:02 by "mach5one" with MS VC++ 16.8 (VS2019)

END.
