#
# A fatal error has been detected by the Java Runtime Environment:
#
#  EXCEPTION_ACCESS_VIOLATION (0xc0000005) at pc=0x00007ffbccdebeca, pid=33652, tid=32940
#
# JRE version: OpenJDK Runtime Environment (17.0+35) (build 17+35-2724)
# Java VM: OpenJDK 64-Bit Server VM (17+35-2724, mixed mode, sharing, tiered, compressed oops, compressed class ptrs, g1 gc, windows-amd64)
# Problematic frame:
# V  [jvm.dll+0x73beca]
#
# No core dump will be written. Minidumps are not enabled by default on client versions of Windows
#
# If you would like to submit a bug report, please visit:
#   https://bugreport.java.com/bugreport/crash.jsp
#

---------------  S U M M A R Y ------------

Command Line: -Djava.net.preferIPv4Stack=true -XX:+ShowCodeDetailsInExceptionMessages -agentlib:jdwp=transport=dt_socket,suspend=y,address=localhost:56275 --module-path=C:\Program Files\Java\open-jdk-16-javafx --add-modules=ALL-MODULE-PATH -javaagent:C:\Users\KYJ\uml2-master2\eclipse\configuration\org.eclipse.osgi\1410\0\.cp\lib\javaagent-shaded.jar -Dfile.encoding=UTF-8 com.kyj.fx.b.ETScriptHelper.MainApp

Host: Intel(R) Core(TM) i7-8565U CPU @ 1.80GHz, 8 cores, 23G,  Windows 10 , 64 bit Build 19041 (10.0.19041.1348)
Time: Fri Dec 17 17:10:58 2021  Windows 10 , 64 bit Build 19041 (10.0.19041.1348) elapsed time: 136.046754 seconds (0d 0h 2m 16s)

---------------  T H R E A D  ---------------

Current thread (0x0000027d81a48be0):  JavaThread "JDWP Transport Listener: dt_socket" daemon [_thread_in_vm, id=32940, stack(0x0000009280800000,0x0000009280900000)]

Stack: [0x0000009280800000,0x0000009280900000],  sp=0x00000092808ff870,  free space=1022k
Native frames: (J=compiled Java code, j=interpreted, Vv=VM code, C=native code)
V  [jvm.dll+0x73beca]
V  [jvm.dll+0x50476c]
V  [jvm.dll+0x4d0084]
C  [jdwp.dll+0x22e9f]


siginfo: EXCEPTION_ACCESS_VIOLATION (0xc0000005), reading address 0x0000000000260006


Register to memory mapping:

RIP=0x00007ffbccdebeca jvm.dll
RAX=0x0000000000000025 is an unknown value
RBX=0x0000027d80a26571 points into unknown readable memory: 45 71 75 69 70 6d 65
RCX=0x0000000000260002 is an unknown value
RDX=0x0000027d8b5668d0 points into unknown readable memory: 0x6a796b2f6d6f634c | 4c 63 6f 6d 2f 6b 79 6a
RSP=0x00000092808ff870 is pointing into the stack for thread: 0x0000027d81a48be0
RBP=0x0000027d81ad7920 points into unknown readable memory: 0x0000000000000002 | 02 00 00 00 00 00 00 00
RSI=0x0 is NULL
RDI=0xffffffffffffffff is an unknown value
R8 =0x0000000000000006 is an unknown value
R9 =0x0000000000000029 is an unknown value
R10=0x0 is NULL
R11=0x00000092808ff890 is pointing into the stack for thread: 0x0000027d81a48be0
R12=0x00000092808ff9c8 is pointing into the stack for thread: 0x0000027d81a48be0
R13=0x0 is NULL
R14=0x00000008010d7530 is a pointer to class: 
com.kyj.fx.b.ETScriptHelper.actions.ec.ec.group.EquipmentClassGroupComposite$1 {0x00000008010d7538}
 - instance size:     2
 - klass size:        69
 - access:            synchronized 
 - state:             fully_initialized
 - name:              'com/kyj/fx/b/ETScriptHelper/actions/ec/ec/group/EquipmentClassGroupComposite$1'
 - super:             'com/kyj/fx/b/ETScriptHelper/grid/CrudBaseColumnMapper'
 - sub:               
 - arrays:            NULL
 - methods:           Array<T>(0x0000027d96a27fe8)
 - method ordering:   Array<T>(0x0000027d96a33998)
 - default_methods:   Array<T>(0x0000000000000000)
 - local interfaces:  Array<T>(0x00000008005aef10)
 - trans. interfaces: Array<T>(0x0000027d94c7bcc0)
 - constants:         constant pool [46] {0x0000027d96a33d68} for 'com/kyj/fx/b/ETScriptHelper/actions/ec/ec/group/EquipmentClassGroupComposite$1' cache=0x0000027d96a33f38
 - class loader data:  loader data: 0x0000027d80a42d50 for instance a 'jdk/internal/loader/ClassLoaders$AppClassLoader'{0x000000068198cea0}
 - source file:       'EquipmentClassGroupComposite.java'
 - source debug extension:       SMAP
EquipmentClassGroupComposite.java
Java
*S jdt
*F
1 EquipmentClassGroupComposite.java
2 file:/C:/Users/KYJ/git/repository/ETScriptHelper/target/classes/
*L
*E

 - class annotations:       Array<T>(0x0000000000000000)
 - class type annotations:  Array<T>(0x0000000000000000)
 - field annotations:       Array<T>(0x0000000000000000)
 - field type annotations:  Array<T>(0x0000000000000000)
 - generic signature: '
[error occurred during error reporting (printing register info), id 0xc0000005, EXCEPTION_ACCESS_VIOLATION (0xc0000005) at pc=0x00007ffbccdecad6]

Registers:
RAX=0x0000000000000025, RBX=0x0000027d80a26571, RCX=0x0000000000260002, RDX=0x0000027d8b5668d0
RSP=0x00000092808ff870, RBP=0x0000027d81ad7920, RSI=0x0000000000000000, RDI=0xffffffffffffffff
R8 =0x0000000000000006, R9 =0x0000000000000029, R10=0x0000000000000000, R11=0x00000092808ff890
R12=0x00000092808ff9c8, R13=0x0000000000000000, R14=0x00000008010d7530, R15=0x00000092808ff9f0
RIP=0x00007ffbccdebeca, EFLAGS=0x0000000000010202

Top of Stack: (sp=0x00000092808ff870)
0x00000092808ff870:   000000000000004e 00000008010d7530
0x00000092808ff880:   0000027d8bee1380 00007ffc2d2b47b1
0x00000092808ff890:   ffffffffffffffff 00007ffbccbb476c
0x00000092808ff8a0:   0000027d80a26571 0000027d80a26520
0x00000092808ff8b0:   0000027d81ad7920 0000000000000000
0x00000092808ff8c0:   0000027d80a264c0 00000000000003d8
0x00000092808ff8d0:   0000027d80a264d0 0000027d80a268a8
0x00000092808ff8e0:   000000000000fe01 00000092808ff9c8
0x00000092808ff8f0:   0000000000000007 0000027d81a48e88
0x00000092808ff900:   0000000682c831a8 00007ffbccb80084
0x00000092808ff910:   0000027d81a48be0 00000092808ff9f0
0x00000092808ff920:   0000027dd8f7c560 00000092808ff9f0
0x00000092808ff930:   0000027d81a48be0 0000000000000000
0x00000092808ff940:   0000000000000000 0000000000000000
0x00000092808ff950:   0000027d818df9c8 00007ffc18512e9f
0x00000092808ff960:   00000092808ff9e8 00007ffc18521830 

Instructions: (pc=0x00007ffbccdebeca)
0x00007ffbccdebdca:   48 83 c4 20 5f e9 fc 87 96 ff cc cc cc cc cc cc
0x00007ffbccdebdda:   cc cc cc cc cc cc 48 89 5c 24 08 57 48 83 ec 20
0x00007ffbccdebdea:   83 fa 02 8d 42 06 b9 08 00 00 00 49 8b d8 0f 4e
0x00007ffbccdebdfa:   c1 48 63 c8 48 83 c1 07 83 e1 f8 48 63 f9 49 8b
0x00007ffbccdebe0a:   48 18 48 8b c7 48 f7 d0 48 3b c1 73 16 4c 8d 05
0x00007ffbccdebe1a:   8a 48 17 00 48 8b d7 48 8b cb e8 07 eb 96 ff 48
0x00007ffbccdebe2a:   8b 4b 18 48 8d 04 39 48 3b 43 20 76 18 45 33 c0
0x00007ffbccdebe3a:   48 8b d7 48 8b cb 48 8b 5c 24 30 48 83 c4 20 5f
0x00007ffbccdebe4a:   e9 61 e7 96 ff 48 89 43 18 48 8b c1 48 8b 5c 24
0x00007ffbccdebe5a:   30 48 83 c4 20 5f c3 cc cc cc cc cc cc cc cc cc
0x00007ffbccdebe6a:   cc cc cc cc cc cc 4c 8b d2 4c 8b d9 45 85 c0 7e
0x00007ffbccdebe7a:   3c 44 0f b7 49 04 41 8d 40 ff 41 3b c1 44 0f 4c
0x00007ffbccdebe8a:   c8 4d 63 c1 45 85 c9 7e 1f 48 8b c2 4c 2b da 49
0x00007ffbccdebe9a:   8b d0 0f 1f 40 00 41 0f b6 4c 03 06 88 08 48 8d
0x00007ffbccdebeaa:   40 01 48 83 ea 01 75 ee 43 c6 04 10 00 49 8b c2
0x00007ffbccdebeba:   c3 cc cc cc cc cc 48 89 5c 24 08 57 48 83 ec 20
0x00007ffbccdebeca:   0f b7 59 04 48 8b f9 33 d2 48 8d 4b 01 e8 14 9b
0x00007ffbccdebeda:   f8 ff 0f b7 57 04 4c 8b c0 3b da 0f 42 d3 44 8b
0x00007ffbccdebeea:   ca 85 d2 74 39 48 2b f8 0f 1f 40 00 66 66 0f 1f
0x00007ffbccdebefa:   84 00 00 00 00 00 0f b6 4c 07 06 88 08 48 ff c0
0x00007ffbccdebf0a:   48 8b c8 49 2b c8 49 3b c9 7c eb 42 c6 04 02 00
0x00007ffbccdebf1a:   49 8b c0 48 8b 5c 24 30 48 83 c4 20 5f c3 48 8b
0x00007ffbccdebf2a:   5c 24 30 c6 04 02 00 48 83 c4 20 5f c3 cc cc cc
0x00007ffbccdebf3a:   cc cc cc cc cc cc 4c 8b d1 45 85 c0 7e 6c 44 0f
0x00007ffbccdebf4a:   b7 49 04 41 8d 40 ff 41 3b c1 44 0f 4c c8 4d 63
0x00007ffbccdebf5a:   d9 45 85 c9 7e 22 48 8b ca 4c 2b d2 4d 8b c3 0f
0x00007ffbccdebf6a:   1f 80 00 00 00 00 41 0f b6 44 0a 06 88 01 48 8d
0x00007ffbccdebf7a:   49 01 49 83 e8 01 75 ee 41 c6 04 13 00 48 c7 c0
0x00007ffbccdebf8a:   ff ff ff ff 66 90 48 ff c0 80 3c 02 00 75 f7 48
0x00007ffbccdebf9a:   63 c8 85 c0 48 8b c2 7e 14 80 38 2f 75 03 c6 00
0x00007ffbccdebfaa:   2e 48 ff c0 48 83 e9 01 75 ef 48 8b c2 c3 cc cc
0x00007ffbccdebfba:   cc cc cc cc cc cc 48 83 ec 28 e8 f7 fe ff ff 4c 


Stack slot to memory mapping:
stack at sp + 0 slots: 0x000000000000004e is an unknown value
stack at sp + 1 slots: 0x00000008010d7530 is a pointer to class: 
com.kyj.fx.b.ETScriptHelper.actions.ec.ec.group.EquipmentClassGroupComposite$1 {0x00000008010d7538}
 - instance size:     2
 - klass size:        69
 - access:            synchronized 
 - state:             fully_initialized
 - name:              'com/kyj/fx/b/ETScriptHelper/actions/ec/ec/group/EquipmentClassGroupComposite$1'
 - super:             'com/kyj/fx/b/ETScriptHelper/grid/CrudBaseColumnMapper'
 - sub:               
 - arrays:            NULL
 - methods:           Array<T>(0x0000027d96a27fe8)
 - method ordering:   Array<T>(0x0000027d96a33998)
 - default_methods:   Array<T>(0x0000000000000000)
 - local interfaces:  Array<T>(0x00000008005aef10)
 - trans. interfaces: Array<T>(0x0000027d94c7bcc0)
 - constants:         constant pool [46] {0x0000027d96a33d68} for 'com/kyj/fx/b/ETScriptHelper/actions/ec/ec/group/EquipmentClassGroupComposite$1' cache=0x0000027d96a33f38
 - class loader data:  loader data: 0x0000027d80a42d50 for instance a 'jdk/internal/loader/ClassLoaders$AppClassLoader'{0x000000068198cea0}
 - source file:       'EquipmentClassGroupComposite.java'
 - source debug extension:       SMAP
EquipmentClassGroupComposite.java
Java
*S jdt
*F
1 EquipmentClassGroupComposite.java
2 file:/C:/Users/KYJ/git/repository/ETScriptHelper/target/classes/
*L
*E

 - class annotations:       Array<T>(0x0000000000000000)
 - class type annotations:  Array<T>(0x0000000000000000)
 - field annotations:       Array<T>(0x0000000000000000)
 - field type annotations:  Array<T>(0x0000000000000000)
 - generic signature: '
[error occurred during error reporting (inspecting top of stack), id 0xc0000005, EXCEPTION_ACCESS_VIOLATION (0xc0000005) at pc=0x00007ffbccdecad6]


---------------  P R O C E S S  ---------------

Threads class SMR info:
_java_thread_list=0x0000027d8e71cbd0, length=23, elements={
0x0000027dd86a60c0, 0x0000027dd887a420, 0x0000027dd887be50, 0x0000027dd889e130,
0x0000027dd889e9f0, 0x0000027dd888f3b0, 0x0000027d80912d10, 0x0000027dd5ae2e60,
0x0000027dd5ae00d0, 0x0000027d809274c0, 0x0000027d809108a0, 0x0000027d81a48be0,
0x0000027d81c33780, 0x0000027d818ad010, 0x0000027d81cf9cf0, 0x0000027d820f6ee0,
0x0000027d821b7340, 0x0000027d821bc4f0, 0x0000027d8236f750, 0x0000027d8236f280,
0x0000027d8236fc20, 0x0000027d823705c0, 0x0000027d8236edb0
}

Java Threads: ( => current thread )
  0x0000027dd86a60c0 JavaThread "main" [_thread_blocked, id=21152, stack(0x00000092ff500000,0x00000092ff600000)]
  0x0000027dd887a420 JavaThread "Reference Handler" daemon [_thread_blocked, id=8800, stack(0x00000092ffc00000,0x00000092ffd00000)]
  0x0000027dd887be50 JavaThread "Finalizer" daemon [_thread_blocked, id=1188, stack(0x00000092ffd00000,0x00000092ffe00000)]
  0x0000027dd889e130 JavaThread "Signal Dispatcher" daemon [_thread_blocked, id=21368, stack(0x00000092ffe00000,0x00000092fff00000)]
  0x0000027dd889e9f0 JavaThread "Attach Listener" daemon [_thread_blocked, id=33780, stack(0x00000092fff00000,0x0000009300000000)]
  0x0000027dd888f3b0 JavaThread "Service Thread" daemon [_thread_blocked, id=34244, stack(0x0000009280000000,0x0000009280100000)]
  0x0000027d80912d10 JavaThread "Monitor Deflation Thread" daemon [_thread_blocked, id=33136, stack(0x0000009280100000,0x0000009280200000)]
  0x0000027dd5ae2e60 JavaThread "C2 CompilerThread0" daemon [_thread_blocked, id=32268, stack(0x0000009280200000,0x0000009280300000)]
  0x0000027dd5ae00d0 JavaThread "C1 CompilerThread0" daemon [_thread_blocked, id=8592, stack(0x0000009280300000,0x0000009280400000)]
  0x0000027d809274c0 JavaThread "Sweeper thread" daemon [_thread_blocked, id=33112, stack(0x0000009280400000,0x0000009280500000)]
  0x0000027d809108a0 JavaThread "Common-Cleaner" daemon [_thread_blocked, id=32036, stack(0x0000009280500000,0x0000009280600000)]
=>0x0000027d81a48be0 JavaThread "JDWP Transport Listener: dt_socket" daemon [_thread_in_vm, id=32940, stack(0x0000009280800000,0x0000009280900000)]
  0x0000027d81c33780 JavaThread "JDWP Event Helper Thread" daemon [_thread_blocked, id=22404, stack(0x0000009280900000,0x0000009280a00000)]
  0x0000027d818ad010 JavaThread "JDWP Command Reader" daemon [_thread_in_native, id=30496, stack(0x0000009280a00000,0x0000009280b00000)]
  0x0000027d81cf9cf0 JavaThread "Notification Thread" daemon [_thread_blocked, id=34740, stack(0x0000009280600000,0x0000009280700000)]
  0x0000027d820f6ee0 JavaThread "QuantumRenderer-0" daemon [_thread_blocked, id=34024, stack(0x0000009280b00000,0x0000009280c00000)]
  0x0000027d821b7340 JavaThread "InvokeLaterDispatcher" daemon [_thread_blocked, id=19920, stack(0x0000009280c00000,0x0000009280d00000)]
  0x0000027d821bc4f0 JavaThread "JavaFX Application Thread" [_thread_in_native, id=6496, stack(0x0000009281400000,0x0000009281500000)]
  0x0000027d8236f750 JavaThread "Thread-1" daemon [_thread_in_native, id=34408, stack(0x0000009281800000,0x0000009281900000)]
  0x0000027d8236f280 JavaThread "JavaFX-Launcher" [_thread_blocked, id=33552, stack(0x0000009281b00000,0x0000009281c00000)]
  0x0000027d8236fc20 JavaThread "Prism Font Disposer" daemon [_thread_blocked, id=33256, stack(0x0000009281f00000,0x0000009282000000)]
  0x0000027d823705c0 JavaThread "PoolCleaner[317574433:1639728527155]" daemon [_thread_blocked, id=29924, stack(0x0000009282100000,0x0000009282200000)]
  0x0000027d8236edb0 JavaThread "Cleaner-0" daemon [_thread_blocked, id=33532, stack(0x0000009282300000,0x0000009282400000)]

Other Threads:
  0x0000027dd88745e0 VMThread "VM Thread" [stack: 0x00000092ffb00000,0x00000092ffc00000] [id=33444]
  0x0000027dd5ac8440 WatcherThread [stack: 0x0000009280700000,0x0000009280800000] [id=32908]
  0x0000027dd8f8b580 GCTaskThread "GC Thread#0" [stack: 0x00000092ff600000,0x00000092ff700000] [id=5852]
  0x0000027d81f7b020 GCTaskThread "GC Thread#1" [stack: 0x0000009280d00000,0x0000009280e00000] [id=19056]
  0x0000027d81ee5d90 GCTaskThread "GC Thread#2" [stack: 0x0000009280e00000,0x0000009280f00000] [id=33356]
  0x0000027d81f32b30 GCTaskThread "GC Thread#3" [stack: 0x0000009280f00000,0x0000009281000000] [id=33860]
  0x0000027d81fbf7d0 GCTaskThread "GC Thread#4" [stack: 0x0000009281000000,0x0000009281100000] [id=32264]
  0x0000027d81f32de0 GCTaskThread "GC Thread#5" [stack: 0x0000009281100000,0x0000009281200000] [id=34488]
  0x0000027d81f33090 GCTaskThread "GC Thread#6" [stack: 0x0000009281200000,0x0000009281300000] [id=31088]
  0x0000027d819046e0 GCTaskThread "GC Thread#7" [stack: 0x0000009281300000,0x0000009281400000] [id=26076]
  0x0000027dd8f98e60 ConcurrentGCThread "G1 Main Marker" [stack: 0x00000092ff700000,0x00000092ff800000] [id=6592]
  0x0000027dd8f99c00 ConcurrentGCThread "G1 Conc#0" [stack: 0x00000092ff800000,0x00000092ff900000] [id=29564]
  0x0000027d8a6c3100 ConcurrentGCThread "G1 Conc#1" [stack: 0x0000009282000000,0x0000009282100000] [id=34120]
  0x0000027dd87ab700 ConcurrentGCThread "G1 Refine#0" [stack: 0x00000092ff900000,0x00000092ffa00000] [id=28796]
  0x0000027d90f8c490 ConcurrentGCThread "G1 Refine#1" [stack: 0x0000009282400000,0x0000009282500000] [id=14580]
  0x0000027d8ad82a50 ConcurrentGCThread "G1 Refine#2" [stack: 0x0000009281900000,0x0000009281a00000] [id=34228]
  0x0000027dd87aef50 ConcurrentGCThread "G1 Service" [stack: 0x00000092ffa00000,0x00000092ffb00000] [id=34508]

Threads with active compile tasks:

VM state: not at safepoint (normal execution)

VM Mutex/Monitor currently owned by a thread: None

Heap address: 0x0000000681800000, size: 6120 MB, Compressed Oops mode: Zero based, Oop shift amount: 3

CDS archive(s) mapped at: [0x0000000800000000-0x0000000800bc0000-0x0000000800bc0000), size 12320768, SharedBaseAddress: 0x0000000800000000, ArchiveRelocationMode: 0.
Compressed class space mapped at: 0x0000000800c00000-0x0000000840c00000, reserved size: 1073741824
Narrow klass base: 0x0000000800000000, Narrow klass shift: 0, Narrow klass range: 0x100000000

GC Precious Log:
 CPUs: 8 total, 8 available
 Memory: 24467M
 Large Page Support: Disabled
 NUMA Support: Disabled
 Compressed Oops: Enabled (Zero based)
 Heap Region Size: 4M
 Heap Min Capacity: 8M
 Heap Initial Capacity: 384M
 Heap Max Capacity: 6120M
 Pre-touch: Disabled
 Parallel Workers: 8
 Concurrent Workers: 2
 Concurrent Refinement Workers: 8
 Periodic GC: Disabled

Heap:
 garbage-first heap   total 139264K, used 84799K [0x0000000681800000, 0x0000000800000000)
  region size 4096K, 8 young (32768K), 2 survivors (8192K)
 Metaspace       used 40105K, committed 40448K, reserved 1089536K
  class space    used 5242K, committed 5440K, reserved 1048576K

Heap Regions: E=young(eden), S=young(survivor), O=old, HS=humongous(starts), HC=humongous(continues), CS=collection set, F=free, OA=open archive, CA=closed archive, TAMS=top-at-mark-start (previous, next)
|   0|0x0000000681800000, 0x0000000681c00000, 0x0000000681c00000|100%| O|  |TAMS 0x0000000681c00000, 0x0000000681800000| Untracked 
|   1|0x0000000681c00000, 0x0000000682000000, 0x0000000682000000|100%| O|  |TAMS 0x0000000682000000, 0x0000000681c00000| Untracked 
|   2|0x0000000682000000, 0x0000000682400000, 0x0000000682400000|100%| O|  |TAMS 0x0000000682400000, 0x0000000682000000| Untracked 
|   3|0x0000000682400000, 0x0000000682800000, 0x0000000682800000|100%| O|  |TAMS 0x0000000682800000, 0x0000000682400000| Untracked 
|   4|0x0000000682800000, 0x0000000682c00000, 0x0000000682c00000|100%| O|  |TAMS 0x0000000682c00000, 0x0000000682800000| Untracked 
|   5|0x0000000682c00000, 0x0000000683000000, 0x0000000683000000|100%| O|  |TAMS 0x0000000683000000, 0x0000000682c00000| Untracked 
|   6|0x0000000683000000, 0x0000000683100200, 0x0000000683400000| 25%| O|  |TAMS 0x0000000683100200, 0x0000000683000000| Untracked 
|   7|0x0000000683400000, 0x0000000683800000, 0x0000000683800000|100%| O|  |TAMS 0x0000000683800000, 0x0000000683400000| Untracked 
|   8|0x0000000683800000, 0x0000000683c00000, 0x0000000683c00000|100%| O|  |TAMS 0x0000000683800000, 0x0000000683800000| Untracked 
|   9|0x0000000683c00000, 0x0000000684000000, 0x0000000684000000|100%| O|  |TAMS 0x0000000683c00000, 0x0000000683c00000| Untracked 
|  10|0x0000000684000000, 0x0000000684400000, 0x0000000684400000|100%| O|  |TAMS 0x0000000684000000, 0x0000000684000000| Untracked 
|  11|0x0000000684400000, 0x0000000684800000, 0x0000000684800000|100%| O|  |TAMS 0x0000000684400000, 0x0000000684400000| Untracked 
|  12|0x0000000684800000, 0x0000000684c00000, 0x0000000684c00000|100%| O|  |TAMS 0x0000000684800000, 0x0000000684800000| Untracked 
|  13|0x0000000684c00000, 0x0000000684dcfa00, 0x0000000685000000| 45%| O|  |TAMS 0x0000000684c00000, 0x0000000684c00000| Untracked 
|  14|0x0000000685000000, 0x0000000685400000, 0x0000000685400000|100%| O|  |TAMS 0x0000000685000000, 0x0000000685000000| Untracked 
|  15|0x0000000685400000, 0x0000000685400000, 0x0000000685800000|  0%| F|  |TAMS 0x0000000685400000, 0x0000000685400000| Untracked 
|  16|0x0000000685800000, 0x0000000685800000, 0x0000000685c00000|  0%| F|  |TAMS 0x0000000685800000, 0x0000000685800000| Untracked 
|  17|0x0000000685c00000, 0x0000000685c00000, 0x0000000686000000|  0%| F|  |TAMS 0x0000000685c00000, 0x0000000685c00000| Untracked 
|  18|0x0000000686000000, 0x0000000686000000, 0x0000000686400000|  0%| F|  |TAMS 0x0000000686000000, 0x0000000686000000| Untracked 
|  19|0x0000000686400000, 0x0000000686400000, 0x0000000686800000|  0%| F|  |TAMS 0x0000000686400000, 0x0000000686400000| Untracked 
|  20|0x0000000686800000, 0x0000000686800000, 0x0000000686c00000|  0%| F|  |TAMS 0x0000000686800000, 0x0000000686800000| Untracked 
|  21|0x0000000686c00000, 0x0000000686c00000, 0x0000000687000000|  0%| F|  |TAMS 0x0000000686c00000, 0x0000000686c00000| Untracked 
|  22|0x0000000687000000, 0x0000000687400000, 0x0000000687400000|100%| S|CS|TAMS 0x0000000687000000, 0x0000000687000000| Complete 
|  23|0x0000000687400000, 0x0000000687800000, 0x0000000687800000|100%| S|CS|TAMS 0x0000000687400000, 0x0000000687400000| Complete 
|  24|0x0000000687800000, 0x0000000687800000, 0x0000000687c00000|  0%| F|  |TAMS 0x0000000687800000, 0x0000000687800000| Untracked 
|  25|0x0000000687c00000, 0x0000000687c00000, 0x0000000688000000|  0%| F|  |TAMS 0x0000000687c00000, 0x0000000687c00000| Untracked 
|  26|0x0000000688000000, 0x0000000688000000, 0x0000000688400000|  0%| F|  |TAMS 0x0000000688000000, 0x0000000688000000| Untracked 
|  27|0x0000000688400000, 0x0000000688400000, 0x0000000688800000|  0%| F|  |TAMS 0x0000000688400000, 0x0000000688400000| Untracked 
|  28|0x0000000688800000, 0x000000068885d678, 0x0000000688c00000|  9%| E|  |TAMS 0x0000000688800000, 0x0000000688800000| Complete 
|  29|0x0000000688c00000, 0x0000000689000000, 0x0000000689000000|100%| E|CS|TAMS 0x0000000688c00000, 0x0000000688c00000| Complete 
|  30|0x0000000689000000, 0x0000000689400000, 0x0000000689400000|100%| E|CS|TAMS 0x0000000689000000, 0x0000000689000000| Complete 
|  31|0x0000000689400000, 0x0000000689800000, 0x0000000689800000|100%| E|CS|TAMS 0x0000000689400000, 0x0000000689400000| Complete 
|  53|0x000000068ec00000, 0x000000068f000000, 0x000000068f000000|100%| E|CS|TAMS 0x000000068ec00000, 0x000000068ec00000| Complete 
|  95|0x0000000699400000, 0x0000000699800000, 0x0000000699800000|100%| E|CS|TAMS 0x0000000699400000, 0x0000000699400000| Complete 

Card table byte_map: [0x0000027df0820000,0x0000027df1420000] _byte_map_base: 0x0000027ded414000

Marking Bits (Prev, Next): (CMBitMap*) 0x0000027dd8f8b840, (CMBitMap*) 0x0000027dd8f8b880
 Prev Bits: [0x0000027df2020000, 0x0000027df7fc0000)
 Next Bits: [0x0000027df7fc0000, 0x0000027dfdf60000)

Polling page: 0x0000027dd8510000

Metaspace:

Usage:
  Non-class:     34.05 MB used.
      Class:      5.12 MB used.
       Both:     39.17 MB used.

Virtual space:
  Non-class space:       40.00 MB reserved,      34.19 MB ( 85%) committed,  5 nodes.
      Class space:        1.00 GB reserved,       5.31 MB ( <1%) committed,  1 nodes.
             Both:        1.04 GB reserved,      39.50 MB (  4%) committed. 

Chunk freelists:
   Non-Class:  1.77 MB
       Class:  2.68 MB
        Both:  4.44 MB

MaxMetaspaceSize: unlimited
CompressedClassSpaceSize: 1.00 GB
Initial GC threshold: 21.00 MB
Current GC threshold: 59.00 MB
CDS: on
MetaspaceReclaimPolicy: balanced
 - commit_granule_bytes: 65536.
 - commit_granule_words: 8192.
 - virtual_space_node_default_size: 1048576.
 - enlarge_chunks_in_place: 1.
 - new_chunks_are_fully_committed: 0.
 - uncommit_free_chunks: 1.
 - use_allocation_guard: 0.
 - handle_deallocations: 1.


Internal statistics:

num_allocs_failed_limit: 6.
num_arena_births: 330.
num_arena_deaths: 0.
num_vsnodes_births: 6.
num_vsnodes_deaths: 0.
num_space_committed: 632.
num_space_uncommitted: 0.
num_chunks_returned_to_freelist: 6.
num_chunks_taken_from_freelist: 1593.
num_chunk_merges: 6.
num_chunk_splits: 1110.
num_chunks_enlarged: 862.
num_purges: 0.
num_inconsistent_stats: 0.

CodeHeap 'non-profiled nmethods': size=120000Kb used=6290Kb max_used=6290Kb free=113709Kb
 bounds [0x0000027de8190000, 0x0000027de87c0000, 0x0000027def6c0000]
CodeHeap 'profiled nmethods': size=120000Kb used=16014Kb max_used=16014Kb free=103985Kb
 bounds [0x0000027de0c60000, 0x0000027de1c10000, 0x0000027de8190000]
CodeHeap 'non-nmethods': size=5760Kb used=1616Kb max_used=1866Kb free=4143Kb
 bounds [0x0000027de06c0000, 0x0000027de0930000, 0x0000027de0c60000]
 total_blobs=8488 nmethods=7550 adapters=850
 compilation: enabled
              stopped_count=0, restarted_count=0
 full_count=0

Compilation events (20 events):
Event: 99.201 Thread 0x0000027dd5ae00d0 8984       3       javafx.scene.control.Labeled::alignmentProperty (27 bytes)
Event: 99.201 Thread 0x0000027dd5ae00d0 nmethod 8984 0x0000027de1c02890 code [0x0000027de1c02a60, 0x0000027de1c02e48]
Event: 99.202 Thread 0x0000027dd5ae00d0 8985       3       javafx.scene.layout.Border::equals (80 bytes)
Event: 99.203 Thread 0x0000027dd5ae00d0 nmethod 8985 0x0000027de1c02f90 code [0x0000027de1c03180, 0x0000027de1c037f8]
Event: 99.203 Thread 0x0000027dd5ae2e60 8986       4       javafx.scene.control.Labeled$StyleableProperties$5::isSettable (9 bytes)
Event: 99.204 Thread 0x0000027dd5ae00d0 8990       3       com.sun.javafx.scene.ParentHelper::processCSSImpl (10 bytes)
Event: 99.204 Thread 0x0000027dd5ae00d0 nmethod 8990 0x0000027de1c03990 code [0x0000027de1c03b40, 0x0000027de1c03e48]
Event: 99.204 Thread 0x0000027dd5ae2e60 nmethod 8986 0x0000027de87b2b90 code [0x0000027de87b2d20, 0x0000027de87b2e98]
Event: 99.204 Thread 0x0000027dd5ae2e60 8987       4       javafx.scene.control.Labeled$StyleableProperties$3::isSettable (9 bytes)
Event: 99.205 Thread 0x0000027dd5ae00d0 8991       3       javafx.scene.Node::syncPeer (43 bytes)
Event: 99.205 Thread 0x0000027dd5ae00d0 nmethod 8991 0x0000027de1c03f90 code [0x0000027de1c041c0, 0x0000027de1c049f8]
Event: 99.205 Thread 0x0000027dd5ae00d0 8992       1       com.sun.prism.impl.BaseGraphics::setClipRectIndex (6 bytes)
Event: 99.205 Thread 0x0000027dd5ae00d0 nmethod 8992 0x0000027de87b3010 code [0x0000027de87b31a0, 0x0000027de87b3278]
Event: 99.206 Thread 0x0000027dd5ae2e60 nmethod 8987 0x0000027de87b3310 code [0x0000027de87b34a0, 0x0000027de87b3618]
Event: 99.206 Thread 0x0000027dd5ae2e60 8988       4       javafx.scene.control.Labeled$StyleableProperties$10::isSettable (9 bytes)
Event: 99.207 Thread 0x0000027dd5ae2e60 nmethod 8988 0x0000027de87b3790 code [0x0000027de87b3920, 0x0000027de87b3a98]
Event: 99.207 Thread 0x0000027dd5ae2e60 8989       4       javafx.scene.control.Labeled$StyleableProperties$12::isSettable (9 bytes)
Event: 99.209 Thread 0x0000027dd5ae2e60 nmethod 8989 0x0000027de87b3c10 code [0x0000027de87b3da0, 0x0000027de87b3f18]
Event: 99.209 Thread 0x0000027dd5ae2e60 8993       4       com.sun.prism.impl.BaseGraphics::setClipRect (44 bytes)
Event: 99.212 Thread 0x0000027dd5ae2e60 nmethod 8993 0x0000027de87b4090 code [0x0000027de87b4220, 0x0000027de87b47d8]

GC Heap History (20 events):
Event: 5.864 GC heap before
{Heap before GC invocations=5 (full 0):
 garbage-first heap   total 69632K, used 46056K [0x0000000681800000, 0x0000000800000000)
  region size 4096K, 10 young (40960K), 2 survivors (8192K)
 Metaspace       used 27378K, committed 27648K, reserved 1073152K
  class space    used 3612K, committed 3776K, reserved 1048576K
}
Event: 5.871 GC heap after
{Heap after GC invocations=6 (full 0):
 garbage-first heap   total 69632K, used 17307K [0x0000000681800000, 0x0000000800000000)
  region size 4096K, 2 young (8192K), 2 survivors (8192K)
 Metaspace       used 27378K, committed 27648K, reserved 1073152K
  class space    used 3612K, committed 3776K, reserved 1048576K
}
Event: 5.910 GC heap before
{Heap before GC invocations=6 (full 0):
 garbage-first heap   total 69632K, used 21403K [0x0000000681800000, 0x0000000800000000)
  region size 4096K, 3 young (12288K), 2 survivors (8192K)
 Metaspace       used 27979K, committed 28288K, reserved 1081344K
  class space    used 3662K, committed 3840K, reserved 1048576K
}
Event: 5.914 GC heap after
{Heap after GC invocations=7 (full 0):
 garbage-first heap   total 69632K, used 17652K [0x0000000681800000, 0x0000000800000000)
  region size 4096K, 1 young (4096K), 1 survivors (4096K)
 Metaspace       used 27979K, committed 28288K, reserved 1081344K
  class space    used 3662K, committed 3840K, reserved 1048576K
}
Event: 6.364 GC heap before
{Heap before GC invocations=7 (full 0):
 garbage-first heap   total 69632K, used 42228K [0x0000000681800000, 0x0000000800000000)
  region size 4096K, 7 young (28672K), 1 survivors (4096K)
 Metaspace       used 30345K, committed 30656K, reserved 1081344K
  class space    used 4076K, committed 4224K, reserved 1048576K
}
Event: 6.367 GC heap after
{Heap after GC invocations=8 (full 0):
 garbage-first heap   total 69632K, used 19732K [0x0000000681800000, 0x0000000800000000)
  region size 4096K, 1 young (4096K), 1 survivors (4096K)
 Metaspace       used 30345K, committed 30656K, reserved 1081344K
  class space    used 4076K, committed 4224K, reserved 1048576K
}
Event: 6.753 GC heap before
{Heap before GC invocations=8 (full 0):
 garbage-first heap   total 69632K, used 44308K [0x0000000681800000, 0x0000000800000000)
  region size 4096K, 7 young (28672K), 1 survivors (4096K)
 Metaspace       used 32759K, committed 33088K, reserved 1081344K
  class space    used 4581K, committed 4736K, reserved 1048576K
}
Event: 6.757 GC heap after
{Heap after GC invocations=9 (full 0):
 garbage-first heap   total 69632K, used 22743K [0x0000000681800000, 0x0000000800000000)
  region size 4096K, 1 young (4096K), 1 survivors (4096K)
 Metaspace       used 32759K, committed 33088K, reserved 1081344K
  class space    used 4581K, committed 4736K, reserved 1048576K
}
Event: 7.187 GC heap before
{Heap before GC invocations=9 (full 0):
 garbage-first heap   total 69632K, used 47319K [0x0000000681800000, 0x0000000800000000)
  region size 4096K, 7 young (28672K), 1 survivors (4096K)
 Metaspace       used 34170K, committed 34496K, reserved 1081344K
  class space    used 4703K, committed 4864K, reserved 1048576K
}
Event: 7.194 GC heap after
{Heap after GC invocations=10 (full 0):
 garbage-first heap   total 69632K, used 28931K [0x0000000681800000, 0x0000000800000000)
  region size 4096K, 1 young (4096K), 1 survivors (4096K)
 Metaspace       used 34170K, committed 34496K, reserved 1081344K
  class space    used 4703K, committed 4864K, reserved 1048576K
}
Event: 9.653 GC heap before
{Heap before GC invocations=10 (full 0):
 garbage-first heap   total 69632K, used 45315K [0x0000000681800000, 0x0000000800000000)
  region size 4096K, 5 young (20480K), 1 survivors (4096K)
 Metaspace       used 35273K, committed 35584K, reserved 1081344K
  class space    used 4756K, committed 4928K, reserved 1048576K
}
Event: 9.658 GC heap after
{Heap after GC invocations=11 (full 0):
 garbage-first heap   total 233472K, used 31543K [0x0000000681800000, 0x0000000800000000)
  region size 4096K, 1 young (4096K), 1 survivors (4096K)
 Metaspace       used 35273K, committed 35584K, reserved 1081344K
  class space    used 4756K, committed 4928K, reserved 1048576K
}
Event: 12.388 GC heap before
{Heap before GC invocations=11 (full 0):
 garbage-first heap   total 233472K, used 39735K [0x0000000681800000, 0x0000000800000000)
  region size 4096K, 4 young (16384K), 1 survivors (4096K)
 Metaspace       used 35744K, committed 35968K, reserved 1081344K
  class space    used 4797K, committed 4928K, reserved 1048576K
}
Event: 12.392 GC heap after
{Heap after GC invocations=12 (full 0):
 garbage-first heap   total 233472K, used 31560K [0x0000000681800000, 0x0000000800000000)
  region size 4096K, 1 young (4096K), 1 survivors (4096K)
 Metaspace       used 35744K, committed 35968K, reserved 1081344K
  class space    used 4797K, committed 4928K, reserved 1048576K
}
Event: 69.496 GC heap before
{Heap before GC invocations=13 (full 0):
 garbage-first heap   total 139264K, used 109384K [0x0000000681800000, 0x0000000800000000)
  region size 4096K, 20 young (81920K), 1 survivors (4096K)
 Metaspace       used 39381K, committed 39744K, reserved 1089536K
  class space    used 5230K, committed 5440K, reserved 1048576K
}
Event: 69.505 GC heap after
{Heap after GC invocations=14 (full 0):
 garbage-first heap   total 139264K, used 43366K [0x0000000681800000, 0x0000000800000000)
  region size 4096K, 3 young (12288K), 3 survivors (12288K)
 Metaspace       used 39381K, committed 39744K, reserved 1089536K
  class space    used 5230K, committed 5440K, reserved 1048576K
}
Event: 93.703 GC heap before
{Heap before GC invocations=14 (full 0):
 garbage-first heap   total 139264K, used 92518K [0x0000000681800000, 0x0000000800000000)
  region size 4096K, 15 young (61440K), 3 survivors (12288K)
 Metaspace       used 39897K, committed 40256K, reserved 1089536K
  class space    used 5234K, committed 5440K, reserved 1048576K
}
Event: 93.719 GC heap after
{Heap after GC invocations=15 (full 0):
 garbage-first heap   total 139264K, used 53896K [0x0000000681800000, 0x0000000800000000)
  region size 4096K, 2 young (8192K), 2 survivors (8192K)
 Metaspace       used 39897K, committed 40256K, reserved 1089536K
  class space    used 5234K, committed 5440K, reserved 1048576K
}
Event: 96.470 GC heap before
{Heap before GC invocations=15 (full 0):
 garbage-first heap   total 139264K, used 94856K [0x0000000681800000, 0x0000000800000000)
  region size 4096K, 12 young (49152K), 2 survivors (8192K)
 Metaspace       used 40037K, committed 40384K, reserved 1089536K
  class space    used 5239K, committed 5440K, reserved 1048576K
}
Event: 96.480 GC heap after
{Heap after GC invocations=16 (full 0):
 garbage-first heap   total 139264K, used 64319K [0x0000000681800000, 0x0000000800000000)
  region size 4096K, 2 young (8192K), 2 survivors (8192K)
 Metaspace       used 40037K, committed 40384K, reserved 1089536K
  class space    used 5239K, committed 5440K, reserved 1048576K
}

Deoptimization events (20 events):
Event: 96.983 Thread 0x0000027d821bc4f0 Uncommon trap: trap_request=0xffffffd6 fr.pc=0x0000027de87a39f0 relative=0x0000000000000490
Event: 96.983 Thread 0x0000027d821bc4f0 Uncommon trap: reason=array_check action=maybe_recompile pc=0x0000027de87a39f0 method=java.util.AbstractCollection.toArray([Ljava/lang/Object;)[Ljava/lang/Object; @ 116 c2
Event: 96.983 Thread 0x0000027d821bc4f0 DEOPT PACKING pc=0x0000027de87a39f0 sp=0x00000092814fd780
Event: 96.983 Thread 0x0000027d821bc4f0 DEOPT UNPACKING pc=0x0000027de07123a3 sp=0x00000092814fd740 mode 2
Event: 96.983 Thread 0x0000027d821bc4f0 Uncommon trap: trap_request=0xffffffd6 fr.pc=0x0000027de87a39f0 relative=0x0000000000000490
Event: 96.983 Thread 0x0000027d821bc4f0 Uncommon trap: reason=array_check action=maybe_recompile pc=0x0000027de87a39f0 method=java.util.AbstractCollection.toArray([Ljava/lang/Object;)[Ljava/lang/Object; @ 116 c2
Event: 96.983 Thread 0x0000027d821bc4f0 DEOPT PACKING pc=0x0000027de87a39f0 sp=0x00000092814fd780
Event: 96.983 Thread 0x0000027d821bc4f0 DEOPT UNPACKING pc=0x0000027de07123a3 sp=0x00000092814fd740 mode 2
Event: 96.983 Thread 0x0000027d821bc4f0 Uncommon trap: trap_request=0xffffffd6 fr.pc=0x0000027de87a39f0 relative=0x0000000000000490
Event: 96.984 Thread 0x0000027d821bc4f0 Uncommon trap: reason=array_check action=maybe_recompile pc=0x0000027de87a39f0 method=java.util.AbstractCollection.toArray([Ljava/lang/Object;)[Ljava/lang/Object; @ 116 c2
Event: 96.984 Thread 0x0000027d821bc4f0 DEOPT PACKING pc=0x0000027de87a39f0 sp=0x00000092814fd780
Event: 96.984 Thread 0x0000027d821bc4f0 DEOPT UNPACKING pc=0x0000027de07123a3 sp=0x00000092814fd740 mode 2
Event: 96.984 Thread 0x0000027d821bc4f0 Uncommon trap: trap_request=0xffffffd6 fr.pc=0x0000027de87a39f0 relative=0x0000000000000490
Event: 96.984 Thread 0x0000027d821bc4f0 Uncommon trap: reason=array_check action=maybe_recompile pc=0x0000027de87a39f0 method=java.util.AbstractCollection.toArray([Ljava/lang/Object;)[Ljava/lang/Object; @ 116 c2
Event: 96.985 Thread 0x0000027d821bc4f0 DEOPT PACKING pc=0x0000027de87a39f0 sp=0x00000092814fd780
Event: 96.985 Thread 0x0000027d821bc4f0 DEOPT UNPACKING pc=0x0000027de07123a3 sp=0x00000092814fd740 mode 2
Event: 134.889 Thread 0x0000027d81a48be0 Uncommon trap: trap_request=0xffffff45 fr.pc=0x0000027de81e9308 relative=0x0000000000000368
Event: 134.889 Thread 0x0000027d81a48be0 Uncommon trap: reason=unstable_if action=reinterpret pc=0x0000027de81e9308 method=sun.instrument.InstrumentationImpl.transform(Ljava/lang/Module;Ljava/lang/ClassLoader;Ljava/lang/String;Ljava/lang/Class;Ljava/security/ProtectionDomain;[BZ)[B @ 24 c2
Event: 134.889 Thread 0x0000027d81a48be0 DEOPT PACKING pc=0x0000027de81e9308 sp=0x00000092808fe960
Event: 134.889 Thread 0x0000027d81a48be0 DEOPT UNPACKING pc=0x0000027de07123a3 sp=0x00000092808fe9b8 mode 2

Classes unloaded (0 events):
No events

Classes redefined (2 events):
Event: 134.908 Thread 0x0000027dd88745e0 redefined class name=com.kyj.fx.b.ETScriptHelper.actions.ec.ec.group.EquipmentClassGroupComposite$1, count=1
Event: 134.908 Thread 0x0000027dd88745e0 redefined class name=com.kyj.fx.b.ETScriptHelper.actions.ec.ec.group.EquipmentClassGroupComposite, count=1

Internal exceptions (20 events):
Event: 6.406 Thread 0x0000027d821bc4f0 Exception <a 'java/lang/ClassNotFoundException'{0x00000006996f06f0}: com/sun/javafx/scene/control/skin/resources/controls_ko> (0x00000006996f06f0) 
thrown [t:\workspace\open\src\hotspot\share\prims\jni.cpp, line 535]
Event: 6.605 Thread 0x0000027d821bc4f0 Exception <a 'java/lang/NoSuchMethodError'{0x0000000684f6c800}: 'void java.lang.invoke.DirectMethodHandle$Holder.invokeSpecialIFC(java.lang.Object, java.lang.Object, java.lang.Object, java.lang.Object)'> (0x0000000684f6c800) 
thrown [t:\workspace\open\src\hotspot\share\interpreter\linkResolver.cpp, line 766]
Event: 6.875 Thread 0x0000027d821bc4f0 Exception <a 'java/lang/NoSuchMethodError'{0x00000006970af508}: 'void java.lang.invoke.DirectMethodHandle$Holder.invokeSpecial(java.lang.Object, java.lang.Object, int, int)'> (0x00000006970af508) 
thrown [t:\workspace\open\src\hotspot\share\interpreter\linkResolver.cpp, line 766]
Event: 6.876 Thread 0x0000027d821bc4f0 Exception <a 'java/lang/NoSuchMethodError'{0x00000006970b5d00}: 'java.lang.Object java.lang.invoke.DirectMethodHandle$Holder.newInvokeSpecial(java.lang.Object, java.lang.Object, int, int)'> (0x00000006970b5d00) 
thrown [t:\workspace\open\src\hotspot\share\interpreter\linkResolver.cpp, line 766]
Event: 7.749 Thread 0x0000027d821bc4f0 Exception <a 'java/lang/NoSuchMethodError'{0x00000006997c9c80}: 'java.lang.Object java.lang.invoke.DirectMethodHandle$Holder.newInvokeSpecial(java.lang.Object, java.lang.Object, java.lang.Object, double, double, double, double, int, int, int, int, int, int, int, int, int)'> (0x00000006997c9c80) 
thrown [t:\workspace\open\src\hotspot\share\interpreter\linkResolver.cpp, line 766]
Event: 8.731 Thread 0x0000027d821bc4f0 Exception <a 'java/lang/ClassNotFoundException'{0x0000000696de34c0}: com/kyj/fx/b/ETScriptHelper/actions/ec/ec/EquipmentClassDVOBeanInfo> (0x0000000696de34c0) 
thrown [t:\workspace\open\src\hotspot\share\classfile\systemDictionary.cpp, line 256]
Event: 8.731 Thread 0x0000027d821bc4f0 Exception <a 'java/lang/ClassNotFoundException'{0x0000000696de65a8}: com/kyj/fx/b/ETScriptHelper/actions/ec/ec/EquipmentClassDVOCustomizer> (0x0000000696de65a8) 
thrown [t:\workspace\open\src\hotspot\share\classfile\systemDictionary.cpp, line 256]
Event: 8.735 Thread 0x0000027d821bc4f0 Implicit null exception at 0x0000027de84eecee to 0x0000027de84ef4e0
Event: 12.454 Thread 0x0000027d821bc4f0 Implicit null exception at 0x0000027de8225476 to 0x0000027de8225590
Event: 12.676 Thread 0x0000027d821bc4f0 Exception <a 'java/lang/ClassNotFoundException'{0x00000006889d8068}: com/sun/org/apache/xerces/internal/impl/msg/spi/SAXMessagesProvider> (0x00000006889d8068) 
thrown [t:\workspace\open\src\hotspot\share\classfile\systemDictionary.cpp, line 256]
Event: 13.113 Thread 0x0000027d821bc4f0 Exception <a 'java/lang/ClassNotFoundException'{0x0000000686fe8d30}: com/kyj/fx/b/ETScriptHelper/actions/ec/ec/group/EquipmentClassGroupDVOBeanInfo> (0x0000000686fe8d30) 
thrown [t:\workspace\open\src\hotspot\share\classfile\systemDictionary.cpp, line 256]
Event: 13.113 Thread 0x0000027d821bc4f0 Exception <a 'java/lang/ClassNotFoundException'{0x0000000686feb730}: com/kyj/fx/b/ETScriptHelper/actions/ec/ec/group/EquipmentClassGroupDVOCustomizer> (0x0000000686feb730) 
thrown [t:\workspace\open\src\hotspot\share\classfile\systemDictionary.cpp, line 256]
Event: 13.809 Thread 0x0000027d821bc4f0 Exception <a 'java/lang/NoSuchMethodError'{0x0000000685883498}: 'int java.lang.invoke.DirectMethodHandle$Holder.invokeVirtual(java.lang.Object, java.lang.Object)'> (0x0000000685883498) 
thrown [t:\workspace\open\src\hotspot\share\interpreter\linkResolver.cpp, line 766]
Event: 13.810 Thread 0x0000027d821bc4f0 Exception <a 'java/lang/NoSuchMethodError'{0x0000000685889bd8}: 'void java.lang.invoke.DirectMethodHandle$Holder.invokeVirtual(java.lang.Object, java.lang.Object, int)'> (0x0000000685889bd8) 
thrown [t:\workspace\open\src\hotspot\share\interpreter\linkResolver.cpp, line 766]
Event: 67.540 Thread 0x0000027d821bc4f0 Implicit null exception at 0x0000027de862c660 to 0x0000027de863b6d0
Event: 67.540 Thread 0x0000027d821bc4f0 Implicit null exception at 0x0000027de8609a34 to 0x0000027de86194d0
Event: 67.583 Thread 0x0000027d821bc4f0 Implicit null exception at 0x0000027de84f0447 to 0x0000027de84f1390
Event: 87.940 Thread 0x0000027d821bc4f0 Exception <a 'java/io/FileNotFoundException'{0x000000068ee48c78}> (0x000000068ee48c78) 
thrown [t:\workspace\open\src\hotspot\share\prims\jni.cpp, line 516]
Event: 87.946 Thread 0x0000027d821bc4f0 Exception <a 'java/io/FileNotFoundException'{0x000000068ee6a178}> (0x000000068ee6a178) 
thrown [t:\workspace\open\src\hotspot\share\prims\jni.cpp, line 516]
Event: 88.040 Thread 0x0000027d821bc4f0 Implicit null exception at 0x0000027de860292d to 0x0000027de8602cc8

VM Operations (20 events):
Event: 92.746 Executing VM operation: Cleanup
Event: 92.746 Executing VM operation: Cleanup done
Event: 93.703 Executing VM operation: G1CollectForAllocation
Event: 93.719 Executing VM operation: G1CollectForAllocation done
Event: 93.720 Executing VM operation: Cleanup
Event: 93.720 Executing VM operation: Cleanup done
Event: 94.473 Executing VM operation: ICBufferFull
Event: 94.474 Executing VM operation: ICBufferFull done
Event: 94.746 Executing VM operation: HandshakeAllThreads
Event: 94.746 Executing VM operation: HandshakeAllThreads done
Event: 95.745 Executing VM operation: Cleanup
Event: 95.745 Executing VM operation: Cleanup done
Event: 96.470 Executing VM operation: G1CollectForAllocation
Event: 96.480 Executing VM operation: G1CollectForAllocation done
Event: 98.479 Executing VM operation: Cleanup
Event: 98.480 Executing VM operation: Cleanup done
Event: 99.480 Executing VM operation: Cleanup
Event: 99.480 Executing VM operation: Cleanup done
Event: 134.890 Executing VM operation: RedefineClasses
Event: 134.929 Executing VM operation: RedefineClasses done

Events (20 events):
Event: 94.473 Thread 0x0000027d8a4a3700 Thread added: 0x0000027d8a4a3700
Event: 94.475 Thread 0x0000027d8a4a4b40 Thread added: 0x0000027d8a4a4b40
Event: 94.652 Thread 0x0000027d8a4a4b40 Thread exited: 0x0000027d8a4a4b40
Event: 94.652 Thread 0x0000027d8a4a3700 Thread exited: 0x0000027d8a4a3700
Event: 94.664 Thread 0x0000027d8a4a3700 Thread added: 0x0000027d8a4a3700
Event: 94.664 Thread 0x0000027d8a4a5560 Thread added: 0x0000027d8a4a5560
Event: 94.750 Thread 0x0000027d809274c0 flushing nmethod 0x0000027de0d3b890
Event: 94.752 Thread 0x0000027d809274c0 flushing nmethod 0x0000027de0f63d90
Event: 94.754 Thread 0x0000027d809274c0 flushing nmethod 0x0000027de0fcf790
Event: 94.761 Thread 0x0000027d809274c0 flushing nmethod 0x0000027de171b390
Event: 94.936 Thread 0x0000027d8a4a5560 Thread exited: 0x0000027d8a4a5560
Event: 94.936 Thread 0x0000027d8a4a3700 Thread exited: 0x0000027d8a4a3700
Event: 94.952 Thread 0x0000027d8a4a4b40 Thread added: 0x0000027d8a4a4b40
Event: 94.954 Thread 0x0000027d8a4a5560 Thread added: 0x0000027d8a4a5560
Event: 95.406 Thread 0x0000027d8a4a5560 Thread exited: 0x0000027d8a4a5560
Event: 96.325 Thread 0x0000027d8a4a4b40 Thread exited: 0x0000027d8a4a4b40
Event: 96.447 Thread 0x0000027d8a4a4b40 Thread added: 0x0000027d8a4a4b40
Event: 96.469 Thread 0x0000027d8a4a5050 Thread added: 0x0000027d8a4a5050
Event: 96.975 Thread 0x0000027d8a4a4b40 Thread exited: 0x0000027d8a4a4b40
Event: 96.975 Thread 0x0000027d8a4a5050 Thread exited: 0x0000027d8a4a5050


Dynamic libraries:
0x00007ff76cfd0000 - 0x00007ff76cfde000 	C:\Program Files\Java\jdk-17\bin\javaw.exe
0x00007ffc2d290000 - 0x00007ffc2d485000 	C:\WINDOWS\SYSTEM32\ntdll.dll
0x00007ffc2ba40000 - 0x00007ffc2bafe000 	C:\WINDOWS\System32\KERNEL32.DLL
0x00007ffc2ace0000 - 0x00007ffc2afa8000 	C:\WINDOWS\System32\KERNELBASE.dll
0x00007ffc2afb0000 - 0x00007ffc2b0b0000 	C:\WINDOWS\System32\ucrtbase.dll
0x00007ffc25670000 - 0x00007ffc2568a000 	C:\Program Files\Java\jdk-17\bin\VCRUNTIME140.dll
0x00007ffc22870000 - 0x00007ffc22888000 	C:\Program Files\Java\jdk-17\bin\jli.dll
0x00007ffc2bb60000 - 0x00007ffc2bd01000 	C:\WINDOWS\System32\USER32.dll
0x00007ffc2b0b0000 - 0x00007ffc2b0d2000 	C:\WINDOWS\System32\win32u.dll
0x00007ffc2b490000 - 0x00007ffc2b4bb000 	C:\WINDOWS\System32\GDI32.dll
0x00007ffc2b180000 - 0x00007ffc2b28b000 	C:\WINDOWS\System32\gdi32full.dll
0x00007ffc2b0e0000 - 0x00007ffc2b17d000 	C:\WINDOWS\System32\msvcp_win.dll
0x00007ffc15930000 - 0x00007ffc15bca000 	C:\WINDOWS\WinSxS\amd64_microsoft.windows.common-controls_6595b64144ccf1df_6.0.19041.1110_none_60b5254171f9507e\COMCTL32.dll
0x00007ffc2b550000 - 0x00007ffc2b5ee000 	C:\WINDOWS\System32\msvcrt.dll
0x00007ffc2cda0000 - 0x00007ffc2cdd0000 	C:\WINDOWS\System32\IMM32.DLL
0x00007ffc13b80000 - 0x00007ffc13c29000 	C:\WINDOWS\INCOPS3\esdcnl64.dll
0x00007ffc2b690000 - 0x00007ffc2b73c000 	C:\WINDOWS\System32\ADVAPI32.dll
0x00007ffc2b5f0000 - 0x00007ffc2b68b000 	C:\WINDOWS\System32\sechost.dll
0x00007ffc2bd10000 - 0x00007ffc2be3a000 	C:\WINDOWS\System32\RPCRT4.dll
0x00007ffc295e0000 - 0x00007ffc29613000 	C:\WINDOWS\SYSTEM32\ntmarta.dll
0x00007ffc05fc0000 - 0x00007ffc060a5000 	C:\WINDOWS\INCOPS3\ESATM64.dll
0x00007ffc2c600000 - 0x00007ffc2cd3f000 	C:\WINDOWS\System32\SHELL32.dll
0x00007ffc2b910000 - 0x00007ffc2ba3a000 	C:\WINDOWS\System32\ole32.dll
0x00007ffc2c2a0000 - 0x00007ffc2c5f5000 	C:\WINDOWS\System32\combase.dll
0x00007ffc05730000 - 0x00007ffc05826000 	C:\WINDOWS\INCOPS3\ESSCNL64.dll
0x00007ffc06450000 - 0x00007ffc0674b000 	C:\WINDOWS\pcdrm\NSCCOR0364.DLL
0x00007ffc23800000 - 0x00007ffc2380a000 	C:\WINDOWS\SYSTEM32\VERSION.dll
0x00007ffc2b900000 - 0x00007ffc2b908000 	C:\WINDOWS\System32\psapi.dll
0x00007ffc06420000 - 0x00007ffc0644e000 	C:\WINDOWS\pcdrm\NBID64.dll
0x0000027dd7b40000 - 0x0000027dd7c0d000 	C:\WINDOWS\System32\OLEAUT32.dll
0x00007ffc063e0000 - 0x00007ffc06419000 	C:\WINDOWS\pcdrm\NFD0164.dll
0x00007ffc04ac0000 - 0x00007ffc04ad6000 	C:\PAPERSECU\SPCOREHK64.dll
0x00007ffc049c0000 - 0x00007ffc04ab5000 	C:\PAPERSECU\PAPERHK64.DLL
0x00007ffc15890000 - 0x00007ffc15925000 	C:\WINDOWS\SYSTEM32\WINSPOOL.DRV
0x00007ffc04950000 - 0x00007ffc049b4000 	C:\PAPERSECU\PAPERPHK64.DLL
0x00007ffc258d0000 - 0x00007ffc258dc000 	C:\Program Files\Java\jdk-17\bin\vcruntime140_1.dll
0x00007ffc08fa0000 - 0x00007ffc0902d000 	C:\Program Files\Java\jdk-17\bin\msvcp140.dll
0x00007ffbcc6b0000 - 0x00007ffbcd26e000 	C:\Program Files\Java\jdk-17\bin\server\jvm.dll
0x00007ffc14090000 - 0x00007ffc14099000 	C:\WINDOWS\SYSTEM32\WSOCK32.dll
0x0000027dd8530000 - 0x0000027dd859b000 	C:\WINDOWS\System32\WS2_32.dll
0x00007ffc15d90000 - 0x00007ffc15db7000 	C:\WINDOWS\SYSTEM32\WINMM.dll
0x00007ffc291c0000 - 0x00007ffc291d2000 	C:\WINDOWS\SYSTEM32\kernel.appcore.dll
0x00007ffc22550000 - 0x00007ffc2255a000 	C:\Program Files\Java\jdk-17\bin\jimage.dll
0x00007ffc286f0000 - 0x00007ffc288d4000 	C:\WINDOWS\SYSTEM32\DBGHELP.DLL
0x00007ffc11db0000 - 0x00007ffc11ddc000 	C:\WINDOWS\SYSTEM32\dbgcore.DLL
0x00007ffc2aa60000 - 0x00007ffc2aae3000 	C:\WINDOWS\System32\bcryptPrimitives.dll
0x00007ffc184f0000 - 0x00007ffc1852b000 	C:\Program Files\Java\jdk-17\bin\jdwp.dll
0x00007ffc22500000 - 0x00007ffc2250e000 	C:\Program Files\Java\jdk-17\bin\instrument.dll
0x00007ffc16b40000 - 0x00007ffc16b65000 	C:\Program Files\Java\jdk-17\bin\java.dll
0x00007ffbece90000 - 0x00007ffbecf66000 	C:\Program Files\Java\jdk-17\bin\svml.dll
0x00007ffc288e0000 - 0x00007ffc29070000 	C:\WINDOWS\SYSTEM32\windows.storage.dll
0x00007ffc2a320000 - 0x00007ffc2a34e000 	C:\WINDOWS\SYSTEM32\Wldp.dll
0x0000027d80e50000 - 0x0000027d80efd000 	C:\WINDOWS\System32\SHCORE.dll
0x0000027d80f00000 - 0x0000027d80f55000 	C:\WINDOWS\System32\shlwapi.dll
0x00007ffc2a8f0000 - 0x00007ffc2a90f000 	C:\WINDOWS\SYSTEM32\profapi.dll
0x00007ffc18df0000 - 0x00007ffc18e09000 	C:\Program Files\Java\jdk-17\bin\net.dll
0x00007ffc195b0000 - 0x00007ffc196bc000 	C:\WINDOWS\SYSTEM32\WINHTTP.dll
0x00007ffc2a100000 - 0x00007ffc2a16a000 	C:\WINDOWS\system32\mswsock.dll
0x00007ffc18dc0000 - 0x00007ffc18dd5000 	C:\Program Files\Java\jdk-17\bin\nio.dll
0x00007ffc17120000 - 0x00007ffc17138000 	C:\Program Files\Java\jdk-17\bin\zip.dll
0x00007ffc22450000 - 0x00007ffc2245c000 	C:\Program Files\Java\jdk-17\bin\dt_socket.dll
0x00007ffc29dc0000 - 0x00007ffc29dfb000 	C:\WINDOWS\SYSTEM32\IPHLPAPI.DLL
0x00007ffc29e00000 - 0x00007ffc29ecb000 	C:\WINDOWS\SYSTEM32\DNSAPI.dll
0x0000027d80f60000 - 0x0000027d80f68000 	C:\WINDOWS\System32\NSI.dll
0x00007ffc1fe20000 - 0x00007ffc1fe9f000 	C:\WINDOWS\System32\fwpuclnt.dll
0x00007ffc2ab50000 - 0x00007ffc2ab77000 	C:\WINDOWS\System32\bcrypt.dll
0x00007ffc17da0000 - 0x00007ffc17daa000 	C:\Windows\System32\rasadhlp.dll
0x00007ffc22020000 - 0x00007ffc22030000 	C:\Program Files\Java\jdk-17\bin\verify.dll
0x0000027d80fd0000 - 0x0000027d80fd3000 	C:\Users\KYJ\.openjfx\cache\16\api-ms-win-core-console-l1-1-0.dll
0x0000027d80fe0000 - 0x0000027d80fe3000 	C:\Users\KYJ\.openjfx\cache\16\api-ms-win-core-console-l1-2-0.dll
0x0000027d80ff0000 - 0x0000027d80ff3000 	C:\Users\KYJ\.openjfx\cache\16\api-ms-win-core-datetime-l1-1-0.dll
0x0000027d82fd0000 - 0x0000027d82fd3000 	C:\Users\KYJ\.openjfx\cache\16\api-ms-win-core-debug-l1-1-0.dll
0x0000027d82fe0000 - 0x0000027d82fe3000 	C:\Users\KYJ\.openjfx\cache\16\api-ms-win-core-errorhandling-l1-1-0.dll
0x0000027d82ff0000 - 0x0000027d82ff4000 	C:\Users\KYJ\.openjfx\cache\16\api-ms-win-core-file-l1-1-0.dll
0x0000027d83000000 - 0x0000027d83003000 	C:\Users\KYJ\.openjfx\cache\16\api-ms-win-core-file-l1-2-0.dll
0x0000027d83010000 - 0x0000027d83013000 	C:\Users\KYJ\.openjfx\cache\16\api-ms-win-core-file-l2-1-0.dll
0x0000027d83020000 - 0x0000027d83023000 	C:\Users\KYJ\.openjfx\cache\16\api-ms-win-core-handle-l1-1-0.dll
0x0000027d83030000 - 0x0000027d83033000 	C:\Users\KYJ\.openjfx\cache\16\api-ms-win-core-heap-l1-1-0.dll
0x0000027d83040000 - 0x0000027d83043000 	C:\Users\KYJ\.openjfx\cache\16\api-ms-win-core-interlocked-l1-1-0.dll
0x0000027d83050000 - 0x0000027d83053000 	C:\Users\KYJ\.openjfx\cache\16\api-ms-win-core-libraryloader-l1-1-0.dll
0x0000027d83060000 - 0x0000027d83063000 	C:\Users\KYJ\.openjfx\cache\16\api-ms-win-core-localization-l1-2-0.dll
0x0000027d83070000 - 0x0000027d83073000 	C:\Users\KYJ\.openjfx\cache\16\api-ms-win-core-memory-l1-1-0.dll
0x0000027d83080000 - 0x0000027d83083000 	C:\Users\KYJ\.openjfx\cache\16\api-ms-win-core-namedpipe-l1-1-0.dll
0x0000027d83090000 - 0x0000027d83093000 	C:\Users\KYJ\.openjfx\cache\16\api-ms-win-core-processenvironment-l1-1-0.dll
0x0000027d833a0000 - 0x0000027d833a3000 	C:\Users\KYJ\.openjfx\cache\16\api-ms-win-core-processthreads-l1-1-0.dll
0x0000027d833b0000 - 0x0000027d833b3000 	C:\Users\KYJ\.openjfx\cache\16\api-ms-win-core-processthreads-l1-1-1.dll
0x0000027d833c0000 - 0x0000027d833c3000 	C:\Users\KYJ\.openjfx\cache\16\api-ms-win-core-profile-l1-1-0.dll
0x0000027d833d0000 - 0x0000027d833d3000 	C:\Users\KYJ\.openjfx\cache\16\api-ms-win-core-rtlsupport-l1-1-0.dll
0x0000027d833e0000 - 0x0000027d833e3000 	C:\Users\KYJ\.openjfx\cache\16\api-ms-win-core-string-l1-1-0.dll
0x0000027d833f0000 - 0x0000027d833f3000 	C:\Users\KYJ\.openjfx\cache\16\api-ms-win-core-synch-l1-1-0.dll
0x0000027d83400000 - 0x0000027d83403000 	C:\Users\KYJ\.openjfx\cache\16\api-ms-win-core-synch-l1-2-0.dll
0x0000027d83410000 - 0x0000027d83413000 	C:\Users\KYJ\.openjfx\cache\16\api-ms-win-core-sysinfo-l1-1-0.dll
0x0000027d83420000 - 0x0000027d83423000 	C:\Users\KYJ\.openjfx\cache\16\api-ms-win-core-timezone-l1-1-0.dll
0x0000027d83430000 - 0x0000027d83433000 	C:\Users\KYJ\.openjfx\cache\16\api-ms-win-core-util-l1-1-0.dll
0x0000027d83440000 - 0x0000027d83443000 	C:\Users\KYJ\.openjfx\cache\16\api-ms-win-crt-conio-l1-1-0.dll
0x0000027d83450000 - 0x0000027d83454000 	C:\Users\KYJ\.openjfx\cache\16\api-ms-win-crt-convert-l1-1-0.dll
0x0000027d83460000 - 0x0000027d83463000 	C:\Users\KYJ\.openjfx\cache\16\api-ms-win-crt-environment-l1-1-0.dll
0x0000027d83470000 - 0x0000027d83473000 	C:\Users\KYJ\.openjfx\cache\16\api-ms-win-crt-filesystem-l1-1-0.dll
0x0000027d83480000 - 0x0000027d83483000 	C:\Users\KYJ\.openjfx\cache\16\api-ms-win-crt-heap-l1-1-0.dll
0x0000027d83490000 - 0x0000027d83493000 	C:\Users\KYJ\.openjfx\cache\16\api-ms-win-crt-locale-l1-1-0.dll
0x0000027d834a0000 - 0x0000027d834a5000 	C:\Users\KYJ\.openjfx\cache\16\api-ms-win-crt-math-l1-1-0.dll
0x0000027d834b0000 - 0x0000027d834b5000 	C:\Users\KYJ\.openjfx\cache\16\api-ms-win-crt-multibyte-l1-1-0.dll
0x0000027d834c0000 - 0x0000027d834d0000 	C:\Users\KYJ\.openjfx\cache\16\api-ms-win-crt-private-l1-1-0.dll
0x0000027d834d0000 - 0x0000027d834d3000 	C:\Users\KYJ\.openjfx\cache\16\api-ms-win-crt-process-l1-1-0.dll
0x0000027d834e0000 - 0x0000027d834e4000 	C:\Users\KYJ\.openjfx\cache\16\api-ms-win-crt-runtime-l1-1-0.dll
0x0000027d834f0000 - 0x0000027d834f4000 	C:\Users\KYJ\.openjfx\cache\16\api-ms-win-crt-stdio-l1-1-0.dll
0x0000027d83500000 - 0x0000027d83504000 	C:\Users\KYJ\.openjfx\cache\16\api-ms-win-crt-string-l1-1-0.dll
0x0000027d83510000 - 0x0000027d83513000 	C:\Users\KYJ\.openjfx\cache\16\api-ms-win-crt-time-l1-1-0.dll
0x0000027d83520000 - 0x0000027d83523000 	C:\Users\KYJ\.openjfx\cache\16\api-ms-win-crt-utility-l1-1-0.dll
0x00007ffbe3da0000 - 0x00007ffbe3e9c000 	C:\Users\KYJ\.openjfx\cache\16\ucrtbase.dll
0x00007ffc16b20000 - 0x00007ffc16b39000 	C:\Users\KYJ\.openjfx\cache\16\vcruntime140.dll
0x00007ffc192e0000 - 0x00007ffc192ec000 	C:\Users\KYJ\.openjfx\cache\16\vcruntime140_1.dll
0x00007ffc029d0000 - 0x00007ffc02a61000 	C:\Users\KYJ\.openjfx\cache\16\msvcp140.dll
0x00007ffc15130000 - 0x00007ffc15157000 	C:\Users\KYJ\.openjfx\cache\16\prism_d3d.dll
0x00007ffc19f40000 - 0x00007ffc1a10e000 	C:\WINDOWS\system32\d3d9.dll
0x00007ffc28160000 - 0x00007ffc2818f000 	C:\WINDOWS\SYSTEM32\dwmapi.dll
0x00007ffc27250000 - 0x00007ffc272ee000 	C:\WINDOWS\system32\uxtheme.dll
0x00007ffbce230000 - 0x00007ffbce390000 	C:\WINDOWS\System32\DriverStore\FileRepository\iigd_dch.inf_amd64_d3bdee8c45641e36\igdumdim64.dll
0x00007ffbb3c70000 - 0x00007ffbb757e000 	C:\WINDOWS\System32\DriverStore\FileRepository\iigd_dch.inf_amd64_d3bdee8c45641e36\igd9dxva64.dll
0x0000027d83640000 - 0x0000027d83ab2000 	C:\WINDOWS\System32\SETUPAPI.dll
0x0000027d83550000 - 0x0000027d8359e000 	C:\WINDOWS\System32\cfgmgr32.dll
0x00007ffc1f970000 - 0x00007ffc1fb17000 	C:\WINDOWS\System32\DriverStore\FileRepository\iigd_dch.inf_amd64_d3bdee8c45641e36\igdgmm64.dll
0x00007ffc04ef0000 - 0x00007ffc04f32000 	C:\Users\KYJ\.openjfx\cache\16\glass.dll
0x0000027d83ac0000 - 0x0000027d83b9a000 	C:\WINDOWS\System32\COMDLG32.dll
0x0000027d83e20000 - 0x0000027d83f35000 	C:\WINDOWS\System32\MSCTF.dll
0x00007ffbf72c0000 - 0x00007ffbf72ff000 	C:\WINDOWS\incops3\ProcMon64.dll
0x00007ffc18d00000 - 0x00007ffc18d28000 	C:\WINDOWS\System32\DriverStore\FileRepository\iigd_dch.inf_amd64_d3bdee8c45641e36\igdinfo64.dll
0x00007ffc1a2e0000 - 0x00007ffc1cbe7000 	C:\WINDOWS\System32\DriverStore\FileRepository\iigd_dch.inf_amd64_d3bdee8c45641e36\igc64.dll

dbghelp: loaded successfully - version: 4.0.5 - missing functions: none
symbol engine: initialized successfully - sym options: 0x614 - pdb path: .;C:\Program Files\Java\jdk-17\bin;C:\WINDOWS\SYSTEM32;C:\WINDOWS\WinSxS\amd64_microsoft.windows.common-controls_6595b64144ccf1df_6.0.19041.1110_none_60b5254171f9507e;C:\WINDOWS\INCOPS3;C:\WINDOWS\pcdrm;C:\PAPERSECU;C:\Program Files\Java\jdk-17\bin\server;C:\Users\KYJ\.openjfx\cache\16;C:\WINDOWS\System32\DriverStore\FileRepository\iigd_dch.inf_amd64_d3bdee8c45641e36;C:\Program Files\Common Files\Microsoft Shared\Ink;C:\Windows\System32\IME\IMEKR;C:\Windows\System32\IME\shared

VM Arguments:
jvm_args: -Djava.net.preferIPv4Stack=true -XX:+ShowCodeDetailsInExceptionMessages -agentlib:jdwp=transport=dt_socket,suspend=y,address=localhost:56275 --module-path=C:\Program Files\Java\open-jdk-16-javafx --add-modules=ALL-MODULE-PATH -javaagent:C:\Users\KYJ\uml2-master2\eclipse\configuration\org.eclipse.osgi\1410\0\.cp\lib\javaagent-shaded.jar -Dfile.encoding=UTF-8 
java_command: com.kyj.fx.b.ETScriptHelper.MainApp
java_class_path (initial): C:\Users\KYJ\git\repository\ETScriptHelper\target\classes;C:\Users\KYJ\.p2\pool\plugins\org.junit.jupiter.api_5.7.1.v20210222-1948.jar;C:\Users\KYJ\.p2\pool\plugins\org.junit.jupiter.engine_5.7.1.v20210222-1948.jar;C:\Users\KYJ\.p2\pool\plugins\org.junit.jupiter.migrationsupport_5.7.1.v20210222-1948.jar;C:\Users\KYJ\.p2\pool\plugins\org.junit.jupiter.params_5.7.1.v20210222-1948.jar;C:\Users\KYJ\.p2\pool\plugins\org.junit.platform.commons_1.7.1.v20210222-1948.jar;C:\Users\KYJ\.p2\pool\plugins\org.junit.platform.engine_1.7.1.v20210222-1948.jar;C:\Users\KYJ\.p2\pool\plugins\org.junit.platform.launcher_1.7.1.v20210222-1948.jar;C:\Users\KYJ\.p2\pool\plugins\org.junit.platform.runner_1.7.1.v20210222-1948.jar;C:\Users\KYJ\.p2\pool\plugins\org.junit.platform.suite.api_1.7.1.v20210222-1948.jar;C:\Users\KYJ\.p2\pool\plugins\org.junit.vintage.engine_5.7.1.v20210222-1948.jar;C:\Users\KYJ\.p2\pool\plugins\org.opentest4j_1.2.0.v20190826-0900.jar;C:\Users\KYJ\.p2\pool\plugins\org.apiguardian_1.1.0.v20190826-0900.jar;C:\Users\KYJ\.p2\pool\plugins\org.junit_4.13.0.v20200204-1500.jar;C:\Users\KYJ\.p2\pool\plugins\org.hamcrest.core_1.3.0.v20180420-1519.jar;C:\Users\KYJ\.p2\pool\plugins\org.eclipse.fx.ide.css.jfx8_3.7.0.202010120832.jar;C:\Program Files\Java\javafx-sdk-17.0.1\lib\javafx.base.jar;C:\Program Files\Java\javafx-sdk-17.0.1\lib\javafx.controls.jar;C:\Program Files\Java\javafx-sdk-17.0.1\lib\javafx.fxml.jar;C:\Program Files\Java\javafx-sdk-17.0.1\lib\javafx.graphics.jar;C:\Program Files\Java\javafx-sdk-17.0.1\lib\javafx.media.jar;C:\Program Files\Java\javafx-sdk-17.0.1\lib\javafx.swing.jar;C:\Program Files\Java\javafx-sdk-17.0.1\lib\javafx.web.jar;C:\Program Files\Java\javafx-sdk-17.0.1\lib\javafx-swt.jar;C:\Users\KYJ\.m2\repository\org\slf4j\slf4j-api\1.7.20\slf4j-api-1.7.20.jar;C:\Users\KYJ\.m2\repository\ch\qos\logback\logback-classic\1.2.0\logback-classic-1.2.0.jar;C:\Users\KYJ\.m2\repository\ch\qos\logback\logback-core\1.2.0\logback-core-1.2.
Launcher Type: SUN_STANDARD

[Global flags]
     intx CICompilerCount                          = 4                                         {product} {ergonomic}
     uint ConcGCThreads                            = 2                                         {product} {ergonomic}
     uint G1ConcRefinementThreads                  = 8                                         {product} {ergonomic}
   size_t G1HeapRegionSize                         = 4194304                                   {product} {ergonomic}
    uintx GCDrainStackTargetSize                   = 64                                        {product} {ergonomic}
   size_t InitialHeapSize                          = 402653184                                 {product} {ergonomic}
   size_t MarkStackSize                            = 4194304                                   {product} {ergonomic}
   size_t MaxHeapSize                              = 6417285120                                {product} {ergonomic}
   size_t MaxNewSize                               = 3850371072                                {product} {ergonomic}
   size_t MinHeapDeltaBytes                        = 4194304                                   {product} {ergonomic}
   size_t MinHeapSize                              = 8388608                                   {product} {ergonomic}
    uintx NonNMethodCodeHeapSize                   = 5839372                                {pd product} {ergonomic}
    uintx NonProfiledCodeHeapSize                  = 122909434                              {pd product} {ergonomic}
    uintx ProfiledCodeHeapSize                     = 122909434                              {pd product} {ergonomic}
    uintx ReservedCodeCacheSize                    = 251658240                              {pd product} {ergonomic}
     bool SegmentedCodeCache                       = true                                      {product} {ergonomic}
     bool ShowCodeDetailsInExceptionMessages       = true                                   {manageable} {command line}
   size_t SoftMaxHeapSize                          = 6417285120                             {manageable} {ergonomic}
     bool UseCompressedClassPointers               = true                           {product lp64_product} {ergonomic}
     bool UseCompressedOops                        = true                           {product lp64_product} {ergonomic}
     bool UseG1GC                                  = true                                      {product} {ergonomic}
     bool UseLargePagesIndividualAllocation        = false                                  {pd product} {ergonomic}

Logging:
Log output configuration:
 #0: stdout all=warning uptime,level,tags
 #1: stderr all=off uptime,level,tags

Environment Variables:
JAVA_HOME=C:\Program Files\Java\jdk-17
JAVA_TOOL_OPTIONS=-Djava.net.preferIPv4Stack=true
PATH=C:\Program Files (x86)\ImageMagick-7.0.8-Q8;C:\Program Files (x86)\Intel\Intel(R) Management Engine Components\iCLS\;C:\Program Files\Intel\Intel(R) Management Engine Components\iCLS\;C:\Windows\system32;C:\Windows;C:\Windows\System32\Wbem;C:\Windows\System32\WindowsPowerShell\v1.0\;C:\Windows\System32\OpenSSH\;C:\Program Files (x86)\NVIDIA Corporation\PhysX\Common;C:\Program Files\NVIDIA Corporation\NVIDIA NvDLISR;C:\Program Files (x86)\Intel\Intel(R) Management Engine Components\DAL;C:\Program Files\Intel\Intel(R) Management Engine Components\DAL;C:\Program Files\dotnet\;C:\Program Files\Microsoft SQL Server\130\Tools\Binn\;C:\Program Files\Java\jdk-17\bin;C:\Users\KYJ\apache-maven-3.8.3\bin;C:\Program Files (x86)\Inno Setup 5;C:\Program Files (x86)\Microsoft SQL Server\Client SDK\ODBC\130\Tools\Binn\;C:\Program Files (x86)\Microsoft SQL Server\140\Tools\Binn\;C:\Program Files (x86)\Microsoft SQL Server\140\DTS\Binn\;C:\Program Files (x86)\Microsoft SQL Server\140\Tools\Binn\ManagementStudio\;C:\Program Files\TortoiseSVN\bin;C:\WINDOWS\system32;C:\WINDOWS;C:\WINDOWS\System32\Wbem;C:\WINDOWS\System32\WindowsPowerShell\v1.0\;C:\WINDOWS\System32\OpenSSH\;C:\Program Files\WinMerge;D:\Bitnami\redmine-3.4.6-2\ruby\bin;C:\Windows\Microsoft.NET\Framework\v4.0.30319;C:\Go\bin;C:\Users\KYJ\gradle-6.0.1-bin\gradle-6.0.1\bin;C:\Program Files (x86)\Log Parser 2.2;C:\Users\KYJ\tcping;C:\Program Files\nodejs\;C:\Users\KYJ\AppData\Local\Programs\Python\Python38-32\Scripts;C:\Users\KYJ\AppData\Local\Android\Sdk\platform-tools;C:\Program Files\Tesseract-OCR;C:\Users\KYJ\Perl\Strawberry\c\bin;C:\Users\KYJ\Perl\Strawberry\perl\site\bin;C:\Users\KYJ\Perl\Strawberry\perl\bin;C:\Users\KYJ\apache-ant-1.10.8\apache-ant-1.10.8\bin;C:\Program Files\PostgreSQL\12\bin;C:\Program Files\Docker\Docker\resources\bin;C:\ProgramData\DockerDesktop\version-bin;C:\Program Files\TortoiseGit\bin;C:\Program Files (x86)\Microsoft SQL Server\150\DTS\Binn\;C:\Program Files\Azure Data Studio\bin;C:\Users\K
USERNAME=KYJ
OS=Windows_NT
PROCESSOR_IDENTIFIER=Intel64 Family 6 Model 142 Stepping 11, GenuineIntel



---------------  S Y S T E M  ---------------

OS:
 Windows 10 , 64 bit Build 19041 (10.0.19041.1348)
OS uptime: 1 days 5:45 hours
Hyper-V role detected

CPU: total 8 (initial active 8) (4 cores per cpu, 2 threads per core) family 6 model 142 stepping 11 microcode 0xae, cx8, cmov, fxsr, ht, mmx, 3dnowpref, sse, sse2, sse3, ssse3, sse4.1, sse4.2, popcnt, lzcnt, tsc, tscinvbit, avx, avx2, aes, erms, clmul, bmi1, bmi2, adx, fma, vzeroupper, clflush, clflushopt, hv

Memory: 4k page, system-wide physical 24467M (12875M free)
TotalPageFile size 28051M (AvailPageFile size 4786M)
current process WorkingSet (physical memory assigned to process): 339M, peak: 441M
current process commit charge ("private bytes"): 366M, peak: 696M

vm_info: OpenJDK 64-Bit Server VM (17+35-2724) for windows-amd64 JRE (17+35-2724), built on Aug  5 2021 23:26:02 by "mach5one" with MS VC++ 16.8 (VS2019)

END.
