#
# A fatal error has been detected by the Java Runtime Environment:
#
#  EXCEPTION_ACCESS_VIOLATION (0xc0000005) at pc=0x00007fffbb7abeca, pid=28904, tid=35084
#
# JRE version: OpenJDK Runtime Environment (17.0+35) (build 17+35-2724)
# Java VM: OpenJDK 64-Bit Server VM (17+35-2724, mixed mode, sharing, tiered, compressed oops, compressed class ptrs, g1 gc, windows-amd64)
# Problematic frame:
# V  [jvm.dll+0x73beca]
#
# No core dump will be written. Minidumps are not enabled by default on client versions of Windows
#
# If you would like to submit a bug report, please visit:
#   https://bugreport.java.com/bugreport/crash.jsp
#

---------------  S U M M A R Y ------------

Command Line: -Djava.net.preferIPv4Stack=true -XX:+ShowCodeDetailsInExceptionMessages -agentlib:jdwp=transport=dt_socket,suspend=y,address=localhost:58445 --module-path=C:\Program Files\Java\open-jdk-16-javafx --add-modules=ALL-MODULE-PATH -javaagent:C:\Users\KYJ\uml2-master2\eclipse\configuration\org.eclipse.osgi\1410\0\.cp\lib\javaagent-shaded.jar -Dfile.encoding=UTF-8 com.kyj.fx.b.ETScriptHelper.MainApp

Host: Intel(R) Core(TM) i7-8565U CPU @ 1.80GHz, 8 cores, 23G,  Windows 10 , 64 bit Build 19041 (10.0.19041.1348)
Time: Wed Dec  8 17:43:14 2021  Windows 10 , 64 bit Build 19041 (10.0.19041.1348) elapsed time: 82.316835 seconds (0d 0h 1m 22s)

---------------  T H R E A D  ---------------

Current thread (0x000001ce9ee41030):  JavaThread "JDWP Transport Listener: dt_socket" daemon [_thread_in_vm, id=35084, stack(0x0000000126b00000,0x0000000126c00000)]

Stack: [0x0000000126b00000,0x0000000126c00000],  sp=0x0000000126bff1f0,  free space=1020k
Native frames: (J=compiled Java code, j=interpreted, Vv=VM code, C=native code)
V  [jvm.dll+0x73beca]
V  [jvm.dll+0x50476c]
V  [jvm.dll+0x4d0084]
C  [jdwp.dll+0x22e9f]


siginfo: EXCEPTION_ACCESS_VIOLATION (0xc0000005), reading address 0x000000000046008b


Register to memory mapping:

RIP=0x00007fffbb7abeca jvm.dll
RAX=0x0000000000000088 is an unknown value
RBX=0x000001cefe36a335 points into unknown readable memory: 3e 28 4c
RCX=0x0000000000460087 is an unknown value
RDX=0x000001cea6abec70 points into unknown readable memory: 0x6a796b2f6d6f634c | 4c 63 6f 6d 2f 6b 79 6a
RSP=0x0000000126bff1f0 is pointing into the stack for thread: 0x000001ce9ee41030
RBP=0x000001ce9fa9abe0 points into unknown readable memory: 0x000001ce00000002 | 02 00 00 00 ce 01 00 00
RSI=0x0 is NULL
RDI=0xffffffffffffffff is an unknown value
R8 =0x000000000000001b is an unknown value
R9 =0x0000000000000040 is an unknown value
R10=0x0 is NULL
R11=0x0000000126bff210 is pointing into the stack for thread: 0x000001ce9ee41030
R12=0x0000000126bff348 is pointing into the stack for thread: 0x000001ce9ee41030
R13=0x0 is NULL
R14=0x0000000800ea1b48 is a pointer to class: 
com.kyj.fx.b.ETScriptHelper.grid.AnnotationOptions {0x0000000800ea1b50}
 - instance size:     2
 - klass size:        92
 - access:            public synchronized 
 - state:             fully_initialized
 - name:              'com/kyj/fx/b/ETScriptHelper/grid/AnnotationOptions'
 - super:             'com/kyj/fx/b/ETScriptHelper/grid/BaseOptions'
 - sub:               
 - arrays:            NULL
 - methods:           Array<T>(0x000001ceb38b3b40)
 - method ordering:   Array<T>(0x000001ceb38b4480)
 - default_methods:   Array<T>(0x000001ceb2c8abe8)
 - default vtable indices:   Array<T>(0x000001ceb2c8ac28)
 - local interfaces:  Array<T>(0x00000008005aef10)
 - trans. interfaces: Array<T>(0x000001ceb2c8a998)
 - constants:         constant pool [138] {0x000001ceb38b4f98} for 'com/kyj/fx/b/ETScriptHelper/grid/AnnotationOptions' cache=0x000001ceb38b5490
 - class loader data:  loader data: 0x000001ce9ec30300 for instance a 'jdk/internal/loader/ClassLoaders$AppClassLoader'{0x0000000681985a38}
 - source file:       'AnnotationOptions.java'
 - source debug extension:       SMAP
AnnotationOptions.java
Java
*S jdt
*F
1 AnnotationOptions.java
2 file:/C:/Users/KYJ/git/repository/ETScriptHelper/target/classes/
*L
*E

 - class annotations:       Array<T>(0x0000000000000000)
 - class type annotations:  Array<T>(0x0000000000000000)
 - field annotations:       Array<T>(0x0000000000000000)
 - field type annotations:  Array<T>(0x0000000000000000)
 - previous version:  constant pool [135] {0x000001ceb2c89a20} for 'com/kyj/fx/b/ETScriptHelper/grid/AnnotationOptions' (extra) cache=0x000001ceb2c8acd8
 - generic signature: '
[error occurred during error reporting (printing register info), id 0xc0000005, EXCEPTION_ACCESS_VIOLATION (0xc0000005) at pc=0x00007fffbb7acad6]

Registers:
RAX=0x0000000000000088, RBX=0x000001cefe36a335, RCX=0x0000000000460087, RDX=0x000001cea6abec70
RSP=0x0000000126bff1f0, RBP=0x000001ce9fa9abe0, RSI=0x0000000000000000, RDI=0xffffffffffffffff
R8 =0x000000000000001b, R9 =0x0000000000000040, R10=0x0000000000000000, R11=0x0000000126bff210
R12=0x0000000126bff348, R13=0x0000000000000000, R14=0x0000000800ea1b48, R15=0x0000000126bff398
RIP=0x00007fffbb7abeca, EFLAGS=0x0000000000010206

Top of Stack: (sp=0x0000000126bff1f0)
0x0000000126bff1f0:   0000000000000032 0000000800ea1b48
0x0000000126bff200:   000001ce9ee41030 0000000000000000
0x0000000126bff210:   ffffffffffffffff 00007fffbb57476c
0x0000000126bff220:   000001cefe36a335 000001cefe36a300
0x0000000126bff230:   000001ce9fa9abe0 000001cead489430
0x0000000126bff240:   000001cefe36a2b0 00000000000003d8
0x0000000126bff250:   000001cefe36a2c0 000001cefe36a698
0x0000000126bff260:   0000000000000002 0000000126bff348
0x0000000126bff270:   0000000000000000 0000000000000000
0x0000000126bff280:   00000006826212b0 00007fffbb540084
0x0000000126bff290:   000001ce9ee41030 0000000126bff398
0x0000000126bff2a0:   000001cef3e4ee10 0000000126bff398
0x0000000126bff2b0:   000001ce9ee41030 0000000000000000
0x0000000126bff2c0:   000001ce00000000 0000000000000000
0x0000000126bff2d0:   000000000000000d 00007ffff9bd2e9f
0x0000000126bff2e0:   0000000126bff390 00007ffff9be1830 

Instructions: (pc=0x00007fffbb7abeca)
0x00007fffbb7abdca:   48 83 c4 20 5f e9 fc 87 96 ff cc cc cc cc cc cc
0x00007fffbb7abdda:   cc cc cc cc cc cc 48 89 5c 24 08 57 48 83 ec 20
0x00007fffbb7abdea:   83 fa 02 8d 42 06 b9 08 00 00 00 49 8b d8 0f 4e
0x00007fffbb7abdfa:   c1 48 63 c8 48 83 c1 07 83 e1 f8 48 63 f9 49 8b
0x00007fffbb7abe0a:   48 18 48 8b c7 48 f7 d0 48 3b c1 73 16 4c 8d 05
0x00007fffbb7abe1a:   8a 48 17 00 48 8b d7 48 8b cb e8 07 eb 96 ff 48
0x00007fffbb7abe2a:   8b 4b 18 48 8d 04 39 48 3b 43 20 76 18 45 33 c0
0x00007fffbb7abe3a:   48 8b d7 48 8b cb 48 8b 5c 24 30 48 83 c4 20 5f
0x00007fffbb7abe4a:   e9 61 e7 96 ff 48 89 43 18 48 8b c1 48 8b 5c 24
0x00007fffbb7abe5a:   30 48 83 c4 20 5f c3 cc cc cc cc cc cc cc cc cc
0x00007fffbb7abe6a:   cc cc cc cc cc cc 4c 8b d2 4c 8b d9 45 85 c0 7e
0x00007fffbb7abe7a:   3c 44 0f b7 49 04 41 8d 40 ff 41 3b c1 44 0f 4c
0x00007fffbb7abe8a:   c8 4d 63 c1 45 85 c9 7e 1f 48 8b c2 4c 2b da 49
0x00007fffbb7abe9a:   8b d0 0f 1f 40 00 41 0f b6 4c 03 06 88 08 48 8d
0x00007fffbb7abeaa:   40 01 48 83 ea 01 75 ee 43 c6 04 10 00 49 8b c2
0x00007fffbb7abeba:   c3 cc cc cc cc cc 48 89 5c 24 08 57 48 83 ec 20
0x00007fffbb7abeca:   0f b7 59 04 48 8b f9 33 d2 48 8d 4b 01 e8 14 9b
0x00007fffbb7abeda:   f8 ff 0f b7 57 04 4c 8b c0 3b da 0f 42 d3 44 8b
0x00007fffbb7abeea:   ca 85 d2 74 39 48 2b f8 0f 1f 40 00 66 66 0f 1f
0x00007fffbb7abefa:   84 00 00 00 00 00 0f b6 4c 07 06 88 08 48 ff c0
0x00007fffbb7abf0a:   48 8b c8 49 2b c8 49 3b c9 7c eb 42 c6 04 02 00
0x00007fffbb7abf1a:   49 8b c0 48 8b 5c 24 30 48 83 c4 20 5f c3 48 8b
0x00007fffbb7abf2a:   5c 24 30 c6 04 02 00 48 83 c4 20 5f c3 cc cc cc
0x00007fffbb7abf3a:   cc cc cc cc cc cc 4c 8b d1 45 85 c0 7e 6c 44 0f
0x00007fffbb7abf4a:   b7 49 04 41 8d 40 ff 41 3b c1 44 0f 4c c8 4d 63
0x00007fffbb7abf5a:   d9 45 85 c9 7e 22 48 8b ca 4c 2b d2 4d 8b c3 0f
0x00007fffbb7abf6a:   1f 80 00 00 00 00 41 0f b6 44 0a 06 88 01 48 8d
0x00007fffbb7abf7a:   49 01 49 83 e8 01 75 ee 41 c6 04 13 00 48 c7 c0
0x00007fffbb7abf8a:   ff ff ff ff 66 90 48 ff c0 80 3c 02 00 75 f7 48
0x00007fffbb7abf9a:   63 c8 85 c0 48 8b c2 7e 14 80 38 2f 75 03 c6 00
0x00007fffbb7abfaa:   2e 48 ff c0 48 83 e9 01 75 ef 48 8b c2 c3 cc cc
0x00007fffbb7abfba:   cc cc cc cc cc cc 48 83 ec 28 e8 f7 fe ff ff 4c 


Stack slot to memory mapping:
stack at sp + 0 slots: 0x0000000000000032 is an unknown value
stack at sp + 1 slots: 0x0000000800ea1b48 is a pointer to class: 
com.kyj.fx.b.ETScriptHelper.grid.AnnotationOptions {0x0000000800ea1b50}
 - instance size:     2
 - klass size:        92
 - access:            public synchronized 
 - state:             fully_initialized
 - name:              'com/kyj/fx/b/ETScriptHelper/grid/AnnotationOptions'
 - super:             'com/kyj/fx/b/ETScriptHelper/grid/BaseOptions'
 - sub:               
 - arrays:            NULL
 - methods:           Array<T>(0x000001ceb38b3b40)
 - method ordering:   Array<T>(0x000001ceb38b4480)
 - default_methods:   Array<T>(0x000001ceb2c8abe8)
 - default vtable indices:   Array<T>(0x000001ceb2c8ac28)
 - local interfaces:  Array<T>(0x00000008005aef10)
 - trans. interfaces: Array<T>(0x000001ceb2c8a998)
 - constants:         constant pool [138] {0x000001ceb38b4f98} for 'com/kyj/fx/b/ETScriptHelper/grid/AnnotationOptions' cache=0x000001ceb38b5490
 - class loader data:  loader data: 0x000001ce9ec30300 for instance a 'jdk/internal/loader/ClassLoaders$AppClassLoader'{0x0000000681985a38}
 - source file:       'AnnotationOptions.java'
 - source debug extension:       SMAP
AnnotationOptions.java
Java
*S jdt
*F
1 AnnotationOptions.java
2 file:/C:/Users/KYJ/git/repository/ETScriptHelper/target/classes/
*L
*E

 - class annotations:       Array<T>(0x0000000000000000)
 - class type annotations:  Array<T>(0x0000000000000000)
 - field annotations:       Array<T>(0x0000000000000000)
 - field type annotations:  Array<T>(0x0000000000000000)
 - previous version:  constant pool [135] {0x000001ceb2c89a20} for 'com/kyj/fx/b/ETScriptHelper/grid/AnnotationOptions' (extra) cache=0x000001ceb2c8acd8
 - generic signature: '
[error occurred during error reporting (inspecting top of stack), id 0xc0000005, EXCEPTION_ACCESS_VIOLATION (0xc0000005) at pc=0x00007fffbb7acad6]


---------------  P R O C E S S  ---------------

Threads class SMR info:
_java_thread_list=0x000001ce9ed064b0, length=23, elements={
0x000001cef696b6b0, 0x000001cefe348910, 0x000001cefe34aef0, 0x000001ce9eaf7950,
0x000001ce9eaf9320, 0x000001ce9eafc6b0, 0x000001cefe364fe0, 0x000001cef3d903e0,
0x000001cef3d908f0, 0x000001ce9eb04800, 0x000001ce9ec0daf0, 0x000001ce9ee41030,
0x000001ce9fa9e6b0, 0x000001ce9ee5a280, 0x000001ce9fd46b80, 0x000001cea0367810,
0x000001cea0476a30, 0x000001cea0402ff0, 0x000001cea06994d0, 0x000001cea0b46830,
0x000001ceaa2c7d80, 0x000001cea0685da0, 0x000001cea7d8d300
}

Java Threads: ( => current thread )
  0x000001cef696b6b0 JavaThread "main" [_thread_blocked, id=29312, stack(0x0000000125800000,0x0000000125900000)]
  0x000001cefe348910 JavaThread "Reference Handler" daemon [_thread_blocked, id=17624, stack(0x0000000125f00000,0x0000000126000000)]
  0x000001cefe34aef0 JavaThread "Finalizer" daemon [_thread_blocked, id=34820, stack(0x0000000126000000,0x0000000126100000)]
  0x000001ce9eaf7950 JavaThread "Signal Dispatcher" daemon [_thread_blocked, id=17528, stack(0x0000000126100000,0x0000000126200000)]
  0x000001ce9eaf9320 JavaThread "Attach Listener" daemon [_thread_blocked, id=35592, stack(0x0000000126200000,0x0000000126300000)]
  0x000001ce9eafc6b0 JavaThread "Service Thread" daemon [_thread_blocked, id=20932, stack(0x0000000126300000,0x0000000126400000)]
  0x000001cefe364fe0 JavaThread "Monitor Deflation Thread" daemon [_thread_blocked, id=19152, stack(0x0000000126400000,0x0000000126500000)]
  0x000001cef3d903e0 JavaThread "C2 CompilerThread0" daemon [_thread_blocked, id=33604, stack(0x0000000126500000,0x0000000126600000)]
  0x000001cef3d908f0 JavaThread "C1 CompilerThread0" daemon [_thread_blocked, id=38664, stack(0x0000000126600000,0x0000000126700000)]
  0x000001ce9eb04800 JavaThread "Sweeper thread" daemon [_thread_blocked, id=22992, stack(0x0000000126700000,0x0000000126800000)]
  0x000001ce9ec0daf0 JavaThread "Common-Cleaner" daemon [_thread_blocked, id=21276, stack(0x0000000126800000,0x0000000126900000)]
=>0x000001ce9ee41030 JavaThread "JDWP Transport Listener: dt_socket" daemon [_thread_in_vm, id=35084, stack(0x0000000126b00000,0x0000000126c00000)]
  0x000001ce9fa9e6b0 JavaThread "JDWP Event Helper Thread" daemon [_thread_blocked, id=37636, stack(0x0000000126c00000,0x0000000126d00000)]
  0x000001ce9ee5a280 JavaThread "JDWP Command Reader" daemon [_thread_in_native, id=9748, stack(0x0000000126d00000,0x0000000126e00000)]
  0x000001ce9fd46b80 JavaThread "Notification Thread" daemon [_thread_blocked, id=38936, stack(0x0000000126e00000,0x0000000126f00000)]
  0x000001cea0367810 JavaThread "QuantumRenderer-0" daemon [_thread_blocked, id=31312, stack(0x0000000126900000,0x0000000126a00000)]
  0x000001cea0476a30 JavaThread "InvokeLaterDispatcher" daemon [_thread_blocked, id=31520, stack(0x0000000126a00000,0x0000000126b00000)]
  0x000001cea0402ff0 JavaThread "JavaFX Application Thread" [_thread_blocked, id=32308, stack(0x0000000127700000,0x0000000127800000)]
  0x000001cea06994d0 JavaThread "Thread-1" daemon [_thread_in_native, id=30568, stack(0x0000000127b00000,0x0000000127c00000)]
  0x000001cea0b46830 JavaThread "JavaFX-Launcher" [_thread_blocked, id=29952, stack(0x0000000127e00000,0x0000000127f00000)]
  0x000001ceaa2c7d80 JavaThread "Prism Font Disposer" daemon [_thread_blocked, id=17116, stack(0x0000000128200000,0x0000000128300000)]
  0x000001cea0685da0 JavaThread "PoolCleaner[317574433:1638952933093]" daemon [_thread_blocked, id=35776, stack(0x0000000128300000,0x0000000128400000)]
  0x000001cea7d8d300 JavaThread "Cleaner-0" daemon [_thread_blocked, id=27772, stack(0x0000000128600000,0x0000000128700000)]

Other Threads:
  0x000001cefe3425b0 VMThread "VM Thread" [stack: 0x0000000125e00000,0x0000000125f00000] [id=3100]
  0x000001cef69541c0 WatcherThread [stack: 0x0000000126f00000,0x0000000127000000] [id=19560]
  0x000001cefe1c9a10 GCTaskThread "GC Thread#0" [stack: 0x0000000125900000,0x0000000125a00000] [id=15768]
  0x000001cea02e2570 GCTaskThread "GC Thread#1" [stack: 0x0000000127000000,0x0000000127100000] [id=14460]
  0x000001ce9fbb1a10 GCTaskThread "GC Thread#2" [stack: 0x0000000127100000,0x0000000127200000] [id=6484]
  0x000001ce9fbb1cc0 GCTaskThread "GC Thread#3" [stack: 0x0000000127200000,0x0000000127300000] [id=16884]
  0x000001ce9fbb1f70 GCTaskThread "GC Thread#4" [stack: 0x0000000127300000,0x0000000127400000] [id=19072]
  0x000001ce9fbb2630 GCTaskThread "GC Thread#5" [stack: 0x0000000127400000,0x0000000127500000] [id=5528]
  0x000001cea0280060 GCTaskThread "GC Thread#6" [stack: 0x0000000127500000,0x0000000127600000] [id=24392]
  0x000001cea0280310 GCTaskThread "GC Thread#7" [stack: 0x0000000127600000,0x0000000127700000] [id=22764]
  0x000001cef6975f90 ConcurrentGCThread "G1 Main Marker" [stack: 0x0000000125a00000,0x0000000125b00000] [id=656]
  0x000001cef6976d30 ConcurrentGCThread "G1 Conc#0" [stack: 0x0000000125b00000,0x0000000125c00000] [id=34844]
  0x000001ceac6833f0 ConcurrentGCThread "G1 Conc#1" [stack: 0x0000000127d00000,0x0000000127e00000] [id=4924]
  0x000001cefe27ad70 ConcurrentGCThread "G1 Refine#0" [stack: 0x0000000125c00000,0x0000000125d00000] [id=38896]
  0x000001cefe27c6b0 ConcurrentGCThread "G1 Service" [stack: 0x0000000125d00000,0x0000000125e00000] [id=13660]

Threads with active compile tasks:

VM state: not at safepoint (normal execution)

VM Mutex/Monitor currently owned by a thread: None

Heap address: 0x0000000681800000, size: 6120 MB, Compressed Oops mode: Zero based, Oop shift amount: 3

CDS archive(s) mapped at: [0x0000000800000000-0x0000000800bc0000-0x0000000800bc0000), size 12320768, SharedBaseAddress: 0x0000000800000000, ArchiveRelocationMode: 0.
Compressed class space mapped at: 0x0000000800c00000-0x0000000840c00000, reserved size: 1073741824
Narrow klass base: 0x0000000800000000, Narrow klass shift: 0, Narrow klass range: 0x100000000

GC Precious Log:
 CPUs: 8 total, 8 available
 Memory: 24467M
 Large Page Support: Disabled
 NUMA Support: Disabled
 Compressed Oops: Enabled (Zero based)
 Heap Region Size: 4M
 Heap Min Capacity: 8M
 Heap Initial Capacity: 384M
 Heap Max Capacity: 6120M
 Pre-touch: Disabled
 Parallel Workers: 8
 Concurrent Workers: 2
 Concurrent Refinement Workers: 8
 Periodic GC: Disabled

Heap:
 garbage-first heap   total 69632K, used 35363K [0x0000000681800000, 0x0000000800000000)
  region size 4096K, 5 young (20480K), 1 survivors (4096K)
 Metaspace       used 33882K, committed 34176K, reserved 1081344K
  class space    used 4681K, committed 4800K, reserved 1048576K

Heap Regions: E=young(eden), S=young(survivor), O=old, HS=humongous(starts), HC=humongous(continues), CS=collection set, F=free, OA=open archive, CA=closed archive, TAMS=top-at-mark-start (previous, next)
|   0|0x0000000681800000, 0x0000000681c00000, 0x0000000681c00000|100%| O|  |TAMS 0x0000000681c00000, 0x0000000681800000| Untracked 
|   1|0x0000000681c00000, 0x0000000681c00000, 0x0000000682000000|  0%| F|  |TAMS 0x0000000681c00000, 0x0000000681c00000| Untracked 
|   2|0x0000000682000000, 0x0000000682400000, 0x0000000682400000|100%| O|  |TAMS 0x0000000682000000, 0x0000000682000000| Untracked 
|   3|0x0000000682400000, 0x0000000682800000, 0x0000000682800000|100%| O|  |TAMS 0x0000000682400000, 0x0000000682400000| Untracked 
|   4|0x0000000682800000, 0x0000000682c00000, 0x0000000682c00000|100%| O|  |TAMS 0x0000000682800000, 0x0000000682800000| Untracked 
|   5|0x0000000682c00000, 0x0000000682c00000, 0x0000000683000000|  0%| F|  |TAMS 0x0000000682c00000, 0x0000000682c00000| Untracked 
|   6|0x0000000683000000, 0x0000000683000000, 0x0000000683400000|  0%| F|  |TAMS 0x0000000683000000, 0x0000000683000000| Untracked 
|   7|0x0000000683400000, 0x0000000683782600, 0x0000000683800000| 87%| O|  |TAMS 0x0000000683400000, 0x0000000683400000| Untracked 
|   8|0x0000000683800000, 0x0000000683800000, 0x0000000683c00000|  0%| F|  |TAMS 0x0000000683800000, 0x0000000683800000| Untracked 
|   9|0x0000000683c00000, 0x0000000683c00000, 0x0000000684000000|  0%| F|  |TAMS 0x0000000683c00000, 0x0000000683c00000| Untracked 
|  10|0x0000000684000000, 0x00000006843068b0, 0x0000000684400000| 75%| S|CS|TAMS 0x0000000684000000, 0x0000000684000000| Complete 
|  11|0x0000000684400000, 0x0000000684400000, 0x0000000684800000|  0%| F|  |TAMS 0x0000000684400000, 0x0000000684400000| Untracked 
|  12|0x0000000684800000, 0x0000000684800000, 0x0000000684c00000|  0%| F|  |TAMS 0x0000000684800000, 0x0000000684800000| Untracked 
|  13|0x0000000684c00000, 0x0000000684c98820, 0x0000000685000000| 14%| E|  |TAMS 0x0000000684c00000, 0x0000000684c00000| Complete 
|  85|0x0000000696c00000, 0x0000000697000000, 0x0000000697000000|100%| E|CS|TAMS 0x0000000696c00000, 0x0000000696c00000| Complete 
|  86|0x0000000697000000, 0x0000000697400000, 0x0000000697400000|100%| E|CS|TAMS 0x0000000697000000, 0x0000000697000000| Complete 
|  95|0x0000000699400000, 0x0000000699800000, 0x0000000699800000|100%| E|CS|TAMS 0x0000000699400000, 0x0000000699400000| Complete 

Card table byte_map: [0x000001ce8f000000,0x000001ce8fc00000] _byte_map_base: 0x000001ce8bbf4000

Marking Bits (Prev, Next): (CMBitMap*) 0x000001cefe1caf80, (CMBitMap*) 0x000001cefe1caf40
 Prev Bits: [0x000001ce967a0000, 0x000001ce9c740000)
 Next Bits: [0x000001ce90800000, 0x000001ce967a0000)

Polling page: 0x000001cef6780000

Metaspace:

Usage:
  Non-class:     28.52 MB used.
      Class:      4.57 MB used.
       Both:     33.09 MB used.

Virtual space:
  Non-class space:       32.00 MB reserved,      28.69 MB ( 90%) committed,  4 nodes.
      Class space:        1.00 GB reserved,       4.69 MB ( <1%) committed,  1 nodes.
             Both:        1.03 GB reserved,      33.38 MB (  3%) committed. 

Chunk freelists:
   Non-Class:  3.28 MB
       Class:  3.19 MB
        Both:  6.47 MB

MaxMetaspaceSize: unlimited
CompressedClassSpaceSize: 1.00 GB
Initial GC threshold: 21.00 MB
Current GC threshold: 35.25 MB
CDS: on
MetaspaceReclaimPolicy: balanced
 - commit_granule_bytes: 65536.
 - commit_granule_words: 8192.
 - virtual_space_node_default_size: 1048576.
 - enlarge_chunks_in_place: 1.
 - new_chunks_are_fully_committed: 0.
 - uncommit_free_chunks: 1.
 - use_allocation_guard: 0.
 - handle_deallocations: 1.


Internal statistics:

num_allocs_failed_limit: 3.
num_arena_births: 268.
num_arena_deaths: 0.
num_vsnodes_births: 5.
num_vsnodes_deaths: 0.
num_space_committed: 534.
num_space_uncommitted: 0.
num_chunks_returned_to_freelist: 3.
num_chunks_taken_from_freelist: 1263.
num_chunk_merges: 3.
num_chunk_splits: 887.
num_chunks_enlarged: 701.
num_purges: 0.
num_inconsistent_stats: 0.

CodeHeap 'non-profiled nmethods': size=120000Kb used=3031Kb max_used=3031Kb free=116968Kb
 bounds [0x000001ce87ad0000, 0x000001ce87dd0000, 0x000001ce8f000000]
CodeHeap 'profiled nmethods': size=120000Kb used=9615Kb max_used=9615Kb free=110384Kb
 bounds [0x000001ce805a0000, 0x000001ce80f10000, 0x000001ce87ad0000]
CodeHeap 'non-nmethods': size=5760Kb used=1595Kb max_used=1701Kb free=4165Kb
 bounds [0x000001ce80000000, 0x000001ce80270000, 0x000001ce805a0000]
 total_blobs=5417 nmethods=4509 adapters=819
 compilation: enabled
              stopped_count=0, restarted_count=0
 full_count=0

Compilation events (20 events):
Event: 23.200 Thread 0x000001cef3d908f0 4513       3       com.sun.marlin.DRenderer::tosubpixx (6 bytes)
Event: 23.200 Thread 0x000001cef3d908f0 nmethod 4513 0x000001ce80ef9b90 code [0x000001ce80ef9d40, 0x000001ce80ef9e38]
Event: 23.200 Thread 0x000001cef3d908f0 4514       3       com.sun.marlin.DRenderer::tosubpixy (10 bytes)
Event: 23.200 Thread 0x000001cef3d908f0 nmethod 4514 0x000001ce80ef9f10 code [0x000001ce80efa0c0, 0x000001ce80efa1b8]
Event: 23.200 Thread 0x000001cef3d908f0 4515       3       com.sun.javafx.sg.prism.NGNode::doRender (473 bytes)
Event: 23.201 Thread 0x000001cef3d908f0 nmethod 4515 0x000001ce80efa290 code [0x000001ce80efa5c0, 0x000001ce80efc6d8]
Event: 23.201 Thread 0x000001cef3d908f0 4516       3       java.nio.FloatBuffer::clear (7 bytes)
Event: 23.202 Thread 0x000001cef3d908f0 nmethod 4516 0x000001ce80efd010 code [0x000001ce80efd1a0, 0x000001ce80efd318]
Event: 23.202 Thread 0x000001cef3d908f0 4517       3       com.sun.prism.impl.BaseTexture::isSurfaceLost (16 bytes)
Event: 23.202 Thread 0x000001cef3d908f0 nmethod 4517 0x000001ce80efd410 code [0x000001ce80efd5c0, 0x000001ce80efd9f8]
Event: 23.202 Thread 0x000001cef3d908f0 4518 %     3       com.sun.marlin.MaskMarlinAlphaConsumer::setAndClearRelativeAlphas @ 507 (641 bytes)
Event: 23.205 Thread 0x000001cef3d908f0 nmethod 4518% 0x000001ce80efdb10 code [0x000001ce80efde40, 0x000001ce80f00cc8]
Event: 23.205 Thread 0x000001cef3d908f0 4521       3       com.sun.javafx.sg.prism.NGGroup::renderForcedContent (43 bytes)
Event: 23.206 Thread 0x000001cef3d908f0 nmethod 4521 0x000001ce80f01f90 code [0x000001ce80f021a0, 0x000001ce80f028b8]
Event: 23.206 Thread 0x000001cef3d908f0 4520       3       com.sun.javafx.sg.prism.NGGroup::getOrderedChildren (22 bytes)
Event: 23.206 Thread 0x000001cef3d908f0 nmethod 4520 0x000001ce80f02a90 code [0x000001ce80f02c40, 0x000001ce80f02ea8]
Event: 23.206 Thread 0x000001cef3d908f0 4519       3       com.sun.glass.ui.Screen::hashCode (248 bytes)
Event: 23.206 Thread 0x000001cef3d908f0 nmethod 4519 0x000001ce80f02f90 code [0x000001ce80f031a0, 0x000001ce80f03c18]
Event: 23.333 Thread 0x000001cef3d903e0 nmethod 3641 0x000001ce87d9d790 code [0x000001ce87d9df80, 0x000001ce87dad1c8]
Event: 23.542 Thread 0x000001cef3d92750 nmethod 4328 0x000001ce87db3790 code [0x000001ce87db4080, 0x000001ce87dc0c60]

GC Heap History (16 events):
Event: 0.716 GC heap before
{Heap before GC invocations=0 (full 0):
 garbage-first heap   total 393216K, used 20480K [0x0000000681800000, 0x0000000800000000)
  region size 4096K, 5 young (20480K), 0 survivors (0K)
 Metaspace       used 3878K, committed 4032K, reserved 1056768K
  class space    used 369K, committed 448K, reserved 1048576K
}
Event: 0.720 GC heap after
{Heap after GC invocations=1 (full 0):
 garbage-first heap   total 393216K, used 5598K [0x0000000681800000, 0x0000000800000000)
  region size 4096K, 1 young (4096K), 1 survivors (4096K)
 Metaspace       used 3878K, committed 4032K, reserved 1056768K
  class space    used 369K, committed 448K, reserved 1048576K
}
Event: 1.133 GC heap before
{Heap before GC invocations=1 (full 0):
 garbage-first heap   total 393216K, used 21982K [0x0000000681800000, 0x0000000800000000)
  region size 4096K, 6 young (24576K), 1 survivors (4096K)
 Metaspace       used 6359K, committed 6592K, reserved 1056768K
  class space    used 623K, committed 704K, reserved 1048576K
}
Event: 1.137 GC heap after
{Heap after GC invocations=2 (full 0):
 garbage-first heap   total 393216K, used 6834K [0x0000000681800000, 0x0000000800000000)
  region size 4096K, 1 young (4096K), 1 survivors (4096K)
 Metaspace       used 6359K, committed 6592K, reserved 1056768K
  class space    used 623K, committed 704K, reserved 1048576K
}
Event: 2.951 GC heap before
{Heap before GC invocations=2 (full 0):
 garbage-first heap   total 393216K, used 92850K [0x0000000681800000, 0x0000000800000000)
  region size 4096K, 22 young (90112K), 1 survivors (4096K)
 Metaspace       used 17503K, committed 17792K, reserved 1064960K
  class space    used 2297K, committed 2432K, reserved 1048576K
}
Event: 2.958 GC heap after
{Heap after GC invocations=3 (full 0):
 garbage-first heap   total 393216K, used 11859K [0x0000000681800000, 0x0000000800000000)
  region size 4096K, 2 young (8192K), 2 survivors (8192K)
 Metaspace       used 17503K, committed 17792K, reserved 1064960K
  class space    used 2297K, committed 2432K, reserved 1048576K
}
Event: 21.167 GC heap before
{Heap before GC invocations=3 (full 0):
 garbage-first heap   total 393216K, used 44627K [0x0000000681800000, 0x0000000800000000)
  region size 4096K, 11 young (45056K), 2 survivors (8192K)
 Metaspace       used 21328K, committed 21504K, reserved 1073152K
  class space    used 2925K, committed 3008K, reserved 1048576K
}
Event: 21.171 GC heap after
{Heap after GC invocations=4 (full 0):
 garbage-first heap   total 393216K, used 13319K [0x0000000681800000, 0x0000000800000000)
  region size 4096K, 2 young (8192K), 2 survivors (8192K)
 Metaspace       used 21328K, committed 21504K, reserved 1073152K
  class space    used 2925K, committed 3008K, reserved 1048576K
}
Event: 22.200 GC heap before
{Heap before GC invocations=5 (full 0):
 garbage-first heap   total 69632K, used 46087K [0x0000000681800000, 0x0000000800000000)
  region size 4096K, 10 young (40960K), 2 survivors (8192K)
 Metaspace       used 27544K, committed 27840K, reserved 1073152K
  class space    used 3617K, committed 3776K, reserved 1048576K
}
Event: 22.209 GC heap after
{Heap after GC invocations=6 (full 0):
 garbage-first heap   total 69632K, used 17278K [0x0000000681800000, 0x0000000800000000)
  region size 4096K, 2 young (8192K), 2 survivors (8192K)
 Metaspace       used 27544K, committed 27840K, reserved 1073152K
  class space    used 3617K, committed 3776K, reserved 1048576K
}
Event: 22.239 GC heap before
{Heap before GC invocations=6 (full 0):
 garbage-first heap   total 69632K, used 21374K [0x0000000681800000, 0x0000000800000000)
  region size 4096K, 3 young (12288K), 2 survivors (8192K)
 Metaspace       used 27974K, committed 28224K, reserved 1081344K
  class space    used 3656K, committed 3776K, reserved 1048576K
}
Event: 22.244 GC heap after
{Heap after GC invocations=7 (full 0):
 garbage-first heap   total 69632K, used 17915K [0x0000000681800000, 0x0000000800000000)
  region size 4096K, 1 young (4096K), 1 survivors (4096K)
 Metaspace       used 27974K, committed 28224K, reserved 1081344K
  class space    used 3656K, committed 3776K, reserved 1048576K
}
Event: 22.586 GC heap before
{Heap before GC invocations=7 (full 0):
 garbage-first heap   total 69632K, used 42491K [0x0000000681800000, 0x0000000800000000)
  region size 4096K, 7 young (28672K), 1 survivors (4096K)
 Metaspace       used 30371K, committed 30656K, reserved 1081344K
  class space    used 4087K, committed 4224K, reserved 1048576K
}
Event: 22.589 GC heap after
{Heap after GC invocations=8 (full 0):
 garbage-first heap   total 69632K, used 20022K [0x0000000681800000, 0x0000000800000000)
  region size 4096K, 1 young (4096K), 1 survivors (4096K)
 Metaspace       used 30371K, committed 30656K, reserved 1081344K
  class space    used 4087K, committed 4224K, reserved 1048576K
}
Event: 22.945 GC heap before
{Heap before GC invocations=8 (full 0):
 garbage-first heap   total 69632K, used 44598K [0x0000000681800000, 0x0000000800000000)
  region size 4096K, 7 young (28672K), 1 survivors (4096K)
 Metaspace       used 32735K, committed 33024K, reserved 1081344K
  class space    used 4574K, committed 4736K, reserved 1048576K
}
Event: 22.949 GC heap after
{Heap after GC invocations=9 (full 0):
 garbage-first heap   total 69632K, used 23075K [0x0000000681800000, 0x0000000800000000)
  region size 4096K, 1 young (4096K), 1 survivors (4096K)
 Metaspace       used 32735K, committed 33024K, reserved 1081344K
  class space    used 4574K, committed 4736K, reserved 1048576K
}

Deoptimization events (20 events):
Event: 23.129 Thread 0x000001cea0402ff0 DEOPT PACKING pc=0x000001ce80e97004 sp=0x00000001277fdbf0
Event: 23.129 Thread 0x000001cea0402ff0 DEOPT UNPACKING pc=0x000001ce80052b43 sp=0x00000001277fd220 mode 1
Event: 23.129 Thread 0x000001cea0402ff0 DEOPT PACKING pc=0x000001ce80922f34 sp=0x00000001277fe110
Event: 23.129 Thread 0x000001cea0402ff0 DEOPT UNPACKING pc=0x000001ce80052b43 sp=0x00000001277fd5e0 mode 1
Event: 23.163 Thread 0x000001cea0367810 Uncommon trap: trap_request=0xffffffde fr.pc=0x000001ce87d53fac relative=0x00000000000002ec
Event: 23.163 Thread 0x000001cea0367810 Uncommon trap: reason=class_check action=maybe_recompile pc=0x000001ce87d53fac method=java.util.WeakHashMap.matchesKey(Ljava/util/WeakHashMap$Entry;Ljava/lang/Object;)Z @ 21 c2
Event: 23.163 Thread 0x000001cea0367810 DEOPT PACKING pc=0x000001ce87d53fac sp=0x00000001269fc7a0
Event: 23.163 Thread 0x000001cea0367810 DEOPT UNPACKING pc=0x000001ce800523a3 sp=0x00000001269fc6f8 mode 2
Event: 23.163 Thread 0x000001cea0367810 Uncommon trap: trap_request=0xffffffde fr.pc=0x000001ce87d53fac relative=0x00000000000002ec
Event: 23.163 Thread 0x000001cea0367810 Uncommon trap: reason=class_check action=maybe_recompile pc=0x000001ce87d53fac method=java.util.WeakHashMap.matchesKey(Ljava/util/WeakHashMap$Entry;Ljava/lang/Object;)Z @ 21 c2
Event: 23.163 Thread 0x000001cea0367810 DEOPT PACKING pc=0x000001ce87d53fac sp=0x00000001269fc7a0
Event: 23.163 Thread 0x000001cea0367810 DEOPT UNPACKING pc=0x000001ce800523a3 sp=0x00000001269fc6f8 mode 2
Event: 23.166 Thread 0x000001cea0367810 Uncommon trap: trap_request=0xffffffde fr.pc=0x000001ce87d53fac relative=0x00000000000002ec
Event: 23.166 Thread 0x000001cea0367810 Uncommon trap: reason=class_check action=maybe_recompile pc=0x000001ce87d53fac method=java.util.WeakHashMap.matchesKey(Ljava/util/WeakHashMap$Entry;Ljava/lang/Object;)Z @ 21 c2
Event: 23.166 Thread 0x000001cea0367810 DEOPT PACKING pc=0x000001ce87d53fac sp=0x00000001269fc790
Event: 23.166 Thread 0x000001cea0367810 DEOPT UNPACKING pc=0x000001ce800523a3 sp=0x00000001269fc6e8 mode 2
Event: 23.170 Thread 0x000001cea0367810 Uncommon trap: trap_request=0xffffffde fr.pc=0x000001ce87d53fac relative=0x00000000000002ec
Event: 23.170 Thread 0x000001cea0367810 Uncommon trap: reason=class_check action=maybe_recompile pc=0x000001ce87d53fac method=java.util.WeakHashMap.matchesKey(Ljava/util/WeakHashMap$Entry;Ljava/lang/Object;)Z @ 21 c2
Event: 23.170 Thread 0x000001cea0367810 DEOPT PACKING pc=0x000001ce87d53fac sp=0x00000001269fc3b0
Event: 23.170 Thread 0x000001cea0367810 DEOPT UNPACKING pc=0x000001ce800523a3 sp=0x00000001269fc308 mode 2

Classes unloaded (0 events):
No events

Classes redefined (1 events):
Event: 82.121 Thread 0x000001cefe3425b0 redefined class name=com.kyj.fx.b.ETScriptHelper.grid.AnnotationOptions, count=1

Internal exceptions (20 events):
Event: 21.113 Thread 0x000001cea0402ff0 Exception <a 'java/lang/ClassNotFoundException'{0x00000006978c4ab8}: com/kyj/fx/b/ETScriptHelper/comm/AbstractDVOCustomizer> (0x00000006978c4ab8) 
thrown [t:\workspace\open\src\hotspot\share\classfile\systemDictionary.cpp, line 256]
Event: 21.114 Thread 0x000001cea0402ff0 Exception <a 'java/lang/ClassNotFoundException'{0x00000006978cc8d0}: com/kyj/fx/b/ETScriptHelper/grid/CodeDVOCustomizer> (0x00000006978cc8d0) 
thrown [t:\workspace\open\src\hotspot\share\classfile\systemDictionary.cpp, line 256]
Event: 21.144 Thread 0x000001cea0402ff0 Exception <a 'java/lang/NoClassDefFoundError'{0x0000000697bd35a0}: org/apache/log/format/Formatter> (0x0000000697bd35a0) 
thrown [t:\workspace\open\src\hotspot\share\classfile\systemDictionary.cpp, line 245]
Event: 21.145 Thread 0x000001cea0402ff0 Exception <a 'java/lang/NoClassDefFoundError'{0x0000000697be89a0}: org/apache/log4j/Layout> (0x0000000697be89a0) 
thrown [t:\workspace\open\src\hotspot\share\classfile\systemDictionary.cpp, line 245]
Event: 21.206 Thread 0x000001cea0402ff0 Exception <a 'java/lang/NoSuchMethodError'{0x0000000684ceaed8}: 'java.lang.Object java.lang.invoke.DirectMethodHandle$Holder.invokeStaticInit(java.lang.Object, java.lang.Object, java.lang.Object)'> (0x0000000684ceaed8) 
thrown [t:\workspace\open\src\hotspot\share\interpreter\linkResolver.cpp, line 766]
Event: 21.209 Thread 0x000001cea0402ff0 Exception <a 'java/lang/NoSuchMethodError'{0x0000000684d2bce8}: 'org.slf4j.impl.StaticMDCBinder org.slf4j.impl.StaticMDCBinder.getSingleton()'> (0x0000000684d2bce8) 
thrown [t:\workspace\open\src\hotspot\share\interpreter\linkResolver.cpp, line 766]
Event: 21.337 Thread 0x000001cea0402ff0 Exception <a 'java/lang/NoSuchMethodError'{0x0000000684234ec0}: 'java.lang.Object java.lang.invoke.DirectMethodHandle$Holder.invokeStaticInit(java.lang.Object, int, int, int, int)'> (0x0000000684234ec0) 
thrown [t:\workspace\open\src\hotspot\share\interpreter\linkResolver.cpp, line 766]
Event: 21.965 Thread 0x000001cea0402ff0 Exception <a 'java/lang/NoSuchMethodError'{0x0000000684278900}: 'java.lang.Object java.lang.invoke.DirectMethodHandle$Holder.invokeStaticInit(java.lang.Object, java.lang.Object, int, int, int, int)'> (0x0000000684278900) 
thrown [t:\workspace\open\src\hotspot\share\interpreter\linkResolver.cpp, line 766]
Event: 21.993 Thread 0x000001cea0402ff0 Exception <a 'sun/nio/fs/WindowsException'{0x0000000683c592a8}> (0x0000000683c592a8) 
thrown [t:\workspace\open\src\hotspot\share\prims\jni.cpp, line 516]
Event: 22.002 Thread 0x000001cea0402ff0 Exception <a 'java/lang/NoSuchMethodError'{0x0000000683c9bdb8}: 'int java.lang.invoke.DirectMethodHandle$Holder.invokeStaticInit(java.lang.Object, java.lang.Object, java.lang.Object, java.lang.Object)'> (0x0000000683c9bdb8) 
thrown [t:\workspace\open\src\hotspot\share\interpreter\linkResolver.cpp, line 766]
Event: 22.004 Thread 0x000001cea0402ff0 Exception <a 'java/lang/IncompatibleClassChangeError'{0x0000000683ca5108}: Found class java.lang.Object, but interface was expected> (0x0000000683ca5108) 
thrown [t:\workspace\open\src\hotspot\share\interpreter\linkResolver.cpp, line 833]
Event: 22.414 Thread 0x000001cea0402ff0 Exception <a 'java/io/FileNotFoundException'{0x0000000684deb7c8}> (0x0000000684deb7c8) 
thrown [t:\workspace\open\src\hotspot\share\prims\jni.cpp, line 516]
Event: 22.417 Thread 0x000001cea0402ff0 Exception <a 'java/io/FileNotFoundException'{0x0000000684e0cce0}> (0x0000000684e0cce0) 
thrown [t:\workspace\open\src\hotspot\share\prims\jni.cpp, line 516]
Event: 22.472 Thread 0x000001cea0402ff0 Exception <a 'java/lang/NoSuchMethodError'{0x000000068445f490}: 'void java.lang.invoke.DirectMethodHandle$Holder.invokeSpecial(java.lang.Object, java.lang.Object, java.lang.Object, java.lang.Object, java.lang.Object, java.lang.Object)'> (0x000000068445f490) 
thrown [t:\workspace\open\src\hotspot\share\interpreter\linkResolver.cpp, line 766]
Event: 22.569 Thread 0x000001cea0402ff0 Exception <a 'java/lang/NoSuchMethodError'{0x000000068430b6d8}: 'int java.lang.invoke.DirectMethodHandle$Holder.invokeSpecial(java.lang.Object, java.lang.Object, int)'> (0x000000068430b6d8) 
thrown [t:\workspace\open\src\hotspot\share\interpreter\linkResolver.cpp, line 766]
Event: 22.609 Thread 0x000001cea0402ff0 Exception <a 'java/lang/ClassNotFoundException'{0x000000069960ad10}: com/sun/javafx/scene/control/skin/resources/controls> (0x000000069960ad10) 
thrown [t:\workspace\open\src\hotspot\share\prims\jni.cpp, line 535]
Event: 22.611 Thread 0x000001cea0402ff0 Exception <a 'java/lang/ClassNotFoundException'{0x0000000699618aa8}: com/sun/javafx/scene/control/skin/resources/controls_ko> (0x0000000699618aa8) 
thrown [t:\workspace\open\src\hotspot\share\prims\jni.cpp, line 535]
Event: 22.806 Thread 0x000001cea0402ff0 Exception <a 'java/lang/NoSuchMethodError'{0x0000000684e87688}: 'void java.lang.invoke.DirectMethodHandle$Holder.invokeSpecialIFC(java.lang.Object, java.lang.Object, java.lang.Object, java.lang.Object)'> (0x0000000684e87688) 
thrown [t:\workspace\open\src\hotspot\share\interpreter\linkResolver.cpp, line 766]
Event: 23.010 Thread 0x000001cea0402ff0 Exception <a 'java/lang/NoSuchMethodError'{0x00000006996d1370}: 'void java.lang.invoke.DirectMethodHandle$Holder.invokeSpecial(java.lang.Object, java.lang.Object, int, int)'> (0x00000006996d1370) 
thrown [t:\workspace\open\src\hotspot\share\interpreter\linkResolver.cpp, line 766]
Event: 23.010 Thread 0x000001cea0402ff0 Exception <a 'java/lang/NoSuchMethodError'{0x00000006996d7b68}: 'java.lang.Object java.lang.invoke.DirectMethodHandle$Holder.newInvokeSpecial(java.lang.Object, java.lang.Object, int, int)'> (0x00000006996d7b68) 
thrown [t:\workspace\open\src\hotspot\share\interpreter\linkResolver.cpp, line 766]

VM Operations (20 events):
Event: 33.049 Executing VM operation: get/set locals
Event: 33.049 Executing VM operation: get/set locals done
Event: 33.051 Executing VM operation: ChangeSingleStep
Event: 33.051 Executing VM operation: ChangeSingleStep done
Event: 33.064 Executing VM operation: get/set locals
Event: 33.064 Executing VM operation: get/set locals done
Event: 34.794 Executing VM operation: get/set locals
Event: 34.794 Executing VM operation: get/set locals done
Event: 34.795 Executing VM operation: get/set locals
Event: 34.795 Executing VM operation: get/set locals done
Event: 34.796 Executing VM operation: get/set locals
Event: 34.796 Executing VM operation: get/set locals done
Event: 34.796 Executing VM operation: get/set locals
Event: 34.796 Executing VM operation: get/set locals done
Event: 34.796 Executing VM operation: get/set locals
Event: 34.796 Executing VM operation: get/set locals done
Event: 82.114 Executing VM operation: RedefineClasses
Event: 82.130 Executing VM operation: RedefineClasses done
Event: 82.142 Executing VM operation: ChangeBreakpoints
Event: 82.144 Executing VM operation: ChangeBreakpoints done

Events (20 events):
Event: 22.992 loading class sun/text/resources/BreakIteratorResources done
Event: 22.993 loading class sun/text/RuleBasedBreakIterator
Event: 22.993 loading class sun/text/RuleBasedBreakIterator done
Event: 22.993 loading class sun/text/CompactByteArray
Event: 22.993 loading class sun/text/CompactByteArray done
Event: 22.994 loading class sun/text/SupplementaryCharacterData
Event: 22.994 loading class sun/text/SupplementaryCharacterData done
Event: 22.994 loading class java/text/BreakIterator$BreakIteratorCache
Event: 22.994 loading class java/text/BreakIterator$BreakIteratorCache done
Event: 23.101 loading class jdk/internal/ref/CleanerImpl$InnocuousThreadFactory
Event: 23.101 loading class jdk/internal/ref/CleanerImpl$InnocuousThreadFactory done
Event: 23.101 Thread 0x000001cea7d8d300 Thread added: 0x000001cea7d8d300
Event: 23.107 loading class sun/misc/Unsafe
Event: 23.107 loading class sun/misc/Unsafe done
Event: 23.107 loading class jdk/internal/reflect/UnsafeQualifiedStaticObjectFieldAccessorImpl
Event: 23.107 loading class jdk/internal/reflect/UnsafeQualifiedStaticFieldAccessorImpl
Event: 23.107 loading class jdk/internal/reflect/UnsafeQualifiedStaticFieldAccessorImpl done
Event: 23.107 loading class jdk/internal/reflect/UnsafeQualifiedStaticObjectFieldAccessorImpl done
Event: 28.204 Thread 0x000001ce9fae8cd0 Thread exited: 0x000001ce9fae8cd0
Event: 28.543 Thread 0x000001cef3d92750 Thread exited: 0x000001cef3d92750


Dynamic libraries:
0x00007ff779410000 - 0x00007ff77941e000 	C:\Program Files\Java\jdk-17\bin\javaw.exe
0x00007ff814050000 - 0x00007ff814245000 	C:\WINDOWS\SYSTEM32\ntdll.dll
0x00007ff812810000 - 0x00007ff8128ce000 	C:\WINDOWS\System32\KERNEL32.DLL
0x00007ff811b20000 - 0x00007ff811de8000 	C:\WINDOWS\System32\KERNELBASE.dll
0x00007ff811fa0000 - 0x00007ff8120a0000 	C:\WINDOWS\System32\ucrtbase.dll
0x00007ffffc140000 - 0x00007ffffc158000 	C:\Program Files\Java\jdk-17\bin\jli.dll
0x00007ffffab10000 - 0x00007ffffab2a000 	C:\Program Files\Java\jdk-17\bin\VCRUNTIME140.dll
0x00007ff8128e0000 - 0x00007ff812a81000 	C:\WINDOWS\System32\USER32.dll
0x00007ff811770000 - 0x00007ff811792000 	C:\WINDOWS\System32\win32u.dll
0x00007ff813010000 - 0x00007ff81303b000 	C:\WINDOWS\System32\GDI32.dll
0x00007ff8118b0000 - 0x00007ff8119bb000 	C:\WINDOWS\System32\gdi32full.dll
0x00007ffffa5a0000 - 0x00007ffffa83a000 	C:\WINDOWS\WinSxS\amd64_microsoft.windows.common-controls_6595b64144ccf1df_6.0.19041.1110_none_60b5254171f9507e\COMCTL32.dll
0x00007ff811f00000 - 0x00007ff811f9d000 	C:\WINDOWS\System32\msvcp_win.dll
0x00007ff813f70000 - 0x00007ff81400e000 	C:\WINDOWS\System32\msvcrt.dll
0x00007ff8127e0000 - 0x00007ff812810000 	C:\WINDOWS\System32\IMM32.DLL
0x00007ffff1c30000 - 0x00007ffff1cd9000 	C:\WINDOWS\INCOPS3\esdcnl64.dll
0x00007ff812f60000 - 0x00007ff81300c000 	C:\WINDOWS\System32\ADVAPI32.dll
0x00007ff8133b0000 - 0x00007ff81344b000 	C:\WINDOWS\System32\sechost.dll
0x00007ff813b70000 - 0x00007ff813c9a000 	C:\WINDOWS\System32\RPCRT4.dll
0x00007ff8103a0000 - 0x00007ff8103d3000 	C:\WINDOWS\SYSTEM32\ntmarta.dll
0x00007fffebc90000 - 0x00007fffebd75000 	C:\WINDOWS\INCOPS3\ESATM64.dll
0x00007ff8120a0000 - 0x00007ff8127df000 	C:\WINDOWS\System32\SHELL32.dll
0x00007ff813d30000 - 0x00007ff813e5a000 	C:\WINDOWS\System32\ole32.dll
0x00007ff813040000 - 0x00007ff813395000 	C:\WINDOWS\System32\combase.dll
0x00007fffeb710000 - 0x00007fffeb806000 	C:\WINDOWS\INCOPS3\ESSCNL64.dll
0x00007fffe9210000 - 0x00007fffe950b000 	C:\WINDOWS\pcdrm\NSCCOR0364.DLL
0x00007ff80a9d0000 - 0x00007ff80a9da000 	C:\WINDOWS\SYSTEM32\VERSION.dll
0x00007ff8128d0000 - 0x00007ff8128d8000 	C:\WINDOWS\System32\psapi.dll
0x00007fffe91e0000 - 0x00007fffe920e000 	C:\WINDOWS\pcdrm\NBID64.dll
0x000001cef5db0000 - 0x000001cef5e7d000 	C:\WINDOWS\System32\OLEAUT32.dll
0x00007fffe91a0000 - 0x00007fffe91d9000 	C:\WINDOWS\pcdrm\NFD0164.dll
0x00007fffeb3f0000 - 0x00007fffeb406000 	C:\PAPERSECU\SPCOREHK64.dll
0x00007fffeb2f0000 - 0x00007fffeb3e5000 	C:\PAPERSECU\PAPERHK64.DLL
0x00007ffff7f60000 - 0x00007ffff7ff5000 	C:\WINDOWS\SYSTEM32\WINSPOOL.DRV
0x00007fffeacb0000 - 0x00007fffead14000 	C:\PAPERSECU\PAPERPHK64.DLL
0x00007ff8090f0000 - 0x00007ff8090fc000 	C:\Program Files\Java\jdk-17\bin\vcruntime140_1.dll
0x00007ffff5460000 - 0x00007ffff54ed000 	C:\Program Files\Java\jdk-17\bin\msvcp140.dll
0x00007fffbb070000 - 0x00007fffbbc2e000 	C:\Program Files\Java\jdk-17\bin\server\jvm.dll
0x00007ffff5c00000 - 0x00007ffff5c09000 	C:\WINDOWS\SYSTEM32\WSOCK32.dll
0x000001cef6810000 - 0x000001cef687b000 	C:\WINDOWS\System32\WS2_32.dll
0x00007ffff7d10000 - 0x00007ffff7d37000 	C:\WINDOWS\SYSTEM32\WINMM.dll
0x00007ff80ff60000 - 0x00007ff80ff72000 	C:\WINDOWS\SYSTEM32\kernel.appcore.dll
0x00007ff805bf0000 - 0x00007ff805bfa000 	C:\Program Files\Java\jdk-17\bin\jimage.dll
0x00007ff80fc50000 - 0x00007ff80fe34000 	C:\WINDOWS\SYSTEM32\DBGHELP.DLL
0x00007ffff8fc0000 - 0x00007ffff8fec000 	C:\WINDOWS\SYSTEM32\dbgcore.DLL
0x00007ff8117a0000 - 0x00007ff811823000 	C:\WINDOWS\System32\bcryptPrimitives.dll
0x00007ffff9bb0000 - 0x00007ffff9beb000 	C:\Program Files\Java\jdk-17\bin\jdwp.dll
0x00007ff800150000 - 0x00007ff80015e000 	C:\Program Files\Java\jdk-17\bin\instrument.dll
0x00007ffff95c0000 - 0x00007ffff95e5000 	C:\Program Files\Java\jdk-17\bin\java.dll
0x00007fffde840000 - 0x00007fffde916000 	C:\Program Files\Java\jdk-17\bin\svml.dll
0x00007ff80f3f0000 - 0x00007ff80fb80000 	C:\WINDOWS\SYSTEM32\windows.storage.dll
0x00007ff8110e0000 - 0x00007ff81110e000 	C:\WINDOWS\SYSTEM32\Wldp.dll
0x000001ce9f920000 - 0x000001ce9f9cd000 	C:\WINDOWS\System32\SHCORE.dll
0x00007ff813f10000 - 0x00007ff813f65000 	C:\WINDOWS\System32\shlwapi.dll
0x00007ff8116b0000 - 0x00007ff8116cf000 	C:\WINDOWS\SYSTEM32\profapi.dll
0x00007ffff9b90000 - 0x00007ffff9ba9000 	C:\Program Files\Java\jdk-17\bin\net.dll
0x00007ffffd3a0000 - 0x00007ffffd4ac000 	C:\WINDOWS\SYSTEM32\WINHTTP.dll
0x00007ff810ec0000 - 0x00007ff810f2a000 	C:\WINDOWS\system32\mswsock.dll
0x00007ffff92b0000 - 0x00007ffff92c5000 	C:\Program Files\Java\jdk-17\bin\nio.dll
0x00007ffff91c0000 - 0x00007ffff91d8000 	C:\Program Files\Java\jdk-17\bin\zip.dll
0x00007ff800070000 - 0x00007ff80007c000 	C:\Program Files\Java\jdk-17\bin\dt_socket.dll
0x00007ff810b80000 - 0x00007ff810bbb000 	C:\WINDOWS\SYSTEM32\IPHLPAPI.DLL
0x00007ff810bc0000 - 0x00007ff810c8b000 	C:\WINDOWS\SYSTEM32\DNSAPI.dll
0x000001cea01e0000 - 0x000001cea01e8000 	C:\WINDOWS\System32\NSI.dll
0x00007ff806a30000 - 0x00007ff806aaf000 	C:\WINDOWS\System32\fwpuclnt.dll
0x00007ff811830000 - 0x00007ff811857000 	C:\WINDOWS\System32\bcrypt.dll
0x00007ffffbb50000 - 0x00007ffffbb5a000 	C:\Windows\System32\rasadhlp.dll
0x00007ffffdf40000 - 0x00007ffffdf50000 	C:\Program Files\Java\jdk-17\bin\verify.dll
0x000001cea1220000 - 0x000001cea1223000 	C:\Users\KYJ\.openjfx\cache\16\api-ms-win-core-console-l1-1-0.dll
0x000001cea1230000 - 0x000001cea1233000 	C:\Users\KYJ\.openjfx\cache\16\api-ms-win-core-console-l1-2-0.dll
0x000001cea1240000 - 0x000001cea1243000 	C:\Users\KYJ\.openjfx\cache\16\api-ms-win-core-datetime-l1-1-0.dll
0x000001cea1250000 - 0x000001cea1253000 	C:\Users\KYJ\.openjfx\cache\16\api-ms-win-core-debug-l1-1-0.dll
0x000001cea1260000 - 0x000001cea1263000 	C:\Users\KYJ\.openjfx\cache\16\api-ms-win-core-errorhandling-l1-1-0.dll
0x000001cea1270000 - 0x000001cea1274000 	C:\Users\KYJ\.openjfx\cache\16\api-ms-win-core-file-l1-1-0.dll
0x000001cea1280000 - 0x000001cea1283000 	C:\Users\KYJ\.openjfx\cache\16\api-ms-win-core-file-l1-2-0.dll
0x000001cea1290000 - 0x000001cea1293000 	C:\Users\KYJ\.openjfx\cache\16\api-ms-win-core-file-l2-1-0.dll
0x000001cea12a0000 - 0x000001cea12a3000 	C:\Users\KYJ\.openjfx\cache\16\api-ms-win-core-handle-l1-1-0.dll
0x000001cea12b0000 - 0x000001cea12b3000 	C:\Users\KYJ\.openjfx\cache\16\api-ms-win-core-heap-l1-1-0.dll
0x000001cea12c0000 - 0x000001cea12c3000 	C:\Users\KYJ\.openjfx\cache\16\api-ms-win-core-interlocked-l1-1-0.dll
0x000001cea12d0000 - 0x000001cea12d3000 	C:\Users\KYJ\.openjfx\cache\16\api-ms-win-core-libraryloader-l1-1-0.dll
0x000001cea12e0000 - 0x000001cea12e3000 	C:\Users\KYJ\.openjfx\cache\16\api-ms-win-core-localization-l1-2-0.dll
0x000001cea12f0000 - 0x000001cea12f3000 	C:\Users\KYJ\.openjfx\cache\16\api-ms-win-core-memory-l1-1-0.dll
0x000001cea1300000 - 0x000001cea1303000 	C:\Users\KYJ\.openjfx\cache\16\api-ms-win-core-namedpipe-l1-1-0.dll
0x000001cea1310000 - 0x000001cea1313000 	C:\Users\KYJ\.openjfx\cache\16\api-ms-win-core-processenvironment-l1-1-0.dll
0x000001cea1620000 - 0x000001cea1623000 	C:\Users\KYJ\.openjfx\cache\16\api-ms-win-core-processthreads-l1-1-0.dll
0x000001cea1630000 - 0x000001cea1633000 	C:\Users\KYJ\.openjfx\cache\16\api-ms-win-core-processthreads-l1-1-1.dll
0x000001cea1640000 - 0x000001cea1643000 	C:\Users\KYJ\.openjfx\cache\16\api-ms-win-core-profile-l1-1-0.dll
0x000001cea1650000 - 0x000001cea1653000 	C:\Users\KYJ\.openjfx\cache\16\api-ms-win-core-rtlsupport-l1-1-0.dll
0x000001cea1660000 - 0x000001cea1663000 	C:\Users\KYJ\.openjfx\cache\16\api-ms-win-core-string-l1-1-0.dll
0x000001cea1670000 - 0x000001cea1673000 	C:\Users\KYJ\.openjfx\cache\16\api-ms-win-core-synch-l1-1-0.dll
0x000001cea1680000 - 0x000001cea1683000 	C:\Users\KYJ\.openjfx\cache\16\api-ms-win-core-synch-l1-2-0.dll
0x000001cea1690000 - 0x000001cea1693000 	C:\Users\KYJ\.openjfx\cache\16\api-ms-win-core-sysinfo-l1-1-0.dll
0x000001cea16a0000 - 0x000001cea16a3000 	C:\Users\KYJ\.openjfx\cache\16\api-ms-win-core-timezone-l1-1-0.dll
0x000001cea16b0000 - 0x000001cea16b3000 	C:\Users\KYJ\.openjfx\cache\16\api-ms-win-core-util-l1-1-0.dll
0x000001cea16c0000 - 0x000001cea16c3000 	C:\Users\KYJ\.openjfx\cache\16\api-ms-win-crt-conio-l1-1-0.dll
0x000001cea16d0000 - 0x000001cea16d4000 	C:\Users\KYJ\.openjfx\cache\16\api-ms-win-crt-convert-l1-1-0.dll
0x000001cea16e0000 - 0x000001cea16e3000 	C:\Users\KYJ\.openjfx\cache\16\api-ms-win-crt-environment-l1-1-0.dll
0x000001cea16f0000 - 0x000001cea16f3000 	C:\Users\KYJ\.openjfx\cache\16\api-ms-win-crt-filesystem-l1-1-0.dll
0x000001cea1700000 - 0x000001cea1703000 	C:\Users\KYJ\.openjfx\cache\16\api-ms-win-crt-heap-l1-1-0.dll
0x000001cea1710000 - 0x000001cea1713000 	C:\Users\KYJ\.openjfx\cache\16\api-ms-win-crt-locale-l1-1-0.dll
0x000001cea1720000 - 0x000001cea1725000 	C:\Users\KYJ\.openjfx\cache\16\api-ms-win-crt-math-l1-1-0.dll
0x000001cea1730000 - 0x000001cea1735000 	C:\Users\KYJ\.openjfx\cache\16\api-ms-win-crt-multibyte-l1-1-0.dll
0x000001cea1740000 - 0x000001cea1750000 	C:\Users\KYJ\.openjfx\cache\16\api-ms-win-crt-private-l1-1-0.dll
0x000001cea1750000 - 0x000001cea1753000 	C:\Users\KYJ\.openjfx\cache\16\api-ms-win-crt-process-l1-1-0.dll
0x000001cea1760000 - 0x000001cea1764000 	C:\Users\KYJ\.openjfx\cache\16\api-ms-win-crt-runtime-l1-1-0.dll
0x000001cea1770000 - 0x000001cea1774000 	C:\Users\KYJ\.openjfx\cache\16\api-ms-win-crt-stdio-l1-1-0.dll
0x000001cea1780000 - 0x000001cea1784000 	C:\Users\KYJ\.openjfx\cache\16\api-ms-win-crt-string-l1-1-0.dll
0x000001cea1790000 - 0x000001cea1793000 	C:\Users\KYJ\.openjfx\cache\16\api-ms-win-crt-time-l1-1-0.dll
0x000001cea17a0000 - 0x000001cea17a3000 	C:\Users\KYJ\.openjfx\cache\16\api-ms-win-crt-utility-l1-1-0.dll
0x00007fffd5090000 - 0x00007fffd518c000 	C:\Users\KYJ\.openjfx\cache\16\ucrtbase.dll
0x00007ffff91a0000 - 0x00007ffff91b9000 	C:\Users\KYJ\.openjfx\cache\16\vcruntime140.dll
0x00007ffffddf0000 - 0x00007ffffddfc000 	C:\Users\KYJ\.openjfx\cache\16\vcruntime140_1.dll
0x00007ffff0650000 - 0x00007ffff06e1000 	C:\Users\KYJ\.openjfx\cache\16\msvcp140.dll
0x00007ffff03f0000 - 0x00007ffff0417000 	C:\Users\KYJ\.openjfx\cache\16\prism_d3d.dll
0x00007ffffeac0000 - 0x00007ffffec8e000 	C:\WINDOWS\system32\d3d9.dll
0x00007ff80ef20000 - 0x00007ff80ef4f000 	C:\WINDOWS\SYSTEM32\dwmapi.dll
0x00007ff80dfc0000 - 0x00007ff80e05e000 	C:\WINDOWS\system32\uxtheme.dll
0x00007fffd5190000 - 0x00007fffd52f0000 	C:\WINDOWS\System32\DriverStore\FileRepository\iigd_dch.inf_amd64_d3bdee8c45641e36\igdumdim64.dll
0x00007fffa55c0000 - 0x00007fffa8ece000 	C:\WINDOWS\System32\DriverStore\FileRepository\iigd_dch.inf_amd64_d3bdee8c45641e36\igd9dxva64.dll
0x000001cea1870000 - 0x000001cea1ce2000 	C:\WINDOWS\System32\SETUPAPI.dll
0x00007ff811860000 - 0x00007ff8118ae000 	C:\WINDOWS\System32\cfgmgr32.dll
0x00007ff806650000 - 0x00007ff8067f7000 	C:\WINDOWS\System32\DriverStore\FileRepository\iigd_dch.inf_amd64_d3bdee8c45641e36\igdgmm64.dll
0x00007fffeed20000 - 0x00007fffeed62000 	C:\Users\KYJ\.openjfx\cache\16\glass.dll
0x000001cea1cf0000 - 0x000001cea1dca000 	C:\WINDOWS\System32\COMDLG32.dll
0x000001cea1ec0000 - 0x000001cea1fd5000 	C:\WINDOWS\System32\MSCTF.dll
0x00007ffff17e0000 - 0x00007ffff181f000 	C:\WINDOWS\incops3\ProcMon64.dll
0x00007ffff5cc0000 - 0x00007ffff5ce8000 	C:\WINDOWS\System32\DriverStore\FileRepository\iigd_dch.inf_amd64_d3bdee8c45641e36\igdinfo64.dll
0x00007ff800b90000 - 0x00007ff803497000 	C:\WINDOWS\System32\DriverStore\FileRepository\iigd_dch.inf_amd64_d3bdee8c45641e36\igc64.dll

dbghelp: loaded successfully - version: 4.0.5 - missing functions: none
symbol engine: initialized successfully - sym options: 0x614 - pdb path: .;C:\Program Files\Java\jdk-17\bin;C:\WINDOWS\SYSTEM32;C:\WINDOWS\WinSxS\amd64_microsoft.windows.common-controls_6595b64144ccf1df_6.0.19041.1110_none_60b5254171f9507e;C:\WINDOWS\INCOPS3;C:\WINDOWS\pcdrm;C:\PAPERSECU;C:\Program Files\Java\jdk-17\bin\server;C:\Users\KYJ\.openjfx\cache\16;C:\WINDOWS\System32\DriverStore\FileRepository\iigd_dch.inf_amd64_d3bdee8c45641e36;C:\Program Files\Common Files\Microsoft Shared\Ink;C:\Windows\System32\IME\IMEKR;C:\Windows\System32\IME\shared

VM Arguments:
jvm_args: -Djava.net.preferIPv4Stack=true -XX:+ShowCodeDetailsInExceptionMessages -agentlib:jdwp=transport=dt_socket,suspend=y,address=localhost:58445 --module-path=C:\Program Files\Java\open-jdk-16-javafx --add-modules=ALL-MODULE-PATH -javaagent:C:\Users\KYJ\uml2-master2\eclipse\configuration\org.eclipse.osgi\1410\0\.cp\lib\javaagent-shaded.jar -Dfile.encoding=UTF-8 
java_command: com.kyj.fx.b.ETScriptHelper.MainApp
java_class_path (initial): C:\Users\KYJ\git\repository\ETScriptHelper\target\classes;C:\Users\KYJ\.p2\pool\plugins\org.junit.jupiter.api_5.7.1.v20210222-1948.jar;C:\Users\KYJ\.p2\pool\plugins\org.junit.jupiter.engine_5.7.1.v20210222-1948.jar;C:\Users\KYJ\.p2\pool\plugins\org.junit.jupiter.migrationsupport_5.7.1.v20210222-1948.jar;C:\Users\KYJ\.p2\pool\plugins\org.junit.jupiter.params_5.7.1.v20210222-1948.jar;C:\Users\KYJ\.p2\pool\plugins\org.junit.platform.commons_1.7.1.v20210222-1948.jar;C:\Users\KYJ\.p2\pool\plugins\org.junit.platform.engine_1.7.1.v20210222-1948.jar;C:\Users\KYJ\.p2\pool\plugins\org.junit.platform.launcher_1.7.1.v20210222-1948.jar;C:\Users\KYJ\.p2\pool\plugins\org.junit.platform.runner_1.7.1.v20210222-1948.jar;C:\Users\KYJ\.p2\pool\plugins\org.junit.platform.suite.api_1.7.1.v20210222-1948.jar;C:\Users\KYJ\.p2\pool\plugins\org.junit.vintage.engine_5.7.1.v20210222-1948.jar;C:\Users\KYJ\.p2\pool\plugins\org.opentest4j_1.2.0.v20190826-0900.jar;C:\Users\KYJ\.p2\pool\plugins\org.apiguardian_1.1.0.v20190826-0900.jar;C:\Users\KYJ\.p2\pool\plugins\org.junit_4.13.0.v20200204-1500.jar;C:\Users\KYJ\.p2\pool\plugins\org.hamcrest.core_1.3.0.v20180420-1519.jar;C:\Users\KYJ\.p2\pool\plugins\org.eclipse.fx.ide.css.jfx8_3.7.0.202010120832.jar;C:\Program Files\Java\javafx-sdk-17.0.1\lib\javafx.base.jar;C:\Program Files\Java\javafx-sdk-17.0.1\lib\javafx.controls.jar;C:\Program Files\Java\javafx-sdk-17.0.1\lib\javafx.fxml.jar;C:\Program Files\Java\javafx-sdk-17.0.1\lib\javafx.graphics.jar;C:\Program Files\Java\javafx-sdk-17.0.1\lib\javafx.media.jar;C:\Program Files\Java\javafx-sdk-17.0.1\lib\javafx.swing.jar;C:\Program Files\Java\javafx-sdk-17.0.1\lib\javafx.web.jar;C:\Program Files\Java\javafx-sdk-17.0.1\lib\javafx-swt.jar;C:\Users\KYJ\.m2\repository\org\slf4j\slf4j-api\1.7.20\slf4j-api-1.7.20.jar;C:\Users\KYJ\.m2\repository\ch\qos\logback\logback-classic\1.2.0\logback-classic-1.2.0.jar;C:\Users\KYJ\.m2\repository\ch\qos\logback\logback-core\1.2.0\logback-core-1.2.
Launcher Type: SUN_STANDARD

[Global flags]
     intx CICompilerCount                          = 4                                         {product} {ergonomic}
     uint ConcGCThreads                            = 2                                         {product} {ergonomic}
     uint G1ConcRefinementThreads                  = 8                                         {product} {ergonomic}
   size_t G1HeapRegionSize                         = 4194304                                   {product} {ergonomic}
    uintx GCDrainStackTargetSize                   = 64                                        {product} {ergonomic}
   size_t InitialHeapSize                          = 402653184                                 {product} {ergonomic}
   size_t MarkStackSize                            = 4194304                                   {product} {ergonomic}
   size_t MaxHeapSize                              = 6417285120                                {product} {ergonomic}
   size_t MaxNewSize                               = 3850371072                                {product} {ergonomic}
   size_t MinHeapDeltaBytes                        = 4194304                                   {product} {ergonomic}
   size_t MinHeapSize                              = 8388608                                   {product} {ergonomic}
    uintx NonNMethodCodeHeapSize                   = 5839372                                {pd product} {ergonomic}
    uintx NonProfiledCodeHeapSize                  = 122909434                              {pd product} {ergonomic}
    uintx ProfiledCodeHeapSize                     = 122909434                              {pd product} {ergonomic}
    uintx ReservedCodeCacheSize                    = 251658240                              {pd product} {ergonomic}
     bool SegmentedCodeCache                       = true                                      {product} {ergonomic}
     bool ShowCodeDetailsInExceptionMessages       = true                                   {manageable} {command line}
   size_t SoftMaxHeapSize                          = 6417285120                             {manageable} {ergonomic}
     bool UseCompressedClassPointers               = true                           {product lp64_product} {ergonomic}
     bool UseCompressedOops                        = true                           {product lp64_product} {ergonomic}
     bool UseG1GC                                  = true                                      {product} {ergonomic}
     bool UseLargePagesIndividualAllocation        = false                                  {pd product} {ergonomic}

Logging:
Log output configuration:
 #0: stdout all=warning uptime,level,tags
 #1: stderr all=off uptime,level,tags

Environment Variables:
JAVA_HOME=C:\Program Files\Java\jdk-17
JAVA_TOOL_OPTIONS=-Djava.net.preferIPv4Stack=true
PATH=C:\Program Files (x86)\ImageMagick-7.0.8-Q8;C:\Program Files (x86)\Intel\Intel(R) Management Engine Components\iCLS\;C:\Program Files\Intel\Intel(R) Management Engine Components\iCLS\;C:\Windows\system32;C:\Windows;C:\Windows\System32\Wbem;C:\Windows\System32\WindowsPowerShell\v1.0\;C:\Windows\System32\OpenSSH\;C:\Program Files (x86)\NVIDIA Corporation\PhysX\Common;C:\Program Files\NVIDIA Corporation\NVIDIA NvDLISR;C:\Program Files (x86)\Intel\Intel(R) Management Engine Components\DAL;C:\Program Files\Intel\Intel(R) Management Engine Components\DAL;C:\Program Files\dotnet\;C:\Program Files\Microsoft SQL Server\130\Tools\Binn\;C:\Program Files\Java\jdk-17\bin;C:\Users\KYJ\apache-maven-3.8.3\bin;C:\Program Files (x86)\Inno Setup 5;C:\Program Files (x86)\Microsoft SQL Server\Client SDK\ODBC\130\Tools\Binn\;C:\Program Files (x86)\Microsoft SQL Server\140\Tools\Binn\;C:\Program Files (x86)\Microsoft SQL Server\140\DTS\Binn\;C:\Program Files (x86)\Microsoft SQL Server\140\Tools\Binn\ManagementStudio\;C:\Program Files\TortoiseSVN\bin;C:\WINDOWS\system32;C:\WINDOWS;C:\WINDOWS\System32\Wbem;C:\WINDOWS\System32\WindowsPowerShell\v1.0\;C:\WINDOWS\System32\OpenSSH\;C:\Program Files\WinMerge;D:\Bitnami\redmine-3.4.6-2\ruby\bin;C:\Windows\Microsoft.NET\Framework\v4.0.30319;C:\Go\bin;C:\Users\KYJ\gradle-6.0.1-bin\gradle-6.0.1\bin;C:\Program Files (x86)\Log Parser 2.2;C:\Users\KYJ\tcping;C:\Program Files\nodejs\;C:\Users\KYJ\AppData\Local\Programs\Python\Python38-32\Scripts;C:\Users\KYJ\AppData\Local\Android\Sdk\platform-tools;C:\Program Files\Tesseract-OCR;C:\Users\KYJ\Perl\Strawberry\c\bin;C:\Users\KYJ\Perl\Strawberry\perl\site\bin;C:\Users\KYJ\Perl\Strawberry\perl\bin;C:\Users\KYJ\apache-ant-1.10.8\apache-ant-1.10.8\bin;C:\Program Files\PostgreSQL\12\bin;C:\Program Files\Docker\Docker\resources\bin;C:\ProgramData\DockerDesktop\version-bin;C:\Program Files\TortoiseGit\bin;C:\Program Files (x86)\Microsoft SQL Server\150\DTS\Binn\;C:\Program Files\Azure Data Studio\bin;C:\Users\K
USERNAME=KYJ
OS=Windows_NT
PROCESSOR_IDENTIFIER=Intel64 Family 6 Model 142 Stepping 11, GenuineIntel



---------------  S Y S T E M  ---------------

OS:
 Windows 10 , 64 bit Build 19041 (10.0.19041.1348)
OS uptime: 7 days 9:26 hours
Hyper-V role detected

CPU: total 8 (initial active 8) (4 cores per cpu, 2 threads per core) family 6 model 142 stepping 11 microcode 0xae, cx8, cmov, fxsr, ht, mmx, 3dnowpref, sse, sse2, sse3, ssse3, sse4.1, sse4.2, popcnt, lzcnt, tsc, tscinvbit, avx, avx2, aes, erms, clmul, bmi1, bmi2, adx, fma, vzeroupper, clflush, clflushopt, hv

Memory: 4k page, system-wide physical 24467M (12170M free)
TotalPageFile size 28051M (AvailPageFile size 5638M)
current process WorkingSet (physical memory assigned to process): 237M, peak: 357M
current process commit charge ("private bytes"): 284M, peak: 688M

vm_info: OpenJDK 64-Bit Server VM (17+35-2724) for windows-amd64 JRE (17+35-2724), built on Aug  5 2021 23:26:02 by "mach5one" with MS VC++ 16.8 (VS2019)

END.
