#
# A fatal error has been detected by the Java Runtime Environment:
#
#  EXCEPTION_ACCESS_VIOLATION (0xc0000005) at pc=0x00007ff92d4dbeca, pid=14796, tid=4192
#
# JRE version: OpenJDK Runtime Environment (17.0+35) (build 17+35-2724)
# Java VM: OpenJDK 64-Bit Server VM (17+35-2724, mixed mode, sharing, tiered, compressed oops, compressed class ptrs, g1 gc, windows-amd64)
# Problematic frame:
# V  [jvm.dll+0x73beca]
#
# No core dump will be written. Minidumps are not enabled by default on client versions of Windows
#
# If you would like to submit a bug report, please visit:
#   https://bugreport.java.com/bugreport/crash.jsp
#

---------------  S U M M A R Y ------------

Command Line: -Djava.net.preferIPv4Stack=true -XX:+ShowCodeDetailsInExceptionMessages -agentlib:jdwp=transport=dt_socket,suspend=y,address=localhost:63564 --module-path=C:\Program Files\Java\open-jdk-16-javafx --add-modules=ALL-MODULE-PATH -javaagent:C:\Users\KYJ\uml2-master2\eclipse\configuration\org.eclipse.osgi\1410\0\.cp\lib\javaagent-shaded.jar -Dfile.encoding=UTF-8 com.kyj.fx.b.ETScriptHelper.MainApp

Host: Intel(R) Core(TM) i7-8565U CPU @ 1.80GHz, 8 cores, 23G,  Windows 10 , 64 bit Build 19041 (10.0.19041.1348)
Time: Thu Dec  9 17:23:33 2021  Windows 10 , 64 bit Build 19041 (10.0.19041.1348) elapsed time: 1335.705012 seconds (0d 0h 22m 15s)

---------------  T H R E A D  ---------------

Current thread (0x0000012fb1ef4c00):  JavaThread "JDWP Transport Listener: dt_socket" daemon [_thread_in_vm, id=4192, stack(0x0000000c4d500000,0x0000000c4d600000)]

Stack: [0x0000000c4d500000,0x0000000c4d600000],  sp=0x0000000c4d5ff610,  free space=1021k
Native frames: (J=compiled Java code, j=interpreted, Vv=VM code, C=native code)
V  [jvm.dll+0x73beca]
V  [jvm.dll+0x50476c]
V  [jvm.dll+0x4d0084]
C  [jdwp.dll+0x22e9f]


siginfo: EXCEPTION_ACCESS_VIOLATION (0xc0000005), reading address 0x0000000000000182


Register to memory mapping:

RIP=0x00007ff92d4dbeca jvm.dll
RAX=0x000000000000017f is an unknown value
RBX=0x0000012f890fa38d points into unknown readable memory: 6c 65 2f
RCX=0x000000000000017e is an unknown value
RDX=0x0000012fc311be40 points into unknown readable memory: 0x6a796b2f6d6f634c | 4c 63 6f 6d 2f 6b 79 6a
RSP=0x0000000c4d5ff610 is pointing into the stack for thread: 0x0000012fb1ef4c00
RBP=0x0000012fb1eae8f0 points into unknown readable memory: 0x4e4f435f00000002 | 02 00 00 00 5f 43 4f 4e
RSI=0x0 is NULL
RDI=0xffffffffffffffff is an unknown value
R8 =0x0000000000000021 is an unknown value
R9 =0x0000000000000040 is an unknown value
R10=0x0 is NULL
R11=0x0000000c4d5ff630 is pointing into the stack for thread: 0x0000012fb1ef4c00
R12=0x0000000c4d5ff768 is pointing into the stack for thread: 0x0000012fb1ef4c00
R13=0x0 is NULL
R14=0x0000000800ec0000 is a pointer to class: 
com.kyj.fx.b.ETScriptHelper.actions.ec.ec.rule.EquipmentClassRuleComposite {0x0000000800ec0008}
 - instance size:     83
 - klass size:        304
 - access:            public synchronized 
 - state:             fully_initialized
 - name:              'com/kyj/fx/b/ETScriptHelper/actions/ec/ec/rule/EquipmentClassRuleComposite'
 - super:             'com/kyj/fx/b/ETScriptHelper/actions/comm/core/AbstractManagementBorderPane'
 - sub:               
 - arrays:            NULL
 - methods:           Array<T>(0x0000012fc9a92d18)
 - method ordering:   Array<T>(0x0000012fc9a93ac0)
 - default_methods:   Array<T>(0x0000012fc18fd9d8)
 - default vtable indices:   Array<T>(0x0000012fc18fd9f8)
 - local interfaces:  Array<T>(0x0000012fc18fcac8)
 - trans. interfaces: Array<T>(0x0000012fc18fd968)
 - constants:         constant pool [419]/operands[21] {0x0000012fc9a95ae0} for 'com/kyj/fx/b/ETScriptHelper/actions/ec/ec/rule/EquipmentClassRuleComposite' cache=0x0000012fc9a96980
 - class loader data:  loader data: 0x0000012fb117bac0 for instance a 'jdk/internal/loader/ClassLoaders$AppClassLoader'{0x000000068197f058}
 - source file:       'EquipmentClassRuleComposite.java'
 - source debug extension:       SMAP
EquipmentClassRuleComposite.java
Java
*S jdt
*F
1 EquipmentClassRuleComposite.java
2 file:/C:/Users/KYJ/git/repository/ETScriptHelper/target/classes/
*L
*E

 - class annotations:       Array<T>(0x0000000000000000)
 - class type annotations:  Array<T>(0x0000000000000000)
 - field annotations:       Array<T>(0x0000012fc9a8df58)
 - field type annotations:  Array<T>(0x0000000000000000)
 - previous version:  constant pool [409]/operands[21] {0x0000012fc99e4988} for 'com/kyj/fx/b/ETScriptHelper/actions/ec/ec/rule/EquipmentClassRuleComposite' (extra) cache=0x0000012fc99e7648
 - generic signature: '
[error occurred during error reporting (printing register info), id 0xc0000005, EXCEPTION_ACCESS_VIOLATION (0xc0000005) at pc=0x00007ff92d4dcad6]

Registers:
RAX=0x000000000000017f, RBX=0x0000012f890fa38d, RCX=0x000000000000017e, RDX=0x0000012fc311be40
RSP=0x0000000c4d5ff610, RBP=0x0000012fb1eae8f0, RSI=0x0000000000000000, RDI=0xffffffffffffffff
R8 =0x0000000000000021, R9 =0x0000000000000040, R10=0x0000000000000000, R11=0x0000000c4d5ff630
R12=0x0000000c4d5ff768, R13=0x0000000000000000, R14=0x0000000800ec0000, R15=0x0000000c4d5ff7b8
RIP=0x00007ff92d4dbeca, EFLAGS=0x0000000000010202

Top of Stack: (sp=0x0000000c4d5ff610)
0x0000000c4d5ff610:   000000000000004a 0000000800ec0000
0x0000000c4d5ff620:   0000012fb1ef4c00 0000000000000000
0x0000000c4d5ff630:   ffffffffffffffff 00007ff92d2a476c
0x0000000c4d5ff640:   0000012f890fa38d 0000012f890fa340
0x0000000c4d5ff650:   0000012fb1eae8f0 0000012fba85c370
0x0000000c4d5ff660:   0000012f890fa2e0 00000000000003d8
0x0000000c4d5ff670:   0000012f890fa2f0 0000012f890fa6c8
0x0000000c4d5ff680:   0000000000000002 0000000c4d5ff768
0x0000000c4d5ff690:   0000000000000000 0000000000000000
0x0000000c4d5ff6a0:   00000006826ff378 00007ff92d270084
0x0000000c4d5ff6b0:   0000012fb1ef4c00 0000000c4d5ff7b8
0x0000000c4d5ff6c0:   0000012f86408260 0000000c4d5ff7b8
0x0000000c4d5ff6d0:   0000012fb1ef4c00 0000000000000000
0x0000000c4d5ff6e0:   0000012f00000000 0000000000000000
0x0000000c4d5ff6f0:   000000000000000d 00007ff98e612e9f
0x0000000c4d5ff700:   0000000c4d5ff7b0 00007ff98e621830 

Instructions: (pc=0x00007ff92d4dbeca)
0x00007ff92d4dbdca:   48 83 c4 20 5f e9 fc 87 96 ff cc cc cc cc cc cc
0x00007ff92d4dbdda:   cc cc cc cc cc cc 48 89 5c 24 08 57 48 83 ec 20
0x00007ff92d4dbdea:   83 fa 02 8d 42 06 b9 08 00 00 00 49 8b d8 0f 4e
0x00007ff92d4dbdfa:   c1 48 63 c8 48 83 c1 07 83 e1 f8 48 63 f9 49 8b
0x00007ff92d4dbe0a:   48 18 48 8b c7 48 f7 d0 48 3b c1 73 16 4c 8d 05
0x00007ff92d4dbe1a:   8a 48 17 00 48 8b d7 48 8b cb e8 07 eb 96 ff 48
0x00007ff92d4dbe2a:   8b 4b 18 48 8d 04 39 48 3b 43 20 76 18 45 33 c0
0x00007ff92d4dbe3a:   48 8b d7 48 8b cb 48 8b 5c 24 30 48 83 c4 20 5f
0x00007ff92d4dbe4a:   e9 61 e7 96 ff 48 89 43 18 48 8b c1 48 8b 5c 24
0x00007ff92d4dbe5a:   30 48 83 c4 20 5f c3 cc cc cc cc cc cc cc cc cc
0x00007ff92d4dbe6a:   cc cc cc cc cc cc 4c 8b d2 4c 8b d9 45 85 c0 7e
0x00007ff92d4dbe7a:   3c 44 0f b7 49 04 41 8d 40 ff 41 3b c1 44 0f 4c
0x00007ff92d4dbe8a:   c8 4d 63 c1 45 85 c9 7e 1f 48 8b c2 4c 2b da 49
0x00007ff92d4dbe9a:   8b d0 0f 1f 40 00 41 0f b6 4c 03 06 88 08 48 8d
0x00007ff92d4dbeaa:   40 01 48 83 ea 01 75 ee 43 c6 04 10 00 49 8b c2
0x00007ff92d4dbeba:   c3 cc cc cc cc cc 48 89 5c 24 08 57 48 83 ec 20
0x00007ff92d4dbeca:   0f b7 59 04 48 8b f9 33 d2 48 8d 4b 01 e8 14 9b
0x00007ff92d4dbeda:   f8 ff 0f b7 57 04 4c 8b c0 3b da 0f 42 d3 44 8b
0x00007ff92d4dbeea:   ca 85 d2 74 39 48 2b f8 0f 1f 40 00 66 66 0f 1f
0x00007ff92d4dbefa:   84 00 00 00 00 00 0f b6 4c 07 06 88 08 48 ff c0
0x00007ff92d4dbf0a:   48 8b c8 49 2b c8 49 3b c9 7c eb 42 c6 04 02 00
0x00007ff92d4dbf1a:   49 8b c0 48 8b 5c 24 30 48 83 c4 20 5f c3 48 8b
0x00007ff92d4dbf2a:   5c 24 30 c6 04 02 00 48 83 c4 20 5f c3 cc cc cc
0x00007ff92d4dbf3a:   cc cc cc cc cc cc 4c 8b d1 45 85 c0 7e 6c 44 0f
0x00007ff92d4dbf4a:   b7 49 04 41 8d 40 ff 41 3b c1 44 0f 4c c8 4d 63
0x00007ff92d4dbf5a:   d9 45 85 c9 7e 22 48 8b ca 4c 2b d2 4d 8b c3 0f
0x00007ff92d4dbf6a:   1f 80 00 00 00 00 41 0f b6 44 0a 06 88 01 48 8d
0x00007ff92d4dbf7a:   49 01 49 83 e8 01 75 ee 41 c6 04 13 00 48 c7 c0
0x00007ff92d4dbf8a:   ff ff ff ff 66 90 48 ff c0 80 3c 02 00 75 f7 48
0x00007ff92d4dbf9a:   63 c8 85 c0 48 8b c2 7e 14 80 38 2f 75 03 c6 00
0x00007ff92d4dbfaa:   2e 48 ff c0 48 83 e9 01 75 ef 48 8b c2 c3 cc cc
0x00007ff92d4dbfba:   cc cc cc cc cc cc 48 83 ec 28 e8 f7 fe ff ff 4c 


Stack slot to memory mapping:
stack at sp + 0 slots: 0x000000000000004a is an unknown value
stack at sp + 1 slots: 0x0000000800ec0000 is a pointer to class: 
com.kyj.fx.b.ETScriptHelper.actions.ec.ec.rule.EquipmentClassRuleComposite {0x0000000800ec0008}
 - instance size:     83
 - klass size:        304
 - access:            public synchronized 
 - state:             fully_initialized
 - name:              'com/kyj/fx/b/ETScriptHelper/actions/ec/ec/rule/EquipmentClassRuleComposite'
 - super:             'com/kyj/fx/b/ETScriptHelper/actions/comm/core/AbstractManagementBorderPane'
 - sub:               
 - arrays:            NULL
 - methods:           Array<T>(0x0000012fc9a92d18)
 - method ordering:   Array<T>(0x0000012fc9a93ac0)
 - default_methods:   Array<T>(0x0000012fc18fd9d8)
 - default vtable indices:   Array<T>(0x0000012fc18fd9f8)
 - local interfaces:  Array<T>(0x0000012fc18fcac8)
 - trans. interfaces: Array<T>(0x0000012fc18fd968)
 - constants:         constant pool [419]/operands[21] {0x0000012fc9a95ae0} for 'com/kyj/fx/b/ETScriptHelper/actions/ec/ec/rule/EquipmentClassRuleComposite' cache=0x0000012fc9a96980
 - class loader data:  loader data: 0x0000012fb117bac0 for instance a 'jdk/internal/loader/ClassLoaders$AppClassLoader'{0x000000068197f058}
 - source file:       'EquipmentClassRuleComposite.java'
 - source debug extension:       SMAP
EquipmentClassRuleComposite.java
Java
*S jdt
*F
1 EquipmentClassRuleComposite.java
2 file:/C:/Users/KYJ/git/repository/ETScriptHelper/target/classes/
*L
*E

 - class annotations:       Array<T>(0x0000000000000000)
 - class type annotations:  Array<T>(0x0000000000000000)
 - field annotations:       Array<T>(0x0000012fc9a8df58)
 - field type annotations:  Array<T>(0x0000000000000000)
 - previous version:  constant pool [409]/operands[21] {0x0000012fc99e4988} for 'com/kyj/fx/b/ETScriptHelper/actions/ec/ec/rule/EquipmentClassRuleComposite' (extra) cache=0x0000012fc99e7648
 - generic signature: '
[error occurred during error reporting (inspecting top of stack), id 0xc0000005, EXCEPTION_ACCESS_VIOLATION (0xc0000005) at pc=0x00007ff92d4dcad6]


---------------  P R O C E S S  ---------------

Threads class SMR info:
_java_thread_list=0x0000012fc49001a0, length=23, elements={
0x0000012f896f64d0, 0x0000012f890c9e30, 0x0000012f890cb180, 0x0000012f890e2480,
0x0000012f890e4040, 0x0000012f890e5390, 0x0000012f890ec590, 0x0000012f896fbcd0,
0x0000012f896fb2b0, 0x0000012f891176b0, 0x0000012fb1137340, 0x0000012fb1ef4c00,
0x0000012fb1fe3cb0, 0x0000012fb1380c30, 0x0000012fb1eb2920, 0x0000012fb2448850,
0x0000012fb28144b0, 0x0000012fb28063c0, 0x0000012fb2aa7d30, 0x0000012fb32e3af0,
0x0000012fb3291250, 0x0000012fb328f570, 0x0000012fb1281390
}

Java Threads: ( => current thread )
  0x0000012f896f64d0 JavaThread "main" [_thread_blocked, id=23824, stack(0x0000000c4c200000,0x0000000c4c300000)]
  0x0000012f890c9e30 JavaThread "Reference Handler" daemon [_thread_blocked, id=21656, stack(0x0000000c4c900000,0x0000000c4ca00000)]
  0x0000012f890cb180 JavaThread "Finalizer" daemon [_thread_blocked, id=12704, stack(0x0000000c4ca00000,0x0000000c4cb00000)]
  0x0000012f890e2480 JavaThread "Signal Dispatcher" daemon [_thread_blocked, id=24320, stack(0x0000000c4cb00000,0x0000000c4cc00000)]
  0x0000012f890e4040 JavaThread "Attach Listener" daemon [_thread_blocked, id=22576, stack(0x0000000c4cc00000,0x0000000c4cd00000)]
  0x0000012f890e5390 JavaThread "Service Thread" daemon [_thread_blocked, id=22248, stack(0x0000000c4cd00000,0x0000000c4ce00000)]
  0x0000012f890ec590 JavaThread "Monitor Deflation Thread" daemon [_thread_blocked, id=23160, stack(0x0000000c4ce00000,0x0000000c4cf00000)]
  0x0000012f896fbcd0 JavaThread "C2 CompilerThread0" daemon [_thread_blocked, id=21920, stack(0x0000000c4cf00000,0x0000000c4d000000)]
  0x0000012f896fb2b0 JavaThread "C1 CompilerThread0" daemon [_thread_blocked, id=17360, stack(0x0000000c4d000000,0x0000000c4d100000)]
  0x0000012f891176b0 JavaThread "Sweeper thread" daemon [_thread_blocked, id=23468, stack(0x0000000c4d100000,0x0000000c4d200000)]
  0x0000012fb1137340 JavaThread "Common-Cleaner" daemon [_thread_blocked, id=1292, stack(0x0000000c4d200000,0x0000000c4d300000)]
=>0x0000012fb1ef4c00 JavaThread "JDWP Transport Listener: dt_socket" daemon [_thread_in_vm, id=4192, stack(0x0000000c4d500000,0x0000000c4d600000)]
  0x0000012fb1fe3cb0 JavaThread "JDWP Event Helper Thread" daemon [_thread_blocked, id=21728, stack(0x0000000c4d600000,0x0000000c4d700000)]
  0x0000012fb1380c30 JavaThread "JDWP Command Reader" daemon [_thread_in_native, id=6064, stack(0x0000000c4d700000,0x0000000c4d800000)]
  0x0000012fb1eb2920 JavaThread "Notification Thread" daemon [_thread_blocked, id=17592, stack(0x0000000c4d800000,0x0000000c4d900000)]
  0x0000012fb2448850 JavaThread "QuantumRenderer-0" daemon [_thread_blocked, id=9172, stack(0x0000000c4d300000,0x0000000c4d400000)]
  0x0000012fb28144b0 JavaThread "InvokeLaterDispatcher" daemon [_thread_blocked, id=17840, stack(0x0000000c4d400000,0x0000000c4d500000)]
  0x0000012fb28063c0 JavaThread "JavaFX Application Thread" [_thread_blocked, id=22856, stack(0x0000000c4e100000,0x0000000c4e200000)]
  0x0000012fb2aa7d30 JavaThread "Thread-1" daemon [_thread_in_native, id=24416, stack(0x0000000c4e500000,0x0000000c4e600000)]
  0x0000012fb32e3af0 JavaThread "JavaFX-Launcher" [_thread_blocked, id=21724, stack(0x0000000c4e800000,0x0000000c4e900000)]
  0x0000012fb3291250 JavaThread "Prism Font Disposer" daemon [_thread_blocked, id=6964, stack(0x0000000c4ec00000,0x0000000c4ed00000)]
  0x0000012fb328f570 JavaThread "PoolCleaner[317574433:1639036881782]" daemon [_thread_blocked, id=23592, stack(0x0000000c4ee00000,0x0000000c4ef00000)]
  0x0000012fb1281390 JavaThread "Cleaner-0" daemon [_thread_blocked, id=22256, stack(0x0000000c4f000000,0x0000000c4f100000)]

Other Threads:
  0x0000012f890c4ea0 VMThread "VM Thread" [stack: 0x0000000c4c800000,0x0000000c4c900000] [id=19604]
  0x0000012f863c8d30 WatcherThread [stack: 0x0000000c4d900000,0x0000000c4da00000] [id=3532]
  0x0000012f88f7c610 GCTaskThread "GC Thread#0" [stack: 0x0000000c4c300000,0x0000000c4c400000] [id=17740]
  0x0000012fb24b93d0 GCTaskThread "GC Thread#1" [stack: 0x0000000c4da00000,0x0000000c4db00000] [id=7388]
  0x0000012fb2481ee0 GCTaskThread "GC Thread#2" [stack: 0x0000000c4db00000,0x0000000c4dc00000] [id=11216]
  0x0000012fb2482190 GCTaskThread "GC Thread#3" [stack: 0x0000000c4dc00000,0x0000000c4dd00000] [id=23892]
  0x0000012fb246f030 GCTaskThread "GC Thread#4" [stack: 0x0000000c4dd00000,0x0000000c4de00000] [id=17572]
  0x0000012fb246f2e0 GCTaskThread "GC Thread#5" [stack: 0x0000000c4de00000,0x0000000c4df00000] [id=13812]
  0x0000012fb2281950 GCTaskThread "GC Thread#6" [stack: 0x0000000c4df00000,0x0000000c4e000000] [id=24524]
  0x0000012fb24e96b0 GCTaskThread "GC Thread#7" [stack: 0x0000000c4e000000,0x0000000c4e100000] [id=11392]
  0x0000012f88f80b40 ConcurrentGCThread "G1 Main Marker" [stack: 0x0000000c4c400000,0x0000000c4c500000] [id=11188]
  0x0000012f88f81300 ConcurrentGCThread "G1 Conc#0" [stack: 0x0000000c4c500000,0x0000000c4c600000] [id=6828]
  0x0000012fb89c2490 ConcurrentGCThread "G1 Conc#1" [stack: 0x0000000c4ed00000,0x0000000c4ee00000] [id=5108]
  0x0000012f88ffcb80 ConcurrentGCThread "G1 Refine#0" [stack: 0x0000000c4c600000,0x0000000c4c700000] [id=24328]
  0x0000012fb8b00bc0 ConcurrentGCThread "G1 Refine#1" [stack: 0x0000000c4f100000,0x0000000c4f200000] [id=20892]
  0x0000012f88ffe260 ConcurrentGCThread "G1 Service" [stack: 0x0000000c4c700000,0x0000000c4c800000] [id=23604]

Threads with active compile tasks:

VM state: not at safepoint (normal execution)

VM Mutex/Monitor currently owned by a thread: None

Heap address: 0x0000000681800000, size: 6120 MB, Compressed Oops mode: Zero based, Oop shift amount: 3

CDS archive(s) mapped at: [0x0000000800000000-0x0000000800bc0000-0x0000000800bc0000), size 12320768, SharedBaseAddress: 0x0000000800000000, ArchiveRelocationMode: 0.
Compressed class space mapped at: 0x0000000800c00000-0x0000000840c00000, reserved size: 1073741824
Narrow klass base: 0x0000000800000000, Narrow klass shift: 0, Narrow klass range: 0x100000000

GC Precious Log:
 CPUs: 8 total, 8 available
 Memory: 24467M
 Large Page Support: Disabled
 NUMA Support: Disabled
 Compressed Oops: Enabled (Zero based)
 Heap Region Size: 4M
 Heap Min Capacity: 8M
 Heap Initial Capacity: 384M
 Heap Max Capacity: 6120M
 Pre-touch: Disabled
 Parallel Workers: 8
 Concurrent Workers: 2
 Concurrent Refinement Workers: 8
 Periodic GC: Disabled

Heap:
 garbage-first heap   total 139264K, used 71016K [0x0000000681800000, 0x0000000800000000)
  region size 4096K, 8 young (32768K), 2 survivors (8192K)
 Metaspace       used 40689K, committed 40960K, reserved 1089536K
  class space    used 5233K, committed 5376K, reserved 1048576K

Heap Regions: E=young(eden), S=young(survivor), O=old, HS=humongous(starts), HC=humongous(continues), CS=collection set, F=free, OA=open archive, CA=closed archive, TAMS=top-at-mark-start (previous, next)
|   0|0x0000000681800000, 0x0000000681c00000, 0x0000000681c00000|100%| O|  |TAMS 0x0000000681c00000, 0x0000000681800000| Untracked 
|   1|0x0000000681c00000, 0x0000000682000000, 0x0000000682000000|100%| O|  |TAMS 0x0000000682000000, 0x0000000681c00000| Untracked 
|   2|0x0000000682000000, 0x0000000682400000, 0x0000000682400000|100%| O|  |TAMS 0x0000000682400000, 0x0000000682000000| Untracked 
|   3|0x0000000682400000, 0x0000000682800000, 0x0000000682800000|100%| O|  |TAMS 0x0000000682800000, 0x0000000682400000| Untracked 
|   4|0x0000000682800000, 0x0000000682c00000, 0x0000000682c00000|100%| O|  |TAMS 0x0000000682c00000, 0x0000000682800000| Untracked 
|   5|0x0000000682c00000, 0x0000000683000000, 0x0000000683000000|100%| O|  |TAMS 0x0000000683000000, 0x0000000682c00000| Untracked 
|   6|0x0000000683000000, 0x0000000683055000, 0x0000000683400000|  8%| O|  |TAMS 0x0000000683055000, 0x0000000683000000| Untracked 
|   7|0x0000000683400000, 0x0000000683800000, 0x0000000683800000|100%| O|  |TAMS 0x0000000683800000, 0x0000000683400000| Untracked 
|   8|0x0000000683800000, 0x0000000683c00000, 0x0000000683c00000|100%| O|  |TAMS 0x0000000683800000, 0x0000000683800000| Untracked 
|   9|0x0000000683c00000, 0x0000000684000000, 0x0000000684000000|100%| O|  |TAMS 0x0000000683c00000, 0x0000000683c00000| Untracked 
|  10|0x0000000684000000, 0x0000000684400000, 0x0000000684400000|100%| O|  |TAMS 0x0000000684000000, 0x0000000684000000| Untracked 
|  11|0x0000000684400000, 0x000000068444aa00, 0x0000000684800000|  7%| O|  |TAMS 0x0000000684400000, 0x0000000684400000| Untracked 
|  12|0x0000000684800000, 0x0000000684800000, 0x0000000684c00000|  0%| F|  |TAMS 0x0000000684800000, 0x0000000684800000| Untracked 
|  13|0x0000000684c00000, 0x0000000684c00000, 0x0000000685000000|  0%| F|  |TAMS 0x0000000684c00000, 0x0000000684c00000| Untracked 
|  14|0x0000000685000000, 0x0000000685400000, 0x0000000685400000|100%| O|  |TAMS 0x0000000685000000, 0x0000000685000000| Untracked 
|  15|0x0000000685400000, 0x0000000685400000, 0x0000000685800000|  0%| F|  |TAMS 0x0000000685400000, 0x0000000685400000| Untracked 
|  16|0x0000000685800000, 0x0000000685800000, 0x0000000685c00000|  0%| F|  |TAMS 0x0000000685800000, 0x0000000685800000| Untracked 
|  17|0x0000000685c00000, 0x0000000685cba780, 0x0000000686000000| 18%| S|CS|TAMS 0x0000000685c00000, 0x0000000685c00000| Complete 
|  18|0x0000000686000000, 0x0000000686400000, 0x0000000686400000|100%| S|CS|TAMS 0x0000000686000000, 0x0000000686000000| Complete 
|  19|0x0000000686400000, 0x0000000686400000, 0x0000000686800000|  0%| F|  |TAMS 0x0000000686400000, 0x0000000686400000| Untracked 
|  20|0x0000000686800000, 0x0000000686800000, 0x0000000686c00000|  0%| F|  |TAMS 0x0000000686800000, 0x0000000686800000| Untracked 
|  21|0x0000000686c00000, 0x0000000686c00000, 0x0000000687000000|  0%| F|  |TAMS 0x0000000686c00000, 0x0000000686c00000| Untracked 
|  22|0x0000000687000000, 0x0000000687000000, 0x0000000687400000|  0%| F|  |TAMS 0x0000000687000000, 0x0000000687000000| Untracked 
|  23|0x0000000687400000, 0x0000000687400000, 0x0000000687800000|  0%| F|  |TAMS 0x0000000687400000, 0x0000000687400000| Untracked 
|  24|0x0000000687800000, 0x0000000687800000, 0x0000000687c00000|  0%| F|  |TAMS 0x0000000687800000, 0x0000000687800000| Untracked 
|  25|0x0000000687c00000, 0x0000000687c00000, 0x0000000688000000|  0%| F|  |TAMS 0x0000000687c00000, 0x0000000687c00000| Untracked 
|  26|0x0000000688000000, 0x0000000688000000, 0x0000000688400000|  0%| F|  |TAMS 0x0000000688000000, 0x0000000688000000| Untracked 
|  27|0x0000000688400000, 0x0000000688400000, 0x0000000688800000|  0%| F|  |TAMS 0x0000000688400000, 0x0000000688400000| Untracked 
|  28|0x0000000688800000, 0x0000000688a9a810, 0x0000000688c00000| 65%| E|  |TAMS 0x0000000688800000, 0x0000000688800000| Complete 
|  29|0x0000000688c00000, 0x0000000689000000, 0x0000000689000000|100%| E|CS|TAMS 0x0000000688c00000, 0x0000000688c00000| Complete 
|  30|0x0000000689000000, 0x0000000689400000, 0x0000000689400000|100%| E|CS|TAMS 0x0000000689000000, 0x0000000689000000| Complete 
|  31|0x0000000689400000, 0x0000000689800000, 0x0000000689800000|100%| E|CS|TAMS 0x0000000689400000, 0x0000000689400000| Complete 
|  53|0x000000068ec00000, 0x000000068f000000, 0x000000068f000000|100%| E|CS|TAMS 0x000000068ec00000, 0x000000068ec00000| Complete 
|  95|0x0000000699400000, 0x0000000699800000, 0x0000000699800000|100%| E|CS|TAMS 0x0000000699400000, 0x0000000699400000| Complete 

Card table byte_map: [0x0000012fa0fa0000,0x0000012fa1ba0000] _byte_map_base: 0x0000012f9db94000

Marking Bits (Prev, Next): (CMBitMap*) 0x0000012f88f7cac0, (CMBitMap*) 0x0000012f88f7cb00
 Prev Bits: [0x0000012fa27a0000, 0x0000012fa8740000)
 Next Bits: [0x0000012fa8740000, 0x0000012fae6e0000)

Polling page: 0x0000012f88e30000

Metaspace:

Usage:
  Non-class:     34.62 MB used.
      Class:      5.11 MB used.
       Both:     39.74 MB used.

Virtual space:
  Non-class space:       40.00 MB reserved,      34.75 MB ( 87%) committed,  5 nodes.
      Class space:        1.00 GB reserved,       5.25 MB ( <1%) committed,  1 nodes.
             Both:        1.04 GB reserved,      40.00 MB (  4%) committed. 

Chunk freelists:
   Non-Class:  384.00 KB
       Class:  2.69 MB
        Both:  3.06 MB

MaxMetaspaceSize: unlimited
CompressedClassSpaceSize: 1.00 GB
Initial GC threshold: 21.00 MB
Current GC threshold: 58.88 MB
CDS: on
MetaspaceReclaimPolicy: balanced
 - commit_granule_bytes: 65536.
 - commit_granule_words: 8192.
 - virtual_space_node_default_size: 1048576.
 - enlarge_chunks_in_place: 1.
 - new_chunks_are_fully_committed: 0.
 - uncommit_free_chunks: 1.
 - use_allocation_guard: 0.
 - handle_deallocations: 1.


Internal statistics:

num_allocs_failed_limit: 6.
num_arena_births: 398.
num_arena_deaths: 0.
num_vsnodes_births: 6.
num_vsnodes_deaths: 0.
num_space_committed: 640.
num_space_uncommitted: 0.
num_chunks_returned_to_freelist: 6.
num_chunks_taken_from_freelist: 1651.
num_chunk_merges: 3.
num_chunk_splits: 1149.
num_chunks_enlarged: 869.
num_purges: 0.
num_inconsistent_stats: 0.

CodeHeap 'non-profiled nmethods': size=120000Kb used=9695Kb max_used=9695Kb free=110304Kb
 bounds [0x0000012f98920000, 0x0000012f992a0000, 0x0000012f9fe50000]
CodeHeap 'profiled nmethods': size=120000Kb used=16557Kb max_used=16642Kb free=103442Kb
 bounds [0x0000012f913f0000, 0x0000012f92460000, 0x0000012f98920000]
CodeHeap 'non-nmethods': size=5760Kb used=1625Kb max_used=1754Kb free=4134Kb
 bounds [0x0000012f90e50000, 0x0000012f910c0000, 0x0000012f913f0000]
 total_blobs=9054 nmethods=8114 adapters=851
 compilation: enabled
              stopped_count=0, restarted_count=0
 full_count=0

Compilation events (20 events):
Event: 1325.498 Thread 0x0000012f896fb2b0 nmethod 10682 0x0000012f9150b590 code [0x0000012f9150b740, 0x0000012f9150b928]
Event: 1325.504 Thread 0x0000012f896fbcd0 nmethod 10679 0x0000012f99284c10 code [0x0000012f99284da0, 0x0000012f99285498]
Event: 1325.505 Thread 0x0000012f896fbcd0 10683       4       java.util.ArrayList::addAll (76 bytes)
Event: 1325.511 Thread 0x0000012f896fbcd0 nmethod 10683 0x0000012f99285890 code [0x0000012f99285a20, 0x0000012f99286478]
Event: 1325.615 Thread 0x0000012f896fb2b0 10684       3       java.util.HashMap$KeySet::contains (9 bytes)
Event: 1325.616 Thread 0x0000012f896fb2b0 nmethod 10684 0x0000012f91eeb890 code [0x0000012f91eeba40, 0x0000012f91eebc28]
Event: 1326.013 Thread 0x0000012f896fb2b0 10685       3       com.sun.scenario.animation.shared.ClipInterpolator::getRealKeyFrameCount (34 bytes)
Event: 1326.013 Thread 0x0000012f896fb2b0 nmethod 10685 0x0000012f91eeb210 code [0x0000012f91eeb3c0, 0x0000012f91eeb6d8]
Event: 1326.013 Thread 0x0000012f896fb2b0 10686       3       javafx.animation.Animation$AnimationReadOnlyProperty::<init> (20 bytes)
Event: 1326.013 Thread 0x0000012f896fb2b0 nmethod 10686 0x0000012f91eeab90 code [0x0000012f91eead40, 0x0000012f91eeb0f8]
Event: 1326.339 Thread 0x0000012f896fb2b0 10687   !   3       com.sun.javafx.sg.prism.NGNode::accumulateGroupDirtyRegion (652 bytes)
Event: 1326.341 Thread 0x0000012f896fb2b0 nmethod 10687 0x0000012f92396990 code [0x0000012f92396e80, 0x0000012f92399f78]
Event: 1328.886 Thread 0x0000012f896fbcd0 10688 % !   4       com.sun.javafx.collections.ListListenerHelper$Generic::fireValueChangedEvent @ 79 (147 bytes)
Event: 1328.891 Thread 0x0000012f896fbcd0 nmethod 10688% 0x0000012f99286810 code [0x0000012f992869e0, 0x0000012f992873f8]
Event: 1328.892 Thread 0x0000012f896fbcd0 10689       4       javafx.scene.Parent$2::onChanged (729 bytes)
Event: 1329.134 Thread 0x0000012f896fbcd0 nmethod 10689 0x0000012f99287910 code [0x0000012f99288080, 0x0000012f992933a0]
Event: 1334.113 Thread 0x0000012f896fb2b0 10690   !   3       javafx.scene.layout.GridPane$CompositeSize::clone (56 bytes)
Event: 1334.114 Thread 0x0000012f896fb2b0 nmethod 10690 0x0000012f92395d90 code [0x0000012f92395fa0, 0x0000012f92396678]
Event: 1334.114 Thread 0x0000012f896fb2b0 10691       3       javafx.scene.layout.GridPane::getAlignmentInternal (17 bytes)
Event: 1334.114 Thread 0x0000012f896fb2b0 nmethod 10691 0x0000012f92395510 code [0x0000012f923956e0, 0x0000012f92395c28]

GC Heap History (20 events):
Event: 152.378 GC heap before
{Heap before GC invocations=14 (full 0):
 garbage-first heap   total 139264K, used 90374K [0x0000000681800000, 0x0000000800000000)
  region size 4096K, 15 young (61440K), 3 survivors (12288K)
 Metaspace       used 39591K, committed 39936K, reserved 1089536K
  class space    used 5192K, committed 5376K, reserved 1048576K
}
Event: 152.387 GC heap after
{Heap after GC invocations=15 (full 0):
 garbage-first heap   total 139264K, used 46785K [0x0000000681800000, 0x0000000800000000)
  region size 4096K, 2 young (8192K), 2 survivors (8192K)
 Metaspace       used 39591K, committed 39936K, reserved 1089536K
  class space    used 5192K, committed 5376K, reserved 1048576K
}
Event: 161.041 GC heap before
{Heap before GC invocations=15 (full 0):
 garbage-first heap   total 139264K, used 87745K [0x0000000681800000, 0x0000000800000000)
  region size 4096K, 12 young (49152K), 2 survivors (8192K)
 Metaspace       used 39725K, committed 40064K, reserved 1089536K
  class space    used 5203K, committed 5376K, reserved 1048576K
}
Event: 161.047 GC heap after
{Heap after GC invocations=16 (full 0):
 garbage-first heap   total 139264K, used 46783K [0x0000000681800000, 0x0000000800000000)
  region size 4096K, 2 young (8192K), 2 survivors (8192K)
 Metaspace       used 39725K, committed 40064K, reserved 1089536K
  class space    used 5203K, committed 5376K, reserved 1048576K
}
Event: 170.347 GC heap before
{Heap before GC invocations=16 (full 0):
 garbage-first heap   total 139264K, used 91839K [0x0000000681800000, 0x0000000800000000)
  region size 4096K, 13 young (53248K), 2 survivors (8192K)
 Metaspace       used 39839K, committed 40192K, reserved 1089536K
  class space    used 5204K, committed 5376K, reserved 1048576K
}
Event: 170.352 GC heap after
{Heap after GC invocations=17 (full 0):
 garbage-first heap   total 139264K, used 47331K [0x0000000681800000, 0x0000000800000000)
  region size 4096K, 1 young (4096K), 1 survivors (4096K)
 Metaspace       used 39839K, committed 40192K, reserved 1089536K
  class space    used 5204K, committed 5376K, reserved 1048576K
}
Event: 180.397 GC heap before
{Heap before GC invocations=17 (full 0):
 garbage-first heap   total 139264K, used 96483K [0x0000000681800000, 0x0000000800000000)
  region size 4096K, 13 young (53248K), 1 survivors (4096K)
 Metaspace       used 39930K, committed 40256K, reserved 1089536K
  class space    used 5204K, committed 5376K, reserved 1048576K
}
Event: 180.403 GC heap after
{Heap after GC invocations=18 (full 0):
 garbage-first heap   total 139264K, used 47105K [0x0000000681800000, 0x0000000800000000)
  region size 4096K, 1 young (4096K), 1 survivors (4096K)
 Metaspace       used 39930K, committed 40256K, reserved 1089536K
  class space    used 5204K, committed 5376K, reserved 1048576K
}
Event: 186.124 GC heap before
{Heap before GC invocations=18 (full 0):
 garbage-first heap   total 139264K, used 100353K [0x0000000681800000, 0x0000000800000000)
  region size 4096K, 14 young (57344K), 1 survivors (4096K)
 Metaspace       used 39999K, committed 40320K, reserved 1089536K
  class space    used 5204K, committed 5376K, reserved 1048576K
}
Event: 186.128 GC heap after
{Heap after GC invocations=19 (full 0):
 garbage-first heap   total 139264K, used 47076K [0x0000000681800000, 0x0000000800000000)
  region size 4096K, 1 young (4096K), 1 survivors (4096K)
 Metaspace       used 39999K, committed 40320K, reserved 1089536K
  class space    used 5204K, committed 5376K, reserved 1048576K
}
Event: 739.754 GC heap before
{Heap before GC invocations=19 (full 0):
 garbage-first heap   total 139264K, used 100324K [0x0000000681800000, 0x0000000800000000)
  region size 4096K, 14 young (57344K), 1 survivors (4096K)
 Metaspace       used 40034K, committed 40384K, reserved 1089536K
  class space    used 5204K, committed 5376K, reserved 1048576K
}
Event: 739.761 GC heap after
{Heap after GC invocations=20 (full 0):
 garbage-first heap   total 139264K, used 47103K [0x0000000681800000, 0x0000000800000000)
  region size 4096K, 1 young (4096K), 1 survivors (4096K)
 Metaspace       used 40034K, committed 40384K, reserved 1089536K
  class space    used 5204K, committed 5376K, reserved 1048576K
}
Event: 1146.573 GC heap before
{Heap before GC invocations=20 (full 0):
 garbage-first heap   total 139264K, used 100351K [0x0000000681800000, 0x0000000800000000)
  region size 4096K, 14 young (57344K), 1 survivors (4096K)
 Metaspace       used 40095K, committed 40448K, reserved 1089536K
  class space    used 5204K, committed 5376K, reserved 1048576K
}
Event: 1146.577 GC heap after
{Heap after GC invocations=21 (full 0):
 garbage-first heap   total 139264K, used 48183K [0x0000000681800000, 0x0000000800000000)
  region size 4096K, 1 young (4096K), 1 survivors (4096K)
 Metaspace       used 40095K, committed 40448K, reserved 1089536K
  class space    used 5204K, committed 5376K, reserved 1048576K
}
Event: 1190.327 GC heap before
{Heap before GC invocations=21 (full 0):
 garbage-first heap   total 139264K, used 105527K [0x0000000681800000, 0x0000000800000000)
  region size 4096K, 15 young (61440K), 1 survivors (4096K)
 Metaspace       used 40127K, committed 40448K, reserved 1089536K
  class space    used 5204K, committed 5376K, reserved 1048576K
}
Event: 1190.331 GC heap after
{Heap after GC invocations=22 (full 0):
 garbage-first heap   total 139264K, used 48243K [0x0000000681800000, 0x0000000800000000)
  region size 4096K, 1 young (4096K), 1 survivors (4096K)
 Metaspace       used 40127K, committed 40448K, reserved 1089536K
  class space    used 5204K, committed 5376K, reserved 1048576K
}
Event: 1223.831 GC heap before
{Heap before GC invocations=22 (full 0):
 garbage-first heap   total 139264K, used 105587K [0x0000000681800000, 0x0000000800000000)
  region size 4096K, 15 young (61440K), 1 survivors (4096K)
 Metaspace       used 40426K, committed 40768K, reserved 1089536K
  class space    used 5224K, committed 5376K, reserved 1048576K
}
Event: 1223.836 GC heap after
{Heap after GC invocations=23 (full 0):
 garbage-first heap   total 139264K, used 48667K [0x0000000681800000, 0x0000000800000000)
  region size 4096K, 1 young (4096K), 1 survivors (4096K)
 Metaspace       used 40426K, committed 40768K, reserved 1089536K
  class space    used 5224K, committed 5376K, reserved 1048576K
}
Event: 1321.378 GC heap before
{Heap before GC invocations=23 (full 0):
 garbage-first heap   total 139264K, used 106011K [0x0000000681800000, 0x0000000800000000)
  region size 4096K, 15 young (61440K), 1 survivors (4096K)
 Metaspace       used 40669K, committed 40960K, reserved 1089536K
  class space    used 5233K, committed 5376K, reserved 1048576K
}
Event: 1321.386 GC heap after
{Heap after GC invocations=24 (full 0):
 garbage-first heap   total 139264K, used 50536K [0x0000000681800000, 0x0000000800000000)
  region size 4096K, 2 young (8192K), 2 survivors (8192K)
 Metaspace       used 40669K, committed 40960K, reserved 1089536K
  class space    used 5233K, committed 5376K, reserved 1048576K
}

Deoptimization events (20 events):
Event: 1328.886 Thread 0x0000012fb28063c0 DEOPT PACKING pc=0x0000012f923e1094 sp=0x0000000c4e1fd090
Event: 1328.886 Thread 0x0000012fb28063c0 DEOPT UNPACKING pc=0x0000012f90ea2b43 sp=0x0000000c4e1fc5f8 mode 1
Event: 1328.886 Thread 0x0000012fb28063c0 DEOPT PACKING pc=0x0000012f923e1094 sp=0x0000000c4e1fd090
Event: 1328.886 Thread 0x0000012fb28063c0 DEOPT UNPACKING pc=0x0000012f90ea2b43 sp=0x0000000c4e1fc5f8 mode 1
Event: 1335.136 Thread 0x0000012fb28063c0 DEOPT PACKING pc=0x0000012f923e1094 sp=0x0000000c4e1fd090
Event: 1335.136 Thread 0x0000012fb28063c0 DEOPT UNPACKING pc=0x0000012f90ea2b43 sp=0x0000000c4e1fc5f8 mode 1
Event: 1335.136 Thread 0x0000012fb28063c0 DEOPT PACKING pc=0x0000012f923e1094 sp=0x0000000c4e1fd090
Event: 1335.136 Thread 0x0000012fb28063c0 DEOPT UNPACKING pc=0x0000012f90ea2b43 sp=0x0000000c4e1fc5f8 mode 1
Event: 1335.136 Thread 0x0000012fb28063c0 DEOPT PACKING pc=0x0000012f923e1094 sp=0x0000000c4e1fd090
Event: 1335.136 Thread 0x0000012fb28063c0 DEOPT UNPACKING pc=0x0000012f90ea2b43 sp=0x0000000c4e1fc5f8 mode 1
Event: 1335.137 Thread 0x0000012fb28063c0 DEOPT PACKING pc=0x0000012f923e1094 sp=0x0000000c4e1fd090
Event: 1335.137 Thread 0x0000012fb28063c0 DEOPT UNPACKING pc=0x0000012f90ea2b43 sp=0x0000000c4e1fc5f8 mode 1
Event: 1335.137 Thread 0x0000012fb28063c0 DEOPT PACKING pc=0x0000012f923e1094 sp=0x0000000c4e1fd090
Event: 1335.137 Thread 0x0000012fb28063c0 DEOPT UNPACKING pc=0x0000012f90ea2b43 sp=0x0000000c4e1fc5f8 mode 1
Event: 1335.137 Thread 0x0000012fb28063c0 DEOPT PACKING pc=0x0000012f923e1094 sp=0x0000000c4e1fd090
Event: 1335.137 Thread 0x0000012fb28063c0 DEOPT UNPACKING pc=0x0000012f90ea2b43 sp=0x0000000c4e1fc5f8 mode 1
Event: 1335.137 Thread 0x0000012fb28063c0 DEOPT PACKING pc=0x0000012f923e1094 sp=0x0000000c4e1fd090
Event: 1335.137 Thread 0x0000012fb28063c0 DEOPT UNPACKING pc=0x0000012f90ea2b43 sp=0x0000000c4e1fc5f8 mode 1
Event: 1335.137 Thread 0x0000012fb28063c0 DEOPT PACKING pc=0x0000012f923e1094 sp=0x0000000c4e1fd090
Event: 1335.137 Thread 0x0000012fb28063c0 DEOPT UNPACKING pc=0x0000012f90ea2b43 sp=0x0000000c4e1fc5f8 mode 1

Classes unloaded (0 events):
No events

Classes redefined (20 events):
Event: 46.968 Thread 0x0000012f890c4ea0 redefined class name=com.kyj.fx.b.ETScriptHelper.actions.ec.ec.rule.EquipmentClassRuleComposite$2, count=1
Event: 46.968 Thread 0x0000012f890c4ea0 redefined class name=com.kyj.fx.b.ETScriptHelper.actions.ec.ec.rule.EquipmentClassRuleComposite$3, count=1
Event: 46.968 Thread 0x0000012f890c4ea0 redefined class name=com.kyj.fx.b.ETScriptHelper.actions.ec.ec.rule.EquipmentClassRuleComposite$4, count=1
Event: 46.968 Thread 0x0000012f890c4ea0 redefined class name=com.kyj.fx.b.ETScriptHelper.actions.ec.ec.rule.EquipmentClassRuleComposite$5, count=1
Event: 146.113 Thread 0x0000012f890c4ea0 redefined class name=com.kyj.fx.b.ETScriptHelper.actions.ec.ec.rule.EquipmentClassRuleComposite$6, count=2
Event: 146.113 Thread 0x0000012f890c4ea0 redefined class name=com.kyj.fx.b.ETScriptHelper.actions.ec.ec.rule.EquipmentClassRuleComposite$7, count=2
Event: 146.113 Thread 0x0000012f890c4ea0 redefined class name=com.kyj.fx.b.ETScriptHelper.actions.ec.ec.rule.EquipmentClassRuleComposite, count=2
Event: 146.113 Thread 0x0000012f890c4ea0 redefined class name=com.kyj.fx.b.ETScriptHelper.actions.ec.ec.rule.EquipmentClassRuleComposite$1, count=2
Event: 146.113 Thread 0x0000012f890c4ea0 redefined class name=com.kyj.fx.b.ETScriptHelper.actions.ec.ec.rule.EquipmentClassRuleComposite$2, count=2
Event: 146.113 Thread 0x0000012f890c4ea0 redefined class name=com.kyj.fx.b.ETScriptHelper.actions.ec.ec.rule.EquipmentClassRuleComposite$3, count=2
Event: 146.113 Thread 0x0000012f890c4ea0 redefined class name=com.kyj.fx.b.ETScriptHelper.actions.ec.ec.rule.EquipmentClassRuleComposite$4, count=2
Event: 146.113 Thread 0x0000012f890c4ea0 redefined class name=com.kyj.fx.b.ETScriptHelper.actions.ec.ec.rule.EquipmentClassRuleComposite$5, count=2
Event: 1318.181 Thread 0x0000012f890c4ea0 redefined class name=com.kyj.fx.b.ETScriptHelper.actions.ec.ec.rule.EquipmentClassRuleComposite$6, count=3
Event: 1318.181 Thread 0x0000012f890c4ea0 redefined class name=com.kyj.fx.b.ETScriptHelper.actions.ec.ec.rule.EquipmentClassRuleComposite$7, count=3
Event: 1318.181 Thread 0x0000012f890c4ea0 redefined class name=com.kyj.fx.b.ETScriptHelper.actions.ec.ec.rule.EquipmentClassRuleComposite, count=3
Event: 1318.181 Thread 0x0000012f890c4ea0 redefined class name=com.kyj.fx.b.ETScriptHelper.actions.ec.ec.rule.EquipmentClassRuleComposite$1, count=3
Event: 1318.181 Thread 0x0000012f890c4ea0 redefined class name=com.kyj.fx.b.ETScriptHelper.actions.ec.ec.rule.EquipmentClassRuleComposite$2, count=3
Event: 1318.181 Thread 0x0000012f890c4ea0 redefined class name=com.kyj.fx.b.ETScriptHelper.actions.ec.ec.rule.EquipmentClassRuleComposite$3, count=3
Event: 1318.181 Thread 0x0000012f890c4ea0 redefined class name=com.kyj.fx.b.ETScriptHelper.actions.ec.ec.rule.EquipmentClassRuleComposite$4, count=3
Event: 1318.181 Thread 0x0000012f890c4ea0 redefined class name=com.kyj.fx.b.ETScriptHelper.actions.ec.ec.rule.EquipmentClassRuleComposite$5, count=3

Internal exceptions (20 events):
Event: 6.227 Thread 0x0000012fb28063c0 Exception <a 'java/lang/ClassNotFoundException'{0x000000069971e9e0}: com/sun/javafx/scene/control/skin/resources/controls_ko> (0x000000069971e9e0) 
thrown [t:\workspace\open\src\hotspot\share\prims\jni.cpp, line 535]
Event: 6.405 Thread 0x0000012fb28063c0 Exception <a 'java/lang/NoSuchMethodError'{0x0000000684f8a2a8}: 'void java.lang.invoke.DirectMethodHandle$Holder.invokeSpecialIFC(java.lang.Object, java.lang.Object, java.lang.Object, java.lang.Object)'> (0x0000000684f8a2a8) 
thrown [t:\workspace\open\src\hotspot\share\interpreter\linkResolver.cpp, line 766]
Event: 6.636 Thread 0x0000012fb28063c0 Exception <a 'java/lang/NoSuchMethodError'{0x00000006997be870}: 'void java.lang.invoke.DirectMethodHandle$Holder.invokeSpecial(java.lang.Object, java.lang.Object, int, int)'> (0x00000006997be870) 
thrown [t:\workspace\open\src\hotspot\share\interpreter\linkResolver.cpp, line 766]
Event: 6.637 Thread 0x0000012fb28063c0 Exception <a 'java/lang/NoSuchMethodError'{0x00000006997c5068}: 'java.lang.Object java.lang.invoke.DirectMethodHandle$Holder.newInvokeSpecial(java.lang.Object, java.lang.Object, int, int)'> (0x00000006997c5068) 
thrown [t:\workspace\open\src\hotspot\share\interpreter\linkResolver.cpp, line 766]
Event: 7.483 Thread 0x0000012fb28063c0 Implicit null exception at 0x0000012f98c11aee to 0x0000012f98c122f4
Event: 10.426 Thread 0x0000012fb28063c0 Exception <a 'java/lang/NoSuchMethodError'{0x00000006997af2b8}: 'java.lang.Object java.lang.invoke.DirectMethodHandle$Holder.newInvokeSpecial(java.lang.Object, java.lang.Object, java.lang.Object, double, double, double, double, int, int, int, int, int, int, int, int, int)'> (0x00000006997af2b8) 
thrown [t:\workspace\open\src\hotspot\share\interpreter\linkResolver.cpp, line 766]
Event: 12.418 Thread 0x0000012fb28063c0 Exception <a 'java/lang/ClassNotFoundException'{0x0000000684ccfd60}: com/kyj/fx/b/ETScriptHelper/actions/ec/ec/EquipmentClassDVOBeanInfo> (0x0000000684ccfd60) 
thrown [t:\workspace\open\src\hotspot\share\classfile\systemDictionary.cpp, line 256]
Event: 12.419 Thread 0x0000012fb28063c0 Exception <a 'java/lang/ClassNotFoundException'{0x0000000684cd2e48}: com/kyj/fx/b/ETScriptHelper/actions/ec/ec/EquipmentClassDVOCustomizer> (0x0000000684cd2e48) 
thrown [t:\workspace\open\src\hotspot\share\classfile\systemDictionary.cpp, line 256]
Event: 14.086 Thread 0x0000012fb28063c0 Implicit null exception at 0x0000012f9899b776 to 0x0000012f9899b890
Event: 14.334 Thread 0x0000012fb28063c0 Exception <a 'java/lang/ClassNotFoundException'{0x0000000688964630}: com/sun/org/apache/xerces/internal/impl/msg/spi/SAXMessagesProvider> (0x0000000688964630) 
thrown [t:\workspace\open\src\hotspot\share\classfile\systemDictionary.cpp, line 256]
Event: 14.548 Thread 0x0000012fb28063c0 Implicit null exception at 0x0000012f98ce6131 to 0x0000012f98ce709c
Event: 16.987 Thread 0x0000012fb28063c0 Exception <a 'java/lang/NoSuchMethodError'{0x00000006858e0e10}: 'int java.lang.invoke.DirectMethodHandle$Holder.invokeVirtual(java.lang.Object, java.lang.Object)'> (0x00000006858e0e10) 
thrown [t:\workspace\open\src\hotspot\share\interpreter\linkResolver.cpp, line 766]
Event: 16.988 Thread 0x0000012fb28063c0 Exception <a 'java/lang/NoSuchMethodError'{0x00000006858e7550}: 'void java.lang.invoke.DirectMethodHandle$Holder.invokeVirtual(java.lang.Object, java.lang.Object, int)'> (0x00000006858e7550) 
thrown [t:\workspace\open\src\hotspot\share\interpreter\linkResolver.cpp, line 766]
Event: 20.796 Thread 0x0000012fb28063c0 Implicit null exception at 0x0000012f98d8b6e1 to 0x0000012f98d8d754
Event: 20.796 Thread 0x0000012fb28063c0 Implicit null exception at 0x0000012f98946dac to 0x0000012f98948bc8
Event: 20.796 Thread 0x0000012fb28063c0 Implicit null exception at 0x0000012f98c16ec6 to 0x0000012f98c16f30
Event: 24.219 Thread 0x0000012fb2448850 Implicit null exception at 0x0000012f98e1c7d0 to 0x0000012f98e1ed40
Event: 513.492 Thread 0x0000012fb2448850 Implicit null exception at 0x0000012f990cd5ec to 0x0000012f990dae78
Event: 744.484 Thread 0x0000012fb2448850 Implicit null exception at 0x0000012f98fce100 to 0x0000012f98fd30f8
Event: 1244.091 Thread 0x0000012fb28063c0 Implicit null exception at 0x0000012f99091cd0 to 0x0000012f99091e14

VM Operations (20 events):
Event: 1323.388 Executing VM operation: Cleanup
Event: 1323.388 Executing VM operation: Cleanup done
Event: 1324.389 Executing VM operation: Cleanup
Event: 1324.389 Executing VM operation: Cleanup done
Event: 1325.390 Executing VM operation: Cleanup
Event: 1325.390 Executing VM operation: Cleanup done
Event: 1330.391 Executing VM operation: Cleanup
Event: 1330.391 Executing VM operation: Cleanup done
Event: 1330.900 Executing VM operation: ChangeBreakpoints
Event: 1330.902 Executing VM operation: ChangeBreakpoints done
Event: 1335.141 Executing VM operation: DeoptimizeFrame
Event: 1335.141 Executing VM operation: DeoptimizeFrame done
Event: 1335.145 Executing VM operation: GetObjectMonitorUsage
Event: 1335.145 Executing VM operation: GetObjectMonitorUsage done
Event: 1335.145 Executing VM operation: GetObjectMonitorUsage
Event: 1335.145 Executing VM operation: GetObjectMonitorUsage done
Event: 1335.625 Executing VM operation: get/set locals
Event: 1335.625 Executing VM operation: get/set locals done
Event: 1335.665 Executing VM operation: get/set locals
Event: 1335.665 Executing VM operation: get/set locals done

Events (20 events):
Event: 1210.920 Thread 0x0000012fb1277410 Thread exited: 0x0000012fb1277410
Event: 1210.990 Thread 0x0000012fb127e880 Thread exited: 0x0000012fb127e880
Event: 1244.076 Thread 0x0000012fb127e880 Thread added: 0x0000012fb127e880
Event: 1244.090 loading class java/util/concurrent/ConcurrentLinkedQueue$Itr
Event: 1244.090 loading class java/util/concurrent/ConcurrentLinkedQueue$Itr done
Event: 1245.956 Thread 0x0000012fb127e880 Thread exited: 0x0000012fb127e880
Event: 1245.968 Thread 0x0000012fb127ca20 Thread added: 0x0000012fb127ca20
Event: 1245.968 Thread 0x0000012fb127abc0 Thread added: 0x0000012fb127abc0
Event: 1246.384 Thread 0x0000012fb127abc0 Thread exited: 0x0000012fb127abc0
Event: 1247.018 Thread 0x0000012fb127ca20 Thread exited: 0x0000012fb127ca20
Event: 1247.095 Thread 0x0000012fb127ca20 Thread added: 0x0000012fb127ca20
Event: 1247.095 Thread 0x0000012fb1277920 Thread added: 0x0000012fb1277920
Event: 1248.018 Thread 0x0000012fb127ca20 Thread exited: 0x0000012fb127ca20
Event: 1248.018 Thread 0x0000012fb1277920 Thread exited: 0x0000012fb1277920
Event: 1321.335 Thread 0x0000012fb127e880 Thread added: 0x0000012fb127e880
Event: 1321.344 Thread 0x0000012f891176b0 flushing nmethod 0x0000012f921d3c10
Event: 1321.344 Thread 0x0000012f891176b0 flushing nmethod 0x0000012f9240cf10
Event: 1321.376 Thread 0x0000012fb127ca20 Thread added: 0x0000012fb127ca20
Event: 1322.434 Thread 0x0000012fb127ca20 Thread exited: 0x0000012fb127ca20
Event: 1322.434 Thread 0x0000012fb127e880 Thread exited: 0x0000012fb127e880


Dynamic libraries:
0x00007ff75d160000 - 0x00007ff75d16e000 	C:\Program Files\Java\jdk-17\bin\javaw.exe
0x00007ff9991d0000 - 0x00007ff9993c5000 	C:\WINDOWS\SYSTEM32\ntdll.dll
0x00007ff997dc0000 - 0x00007ff997e7e000 	C:\WINDOWS\System32\KERNEL32.DLL
0x00007ff996990000 - 0x00007ff996c58000 	C:\WINDOWS\System32\KERNELBASE.dll
0x00007ff997090000 - 0x00007ff997190000 	C:\WINDOWS\System32\ucrtbase.dll
0x00007ff98e6a0000 - 0x00007ff98e6b8000 	C:\Program Files\Java\jdk-17\bin\jli.dll
0x00007ff98e680000 - 0x00007ff98e69a000 	C:\Program Files\Java\jdk-17\bin\VCRUNTIME140.dll
0x00007ff997f00000 - 0x00007ff9980a1000 	C:\WINDOWS\System32\USER32.dll
0x00007ff996fe0000 - 0x00007ff997002000 	C:\WINDOWS\System32\win32u.dll
0x00007ff998fb0000 - 0x00007ff998fdb000 	C:\WINDOWS\System32\GDI32.dll
0x00007ff996d70000 - 0x00007ff996e7b000 	C:\WINDOWS\System32\gdi32full.dll
0x00007ff96fa70000 - 0x00007ff96fd0a000 	C:\WINDOWS\WinSxS\amd64_microsoft.windows.common-controls_6595b64144ccf1df_6.0.19041.1110_none_60b5254171f9507e\COMCTL32.dll
0x00007ff9968f0000 - 0x00007ff99698d000 	C:\WINDOWS\System32\msvcp_win.dll
0x00007ff998160000 - 0x00007ff9981fe000 	C:\WINDOWS\System32\msvcrt.dll
0x00007ff998280000 - 0x00007ff9982b0000 	C:\WINDOWS\System32\IMM32.DLL
0x00007ff978b30000 - 0x00007ff978bd9000 	C:\WINDOWS\INCOPS3\esdcnl64.dll
0x00007ff9982b0000 - 0x00007ff99835c000 	C:\WINDOWS\System32\ADVAPI32.dll
0x00007ff998f10000 - 0x00007ff998fab000 	C:\WINDOWS\System32\sechost.dll
0x00007ff997960000 - 0x00007ff997a8a000 	C:\WINDOWS\System32\RPCRT4.dll
0x00007ff995520000 - 0x00007ff995553000 	C:\WINDOWS\SYSTEM32\ntmarta.dll
0x00007ff96c0e0000 - 0x00007ff96c1c5000 	C:\WINDOWS\INCOPS3\ESATM64.dll
0x00007ff997220000 - 0x00007ff99795f000 	C:\WINDOWS\System32\SHELL32.dll
0x00007ff998860000 - 0x00007ff99898a000 	C:\WINDOWS\System32\ole32.dll
0x00007ff998ba0000 - 0x00007ff998ef5000 	C:\WINDOWS\System32\combase.dll
0x00007ff962340000 - 0x00007ff962436000 	C:\WINDOWS\INCOPS3\ESSCNL64.dll
0x00007ff972a80000 - 0x00007ff972d7b000 	C:\WINDOWS\pcdrm\NSCCOR0364.DLL
0x00007ff98f900000 - 0x00007ff98f90a000 	C:\WINDOWS\SYSTEM32\VERSION.dll
0x00007ff998f00000 - 0x00007ff998f08000 	C:\WINDOWS\System32\psapi.dll
0x00007ff972a50000 - 0x00007ff972a7e000 	C:\WINDOWS\pcdrm\NBID64.dll
0x00007ff9990c0000 - 0x00007ff99918d000 	C:\WINDOWS\System32\OLEAUT32.dll
0x00007ff972a10000 - 0x00007ff972a49000 	C:\WINDOWS\pcdrm\NFD0164.dll
0x00007ff972e90000 - 0x00007ff972ea6000 	C:\PAPERSECU\SPCOREHK64.dll
0x00007ff972910000 - 0x00007ff972a05000 	C:\PAPERSECU\PAPERHK64.DLL
0x00007ff97dbd0000 - 0x00007ff97dc65000 	C:\WINDOWS\SYSTEM32\WINSPOOL.DRV
0x00007ff9728a0000 - 0x00007ff972904000 	C:\PAPERSECU\PAPERPHK64.DLL
0x00007ff98e670000 - 0x00007ff98e67c000 	C:\Program Files\Java\jdk-17\bin\vcruntime140_1.dll
0x00007ff9814e0000 - 0x00007ff98156d000 	C:\Program Files\Java\jdk-17\bin\msvcp140.dll
0x00007ff92cda0000 - 0x00007ff92d95e000 	C:\Program Files\Java\jdk-17\bin\server\jvm.dll
0x00007ff981740000 - 0x00007ff981749000 	C:\WINDOWS\SYSTEM32\WSOCK32.dll
0x0000012f88dc0000 - 0x0000012f88e2b000 	C:\WINDOWS\System32\WS2_32.dll
0x00007ff97d970000 - 0x00007ff97d997000 	C:\WINDOWS\SYSTEM32\WINMM.dll
0x00007ff995100000 - 0x00007ff995112000 	C:\WINDOWS\SYSTEM32\kernel.appcore.dll
0x00007ff98e630000 - 0x00007ff98e63a000 	C:\Program Files\Java\jdk-17\bin\jimage.dll
0x00007ff994630000 - 0x00007ff994814000 	C:\WINDOWS\SYSTEM32\DBGHELP.DLL
0x00007ff97e210000 - 0x00007ff97e23c000 	C:\WINDOWS\SYSTEM32\dbgcore.DLL
0x00007ff997190000 - 0x00007ff997213000 	C:\WINDOWS\System32\bcryptPrimitives.dll
0x00007ff98e5f0000 - 0x00007ff98e62b000 	C:\Program Files\Java\jdk-17\bin\jdwp.dll
0x00007ff98e5e0000 - 0x00007ff98e5ee000 	C:\Program Files\Java\jdk-17\bin\instrument.dll
0x00007ff982b70000 - 0x00007ff982b95000 	C:\Program Files\Java\jdk-17\bin\java.dll
0x00007ff970850000 - 0x00007ff970926000 	C:\Program Files\Java\jdk-17\bin\svml.dll
0x00007ff994910000 - 0x00007ff9950a0000 	C:\WINDOWS\SYSTEM32\windows.storage.dll
0x00007ff996260000 - 0x00007ff99628e000 	C:\WINDOWS\SYSTEM32\Wldp.dll
0x0000012fb1d90000 - 0x0000012fb1e3d000 	C:\WINDOWS\System32\SHCORE.dll
0x00007ff997d60000 - 0x00007ff997db5000 	C:\WINDOWS\System32\shlwapi.dll
0x00007ff996830000 - 0x00007ff99684f000 	C:\WINDOWS\SYSTEM32\profapi.dll
0x00007ff9849c0000 - 0x00007ff9849d9000 	C:\Program Files\Java\jdk-17\bin\net.dll
0x00007ff98c0f0000 - 0x00007ff98c1fc000 	C:\WINDOWS\SYSTEM32\WINHTTP.dll
0x00007ff996040000 - 0x00007ff9960aa000 	C:\WINDOWS\system32\mswsock.dll
0x00007ff9843d0000 - 0x00007ff9843e5000 	C:\Program Files\Java\jdk-17\bin\nio.dll
0x00007ff983ab0000 - 0x00007ff983ac8000 	C:\Program Files\Java\jdk-17\bin\zip.dll
0x00007ff98e5d0000 - 0x00007ff98e5dc000 	C:\Program Files\Java\jdk-17\bin\dt_socket.dll
0x00007ff995d00000 - 0x00007ff995d3b000 	C:\WINDOWS\SYSTEM32\IPHLPAPI.DLL
0x00007ff995d40000 - 0x00007ff995e0b000 	C:\WINDOWS\SYSTEM32\DNSAPI.dll
0x00007ff998990000 - 0x00007ff998998000 	C:\WINDOWS\System32\NSI.dll
0x00007ff98a430000 - 0x00007ff98a4af000 	C:\WINDOWS\System32\fwpuclnt.dll
0x00007ff997010000 - 0x00007ff997037000 	C:\WINDOWS\System32\bcrypt.dll
0x00007ff989e60000 - 0x00007ff989e6a000 	C:\Windows\System32\rasadhlp.dll
0x00007ff984cc0000 - 0x00007ff984cd0000 	C:\Program Files\Java\jdk-17\bin\verify.dll
0x0000012fb3610000 - 0x0000012fb3613000 	C:\Users\KYJ\.openjfx\cache\16\api-ms-win-core-console-l1-1-0.dll
0x0000012fb3620000 - 0x0000012fb3623000 	C:\Users\KYJ\.openjfx\cache\16\api-ms-win-core-console-l1-2-0.dll
0x0000012fb3630000 - 0x0000012fb3633000 	C:\Users\KYJ\.openjfx\cache\16\api-ms-win-core-datetime-l1-1-0.dll
0x0000012fb3640000 - 0x0000012fb3643000 	C:\Users\KYJ\.openjfx\cache\16\api-ms-win-core-debug-l1-1-0.dll
0x0000012fb3650000 - 0x0000012fb3653000 	C:\Users\KYJ\.openjfx\cache\16\api-ms-win-core-errorhandling-l1-1-0.dll
0x0000012fb3660000 - 0x0000012fb3664000 	C:\Users\KYJ\.openjfx\cache\16\api-ms-win-core-file-l1-1-0.dll
0x0000012fb3670000 - 0x0000012fb3673000 	C:\Users\KYJ\.openjfx\cache\16\api-ms-win-core-file-l1-2-0.dll
0x0000012fb3680000 - 0x0000012fb3683000 	C:\Users\KYJ\.openjfx\cache\16\api-ms-win-core-file-l2-1-0.dll
0x0000012fb3690000 - 0x0000012fb3693000 	C:\Users\KYJ\.openjfx\cache\16\api-ms-win-core-handle-l1-1-0.dll
0x0000012fb36a0000 - 0x0000012fb36a3000 	C:\Users\KYJ\.openjfx\cache\16\api-ms-win-core-heap-l1-1-0.dll
0x0000012fb36b0000 - 0x0000012fb36b3000 	C:\Users\KYJ\.openjfx\cache\16\api-ms-win-core-interlocked-l1-1-0.dll
0x0000012fb36c0000 - 0x0000012fb36c3000 	C:\Users\KYJ\.openjfx\cache\16\api-ms-win-core-libraryloader-l1-1-0.dll
0x0000012fb36d0000 - 0x0000012fb36d3000 	C:\Users\KYJ\.openjfx\cache\16\api-ms-win-core-localization-l1-2-0.dll
0x0000012fb36e0000 - 0x0000012fb36e3000 	C:\Users\KYJ\.openjfx\cache\16\api-ms-win-core-memory-l1-1-0.dll
0x0000012fb36f0000 - 0x0000012fb36f3000 	C:\Users\KYJ\.openjfx\cache\16\api-ms-win-core-namedpipe-l1-1-0.dll
0x0000012fb3700000 - 0x0000012fb3703000 	C:\Users\KYJ\.openjfx\cache\16\api-ms-win-core-processenvironment-l1-1-0.dll
0x0000012fb3a10000 - 0x0000012fb3a13000 	C:\Users\KYJ\.openjfx\cache\16\api-ms-win-core-processthreads-l1-1-0.dll
0x0000012fb3a20000 - 0x0000012fb3a23000 	C:\Users\KYJ\.openjfx\cache\16\api-ms-win-core-processthreads-l1-1-1.dll
0x0000012fb3a30000 - 0x0000012fb3a33000 	C:\Users\KYJ\.openjfx\cache\16\api-ms-win-core-profile-l1-1-0.dll
0x0000012fb3a40000 - 0x0000012fb3a43000 	C:\Users\KYJ\.openjfx\cache\16\api-ms-win-core-rtlsupport-l1-1-0.dll
0x0000012fb3a50000 - 0x0000012fb3a53000 	C:\Users\KYJ\.openjfx\cache\16\api-ms-win-core-string-l1-1-0.dll
0x0000012fb3a60000 - 0x0000012fb3a63000 	C:\Users\KYJ\.openjfx\cache\16\api-ms-win-core-synch-l1-1-0.dll
0x0000012fb3a70000 - 0x0000012fb3a73000 	C:\Users\KYJ\.openjfx\cache\16\api-ms-win-core-synch-l1-2-0.dll
0x0000012fb3a80000 - 0x0000012fb3a83000 	C:\Users\KYJ\.openjfx\cache\16\api-ms-win-core-sysinfo-l1-1-0.dll
0x0000012fb3a90000 - 0x0000012fb3a93000 	C:\Users\KYJ\.openjfx\cache\16\api-ms-win-core-timezone-l1-1-0.dll
0x0000012fb3aa0000 - 0x0000012fb3aa3000 	C:\Users\KYJ\.openjfx\cache\16\api-ms-win-core-util-l1-1-0.dll
0x0000012fb3ab0000 - 0x0000012fb3ab3000 	C:\Users\KYJ\.openjfx\cache\16\api-ms-win-crt-conio-l1-1-0.dll
0x0000012fb3ac0000 - 0x0000012fb3ac4000 	C:\Users\KYJ\.openjfx\cache\16\api-ms-win-crt-convert-l1-1-0.dll
0x0000012fb3ad0000 - 0x0000012fb3ad3000 	C:\Users\KYJ\.openjfx\cache\16\api-ms-win-crt-environment-l1-1-0.dll
0x0000012fb3ae0000 - 0x0000012fb3ae3000 	C:\Users\KYJ\.openjfx\cache\16\api-ms-win-crt-filesystem-l1-1-0.dll
0x0000012fb3af0000 - 0x0000012fb3af3000 	C:\Users\KYJ\.openjfx\cache\16\api-ms-win-crt-heap-l1-1-0.dll
0x0000012fb3b00000 - 0x0000012fb3b03000 	C:\Users\KYJ\.openjfx\cache\16\api-ms-win-crt-locale-l1-1-0.dll
0x0000012fb3b10000 - 0x0000012fb3b15000 	C:\Users\KYJ\.openjfx\cache\16\api-ms-win-crt-math-l1-1-0.dll
0x0000012fb3b20000 - 0x0000012fb3b25000 	C:\Users\KYJ\.openjfx\cache\16\api-ms-win-crt-multibyte-l1-1-0.dll
0x0000012fb3b30000 - 0x0000012fb3b40000 	C:\Users\KYJ\.openjfx\cache\16\api-ms-win-crt-private-l1-1-0.dll
0x0000012fb3b40000 - 0x0000012fb3b43000 	C:\Users\KYJ\.openjfx\cache\16\api-ms-win-crt-process-l1-1-0.dll
0x0000012fb3b50000 - 0x0000012fb3b54000 	C:\Users\KYJ\.openjfx\cache\16\api-ms-win-crt-runtime-l1-1-0.dll
0x0000012fb3b60000 - 0x0000012fb3b64000 	C:\Users\KYJ\.openjfx\cache\16\api-ms-win-crt-stdio-l1-1-0.dll
0x0000012fb3b70000 - 0x0000012fb3b74000 	C:\Users\KYJ\.openjfx\cache\16\api-ms-win-crt-string-l1-1-0.dll
0x0000012fb3b80000 - 0x0000012fb3b83000 	C:\Users\KYJ\.openjfx\cache\16\api-ms-win-crt-time-l1-1-0.dll
0x0000012fb3b90000 - 0x0000012fb3b93000 	C:\Users\KYJ\.openjfx\cache\16\api-ms-win-crt-utility-l1-1-0.dll
0x00007ff96f580000 - 0x00007ff96f67c000 	C:\Users\KYJ\.openjfx\cache\16\ucrtbase.dll
0x00007ff9837b0000 - 0x00007ff9837c9000 	C:\Users\KYJ\.openjfx\cache\16\vcruntime140.dll
0x00007ff984930000 - 0x00007ff98493c000 	C:\Users\KYJ\.openjfx\cache\16\vcruntime140_1.dll
0x00007ff95b460000 - 0x00007ff95b4f1000 	C:\Users\KYJ\.openjfx\cache\16\msvcp140.dll
0x00007ff981750000 - 0x00007ff981777000 	C:\Users\KYJ\.openjfx\cache\16\prism_d3d.dll
0x00007ff985c30000 - 0x00007ff985dfe000 	C:\WINDOWS\system32\d3d9.dll
0x00007ff9941b0000 - 0x00007ff9941df000 	C:\WINDOWS\SYSTEM32\dwmapi.dll
0x00007ff993140000 - 0x00007ff9931de000 	C:\WINDOWS\system32\uxtheme.dll
0x00007ff982ba0000 - 0x00007ff982d00000 	C:\WINDOWS\System32\DriverStore\FileRepository\iigd_dch.inf_amd64_d3bdee8c45641e36\igdumdim64.dll
0x00007ff92f350000 - 0x00007ff932c5e000 	C:\WINDOWS\System32\DriverStore\FileRepository\iigd_dch.inf_amd64_d3bdee8c45641e36\igd9dxva64.dll
0x0000012fb3c10000 - 0x0000012fb4082000 	C:\WINDOWS\System32\SETUPAPI.dll
0x00007ff997040000 - 0x00007ff99708e000 	C:\WINDOWS\System32\cfgmgr32.dll
0x00007ff989e70000 - 0x00007ff98a017000 	C:\WINDOWS\System32\DriverStore\FileRepository\iigd_dch.inf_amd64_d3bdee8c45641e36\igdgmm64.dll
0x00007ff981490000 - 0x00007ff9814d2000 	C:\Users\KYJ\.openjfx\cache\16\glass.dll
0x0000012fb4090000 - 0x0000012fb416a000 	C:\WINDOWS\System32\COMDLG32.dll
0x00007ff997c40000 - 0x00007ff997d55000 	C:\WINDOWS\System32\MSCTF.dll
0x00007ff95fb60000 - 0x00007ff95fb9f000 	C:\WINDOWS\incops3\ProcMon64.dll
0x00007ff98ee10000 - 0x00007ff98ee38000 	C:\WINDOWS\System32\DriverStore\FileRepository\iigd_dch.inf_amd64_d3bdee8c45641e36\igdinfo64.dll
0x00007ff9874c0000 - 0x00007ff989dc7000 	C:\WINDOWS\System32\DriverStore\FileRepository\iigd_dch.inf_amd64_d3bdee8c45641e36\igc64.dll

dbghelp: loaded successfully - version: 4.0.5 - missing functions: none
symbol engine: initialized successfully - sym options: 0x614 - pdb path: .;C:\Program Files\Java\jdk-17\bin;C:\WINDOWS\SYSTEM32;C:\WINDOWS\WinSxS\amd64_microsoft.windows.common-controls_6595b64144ccf1df_6.0.19041.1110_none_60b5254171f9507e;C:\WINDOWS\INCOPS3;C:\WINDOWS\pcdrm;C:\PAPERSECU;C:\Program Files\Java\jdk-17\bin\server;C:\Users\KYJ\.openjfx\cache\16;C:\WINDOWS\System32\DriverStore\FileRepository\iigd_dch.inf_amd64_d3bdee8c45641e36;C:\Program Files\Common Files\Microsoft Shared\Ink;C:\Windows\System32\IME\IMEKR;C:\Windows\System32\IME\shared

VM Arguments:
jvm_args: -Djava.net.preferIPv4Stack=true -XX:+ShowCodeDetailsInExceptionMessages -agentlib:jdwp=transport=dt_socket,suspend=y,address=localhost:63564 --module-path=C:\Program Files\Java\open-jdk-16-javafx --add-modules=ALL-MODULE-PATH -javaagent:C:\Users\KYJ\uml2-master2\eclipse\configuration\org.eclipse.osgi\1410\0\.cp\lib\javaagent-shaded.jar -Dfile.encoding=UTF-8 
java_command: com.kyj.fx.b.ETScriptHelper.MainApp
java_class_path (initial): C:\Users\KYJ\git\repository\ETScriptHelper\target\classes;C:\Users\KYJ\.p2\pool\plugins\org.junit.jupiter.api_5.7.1.v20210222-1948.jar;C:\Users\KYJ\.p2\pool\plugins\org.junit.jupiter.engine_5.7.1.v20210222-1948.jar;C:\Users\KYJ\.p2\pool\plugins\org.junit.jupiter.migrationsupport_5.7.1.v20210222-1948.jar;C:\Users\KYJ\.p2\pool\plugins\org.junit.jupiter.params_5.7.1.v20210222-1948.jar;C:\Users\KYJ\.p2\pool\plugins\org.junit.platform.commons_1.7.1.v20210222-1948.jar;C:\Users\KYJ\.p2\pool\plugins\org.junit.platform.engine_1.7.1.v20210222-1948.jar;C:\Users\KYJ\.p2\pool\plugins\org.junit.platform.launcher_1.7.1.v20210222-1948.jar;C:\Users\KYJ\.p2\pool\plugins\org.junit.platform.runner_1.7.1.v20210222-1948.jar;C:\Users\KYJ\.p2\pool\plugins\org.junit.platform.suite.api_1.7.1.v20210222-1948.jar;C:\Users\KYJ\.p2\pool\plugins\org.junit.vintage.engine_5.7.1.v20210222-1948.jar;C:\Users\KYJ\.p2\pool\plugins\org.opentest4j_1.2.0.v20190826-0900.jar;C:\Users\KYJ\.p2\pool\plugins\org.apiguardian_1.1.0.v20190826-0900.jar;C:\Users\KYJ\.p2\pool\plugins\org.junit_4.13.0.v20200204-1500.jar;C:\Users\KYJ\.p2\pool\plugins\org.hamcrest.core_1.3.0.v20180420-1519.jar;C:\Users\KYJ\.p2\pool\plugins\org.eclipse.fx.ide.css.jfx8_3.7.0.202010120832.jar;C:\Program Files\Java\javafx-sdk-17.0.1\lib\javafx.base.jar;C:\Program Files\Java\javafx-sdk-17.0.1\lib\javafx.controls.jar;C:\Program Files\Java\javafx-sdk-17.0.1\lib\javafx.fxml.jar;C:\Program Files\Java\javafx-sdk-17.0.1\lib\javafx.graphics.jar;C:\Program Files\Java\javafx-sdk-17.0.1\lib\javafx.media.jar;C:\Program Files\Java\javafx-sdk-17.0.1\lib\javafx.swing.jar;C:\Program Files\Java\javafx-sdk-17.0.1\lib\javafx.web.jar;C:\Program Files\Java\javafx-sdk-17.0.1\lib\javafx-swt.jar;C:\Users\KYJ\.m2\repository\org\slf4j\slf4j-api\1.7.20\slf4j-api-1.7.20.jar;C:\Users\KYJ\.m2\repository\ch\qos\logback\logback-classic\1.2.0\logback-classic-1.2.0.jar;C:\Users\KYJ\.m2\repository\ch\qos\logback\logback-core\1.2.0\logback-core-1.2.
Launcher Type: SUN_STANDARD

[Global flags]
     intx CICompilerCount                          = 4                                         {product} {ergonomic}
     uint ConcGCThreads                            = 2                                         {product} {ergonomic}
     uint G1ConcRefinementThreads                  = 8                                         {product} {ergonomic}
   size_t G1HeapRegionSize                         = 4194304                                   {product} {ergonomic}
    uintx GCDrainStackTargetSize                   = 64                                        {product} {ergonomic}
   size_t InitialHeapSize                          = 402653184                                 {product} {ergonomic}
   size_t MarkStackSize                            = 4194304                                   {product} {ergonomic}
   size_t MaxHeapSize                              = 6417285120                                {product} {ergonomic}
   size_t MaxNewSize                               = 3850371072                                {product} {ergonomic}
   size_t MinHeapDeltaBytes                        = 4194304                                   {product} {ergonomic}
   size_t MinHeapSize                              = 8388608                                   {product} {ergonomic}
    uintx NonNMethodCodeHeapSize                   = 5839372                                {pd product} {ergonomic}
    uintx NonProfiledCodeHeapSize                  = 122909434                              {pd product} {ergonomic}
    uintx ProfiledCodeHeapSize                     = 122909434                              {pd product} {ergonomic}
    uintx ReservedCodeCacheSize                    = 251658240                              {pd product} {ergonomic}
     bool SegmentedCodeCache                       = true                                      {product} {ergonomic}
     bool ShowCodeDetailsInExceptionMessages       = true                                   {manageable} {command line}
   size_t SoftMaxHeapSize                          = 6417285120                             {manageable} {ergonomic}
     bool UseCompressedClassPointers               = true                           {product lp64_product} {ergonomic}
     bool UseCompressedOops                        = true                           {product lp64_product} {ergonomic}
     bool UseG1GC                                  = true                                      {product} {ergonomic}
     bool UseLargePagesIndividualAllocation        = false                                  {pd product} {ergonomic}

Logging:
Log output configuration:
 #0: stdout all=warning uptime,level,tags
 #1: stderr all=off uptime,level,tags

Environment Variables:
JAVA_HOME=C:\Program Files\Java\jdk-17
JAVA_TOOL_OPTIONS=-Djava.net.preferIPv4Stack=true
PATH=C:\Program Files (x86)\ImageMagick-7.0.8-Q8;C:\Program Files (x86)\Intel\Intel(R) Management Engine Components\iCLS\;C:\Program Files\Intel\Intel(R) Management Engine Components\iCLS\;C:\Windows\system32;C:\Windows;C:\Windows\System32\Wbem;C:\Windows\System32\WindowsPowerShell\v1.0\;C:\Windows\System32\OpenSSH\;C:\Program Files (x86)\NVIDIA Corporation\PhysX\Common;C:\Program Files\NVIDIA Corporation\NVIDIA NvDLISR;C:\Program Files (x86)\Intel\Intel(R) Management Engine Components\DAL;C:\Program Files\Intel\Intel(R) Management Engine Components\DAL;C:\Program Files\dotnet\;C:\Program Files\Microsoft SQL Server\130\Tools\Binn\;C:\Program Files\Java\jdk-17\bin;C:\Users\KYJ\apache-maven-3.8.3\bin;C:\Program Files (x86)\Inno Setup 5;C:\Program Files (x86)\Microsoft SQL Server\Client SDK\ODBC\130\Tools\Binn\;C:\Program Files (x86)\Microsoft SQL Server\140\Tools\Binn\;C:\Program Files (x86)\Microsoft SQL Server\140\DTS\Binn\;C:\Program Files (x86)\Microsoft SQL Server\140\Tools\Binn\ManagementStudio\;C:\Program Files\TortoiseSVN\bin;C:\WINDOWS\system32;C:\WINDOWS;C:\WINDOWS\System32\Wbem;C:\WINDOWS\System32\WindowsPowerShell\v1.0\;C:\WINDOWS\System32\OpenSSH\;C:\Program Files\WinMerge;D:\Bitnami\redmine-3.4.6-2\ruby\bin;C:\Windows\Microsoft.NET\Framework\v4.0.30319;C:\Go\bin;C:\Users\KYJ\gradle-6.0.1-bin\gradle-6.0.1\bin;C:\Program Files (x86)\Log Parser 2.2;C:\Users\KYJ\tcping;C:\Program Files\nodejs\;C:\Users\KYJ\AppData\Local\Programs\Python\Python38-32\Scripts;C:\Users\KYJ\AppData\Local\Android\Sdk\platform-tools;C:\Program Files\Tesseract-OCR;C:\Users\KYJ\Perl\Strawberry\c\bin;C:\Users\KYJ\Perl\Strawberry\perl\site\bin;C:\Users\KYJ\Perl\Strawberry\perl\bin;C:\Users\KYJ\apache-ant-1.10.8\apache-ant-1.10.8\bin;C:\Program Files\PostgreSQL\12\bin;C:\Program Files\Docker\Docker\resources\bin;C:\ProgramData\DockerDesktop\version-bin;C:\Program Files\TortoiseGit\bin;C:\Program Files (x86)\Microsoft SQL Server\150\DTS\Binn\;C:\Program Files\Azure Data Studio\bin;C:\Users\K
USERNAME=KYJ
OS=Windows_NT
PROCESSOR_IDENTIFIER=Intel64 Family 6 Model 142 Stepping 11, GenuineIntel



---------------  S Y S T E M  ---------------

OS:
 Windows 10 , 64 bit Build 19041 (10.0.19041.1348)
OS uptime: 0 days 3:51 hours
Hyper-V role detected

CPU: total 8 (initial active 8) (4 cores per cpu, 2 threads per core) family 6 model 142 stepping 11 microcode 0xae, cx8, cmov, fxsr, ht, mmx, 3dnowpref, sse, sse2, sse3, ssse3, sse4.1, sse4.2, popcnt, lzcnt, tsc, tscinvbit, avx, avx2, aes, erms, clmul, bmi1, bmi2, adx, fma, vzeroupper, clflush, clflushopt, hv

Memory: 4k page, system-wide physical 24467M (13834M free)
TotalPageFile size 28051M (AvailPageFile size 9130M)
current process WorkingSet (physical memory assigned to process): 428M, peak: 474M
current process commit charge ("private bytes"): 477M, peak: 656M

vm_info: OpenJDK 64-Bit Server VM (17+35-2724) for windows-amd64 JRE (17+35-2724), built on Aug  5 2021 23:26:02 by "mach5one" with MS VC++ 16.8 (VS2019)

END.
