#
# A fatal error has been detected by the Java Runtime Environment:
#
#  EXCEPTION_ACCESS_VIOLATION (0xc0000005) at pc=0x00007ff94f34beca, pid=21924, tid=6536
#
# JRE version: OpenJDK Runtime Environment (17.0+35) (build 17+35-2724)
# Java VM: OpenJDK 64-Bit Server VM (17+35-2724, mixed mode, sharing, tiered, compressed oops, compressed class ptrs, g1 gc, windows-amd64)
# Problematic frame:
# V  [jvm.dll+0x73beca]
#
# No core dump will be written. Minidumps are not enabled by default on client versions of Windows
#
# If you would like to submit a bug report, please visit:
#   https://bugreport.java.com/bugreport/crash.jsp
#

---------------  S U M M A R Y ------------

Command Line: -Djava.net.preferIPv4Stack=true -XX:+ShowCodeDetailsInExceptionMessages -agentlib:jdwp=transport=dt_socket,suspend=y,address=localhost:54614 --module-path=C:\Program Files\Java\open-jdk-16-javafx --add-modules=ALL-MODULE-PATH -javaagent:C:\Users\KYJ\uml2-master2\eclipse\configuration\org.eclipse.osgi\1410\0\.cp\lib\javaagent-shaded.jar -Dfile.encoding=UTF-8 com.kyj.fx.b.ETScriptHelper.MainApp

Host: Intel(R) Core(TM) i7-8565U CPU @ 1.80GHz, 8 cores, 23G,  Windows 10 , 64 bit Build 19041 (10.0.19041.1348)
Time: Fri Dec 10 12:44:55 2021  Windows 10 , 64 bit Build 19041 (10.0.19041.1348) elapsed time: 82.068405 seconds (0d 0h 1m 22s)

---------------  T H R E A D  ---------------

Current thread (0x000001fd7f3ea2f0):  JavaThread "JDWP Transport Listener: dt_socket" daemon [_thread_in_vm, id=6536, stack(0x00000078a4800000,0x00000078a4900000)]

Stack: [0x00000078a4800000,0x00000078a4900000],  sp=0x00000078a48ff670,  free space=1021k
Native frames: (J=compiled Java code, j=interpreted, Vv=VM code, C=native code)
V  [jvm.dll+0x73beca]
V  [jvm.dll+0x50476c]
V  [jvm.dll+0x4d0084]
C  [jdwp.dll+0x22e9f]


siginfo: EXCEPTION_ACCESS_VIOLATION (0xc0000005), reading address 0x0000000002000203


Register to memory mapping:

RIP=0x00007ff94f34beca jvm.dll
RAX=0x00000000000001fe is an unknown value
RBX=0x000001fd7e28242d points into unknown readable memory: 44 56 4f
RCX=0x00000000020001ff is an unknown value
RDX=0x000001fd069b17e0 points into unknown readable memory: 0x6a796b2f6d6f634c | 4c 63 6f 6d 2f 6b 79 6a
RSP=0x00000078a48ff670 is pointing into the stack for thread: 0x000001fd7f3ea2f0
RBP=0x000001fd7f6b19a0 points into unknown readable memory: 0x0000000000000002 | 02 00 00 00 00 00 00 00
RSI=0x0 is NULL
RDI=0xffffffffffffffff is an unknown value
R8 =0x0000000000000013 is an unknown value
R9 =0x0000000000000014 is an unknown value
R10=0x0 is NULL
R11=0x00000078a48ff690 is pointing into the stack for thread: 0x000001fd7f3ea2f0
R12=0x00000078a48ff7c8 is pointing into the stack for thread: 0x000001fd7f3ea2f0
R13=0x0 is NULL
R14=0x0000000800ec0000 is a pointer to class: 
com.kyj.fx.b.ETScriptHelper.actions.ec.ec.rule.EquipmentClassRuleComposite {0x0000000800ec0008}
 - instance size:     84
 - klass size:        304
 - access:            public synchronized 
 - state:             fully_initialized
 - name:              'com/kyj/fx/b/ETScriptHelper/actions/ec/ec/rule/EquipmentClassRuleComposite'
 - super:             'com/kyj/fx/b/ETScriptHelper/actions/comm/core/AbstractManagementBorderPane'
 - sub:               
 - arrays:            NULL
 - methods:           Array<T>(0x000001fd1720ff38)
 - method ordering:   Array<T>(0x000001fd17255680)
 - default_methods:   Array<T>(0x000001fd114ee1c8)
 - default vtable indices:   Array<T>(0x000001fd114ee1e8)
 - local interfaces:  Array<T>(0x000001fd114ecf28)
 - trans. interfaces: Array<T>(0x000001fd114ee150)
 - constants:         constant pool [558]/operands[35] {0x000001fd17258240} for 'com/kyj/fx/b/ETScriptHelper/actions/ec/ec/rule/EquipmentClassRuleComposite' cache=0x000001fd17259588
 - class loader data:  loader data: 0x000001fd7e36a6b0 for instance a 'jdk/internal/loader/ClassLoaders$AppClassLoader'{0x00000006819c2d88}
 - source file:       'EquipmentClassRuleComposite.java'
 - source debug extension:       SMAP
EquipmentClassRuleComposite.java
Java
*S jdt
*F
1 EquipmentClassRuleComposite.java
2 file:/C:/Users/KYJ/git/repository/ETScriptHelper/target/classes/
*L
*E

 - class annotations:       Array<T>(0x0000000000000000)
 - class type annotations:  Array<T>(0x0000000000000000)
 - field annotations:       Array<T>(0x000001fd171a5f58)
 - field type annotations:  Array<T>(0x0000000000000000)
 - previous version:  constant pool [553]/operands[35] {0x000001fd114ebc10} for 'com/kyj/fx/b/ETScriptHelper/actions/ec/ec/rule/EquipmentClassRuleComposite' (extra) cache=0x000001fd114ee3c0
 - generic signature: '
[error occurred during error reporting (printing register info), id 0xc0000005, EXCEPTION_ACCESS_VIOLATION (0xc0000005) at pc=0x00007ff94f34cad6]

Registers:
RAX=0x00000000000001fe, RBX=0x000001fd7e28242d, RCX=0x00000000020001ff, RDX=0x000001fd069b17e0
RSP=0x00000078a48ff670, RBP=0x000001fd7f6b19a0, RSI=0x0000000000000000, RDI=0xffffffffffffffff
R8 =0x0000000000000013, R9 =0x0000000000000014, R10=0x0000000000000000, R11=0x00000078a48ff690
R12=0x00000078a48ff7c8, R13=0x0000000000000000, R14=0x0000000800ec0000, R15=0x00000078a48ff818
RIP=0x00007ff94f34beca, EFLAGS=0x0000000000010202

Top of Stack: (sp=0x00000078a48ff670)
0x00000078a48ff670:   000000000000004a 0000000800ec0000
0x00000078a48ff680:   000001fd7f3ea2f0 0000000000000000
0x00000078a48ff690:   ffffffffffffffff 00007ff94f11476c
0x00000078a48ff6a0:   000001fd7e28242d 000001fd7e2823e0
0x00000078a48ff6b0:   000001fd7f6b19a0 000001fd06d46120
0x00000078a48ff6c0:   000001fd7e282380 00000000000003d8
0x00000078a48ff6d0:   000001fd7e282390 000001fd7e282768
0x00000078a48ff6e0:   0000000000000002 00000078a48ff7c8
0x00000078a48ff6f0:   0000000000000000 0000000000000000
0x00000078a48ff700:   0000000682610950 00007ff94f0e0084
0x00000078a48ff710:   000001fd7f3ea2f0 00000078a48ff818
0x00000078a48ff720:   000001fd56955000 00000078a48ff818
0x00000078a48ff730:   000001fd7f3ea2f0 0000000000000000
0x00000078a48ff740:   000001fd00000000 0000000000000000
0x00000078a48ff750:   000000000000000d 00007ff9854c2e9f
0x00000078a48ff760:   00000078a48ff810 00007ff9854d1830 

Instructions: (pc=0x00007ff94f34beca)
0x00007ff94f34bdca:   48 83 c4 20 5f e9 fc 87 96 ff cc cc cc cc cc cc
0x00007ff94f34bdda:   cc cc cc cc cc cc 48 89 5c 24 08 57 48 83 ec 20
0x00007ff94f34bdea:   83 fa 02 8d 42 06 b9 08 00 00 00 49 8b d8 0f 4e
0x00007ff94f34bdfa:   c1 48 63 c8 48 83 c1 07 83 e1 f8 48 63 f9 49 8b
0x00007ff94f34be0a:   48 18 48 8b c7 48 f7 d0 48 3b c1 73 16 4c 8d 05
0x00007ff94f34be1a:   8a 48 17 00 48 8b d7 48 8b cb e8 07 eb 96 ff 48
0x00007ff94f34be2a:   8b 4b 18 48 8d 04 39 48 3b 43 20 76 18 45 33 c0
0x00007ff94f34be3a:   48 8b d7 48 8b cb 48 8b 5c 24 30 48 83 c4 20 5f
0x00007ff94f34be4a:   e9 61 e7 96 ff 48 89 43 18 48 8b c1 48 8b 5c 24
0x00007ff94f34be5a:   30 48 83 c4 20 5f c3 cc cc cc cc cc cc cc cc cc
0x00007ff94f34be6a:   cc cc cc cc cc cc 4c 8b d2 4c 8b d9 45 85 c0 7e
0x00007ff94f34be7a:   3c 44 0f b7 49 04 41 8d 40 ff 41 3b c1 44 0f 4c
0x00007ff94f34be8a:   c8 4d 63 c1 45 85 c9 7e 1f 48 8b c2 4c 2b da 49
0x00007ff94f34be9a:   8b d0 0f 1f 40 00 41 0f b6 4c 03 06 88 08 48 8d
0x00007ff94f34beaa:   40 01 48 83 ea 01 75 ee 43 c6 04 10 00 49 8b c2
0x00007ff94f34beba:   c3 cc cc cc cc cc 48 89 5c 24 08 57 48 83 ec 20
0x00007ff94f34beca:   0f b7 59 04 48 8b f9 33 d2 48 8d 4b 01 e8 14 9b
0x00007ff94f34beda:   f8 ff 0f b7 57 04 4c 8b c0 3b da 0f 42 d3 44 8b
0x00007ff94f34beea:   ca 85 d2 74 39 48 2b f8 0f 1f 40 00 66 66 0f 1f
0x00007ff94f34befa:   84 00 00 00 00 00 0f b6 4c 07 06 88 08 48 ff c0
0x00007ff94f34bf0a:   48 8b c8 49 2b c8 49 3b c9 7c eb 42 c6 04 02 00
0x00007ff94f34bf1a:   49 8b c0 48 8b 5c 24 30 48 83 c4 20 5f c3 48 8b
0x00007ff94f34bf2a:   5c 24 30 c6 04 02 00 48 83 c4 20 5f c3 cc cc cc
0x00007ff94f34bf3a:   cc cc cc cc cc cc 4c 8b d1 45 85 c0 7e 6c 44 0f
0x00007ff94f34bf4a:   b7 49 04 41 8d 40 ff 41 3b c1 44 0f 4c c8 4d 63
0x00007ff94f34bf5a:   d9 45 85 c9 7e 22 48 8b ca 4c 2b d2 4d 8b c3 0f
0x00007ff94f34bf6a:   1f 80 00 00 00 00 41 0f b6 44 0a 06 88 01 48 8d
0x00007ff94f34bf7a:   49 01 49 83 e8 01 75 ee 41 c6 04 13 00 48 c7 c0
0x00007ff94f34bf8a:   ff ff ff ff 66 90 48 ff c0 80 3c 02 00 75 f7 48
0x00007ff94f34bf9a:   63 c8 85 c0 48 8b c2 7e 14 80 38 2f 75 03 c6 00
0x00007ff94f34bfaa:   2e 48 ff c0 48 83 e9 01 75 ef 48 8b c2 c3 cc cc
0x00007ff94f34bfba:   cc cc cc cc cc cc 48 83 ec 28 e8 f7 fe ff ff 4c 


Stack slot to memory mapping:
stack at sp + 0 slots: 0x000000000000004a is an unknown value
stack at sp + 1 slots: 0x0000000800ec0000 is a pointer to class: 
com.kyj.fx.b.ETScriptHelper.actions.ec.ec.rule.EquipmentClassRuleComposite {0x0000000800ec0008}
 - instance size:     84
 - klass size:        304
 - access:            public synchronized 
 - state:             fully_initialized
 - name:              'com/kyj/fx/b/ETScriptHelper/actions/ec/ec/rule/EquipmentClassRuleComposite'
 - super:             'com/kyj/fx/b/ETScriptHelper/actions/comm/core/AbstractManagementBorderPane'
 - sub:               
 - arrays:            NULL
 - methods:           Array<T>(0x000001fd1720ff38)
 - method ordering:   Array<T>(0x000001fd17255680)
 - default_methods:   Array<T>(0x000001fd114ee1c8)
 - default vtable indices:   Array<T>(0x000001fd114ee1e8)
 - local interfaces:  Array<T>(0x000001fd114ecf28)
 - trans. interfaces: Array<T>(0x000001fd114ee150)
 - constants:         constant pool [558]/operands[35] {0x000001fd17258240} for 'com/kyj/fx/b/ETScriptHelper/actions/ec/ec/rule/EquipmentClassRuleComposite' cache=0x000001fd17259588
 - class loader data:  loader data: 0x000001fd7e36a6b0 for instance a 'jdk/internal/loader/ClassLoaders$AppClassLoader'{0x00000006819c2d88}
 - source file:       'EquipmentClassRuleComposite.java'
 - source debug extension:       SMAP
EquipmentClassRuleComposite.java
Java
*S jdt
*F
1 EquipmentClassRuleComposite.java
2 file:/C:/Users/KYJ/git/repository/ETScriptHelper/target/classes/
*L
*E

 - class annotations:       Array<T>(0x0000000000000000)
 - class type annotations:  Array<T>(0x0000000000000000)
 - field annotations:       Array<T>(0x000001fd171a5f58)
 - field type annotations:  Array<T>(0x0000000000000000)
 - previous version:  constant pool [553]/operands[35] {0x000001fd114ebc10} for 'com/kyj/fx/b/ETScriptHelper/actions/ec/ec/rule/EquipmentClassRuleComposite' (extra) cache=0x000001fd114ee3c0
 - generic signature: '
[error occurred during error reporting (inspecting top of stack), id 0xc0000005, EXCEPTION_ACCESS_VIOLATION (0xc0000005) at pc=0x00007ff94f34cad6]


---------------  P R O C E S S  ---------------

Threads class SMR info:
_java_thread_list=0x000001fd078c3c70, length=24, elements={
0x000001fd56956ea0, 0x000001fd56317bb0, 0x000001fd5631b7f0, 0x000001fd7e2349e0,
0x000001fd56332870, 0x000001fd56333330, 0x000001fd56339100, 0x000001fd535c1100,
0x000001fd535c3470, 0x000001fd5633dd10, 0x000001fd7e3467a0, 0x000001fd7f3ea2f0,
0x000001fd7e562c50, 0x000001fd7e563140, 0x000001fd00000080, 0x000001fd001d29d0,
0x000001fd0020a210, 0x000001fd0022ee20, 0x000001fd0043ec10, 0x000001fd06617210,
0x000001fd06a9bfb0, 0x000001fd06a9c480, 0x000001fd00ad93a0, 0x000001fd0781faa0
}

Java Threads: ( => current thread )
  0x000001fd56956ea0 JavaThread "main" [_thread_blocked, id=9420, stack(0x00000078a3500000,0x00000078a3600000)]
  0x000001fd56317bb0 JavaThread "Reference Handler" daemon [_thread_blocked, id=23044, stack(0x00000078a3c00000,0x00000078a3d00000)]
  0x000001fd5631b7f0 JavaThread "Finalizer" daemon [_thread_blocked, id=22088, stack(0x00000078a3d00000,0x00000078a3e00000)]
  0x000001fd7e2349e0 JavaThread "Signal Dispatcher" daemon [_thread_blocked, id=10624, stack(0x00000078a3e00000,0x00000078a3f00000)]
  0x000001fd56332870 JavaThread "Attach Listener" daemon [_thread_blocked, id=20096, stack(0x00000078a3f00000,0x00000078a4000000)]
  0x000001fd56333330 JavaThread "Service Thread" daemon [_thread_blocked, id=24320, stack(0x00000078a4000000,0x00000078a4100000)]
  0x000001fd56339100 JavaThread "Monitor Deflation Thread" daemon [_thread_blocked, id=24972, stack(0x00000078a4100000,0x00000078a4200000)]
  0x000001fd535c1100 JavaThread "C2 CompilerThread0" daemon [_thread_blocked, id=14320, stack(0x00000078a4200000,0x00000078a4300000)]
  0x000001fd535c3470 JavaThread "C1 CompilerThread0" daemon [_thread_blocked, id=23464, stack(0x00000078a4300000,0x00000078a4400000)]
  0x000001fd5633dd10 JavaThread "Sweeper thread" daemon [_thread_blocked, id=24428, stack(0x00000078a4400000,0x00000078a4500000)]
  0x000001fd7e3467a0 JavaThread "Common-Cleaner" daemon [_thread_blocked, id=23932, stack(0x00000078a4500000,0x00000078a4600000)]
=>0x000001fd7f3ea2f0 JavaThread "JDWP Transport Listener: dt_socket" daemon [_thread_in_vm, id=6536, stack(0x00000078a4800000,0x00000078a4900000)]
  0x000001fd7e562c50 JavaThread "JDWP Event Helper Thread" daemon [_thread_blocked, id=26100, stack(0x00000078a4900000,0x00000078a4a00000)]
  0x000001fd7e563140 JavaThread "JDWP Command Reader" daemon [_thread_in_native, id=17592, stack(0x00000078a4a00000,0x00000078a4b00000)]
  0x000001fd00000080 JavaThread "Notification Thread" daemon [_thread_blocked, id=21460, stack(0x00000078a4b00000,0x00000078a4c00000)]
  0x000001fd001d29d0 JavaThread "QuantumRenderer-0" daemon [_thread_blocked, id=8132, stack(0x00000078a4600000,0x00000078a4700000)]
  0x000001fd0020a210 JavaThread "InvokeLaterDispatcher" daemon [_thread_blocked, id=17412, stack(0x00000078a4700000,0x00000078a4800000)]
  0x000001fd0022ee20 JavaThread "JavaFX Application Thread" [_thread_blocked, id=14936, stack(0x00000078a5400000,0x00000078a5500000)]
  0x000001fd0043ec10 JavaThread "Thread-1" daemon [_thread_in_native, id=24064, stack(0x00000078a5800000,0x00000078a5900000)]
  0x000001fd06617210 JavaThread "JavaFX-Launcher" [_thread_blocked, id=19276, stack(0x00000078a5b00000,0x00000078a5c00000)]
  0x000001fd06a9bfb0 JavaThread "Prism Font Disposer" daemon [_thread_blocked, id=20280, stack(0x00000078a5f00000,0x00000078a6000000)]
  0x000001fd06a9c480 JavaThread "PoolCleaner[317574433:1639107817172]" daemon [_thread_blocked, id=23476, stack(0x00000078a6100000,0x00000078a6200000)]
  0x000001fd00ad93a0 JavaThread "Cleaner-0" daemon [_thread_blocked, id=12432, stack(0x00000078a6300000,0x00000078a6400000)]
  0x000001fd0781faa0 JavaThread "C2 CompilerThread1" daemon [_thread_blocked, id=16040, stack(0x00000078a3000000,0x00000078a3100000)]

Other Threads:
  0x000001fd5630bda0 VMThread "VM Thread" [stack: 0x00000078a3b00000,0x00000078a3c00000] [id=21252]
  0x000001fd56958b70 WatcherThread [stack: 0x00000078a4c00000,0x00000078a4d00000] [id=25288]
  0x000001fd56199380 GCTaskThread "GC Thread#0" [stack: 0x00000078a3600000,0x00000078a3700000] [id=9272]
  0x000001fd7f7b0020 GCTaskThread "GC Thread#1" [stack: 0x00000078a4d00000,0x00000078a4e00000] [id=15472]
  0x000001fd7f671b60 GCTaskThread "GC Thread#2" [stack: 0x00000078a4e00000,0x00000078a4f00000] [id=15068]
  0x000001fd7f7e5040 GCTaskThread "GC Thread#3" [stack: 0x00000078a4f00000,0x00000078a5000000] [id=26032]
  0x000001fd7f7e52f0 GCTaskThread "GC Thread#4" [stack: 0x00000078a5000000,0x00000078a5100000] [id=25032]
  0x000001fd7f7e55a0 GCTaskThread "GC Thread#5" [stack: 0x00000078a5100000,0x00000078a5200000] [id=20284]
  0x000001fd7f7e5850 GCTaskThread "GC Thread#6" [stack: 0x00000078a5200000,0x00000078a5300000] [id=25780]
  0x000001fd7f25aec0 GCTaskThread "GC Thread#7" [stack: 0x00000078a5300000,0x00000078a5400000] [id=26520]
  0x000001fd561a0150 ConcurrentGCThread "G1 Main Marker" [stack: 0x00000078a3700000,0x00000078a3800000] [id=25684]
  0x000001fd5697bf60 ConcurrentGCThread "G1 Conc#0" [stack: 0x00000078a3800000,0x00000078a3900000] [id=19060]
  0x000001fd00b76d00 ConcurrentGCThread "G1 Conc#1" [stack: 0x00000078a6000000,0x00000078a6100000] [id=26236]
  0x000001fd5697eac0 ConcurrentGCThread "G1 Refine#0" [stack: 0x00000078a3900000,0x00000078a3a00000] [id=24880]
  0x000001fd5624d870 ConcurrentGCThread "G1 Service" [stack: 0x00000078a3a00000,0x00000078a3b00000] [id=1092]

Threads with active compile tasks:

VM state: not at safepoint (normal execution)

VM Mutex/Monitor currently owned by a thread: None

Heap address: 0x0000000681800000, size: 6120 MB, Compressed Oops mode: Zero based, Oop shift amount: 3

CDS archive(s) mapped at: [0x0000000800000000-0x0000000800bc0000-0x0000000800bc0000), size 12320768, SharedBaseAddress: 0x0000000800000000, ArchiveRelocationMode: 0.
Compressed class space mapped at: 0x0000000800c00000-0x0000000840c00000, reserved size: 1073741824
Narrow klass base: 0x0000000800000000, Narrow klass shift: 0, Narrow klass range: 0x100000000

GC Precious Log:
 CPUs: 8 total, 8 available
 Memory: 24467M
 Large Page Support: Disabled
 NUMA Support: Disabled
 Compressed Oops: Enabled (Zero based)
 Heap Region Size: 4M
 Heap Min Capacity: 8M
 Heap Initial Capacity: 384M
 Heap Max Capacity: 6120M
 Pre-touch: Disabled
 Parallel Workers: 8
 Concurrent Workers: 2
 Concurrent Refinement Workers: 8
 Periodic GC: Disabled

Heap:
 garbage-first heap   total 139264K, used 85484K [0x0000000681800000, 0x0000000800000000)
  region size 4096K, 13 young (53248K), 2 survivors (8192K)
 Metaspace       used 40304K, committed 40704K, reserved 1089536K
  class space    used 5219K, committed 5440K, reserved 1048576K

Heap Regions: E=young(eden), S=young(survivor), O=old, HS=humongous(starts), HC=humongous(continues), CS=collection set, F=free, OA=open archive, CA=closed archive, TAMS=top-at-mark-start (previous, next)
|   0|0x0000000681800000, 0x0000000681c00000, 0x0000000681c00000|100%| O|  |TAMS 0x0000000681c00000, 0x0000000681800000| Untracked 
|   1|0x0000000681c00000, 0x0000000682000000, 0x0000000682000000|100%| O|  |TAMS 0x0000000682000000, 0x0000000681c00000| Untracked 
|   2|0x0000000682000000, 0x0000000682400000, 0x0000000682400000|100%| O|  |TAMS 0x0000000682400000, 0x0000000682000000| Untracked 
|   3|0x0000000682400000, 0x0000000682800000, 0x0000000682800000|100%| O|  |TAMS 0x0000000682800000, 0x0000000682400000| Untracked 
|   4|0x0000000682800000, 0x0000000682c00000, 0x0000000682c00000|100%| O|  |TAMS 0x0000000682c00000, 0x0000000682800000| Untracked 
|   5|0x0000000682c00000, 0x0000000683000000, 0x0000000683000000|100%| O|  |TAMS 0x0000000683000000, 0x0000000682c00000| Untracked 
|   6|0x0000000683000000, 0x0000000683000000, 0x0000000683400000|  0%| F|  |TAMS 0x0000000683000000, 0x0000000683000000| Untracked 
|   7|0x0000000683400000, 0x0000000683800000, 0x0000000683800000|100%| O|  |TAMS 0x0000000683800000, 0x0000000683400000| Untracked 
|   8|0x0000000683800000, 0x0000000683c00000, 0x0000000683c00000|100%| O|  |TAMS 0x0000000683c00000, 0x0000000683800000| Untracked 
|   9|0x0000000683c00000, 0x0000000684000000, 0x0000000684000000|100%| O|  |TAMS 0x0000000684000000, 0x0000000683c00000| Untracked 
|  10|0x0000000684000000, 0x0000000684322e00, 0x0000000684400000| 78%| O|  |TAMS 0x0000000684322e00, 0x0000000684000000| Untracked 
|  11|0x0000000684400000, 0x0000000684400000, 0x0000000684800000|  0%| F|  |TAMS 0x0000000684400000, 0x0000000684400000| Untracked 
|  12|0x0000000684800000, 0x0000000684800000, 0x0000000684c00000|  0%| F|  |TAMS 0x0000000684800000, 0x0000000684800000| Untracked 
|  13|0x0000000684c00000, 0x0000000684c00000, 0x0000000685000000|  0%| F|  |TAMS 0x0000000684c00000, 0x0000000684c00000| Untracked 
|  14|0x0000000685000000, 0x0000000685000000, 0x0000000685400000|  0%| F|  |TAMS 0x0000000685000000, 0x0000000685000000| Untracked 
|  15|0x0000000685400000, 0x0000000685400000, 0x0000000685800000|  0%| F|  |TAMS 0x0000000685400000, 0x0000000685400000| Untracked 
|  16|0x0000000685800000, 0x0000000685800000, 0x0000000685c00000|  0%| F|  |TAMS 0x0000000685800000, 0x0000000685800000| Untracked 
|  17|0x0000000685c00000, 0x0000000685c58368, 0x0000000686000000|  8%| S|CS|TAMS 0x0000000685c00000, 0x0000000685c00000| Complete 
|  18|0x0000000686000000, 0x0000000686000000, 0x0000000686400000|  0%| F|  |TAMS 0x0000000686000000, 0x0000000686000000| Untracked 
|  19|0x0000000686400000, 0x0000000686400000, 0x0000000686800000|  0%| F|  |TAMS 0x0000000686400000, 0x0000000686400000| Untracked 
|  20|0x0000000686800000, 0x0000000686c00000, 0x0000000686c00000|100%| S|CS|TAMS 0x0000000686800000, 0x0000000686800000| Complete 
|  21|0x0000000686c00000, 0x0000000686c00000, 0x0000000687000000|  0%| F|  |TAMS 0x0000000686c00000, 0x0000000686c00000| Untracked 
|  22|0x0000000687000000, 0x0000000687000000, 0x0000000687400000|  0%| F|  |TAMS 0x0000000687000000, 0x0000000687000000| Untracked 
|  23|0x0000000687400000, 0x000000068760dff8, 0x0000000687800000| 51%| E|  |TAMS 0x0000000687400000, 0x0000000687400000| Complete 
|  24|0x0000000687800000, 0x0000000687c00000, 0x0000000687c00000|100%| E|CS|TAMS 0x0000000687800000, 0x0000000687800000| Complete 
|  25|0x0000000687c00000, 0x0000000688000000, 0x0000000688000000|100%| E|CS|TAMS 0x0000000687c00000, 0x0000000687c00000| Complete 
|  26|0x0000000688000000, 0x0000000688400000, 0x0000000688400000|100%| E|CS|TAMS 0x0000000688000000, 0x0000000688000000| Complete 
|  27|0x0000000688400000, 0x0000000688800000, 0x0000000688800000|100%| E|CS|TAMS 0x0000000688400000, 0x0000000688400000| Complete 
|  28|0x0000000688800000, 0x0000000688c00000, 0x0000000688c00000|100%| E|CS|TAMS 0x0000000688800000, 0x0000000688800000| Complete 
|  29|0x0000000688c00000, 0x0000000689000000, 0x0000000689000000|100%| E|CS|TAMS 0x0000000688c00000, 0x0000000688c00000| Complete 
|  30|0x0000000689000000, 0x0000000689400000, 0x0000000689400000|100%| E|CS|TAMS 0x0000000689000000, 0x0000000689000000| Complete 
|  31|0x0000000689400000, 0x0000000689800000, 0x0000000689800000|100%| E|CS|TAMS 0x0000000689400000, 0x0000000689400000| Complete 
|  85|0x0000000696c00000, 0x0000000697000000, 0x0000000697000000|100%| E|CS|TAMS 0x0000000696c00000, 0x0000000696c00000| Complete 
|  95|0x0000000699400000, 0x0000000699800000, 0x0000000699800000|100%| E|CS|TAMS 0x0000000699400000, 0x0000000699400000| Complete 

Card table byte_map: [0x000001fd6e1f0000,0x000001fd6edf0000] _byte_map_base: 0x000001fd6ade4000

Marking Bits (Prev, Next): (CMBitMap*) 0x000001fd561998e0, (CMBitMap*) 0x000001fd561998a0
 Prev Bits: [0x000001fd75990000, 0x000001fd7b930000)
 Next Bits: [0x000001fd6f9f0000, 0x000001fd75990000)

Polling page: 0x000001fd55f40000

Metaspace:

Usage:
  Non-class:     34.26 MB used.
      Class:      5.10 MB used.
       Both:     39.36 MB used.

Virtual space:
  Non-class space:       40.00 MB reserved,      34.44 MB ( 86%) committed,  5 nodes.
      Class space:        1.00 GB reserved,       5.31 MB ( <1%) committed,  1 nodes.
             Both:        1.04 GB reserved,      39.75 MB (  4%) committed. 

Chunk freelists:
   Non-Class:  640.00 KB
       Class:  2.67 MB
        Both:  3.30 MB

MaxMetaspaceSize: unlimited
CompressedClassSpaceSize: 1.00 GB
Initial GC threshold: 21.00 MB
Current GC threshold: 65.25 MB
CDS: on
MetaspaceReclaimPolicy: balanced
 - commit_granule_bytes: 65536.
 - commit_granule_words: 8192.
 - virtual_space_node_default_size: 1048576.
 - enlarge_chunks_in_place: 1.
 - new_chunks_are_fully_committed: 0.
 - uncommit_free_chunks: 1.
 - use_allocation_guard: 0.
 - handle_deallocations: 1.


Internal statistics:

num_allocs_failed_limit: 9.
num_arena_births: 408.
num_arena_deaths: 0.
num_vsnodes_births: 6.
num_vsnodes_deaths: 0.
num_space_committed: 636.
num_space_uncommitted: 0.
num_chunks_returned_to_freelist: 9.
num_chunks_taken_from_freelist: 1672.
num_chunk_merges: 9.
num_chunk_splits: 1153.
num_chunks_enlarged: 856.
num_purges: 0.
num_inconsistent_stats: 0.

CodeHeap 'non-profiled nmethods': size=120000Kb used=6845Kb max_used=6845Kb free=113154Kb
 bounds [0x000001fd65b70000, 0x000001fd66220000, 0x000001fd6d0a0000]
CodeHeap 'profiled nmethods': size=120000Kb used=15716Kb max_used=17037Kb free=104283Kb
 bounds [0x000001fd5e640000, 0x000001fd5f710000, 0x000001fd65b70000]
CodeHeap 'non-nmethods': size=5760Kb used=1620Kb max_used=1763Kb free=4139Kb
 bounds [0x000001fd5e0a0000, 0x000001fd5e310000, 0x000001fd5e640000]
 total_blobs=8565 nmethods=7626 adapters=850
 compilation: enabled
              stopped_count=0, restarted_count=0
 full_count=0

Compilation events (20 events):
Event: 81.511 Thread 0x000001fd535c3470 9761       3       java.lang.Module::toString (60 bytes)
Event: 81.512 Thread 0x000001fd535c3470 nmethod 9761 0x000001fd5e6edb90 code [0x000001fd5e6ede60, 0x000001fd5e6eea78]
Event: 81.512 Thread 0x000001fd535c3470 9762       1       org.apache.http.impl.cookie.BasicClientCookie::getValue (5 bytes)
Event: 81.512 Thread 0x000001fd535c3470 nmethod 9762 0x000001fd66217590 code [0x000001fd66217720, 0x000001fd662177f8]
Event: 81.513 Thread 0x000001fd535c3470 9763       1       org.apache.http.impl.cookie.BasicClientCookie::getVersion (5 bytes)
Event: 81.513 Thread 0x000001fd535c3470 nmethod 9763 0x000001fd66217890 code [0x000001fd66217a20, 0x000001fd66217af8]
Event: 81.514 Thread 0x000001fd535c1100 nmethod 9747 0x000001fd66217b90 code [0x000001fd66217d20, 0x000001fd66218a28]
Event: 81.514 Thread 0x000001fd535c1100 9753       4       ch.qos.logback.core.pattern.FormattingConverter::write (154 bytes)
Event: 81.515 Thread 0x000001fd535c1100 nmethod 9753 0x000001fd66219090 code [0x000001fd66219240, 0x000001fd662194f8]
Event: 81.518 Thread 0x000001fd535c1100 9765       4       java.util.regex.Pattern$BranchConn::match (11 bytes)
Event: 81.519 Thread 0x000001fd535c1100 nmethod 9765 0x000001fd66219810 code [0x000001fd66219980, 0x000001fd66219a38]
Event: 81.521 Thread 0x000001fd535c1100 9766       4       java.math.BigInteger::mod (41 bytes)
Event: 81.521 Thread 0x000001fd0781faa0 nmethod 9746 0x000001fd66219b10 code [0x000001fd66219ca0, 0x000001fd6621b3e8]
Event: 81.528 Thread 0x000001fd535c3470 9767   !   3       sun.nio.ch.NioSocketImpl::endRead (58 bytes)
Event: 81.528 Thread 0x000001fd535c3470 nmethod 9767 0x000001fd5eeae410 code [0x000001fd5eeae600, 0x000001fd5eeaea98]
Event: 81.529 Thread 0x000001fd0781faa0 9768       4       org.apache.http.util.CharArrayBuffer::append (37 bytes)
Event: 81.530 Thread 0x000001fd0781faa0 nmethod 9768 0x000001fd6621b790 code [0x000001fd6621b900, 0x000001fd6621ba18]
Event: 81.550 Thread 0x000001fd535c3470 9769       3       com.sun.org.apache.xerces.internal.impl.XMLScanner::getStringBuffer (76 bytes)
Event: 81.550 Thread 0x000001fd535c3470 nmethod 9769 0x000001fd5f43c590 code [0x000001fd5f43c7c0, 0x000001fd5f43d278]
Event: 81.560 Thread 0x000001fd535c1100 nmethod 9766 0x000001fd6621bb10 code [0x000001fd6621bd80, 0x000001fd6621e550]

GC Heap History (20 events):
Event: 4.761 GC heap before
{Heap before GC invocations=6 (full 0):
 garbage-first heap   total 69632K, used 21391K [0x0000000681800000, 0x0000000800000000)
  region size 4096K, 3 young (12288K), 2 survivors (8192K)
 Metaspace       used 27952K, committed 28288K, reserved 1073152K
  class space    used 3662K, committed 3840K, reserved 1048576K
}
Event: 4.765 GC heap after
{Heap after GC invocations=7 (full 0):
 garbage-first heap   total 69632K, used 17948K [0x0000000681800000, 0x0000000800000000)
  region size 4096K, 1 young (4096K), 1 survivors (4096K)
 Metaspace       used 27952K, committed 28288K, reserved 1073152K
  class space    used 3662K, committed 3840K, reserved 1048576K
}
Event: 5.135 GC heap before
{Heap before GC invocations=7 (full 0):
 garbage-first heap   total 69632K, used 42524K [0x0000000681800000, 0x0000000800000000)
  region size 4096K, 7 young (28672K), 1 survivors (4096K)
 Metaspace       used 30422K, committed 30656K, reserved 1081344K
  class space    used 4101K, committed 4224K, reserved 1048576K
}
Event: 5.138 GC heap after
{Heap after GC invocations=8 (full 0):
 garbage-first heap   total 69632K, used 20102K [0x0000000681800000, 0x0000000800000000)
  region size 4096K, 1 young (4096K), 1 survivors (4096K)
 Metaspace       used 30422K, committed 30656K, reserved 1081344K
  class space    used 4101K, committed 4224K, reserved 1048576K
}
Event: 5.514 GC heap before
{Heap before GC invocations=8 (full 0):
 garbage-first heap   total 69632K, used 44678K [0x0000000681800000, 0x0000000800000000)
  region size 4096K, 7 young (28672K), 1 survivors (4096K)
 Metaspace       used 32858K, committed 33088K, reserved 1081344K
  class space    used 4593K, committed 4736K, reserved 1048576K
}
Event: 5.518 GC heap after
{Heap after GC invocations=9 (full 0):
 garbage-first heap   total 69632K, used 23187K [0x0000000681800000, 0x0000000800000000)
  region size 4096K, 1 young (4096K), 1 survivors (4096K)
 Metaspace       used 32858K, committed 33088K, reserved 1081344K
  class space    used 4593K, committed 4736K, reserved 1048576K
}
Event: 5.954 GC heap before
{Heap before GC invocations=9 (full 0):
 garbage-first heap   total 69632K, used 43667K [0x0000000681800000, 0x0000000800000000)
  region size 4096K, 7 young (28672K), 1 survivors (4096K)
 Metaspace       used 34197K, committed 34496K, reserved 1081344K
  class space    used 4696K, committed 4864K, reserved 1048576K
}
Event: 5.960 GC heap after
{Heap after GC invocations=10 (full 0):
 garbage-first heap   total 69632K, used 29664K [0x0000000681800000, 0x0000000800000000)
  region size 4096K, 1 young (4096K), 1 survivors (4096K)
 Metaspace       used 34197K, committed 34496K, reserved 1081344K
  class space    used 4696K, committed 4864K, reserved 1048576K
}
Event: 8.458 GC heap before
{Heap before GC invocations=10 (full 0):
 garbage-first heap   total 69632K, used 46048K [0x0000000681800000, 0x0000000800000000)
  region size 4096K, 5 young (20480K), 1 survivors (4096K)
 Metaspace       used 35306K, committed 35584K, reserved 1081344K
  class space    used 4748K, committed 4864K, reserved 1048576K
}
Event: 8.463 GC heap after
{Heap after GC invocations=11 (full 0):
 garbage-first heap   total 233472K, used 31077K [0x0000000681800000, 0x0000000800000000)
  region size 4096K, 1 young (4096K), 1 survivors (4096K)
 Metaspace       used 35306K, committed 35584K, reserved 1081344K
  class space    used 4748K, committed 4864K, reserved 1048576K
}
Event: 9.318 GC heap before
{Heap before GC invocations=11 (full 0):
 garbage-first heap   total 233472K, used 35173K [0x0000000681800000, 0x0000000800000000)
  region size 4096K, 3 young (12288K), 1 survivors (4096K)
 Metaspace       used 35755K, committed 35968K, reserved 1081344K
  class space    used 4813K, committed 4928K, reserved 1048576K
}
Event: 9.320 GC heap after
{Heap after GC invocations=12 (full 0):
 garbage-first heap   total 233472K, used 31679K [0x0000000681800000, 0x0000000800000000)
  region size 4096K, 1 young (4096K), 1 survivors (4096K)
 Metaspace       used 35755K, committed 35968K, reserved 1081344K
  class space    used 4813K, committed 4928K, reserved 1048576K
}
Event: 15.300 GC heap before
{Heap before GC invocations=13 (full 0):
 garbage-first heap   total 139264K, used 109503K [0x0000000681800000, 0x0000000800000000)
  region size 4096K, 20 young (81920K), 1 survivors (4096K)
 Metaspace       used 39142K, committed 39488K, reserved 1089536K
  class space    used 5169K, committed 5376K, reserved 1048576K
}
Event: 15.308 GC heap after
{Heap after GC invocations=14 (full 0):
 garbage-first heap   total 139264K, used 40710K [0x0000000681800000, 0x0000000800000000)
  region size 4096K, 3 young (12288K), 3 survivors (12288K)
 Metaspace       used 39142K, committed 39488K, reserved 1089536K
  class space    used 5169K, committed 5376K, reserved 1048576K
}
Event: 16.974 GC heap before
{Heap before GC invocations=14 (full 0):
 garbage-first heap   total 139264K, used 44806K [0x0000000681800000, 0x0000000800000000)
  region size 4096K, 4 young (16384K), 3 survivors (12288K)
 Metaspace       used 39183K, committed 39552K, reserved 1089536K
  class space    used 5169K, committed 5376K, reserved 1048576K
}
Event: 16.991 GC heap after
{Heap after GC invocations=15 (full 0):
 garbage-first heap   total 139264K, used 41715K [0x0000000681800000, 0x0000000800000000)
  region size 4096K, 1 young (4096K), 1 survivors (4096K)
 Metaspace       used 39183K, committed 39552K, reserved 1089536K
  class space    used 5169K, committed 5376K, reserved 1048576K
}
Event: 27.361 GC heap before
{Heap before GC invocations=15 (full 0):
 garbage-first heap   total 139264K, used 94963K [0x0000000681800000, 0x0000000800000000)
  region size 4096K, 14 young (57344K), 1 survivors (4096K)
 Metaspace       used 39671K, committed 40064K, reserved 1089536K
  class space    used 5198K, committed 5376K, reserved 1048576K
}
Event: 27.373 GC heap after
{Heap after GC invocations=16 (full 0):
 garbage-first heap   total 139264K, used 44379K [0x0000000681800000, 0x0000000800000000)
  region size 4096K, 2 young (8192K), 2 survivors (8192K)
 Metaspace       used 39671K, committed 40064K, reserved 1089536K
  class space    used 5198K, committed 5376K, reserved 1048576K
}
Event: 42.531 GC heap before
{Heap before GC invocations=17 (full 0):
 garbage-first heap   total 139264K, used 97627K [0x0000000681800000, 0x0000000800000000)
  region size 4096K, 15 young (61440K), 2 survivors (8192K)
 Metaspace       used 40013K, committed 40384K, reserved 1089536K
  class space    used 5201K, committed 5376K, reserved 1048576K
}
Event: 42.534 GC heap after
{Heap after GC invocations=18 (full 0):
 garbage-first heap   total 139264K, used 44524K [0x0000000681800000, 0x0000000800000000)
  region size 4096K, 2 young (8192K), 2 survivors (8192K)
 Metaspace       used 40013K, committed 40384K, reserved 1089536K
  class space    used 5201K, committed 5376K, reserved 1048576K
}

Deoptimization events (20 events):
Event: 81.548 Thread 0x000001fd0022ee20 DEOPT PACKING pc=0x000001fd5f49ab1e sp=0x00000078a54fb4a0
Event: 81.548 Thread 0x000001fd0022ee20 DEOPT UNPACKING pc=0x000001fd5e0f2b43 sp=0x00000078a54fa930 mode 1
Event: 81.548 Thread 0x000001fd0022ee20 DEOPT PACKING pc=0x000001fd65bbc584 sp=0x00000078a54fb500
Event: 81.548 Thread 0x000001fd0022ee20 DEOPT UNPACKING pc=0x000001fd5e0f2b43 sp=0x00000078a54fa9a0 mode 1
Event: 81.549 Thread 0x000001fd0022ee20 DEOPT PACKING pc=0x000001fd5e679fc9 sp=0x00000078a54fbaa0
Event: 81.549 Thread 0x000001fd0022ee20 DEOPT UNPACKING pc=0x000001fd5e0f2b43 sp=0x00000078a54faf80 mode 1
Event: 81.549 Thread 0x000001fd0022ee20 DEOPT PACKING pc=0x000001fd5f69d06c sp=0x00000078a54fba90
Event: 81.549 Thread 0x000001fd0022ee20 DEOPT UNPACKING pc=0x000001fd5e0f2b43 sp=0x00000078a54faff0 mode 1
Event: 81.549 Thread 0x000001fd0022ee20 DEOPT PACKING pc=0x000001fd5ef28dd4 sp=0x00000078a54fbbb0
Event: 81.549 Thread 0x000001fd0022ee20 DEOPT UNPACKING pc=0x000001fd5e0f2b43 sp=0x00000078a54fb070 mode 1
Event: 81.550 Thread 0x000001fd0022ee20 Uncommon trap: trap_request=0xffffff97 fr.pc=0x000001fd6607747c relative=0x000000000000059c
Event: 81.550 Thread 0x000001fd0022ee20 Uncommon trap: reason=unhandled action=none pc=0x000001fd6607747c method=java.lang.reflect.AccessibleObject.checkAccess(Ljava/lang/Class;Ljava/lang/Class;Ljava/lang/Class;I)V @ 38 c2
Event: 81.550 Thread 0x000001fd0022ee20 DEOPT PACKING pc=0x000001fd6607747c sp=0x00000078a54fb350
Event: 81.550 Thread 0x000001fd0022ee20 DEOPT UNPACKING pc=0x000001fd5e0f23a3 sp=0x00000078a54fb350 mode 2
Event: 81.550 Thread 0x000001fd0022ee20 DEOPT PACKING pc=0x000001fd5ea33c2c sp=0x00000078a54fb410
Event: 81.550 Thread 0x000001fd0022ee20 DEOPT UNPACKING pc=0x000001fd5e0f2b43 sp=0x00000078a54fa900 mode 1
Event: 81.550 Thread 0x000001fd0022ee20 DEOPT PACKING pc=0x000001fd5f49ab1e sp=0x00000078a54fb910
Event: 81.550 Thread 0x000001fd0022ee20 DEOPT UNPACKING pc=0x000001fd5e0f2b43 sp=0x00000078a54fada0 mode 1
Event: 81.550 Thread 0x000001fd0022ee20 DEOPT PACKING pc=0x000001fd65bbc584 sp=0x00000078a54fb970
Event: 81.550 Thread 0x000001fd0022ee20 DEOPT UNPACKING pc=0x000001fd5e0f2b43 sp=0x00000078a54fae10 mode 1

Classes unloaded (0 events):
No events

Classes redefined (8 events):
Event: 78.196 Thread 0x000001fd5630bda0 redefined class name=com.kyj.fx.b.ETScriptHelper.actions.ec.ec.rule.EquipmentClassRuleComposite$7, count=1
Event: 78.197 Thread 0x000001fd5630bda0 redefined class name=com.kyj.fx.b.ETScriptHelper.actions.ec.ec.rule.EquipmentClassRuleComposite, count=1
Event: 78.197 Thread 0x000001fd5630bda0 redefined class name=com.kyj.fx.b.ETScriptHelper.actions.ec.ec.rule.EquipmentClassRuleComposite$1, count=1
Event: 78.197 Thread 0x000001fd5630bda0 redefined class name=com.kyj.fx.b.ETScriptHelper.actions.ec.ec.rule.EquipmentClassRuleComposite$2, count=1
Event: 78.197 Thread 0x000001fd5630bda0 redefined class name=com.kyj.fx.b.ETScriptHelper.actions.ec.ec.rule.EquipmentClassRuleComposite$3, count=1
Event: 78.197 Thread 0x000001fd5630bda0 redefined class name=com.kyj.fx.b.ETScriptHelper.actions.ec.ec.rule.EquipmentClassRuleComposite$4, count=1
Event: 78.197 Thread 0x000001fd5630bda0 redefined class name=com.kyj.fx.b.ETScriptHelper.actions.ec.ec.rule.EquipmentClassRuleComposite$5, count=1
Event: 78.197 Thread 0x000001fd5630bda0 redefined class name=com.kyj.fx.b.ETScriptHelper.actions.ec.ec.rule.EquipmentClassRuleComposite$6, count=1

Internal exceptions (20 events):
Event: 4.945 Thread 0x000001fd0022ee20 Exception <a 'java/io/FileNotFoundException'{0x0000000684d5a030}> (0x0000000684d5a030) 
thrown [t:\workspace\open\src\hotspot\share\prims\jni.cpp, line 516]
Event: 4.951 Thread 0x000001fd0022ee20 Exception <a 'java/io/FileNotFoundException'{0x0000000684d7b548}> (0x0000000684d7b548) 
thrown [t:\workspace\open\src\hotspot\share\prims\jni.cpp, line 516]
Event: 4.975 Thread 0x000001fd0022ee20 Exception <a 'java/lang/NoSuchMethodError'{0x0000000684eff128}: 'void java.lang.invoke.DirectMethodHandle$Holder.invokeSpecial(java.lang.Object, java.lang.Object, java.lang.Object, java.lang.Object, java.lang.Object, java.lang.Object, java.lang.Object)'> (0x0000000684eff128) 
thrown [t:\workspace\open\src\hotspot\share\interpreter\linkResolver.cpp, line 766]
Event: 5.000 Thread 0x000001fd0022ee20 Exception <a 'java/lang/NoSuchMethodError'{0x0000000684bd0988}: 'void java.lang.invoke.DirectMethodHandle$Holder.invokeSpecial(java.lang.Object, java.lang.Object, java.lang.Object, java.lang.Object, java.lang.Object, java.lang.Object)'> (0x0000000684bd0988) 
thrown [t:\workspace\open\src\hotspot\share\interpreter\linkResolver.cpp, line 766]
Event: 5.104 Thread 0x000001fd0022ee20 Exception <a 'java/lang/NoSuchMethodError'{0x000000068429cee8}: 'int java.lang.invoke.DirectMethodHandle$Holder.invokeSpecial(java.lang.Object, java.lang.Object, int)'> (0x000000068429cee8) 
thrown [t:\workspace\open\src\hotspot\share\interpreter\linkResolver.cpp, line 766]
Event: 5.153 Thread 0x000001fd0022ee20 Exception <a 'java/lang/ClassNotFoundException'{0x000000069959e2a8}: com/sun/javafx/scene/control/skin/resources/controls> (0x000000069959e2a8) 
thrown [t:\workspace\open\src\hotspot\share\prims\jni.cpp, line 535]
Event: 5.153 Thread 0x000001fd0022ee20 Exception <a 'java/lang/ClassNotFoundException'{0x00000006995ac040}: com/sun/javafx/scene/control/skin/resources/controls_ko> (0x00000006995ac040) 
thrown [t:\workspace\open\src\hotspot\share\prims\jni.cpp, line 535]
Event: 5.340 Thread 0x000001fd0022ee20 Exception <a 'java/lang/NoSuchMethodError'{0x0000000684e13588}: 'void java.lang.invoke.DirectMethodHandle$Holder.invokeSpecialIFC(java.lang.Object, java.lang.Object, java.lang.Object, java.lang.Object)'> (0x0000000684e13588) 
thrown [t:\workspace\open\src\hotspot\share\interpreter\linkResolver.cpp, line 766]
Event: 5.607 Thread 0x000001fd0022ee20 Exception <a 'java/lang/NoSuchMethodError'{0x000000069974cf18}: 'void java.lang.invoke.DirectMethodHandle$Holder.invokeSpecial(java.lang.Object, java.lang.Object, int, int)'> (0x000000069974cf18) 
thrown [t:\workspace\open\src\hotspot\share\interpreter\linkResolver.cpp, line 766]
Event: 5.607 Thread 0x000001fd0022ee20 Exception <a 'java/lang/NoSuchMethodError'{0x0000000699753710}: 'java.lang.Object java.lang.invoke.DirectMethodHandle$Holder.newInvokeSpecial(java.lang.Object, java.lang.Object, int, int)'> (0x0000000699753710) 
thrown [t:\workspace\open\src\hotspot\share\interpreter\linkResolver.cpp, line 766]
Event: 6.367 Thread 0x000001fd0022ee20 Exception <a 'java/lang/NoSuchMethodError'{0x0000000699439f00}: 'java.lang.Object java.lang.invoke.DirectMethodHandle$Holder.newInvokeSpecial(java.lang.Object, java.lang.Object, java.lang.Object, double, double, double, double, int, int, int, int, int, int, int, int, int)'> (0x0000000699439f00) 
thrown [t:\workspace\open\src\hotspot\share\interpreter\linkResolver.cpp, line 766]
Event: 8.344 Thread 0x000001fd0022ee20 Exception <a 'java/lang/ClassNotFoundException'{0x0000000696fa9fb8}: com/kyj/fx/b/ETScriptHelper/actions/ec/ec/EquipmentClassDVOBeanInfo> (0x0000000696fa9fb8) 
thrown [t:\workspace\open\src\hotspot\share\classfile\systemDictionary.cpp, line 256]
Event: 8.344 Thread 0x000001fd0022ee20 Exception <a 'java/lang/ClassNotFoundException'{0x0000000696fad0a0}: com/kyj/fx/b/ETScriptHelper/actions/ec/ec/EquipmentClassDVOCustomizer> (0x0000000696fad0a0) 
thrown [t:\workspace\open\src\hotspot\share\classfile\systemDictionary.cpp, line 256]
Event: 9.355 Thread 0x000001fd0022ee20 Implicit null exception at 0x000001fd65bf9976 to 0x000001fd65bf9a90
Event: 9.632 Thread 0x000001fd0022ee20 Exception <a 'java/lang/ClassNotFoundException'{0x0000000688ebcbd8}: com/sun/org/apache/xerces/internal/impl/msg/spi/SAXMessagesProvider> (0x0000000688ebcbd8) 
thrown [t:\workspace\open\src\hotspot\share\classfile\systemDictionary.cpp, line 256]
Event: 16.143 Thread 0x000001fd0022ee20 Implicit null exception at 0x000001fd6607eec4 to 0x000001fd66085128
Event: 16.993 Thread 0x000001fd0022ee20 Exception <a 'java/lang/NoSuchMethodError'{0x0000000699426648}: 'int java.lang.invoke.DirectMethodHandle$Holder.invokeVirtual(java.lang.Object, java.lang.Object)'> (0x0000000699426648) 
thrown [t:\workspace\open\src\hotspot\share\interpreter\linkResolver.cpp, line 766]
Event: 16.994 Thread 0x000001fd0022ee20 Exception <a 'java/lang/NoSuchMethodError'{0x000000069942cd88}: 'void java.lang.invoke.DirectMethodHandle$Holder.invokeVirtual(java.lang.Object, java.lang.Object, int)'> (0x000000069942cd88) 
thrown [t:\workspace\open\src\hotspot\share\interpreter\linkResolver.cpp, line 766]
Event: 24.500 Thread 0x000001fd0022ee20 Implicit null exception at 0x000001fd660268e1 to 0x000001fd66028b14
Event: 24.500 Thread 0x000001fd0022ee20 Implicit null exception at 0x000001fd65cad4c0 to 0x000001fd65cae304

VM Operations (20 events):
Event: 46.537 Executing VM operation: Cleanup
Event: 46.537 Executing VM operation: Cleanup done
Event: 51.540 Executing VM operation: Cleanup
Event: 51.540 Executing VM operation: Cleanup done
Event: 53.542 Executing VM operation: Cleanup
Event: 53.542 Executing VM operation: Cleanup done
Event: 69.700 Executing VM operation: ChangeBreakpoints
Event: 69.702 Executing VM operation: ChangeBreakpoints done
Event: 78.177 Executing VM operation: RedefineClasses
Event: 78.223 Executing VM operation: RedefineClasses done
Event: 78.244 Executing VM operation: ChangeBreakpoints
Event: 78.246 Executing VM operation: ChangeBreakpoints done
Event: 81.563 Executing VM operation: GetObjectMonitorUsage
Event: 81.563 Executing VM operation: GetObjectMonitorUsage done
Event: 81.563 Executing VM operation: GetObjectMonitorUsage
Event: 81.563 Executing VM operation: GetObjectMonitorUsage done
Event: 82.025 Executing VM operation: get/set locals
Event: 82.026 Executing VM operation: get/set locals done
Event: 82.026 Executing VM operation: get/set locals
Event: 82.026 Executing VM operation: get/set locals done

Events (20 events):
Event: 41.907 Thread 0x000001fd5633dd10 flushing nmethod 0x000001fd5f479390
Event: 41.907 Thread 0x000001fd5633dd10 flushing nmethod 0x000001fd5f47ac90
Event: 41.907 Thread 0x000001fd5633dd10 flushing nmethod 0x000001fd5f47b610
Event: 41.908 Thread 0x000001fd5633dd10 flushing nmethod 0x000001fd5f5a7b90
Event: 41.908 Thread 0x000001fd5633dd10 flushing nmethod 0x000001fd5f5d4c10
Event: 41.908 Thread 0x000001fd5633dd10 flushing nmethod 0x000001fd5f608190
Event: 42.480 Thread 0x000001fd0781a490 Thread exited: 0x000001fd0781a490
Event: 42.564 Thread 0x000001fd0781e660 Thread added: 0x000001fd0781e660
Event: 42.746 Thread 0x000001fd0781e660 Thread exited: 0x000001fd0781e660
Event: 42.966 Thread 0x000001fd0781e660 Thread added: 0x000001fd0781e660
Event: 43.357 Thread 0x000001fd0781e660 Thread exited: 0x000001fd0781e660
Event: 44.621 Thread 0x000001fd0781a490 Thread added: 0x000001fd0781a490
Event: 44.949 Thread 0x000001fd0781a490 Thread exited: 0x000001fd0781a490
Event: 45.557 Thread 0x000001fd0781faa0 Thread added: 0x000001fd0781faa0
Event: 45.803 Thread 0x000001fd0781faa0 Thread exited: 0x000001fd0781faa0
Event: 45.881 Thread 0x000001fd0781faa0 Thread added: 0x000001fd0781faa0
Event: 46.217 Thread 0x000001fd0781faa0 Thread exited: 0x000001fd0781faa0
Event: 81.486 loading class java/util/concurrent/ConcurrentLinkedQueue$Itr
Event: 81.486 loading class java/util/concurrent/ConcurrentLinkedQueue$Itr done
Event: 81.490 Thread 0x000001fd0781faa0 Thread added: 0x000001fd0781faa0


Dynamic libraries:
0x00007ff73f540000 - 0x00007ff73f54e000 	C:\Program Files\Java\jdk-17\bin\javaw.exe
0x00007ff9991d0000 - 0x00007ff9993c5000 	C:\WINDOWS\SYSTEM32\ntdll.dll
0x00007ff997dc0000 - 0x00007ff997e7e000 	C:\WINDOWS\System32\KERNEL32.DLL
0x00007ff996990000 - 0x00007ff996c58000 	C:\WINDOWS\System32\KERNELBASE.dll
0x00007ff997090000 - 0x00007ff997190000 	C:\WINDOWS\System32\ucrtbase.dll
0x00007ff98e3d0000 - 0x00007ff98e3e8000 	C:\Program Files\Java\jdk-17\bin\jli.dll
0x00007ff98e650000 - 0x00007ff98e66a000 	C:\Program Files\Java\jdk-17\bin\VCRUNTIME140.dll
0x00007ff997f00000 - 0x00007ff9980a1000 	C:\WINDOWS\System32\USER32.dll
0x00007ff996fe0000 - 0x00007ff997002000 	C:\WINDOWS\System32\win32u.dll
0x00007ff998fb0000 - 0x00007ff998fdb000 	C:\WINDOWS\System32\GDI32.dll
0x00007ff96fa70000 - 0x00007ff96fd0a000 	C:\WINDOWS\WinSxS\amd64_microsoft.windows.common-controls_6595b64144ccf1df_6.0.19041.1110_none_60b5254171f9507e\COMCTL32.dll
0x00007ff996d70000 - 0x00007ff996e7b000 	C:\WINDOWS\System32\gdi32full.dll
0x00007ff998160000 - 0x00007ff9981fe000 	C:\WINDOWS\System32\msvcrt.dll
0x00007ff9968f0000 - 0x00007ff99698d000 	C:\WINDOWS\System32\msvcp_win.dll
0x00007ff998280000 - 0x00007ff9982b0000 	C:\WINDOWS\System32\IMM32.DLL
0x00007ff978b30000 - 0x00007ff978bd9000 	C:\WINDOWS\INCOPS3\esdcnl64.dll
0x00007ff9982b0000 - 0x00007ff99835c000 	C:\WINDOWS\System32\ADVAPI32.dll
0x00007ff998f10000 - 0x00007ff998fab000 	C:\WINDOWS\System32\sechost.dll
0x00007ff997960000 - 0x00007ff997a8a000 	C:\WINDOWS\System32\RPCRT4.dll
0x00007ff995520000 - 0x00007ff995553000 	C:\WINDOWS\SYSTEM32\ntmarta.dll
0x00007ff96c0e0000 - 0x00007ff96c1c5000 	C:\WINDOWS\INCOPS3\ESATM64.dll
0x00007ff997220000 - 0x00007ff99795f000 	C:\WINDOWS\System32\SHELL32.dll
0x00007ff998860000 - 0x00007ff99898a000 	C:\WINDOWS\System32\ole32.dll
0x00007ff998ba0000 - 0x00007ff998ef5000 	C:\WINDOWS\System32\combase.dll
0x00007ff962340000 - 0x00007ff962436000 	C:\WINDOWS\INCOPS3\ESSCNL64.dll
0x00007ff972a80000 - 0x00007ff972d7b000 	C:\WINDOWS\pcdrm\NSCCOR0364.DLL
0x00007ff98f900000 - 0x00007ff98f90a000 	C:\WINDOWS\SYSTEM32\VERSION.dll
0x00007ff998f00000 - 0x00007ff998f08000 	C:\WINDOWS\System32\psapi.dll
0x00007ff972a50000 - 0x00007ff972a7e000 	C:\WINDOWS\pcdrm\NBID64.dll
0x00007ff9990c0000 - 0x00007ff99918d000 	C:\WINDOWS\System32\OLEAUT32.dll
0x00007ff972a10000 - 0x00007ff972a49000 	C:\WINDOWS\pcdrm\NFD0164.dll
0x00007ff972e90000 - 0x00007ff972ea6000 	C:\PAPERSECU\SPCOREHK64.dll
0x00007ff972910000 - 0x00007ff972a05000 	C:\PAPERSECU\PAPERHK64.DLL
0x00007ff97dbd0000 - 0x00007ff97dc65000 	C:\WINDOWS\SYSTEM32\WINSPOOL.DRV
0x00007ff9728a0000 - 0x00007ff972904000 	C:\PAPERSECU\PAPERPHK64.DLL
0x00007ff990c30000 - 0x00007ff990c3c000 	C:\Program Files\Java\jdk-17\bin\vcruntime140_1.dll
0x00007ff9834b0000 - 0x00007ff98353d000 	C:\Program Files\Java\jdk-17\bin\msvcp140.dll
0x00007ff94ec10000 - 0x00007ff94f7ce000 	C:\Program Files\Java\jdk-17\bin\server\jvm.dll
0x00007ff981740000 - 0x00007ff981749000 	C:\WINDOWS\SYSTEM32\WSOCK32.dll
0x000001fd56010000 - 0x000001fd5607b000 	C:\WINDOWS\System32\WS2_32.dll
0x00007ff97d970000 - 0x00007ff97d997000 	C:\WINDOWS\SYSTEM32\WINMM.dll
0x00007ff995100000 - 0x00007ff995112000 	C:\WINDOWS\SYSTEM32\kernel.appcore.dll
0x00007ff9900c0000 - 0x00007ff9900ca000 	C:\Program Files\Java\jdk-17\bin\jimage.dll
0x00007ff994630000 - 0x00007ff994814000 	C:\WINDOWS\SYSTEM32\DBGHELP.DLL
0x00007ff97e210000 - 0x00007ff97e23c000 	C:\WINDOWS\SYSTEM32\dbgcore.DLL
0x00007ff997190000 - 0x00007ff997213000 	C:\WINDOWS\System32\bcryptPrimitives.dll
0x00007ff9854a0000 - 0x00007ff9854db000 	C:\Program Files\Java\jdk-17\bin\jdwp.dll
0x00007ff98e690000 - 0x00007ff98e69e000 	C:\Program Files\Java\jdk-17\bin\instrument.dll
0x00007ff985470000 - 0x00007ff985495000 	C:\Program Files\Java\jdk-17\bin\java.dll
0x00007ff970280000 - 0x00007ff970356000 	C:\Program Files\Java\jdk-17\bin\svml.dll
0x00007ff994910000 - 0x00007ff9950a0000 	C:\WINDOWS\SYSTEM32\windows.storage.dll
0x00007ff996260000 - 0x00007ff99628e000 	C:\WINDOWS\SYSTEM32\Wldp.dll
0x000001fd7e740000 - 0x000001fd7e7ed000 	C:\WINDOWS\System32\SHCORE.dll
0x00007ff997d60000 - 0x00007ff997db5000 	C:\WINDOWS\System32\shlwapi.dll
0x00007ff996830000 - 0x00007ff99684f000 	C:\WINDOWS\SYSTEM32\profapi.dll
0x00007ff985350000 - 0x00007ff985369000 	C:\Program Files\Java\jdk-17\bin\net.dll
0x00007ff98c0f0000 - 0x00007ff98c1fc000 	C:\WINDOWS\SYSTEM32\WINHTTP.dll
0x00007ff996040000 - 0x00007ff9960aa000 	C:\WINDOWS\system32\mswsock.dll
0x00007ff9852d0000 - 0x00007ff9852e5000 	C:\Program Files\Java\jdk-17\bin\nio.dll
0x00007ff9852b0000 - 0x00007ff9852c8000 	C:\Program Files\Java\jdk-17\bin\zip.dll
0x00007ff98e5f0000 - 0x00007ff98e5fc000 	C:\Program Files\Java\jdk-17\bin\dt_socket.dll
0x00007ff995d00000 - 0x00007ff995d3b000 	C:\WINDOWS\SYSTEM32\IPHLPAPI.DLL
0x00007ff995d40000 - 0x00007ff995e0b000 	C:\WINDOWS\SYSTEM32\DNSAPI.dll
0x00007ff998990000 - 0x00007ff998998000 	C:\WINDOWS\System32\NSI.dll
0x00007ff98a430000 - 0x00007ff98a4af000 	C:\WINDOWS\System32\fwpuclnt.dll
0x00007ff997010000 - 0x00007ff997037000 	C:\WINDOWS\System32\bcrypt.dll
0x00007ff989e60000 - 0x00007ff989e6a000 	C:\Windows\System32\rasadhlp.dll
0x00007ff985430000 - 0x00007ff985440000 	C:\Program Files\Java\jdk-17\bin\verify.dll
0x000001fd7e7f0000 - 0x000001fd7e7f3000 	C:\Users\KYJ\.openjfx\cache\16\api-ms-win-core-console-l1-1-0.dll
0x000001fd7f800000 - 0x000001fd7f803000 	C:\Users\KYJ\.openjfx\cache\16\api-ms-win-core-console-l1-2-0.dll
0x000001fd7f810000 - 0x000001fd7f813000 	C:\Users\KYJ\.openjfx\cache\16\api-ms-win-core-datetime-l1-1-0.dll
0x000001fd7f820000 - 0x000001fd7f823000 	C:\Users\KYJ\.openjfx\cache\16\api-ms-win-core-debug-l1-1-0.dll
0x000001fd7f830000 - 0x000001fd7f833000 	C:\Users\KYJ\.openjfx\cache\16\api-ms-win-core-errorhandling-l1-1-0.dll
0x000001fd7f840000 - 0x000001fd7f844000 	C:\Users\KYJ\.openjfx\cache\16\api-ms-win-core-file-l1-1-0.dll
0x000001fd7f850000 - 0x000001fd7f853000 	C:\Users\KYJ\.openjfx\cache\16\api-ms-win-core-file-l1-2-0.dll
0x000001fd7f860000 - 0x000001fd7f863000 	C:\Users\KYJ\.openjfx\cache\16\api-ms-win-core-file-l2-1-0.dll
0x000001fd7f870000 - 0x000001fd7f873000 	C:\Users\KYJ\.openjfx\cache\16\api-ms-win-core-handle-l1-1-0.dll
0x000001fd7f880000 - 0x000001fd7f883000 	C:\Users\KYJ\.openjfx\cache\16\api-ms-win-core-heap-l1-1-0.dll
0x000001fd7f890000 - 0x000001fd7f893000 	C:\Users\KYJ\.openjfx\cache\16\api-ms-win-core-interlocked-l1-1-0.dll
0x000001fd7f8a0000 - 0x000001fd7f8a3000 	C:\Users\KYJ\.openjfx\cache\16\api-ms-win-core-libraryloader-l1-1-0.dll
0x000001fd7f8b0000 - 0x000001fd7f8b3000 	C:\Users\KYJ\.openjfx\cache\16\api-ms-win-core-localization-l1-2-0.dll
0x000001fd7f8c0000 - 0x000001fd7f8c3000 	C:\Users\KYJ\.openjfx\cache\16\api-ms-win-core-memory-l1-1-0.dll
0x000001fd7f8d0000 - 0x000001fd7f8d3000 	C:\Users\KYJ\.openjfx\cache\16\api-ms-win-core-namedpipe-l1-1-0.dll
0x000001fd7f8e0000 - 0x000001fd7f8e3000 	C:\Users\KYJ\.openjfx\cache\16\api-ms-win-core-processenvironment-l1-1-0.dll
0x000001fd7fbf0000 - 0x000001fd7fbf3000 	C:\Users\KYJ\.openjfx\cache\16\api-ms-win-core-processthreads-l1-1-0.dll
0x000001fd7fc00000 - 0x000001fd7fc03000 	C:\Users\KYJ\.openjfx\cache\16\api-ms-win-core-processthreads-l1-1-1.dll
0x000001fd7fc10000 - 0x000001fd7fc13000 	C:\Users\KYJ\.openjfx\cache\16\api-ms-win-core-profile-l1-1-0.dll
0x000001fd7fc20000 - 0x000001fd7fc23000 	C:\Users\KYJ\.openjfx\cache\16\api-ms-win-core-rtlsupport-l1-1-0.dll
0x000001fd7fc30000 - 0x000001fd7fc33000 	C:\Users\KYJ\.openjfx\cache\16\api-ms-win-core-string-l1-1-0.dll
0x000001fd7fc40000 - 0x000001fd7fc43000 	C:\Users\KYJ\.openjfx\cache\16\api-ms-win-core-synch-l1-1-0.dll
0x000001fd7fc50000 - 0x000001fd7fc53000 	C:\Users\KYJ\.openjfx\cache\16\api-ms-win-core-synch-l1-2-0.dll
0x000001fd7fc60000 - 0x000001fd7fc63000 	C:\Users\KYJ\.openjfx\cache\16\api-ms-win-core-sysinfo-l1-1-0.dll
0x000001fd7fc70000 - 0x000001fd7fc73000 	C:\Users\KYJ\.openjfx\cache\16\api-ms-win-core-timezone-l1-1-0.dll
0x000001fd7fc80000 - 0x000001fd7fc83000 	C:\Users\KYJ\.openjfx\cache\16\api-ms-win-core-util-l1-1-0.dll
0x000001fd7fc90000 - 0x000001fd7fc93000 	C:\Users\KYJ\.openjfx\cache\16\api-ms-win-crt-conio-l1-1-0.dll
0x000001fd7fca0000 - 0x000001fd7fca4000 	C:\Users\KYJ\.openjfx\cache\16\api-ms-win-crt-convert-l1-1-0.dll
0x000001fd7fcb0000 - 0x000001fd7fcb3000 	C:\Users\KYJ\.openjfx\cache\16\api-ms-win-crt-environment-l1-1-0.dll
0x000001fd7fcc0000 - 0x000001fd7fcc3000 	C:\Users\KYJ\.openjfx\cache\16\api-ms-win-crt-filesystem-l1-1-0.dll
0x000001fd7fcd0000 - 0x000001fd7fcd3000 	C:\Users\KYJ\.openjfx\cache\16\api-ms-win-crt-heap-l1-1-0.dll
0x000001fd7fce0000 - 0x000001fd7fce3000 	C:\Users\KYJ\.openjfx\cache\16\api-ms-win-crt-locale-l1-1-0.dll
0x000001fd7fcf0000 - 0x000001fd7fcf5000 	C:\Users\KYJ\.openjfx\cache\16\api-ms-win-crt-math-l1-1-0.dll
0x000001fd7fd00000 - 0x000001fd7fd05000 	C:\Users\KYJ\.openjfx\cache\16\api-ms-win-crt-multibyte-l1-1-0.dll
0x000001fd7fd10000 - 0x000001fd7fd20000 	C:\Users\KYJ\.openjfx\cache\16\api-ms-win-crt-private-l1-1-0.dll
0x000001fd7fd20000 - 0x000001fd7fd23000 	C:\Users\KYJ\.openjfx\cache\16\api-ms-win-crt-process-l1-1-0.dll
0x000001fd7fd30000 - 0x000001fd7fd34000 	C:\Users\KYJ\.openjfx\cache\16\api-ms-win-crt-runtime-l1-1-0.dll
0x000001fd7fd40000 - 0x000001fd7fd44000 	C:\Users\KYJ\.openjfx\cache\16\api-ms-win-crt-stdio-l1-1-0.dll
0x000001fd7fd50000 - 0x000001fd7fd54000 	C:\Users\KYJ\.openjfx\cache\16\api-ms-win-crt-string-l1-1-0.dll
0x000001fd7fd60000 - 0x000001fd7fd63000 	C:\Users\KYJ\.openjfx\cache\16\api-ms-win-crt-time-l1-1-0.dll
0x000001fd7fd70000 - 0x000001fd7fd73000 	C:\Users\KYJ\.openjfx\cache\16\api-ms-win-crt-utility-l1-1-0.dll
0x00007ff95cde0000 - 0x00007ff95cedc000 	C:\Users\KYJ\.openjfx\cache\16\ucrtbase.dll
0x00007ff985240000 - 0x00007ff985259000 	C:\Users\KYJ\.openjfx\cache\16\vcruntime140.dll
0x00007ff985400000 - 0x00007ff98540c000 	C:\Users\KYJ\.openjfx\cache\16\vcruntime140_1.dll
0x00007ff965970000 - 0x00007ff965a01000 	C:\Users\KYJ\.openjfx\cache\16\msvcp140.dll
0x00007ff9837f0000 - 0x00007ff983817000 	C:\Users\KYJ\.openjfx\cache\16\prism_d3d.dll
0x00007ff985c30000 - 0x00007ff985dfe000 	C:\WINDOWS\system32\d3d9.dll
0x00007ff9941b0000 - 0x00007ff9941df000 	C:\WINDOWS\SYSTEM32\dwmapi.dll
0x00007ff993140000 - 0x00007ff9931de000 	C:\WINDOWS\system32\uxtheme.dll
0x00007ff95b560000 - 0x00007ff95b6c0000 	C:\WINDOWS\System32\DriverStore\FileRepository\iigd_dch.inf_amd64_d3bdee8c45641e36\igdumdim64.dll
0x00007ff91c9c0000 - 0x00007ff9202ce000 	C:\WINDOWS\System32\DriverStore\FileRepository\iigd_dch.inf_amd64_d3bdee8c45641e36\igd9dxva64.dll
0x000001fd00fe0000 - 0x000001fd01452000 	C:\WINDOWS\System32\SETUPAPI.dll
0x00007ff997040000 - 0x00007ff99708e000 	C:\WINDOWS\System32\cfgmgr32.dll
0x00007ff989e70000 - 0x00007ff98a017000 	C:\WINDOWS\System32\DriverStore\FileRepository\iigd_dch.inf_amd64_d3bdee8c45641e36\igdgmm64.dll
0x00007ff983570000 - 0x00007ff9835b2000 	C:\Users\KYJ\.openjfx\cache\16\glass.dll
0x000001fd01460000 - 0x000001fd0153a000 	C:\WINDOWS\System32\COMDLG32.dll
0x00007ff997c40000 - 0x00007ff997d55000 	C:\WINDOWS\System32\MSCTF.dll
0x00007ff95fb60000 - 0x00007ff95fb9f000 	C:\WINDOWS\incops3\ProcMon64.dll
0x00007ff98ee10000 - 0x00007ff98ee38000 	C:\WINDOWS\System32\DriverStore\FileRepository\iigd_dch.inf_amd64_d3bdee8c45641e36\igdinfo64.dll
0x00007ff9874c0000 - 0x00007ff989dc7000 	C:\WINDOWS\System32\DriverStore\FileRepository\iigd_dch.inf_amd64_d3bdee8c45641e36\igc64.dll

dbghelp: loaded successfully - version: 4.0.5 - missing functions: none
symbol engine: initialized successfully - sym options: 0x614 - pdb path: .;C:\Program Files\Java\jdk-17\bin;C:\WINDOWS\SYSTEM32;C:\WINDOWS\WinSxS\amd64_microsoft.windows.common-controls_6595b64144ccf1df_6.0.19041.1110_none_60b5254171f9507e;C:\WINDOWS\INCOPS3;C:\WINDOWS\pcdrm;C:\PAPERSECU;C:\Program Files\Java\jdk-17\bin\server;C:\Users\KYJ\.openjfx\cache\16;C:\WINDOWS\System32\DriverStore\FileRepository\iigd_dch.inf_amd64_d3bdee8c45641e36;C:\Program Files\Common Files\Microsoft Shared\Ink;C:\Windows\System32\IME\IMEKR;C:\Windows\System32\IME\shared

VM Arguments:
jvm_args: -Djava.net.preferIPv4Stack=true -XX:+ShowCodeDetailsInExceptionMessages -agentlib:jdwp=transport=dt_socket,suspend=y,address=localhost:54614 --module-path=C:\Program Files\Java\open-jdk-16-javafx --add-modules=ALL-MODULE-PATH -javaagent:C:\Users\KYJ\uml2-master2\eclipse\configuration\org.eclipse.osgi\1410\0\.cp\lib\javaagent-shaded.jar -Dfile.encoding=UTF-8 
java_command: com.kyj.fx.b.ETScriptHelper.MainApp
java_class_path (initial): C:\Users\KYJ\git\repository\ETScriptHelper\target\classes;C:\Users\KYJ\.p2\pool\plugins\org.junit.jupiter.api_5.7.1.v20210222-1948.jar;C:\Users\KYJ\.p2\pool\plugins\org.junit.jupiter.engine_5.7.1.v20210222-1948.jar;C:\Users\KYJ\.p2\pool\plugins\org.junit.jupiter.migrationsupport_5.7.1.v20210222-1948.jar;C:\Users\KYJ\.p2\pool\plugins\org.junit.jupiter.params_5.7.1.v20210222-1948.jar;C:\Users\KYJ\.p2\pool\plugins\org.junit.platform.commons_1.7.1.v20210222-1948.jar;C:\Users\KYJ\.p2\pool\plugins\org.junit.platform.engine_1.7.1.v20210222-1948.jar;C:\Users\KYJ\.p2\pool\plugins\org.junit.platform.launcher_1.7.1.v20210222-1948.jar;C:\Users\KYJ\.p2\pool\plugins\org.junit.platform.runner_1.7.1.v20210222-1948.jar;C:\Users\KYJ\.p2\pool\plugins\org.junit.platform.suite.api_1.7.1.v20210222-1948.jar;C:\Users\KYJ\.p2\pool\plugins\org.junit.vintage.engine_5.7.1.v20210222-1948.jar;C:\Users\KYJ\.p2\pool\plugins\org.opentest4j_1.2.0.v20190826-0900.jar;C:\Users\KYJ\.p2\pool\plugins\org.apiguardian_1.1.0.v20190826-0900.jar;C:\Users\KYJ\.p2\pool\plugins\org.junit_4.13.0.v20200204-1500.jar;C:\Users\KYJ\.p2\pool\plugins\org.hamcrest.core_1.3.0.v20180420-1519.jar;C:\Users\KYJ\.p2\pool\plugins\org.eclipse.fx.ide.css.jfx8_3.7.0.202010120832.jar;C:\Program Files\Java\javafx-sdk-17.0.1\lib\javafx.base.jar;C:\Program Files\Java\javafx-sdk-17.0.1\lib\javafx.controls.jar;C:\Program Files\Java\javafx-sdk-17.0.1\lib\javafx.fxml.jar;C:\Program Files\Java\javafx-sdk-17.0.1\lib\javafx.graphics.jar;C:\Program Files\Java\javafx-sdk-17.0.1\lib\javafx.media.jar;C:\Program Files\Java\javafx-sdk-17.0.1\lib\javafx.swing.jar;C:\Program Files\Java\javafx-sdk-17.0.1\lib\javafx.web.jar;C:\Program Files\Java\javafx-sdk-17.0.1\lib\javafx-swt.jar;C:\Users\KYJ\.m2\repository\org\slf4j\slf4j-api\1.7.20\slf4j-api-1.7.20.jar;C:\Users\KYJ\.m2\repository\ch\qos\logback\logback-classic\1.2.0\logback-classic-1.2.0.jar;C:\Users\KYJ\.m2\repository\ch\qos\logback\logback-core\1.2.0\logback-core-1.2.
Launcher Type: SUN_STANDARD

[Global flags]
     intx CICompilerCount                          = 4                                         {product} {ergonomic}
     uint ConcGCThreads                            = 2                                         {product} {ergonomic}
     uint G1ConcRefinementThreads                  = 8                                         {product} {ergonomic}
   size_t G1HeapRegionSize                         = 4194304                                   {product} {ergonomic}
    uintx GCDrainStackTargetSize                   = 64                                        {product} {ergonomic}
   size_t InitialHeapSize                          = 402653184                                 {product} {ergonomic}
   size_t MarkStackSize                            = 4194304                                   {product} {ergonomic}
   size_t MaxHeapSize                              = 6417285120                                {product} {ergonomic}
   size_t MaxNewSize                               = 3850371072                                {product} {ergonomic}
   size_t MinHeapDeltaBytes                        = 4194304                                   {product} {ergonomic}
   size_t MinHeapSize                              = 8388608                                   {product} {ergonomic}
    uintx NonNMethodCodeHeapSize                   = 5839372                                {pd product} {ergonomic}
    uintx NonProfiledCodeHeapSize                  = 122909434                              {pd product} {ergonomic}
    uintx ProfiledCodeHeapSize                     = 122909434                              {pd product} {ergonomic}
    uintx ReservedCodeCacheSize                    = 251658240                              {pd product} {ergonomic}
     bool SegmentedCodeCache                       = true                                      {product} {ergonomic}
     bool ShowCodeDetailsInExceptionMessages       = true                                   {manageable} {command line}
   size_t SoftMaxHeapSize                          = 6417285120                             {manageable} {ergonomic}
     bool UseCompressedClassPointers               = true                           {product lp64_product} {ergonomic}
     bool UseCompressedOops                        = true                           {product lp64_product} {ergonomic}
     bool UseG1GC                                  = true                                      {product} {ergonomic}
     bool UseLargePagesIndividualAllocation        = false                                  {pd product} {ergonomic}

Logging:
Log output configuration:
 #0: stdout all=warning uptime,level,tags
 #1: stderr all=off uptime,level,tags

Environment Variables:
JAVA_HOME=C:\Program Files\Java\jdk-17
JAVA_TOOL_OPTIONS=-Djava.net.preferIPv4Stack=true
PATH=C:\Program Files (x86)\ImageMagick-7.0.8-Q8;C:\Program Files (x86)\Intel\Intel(R) Management Engine Components\iCLS\;C:\Program Files\Intel\Intel(R) Management Engine Components\iCLS\;C:\Windows\system32;C:\Windows;C:\Windows\System32\Wbem;C:\Windows\System32\WindowsPowerShell\v1.0\;C:\Windows\System32\OpenSSH\;C:\Program Files (x86)\NVIDIA Corporation\PhysX\Common;C:\Program Files\NVIDIA Corporation\NVIDIA NvDLISR;C:\Program Files (x86)\Intel\Intel(R) Management Engine Components\DAL;C:\Program Files\Intel\Intel(R) Management Engine Components\DAL;C:\Program Files\dotnet\;C:\Program Files\Microsoft SQL Server\130\Tools\Binn\;C:\Program Files\Java\jdk-17\bin;C:\Users\KYJ\apache-maven-3.8.3\bin;C:\Program Files (x86)\Inno Setup 5;C:\Program Files (x86)\Microsoft SQL Server\Client SDK\ODBC\130\Tools\Binn\;C:\Program Files (x86)\Microsoft SQL Server\140\Tools\Binn\;C:\Program Files (x86)\Microsoft SQL Server\140\DTS\Binn\;C:\Program Files (x86)\Microsoft SQL Server\140\Tools\Binn\ManagementStudio\;C:\Program Files\TortoiseSVN\bin;C:\WINDOWS\system32;C:\WINDOWS;C:\WINDOWS\System32\Wbem;C:\WINDOWS\System32\WindowsPowerShell\v1.0\;C:\WINDOWS\System32\OpenSSH\;C:\Program Files\WinMerge;D:\Bitnami\redmine-3.4.6-2\ruby\bin;C:\Windows\Microsoft.NET\Framework\v4.0.30319;C:\Go\bin;C:\Users\KYJ\gradle-6.0.1-bin\gradle-6.0.1\bin;C:\Program Files (x86)\Log Parser 2.2;C:\Users\KYJ\tcping;C:\Program Files\nodejs\;C:\Users\KYJ\AppData\Local\Programs\Python\Python38-32\Scripts;C:\Users\KYJ\AppData\Local\Android\Sdk\platform-tools;C:\Program Files\Tesseract-OCR;C:\Users\KYJ\Perl\Strawberry\c\bin;C:\Users\KYJ\Perl\Strawberry\perl\site\bin;C:\Users\KYJ\Perl\Strawberry\perl\bin;C:\Users\KYJ\apache-ant-1.10.8\apache-ant-1.10.8\bin;C:\Program Files\PostgreSQL\12\bin;C:\Program Files\Docker\Docker\resources\bin;C:\ProgramData\DockerDesktop\version-bin;C:\Program Files\TortoiseGit\bin;C:\Program Files (x86)\Microsoft SQL Server\150\DTS\Binn\;C:\Program Files\Azure Data Studio\bin;C:\Users\K
USERNAME=KYJ
OS=Windows_NT
PROCESSOR_IDENTIFIER=Intel64 Family 6 Model 142 Stepping 11, GenuineIntel



---------------  S Y S T E M  ---------------

OS:
 Windows 10 , 64 bit Build 19041 (10.0.19041.1348)
OS uptime: 0 days 23:12 hours
Hyper-V role detected

CPU: total 8 (initial active 8) (4 cores per cpu, 2 threads per core) family 6 model 142 stepping 11 microcode 0xae, cx8, cmov, fxsr, ht, mmx, 3dnowpref, sse, sse2, sse3, ssse3, sse4.1, sse4.2, popcnt, lzcnt, tsc, tscinvbit, avx, avx2, aes, erms, clmul, bmi1, bmi2, adx, fma, vzeroupper, clflush, clflushopt, hv

Memory: 4k page, system-wide physical 24467M (13456M free)
TotalPageFile size 28051M (AvailPageFile size 9242M)
current process WorkingSet (physical memory assigned to process): 370M, peak: 425M
current process commit charge ("private bytes"): 397M, peak: 660M

vm_info: OpenJDK 64-Bit Server VM (17+35-2724) for windows-amd64 JRE (17+35-2724), built on Aug  5 2021 23:26:02 by "mach5one" with MS VC++ 16.8 (VS2019)

END.
