#
# A fatal error has been detected by the Java Runtime Environment:
#
#  EXCEPTION_ACCESS_VIOLATION (0xc0000005) at pc=0x00007ffbcdf0beca, pid=21088, tid=11956
#
# JRE version: OpenJDK Runtime Environment (17.0+35) (build 17+35-2724)
# Java VM: OpenJDK 64-Bit Server VM (17+35-2724, mixed mode, sharing, tiered, compressed oops, compressed class ptrs, g1 gc, windows-amd64)
# Problematic frame:
# V  [jvm.dll+0x73beca]
#
# No core dump will be written. Minidumps are not enabled by default on client versions of Windows
#
# If you would like to submit a bug report, please visit:
#   https://bugreport.java.com/bugreport/crash.jsp
#

---------------  S U M M A R Y ------------

Command Line: -Djava.net.preferIPv4Stack=true -XX:+ShowCodeDetailsInExceptionMessages -agentlib:jdwp=transport=dt_socket,suspend=y,address=localhost:61813 --module-path=C:\Program Files\Java\open-jdk-16-javafx --add-modules=ALL-MODULE-PATH -javaagent:C:\Users\KYJ\uml2-master2\eclipse\configuration\org.eclipse.osgi\1410\0\.cp\lib\javaagent-shaded.jar -Dfile.encoding=UTF-8 com.kyj.fx.b.ETScriptHelper.MainApp

Host: Intel(R) Core(TM) i7-8565U CPU @ 1.80GHz, 8 cores, 23G,  Windows 10 , 64 bit Build 19041 (10.0.19041.1348)
Time: Fri Dec 17 11:12:55 2021  Windows 10 , 64 bit Build 19041 (10.0.19041.1348) elapsed time: 99.600329 seconds (0d 0h 1m 39s)

---------------  T H R E A D  ---------------

Current thread (0x000002087f5b2340):  JavaThread "JDWP Transport Listener: dt_socket" daemon [_thread_in_vm, id=11956, stack(0x000000b2e7a00000,0x000000b2e7b00000)]

Stack: [0x000000b2e7a00000,0x000000b2e7b00000],  sp=0x000000b2e7aff690,  free space=1021k
Native frames: (J=compiled Java code, j=interpreted, Vv=VM code, C=native code)
V  [jvm.dll+0x73beca]
V  [jvm.dll+0x50476c]
V  [jvm.dll+0x4d0084]
C  [jdwp.dll+0x22e9f]


siginfo: EXCEPTION_ACCESS_VIOLATION (0xc0000005), reading address 0x00000000007a000a


Register to memory mapping:

RIP=0x00007ffbcdf0beca jvm.dll
RAX=0x0000000000000080 is an unknown value
RBX=0x000002087e667a2f points into unknown readable memory: 47
RCX=0x00000000007a0006 is an unknown value
RDX=0x000002087f5e1a40 points into unknown readable memory: 0x6a796b2f6d6f634c | 4c 63 6f 6d 2f 6b 79 6a
RSP=0x000000b2e7aff690 is pointing into the stack for thread: 0x000002087f5b2340
RBP=0x000002087f46acd0 points into unknown readable memory: 0x0000000000000002 | 02 00 00 00 00 00 00 00
RSI=0x0 is NULL
RDI=0xffffffffffffffff is an unknown value
R8 =0x0000000000000527 is an unknown value
R9 =0x0000000000000040 is an unknown value
R10=0x0000000000000500 is an unknown value
R11=0x000000b2e7aff6b0 is pointing into the stack for thread: 0x000002087f5b2340
R12=0x000000b2e7aff7e8 is pointing into the stack for thread: 0x000002087f5b2340
R13=0x0 is NULL
R14=0x0000000800ebec68 is a pointer to class: 
com.kyj.fx.b.ETScriptHelper.actions.ec.ec.group.EquipmentClassGroupComposite {0x0000000800ebec70}
 - instance size:     80
 - klass size:        298
 - access:            public synchronized 
 - state:             fully_initialized
 - name:              'com/kyj/fx/b/ETScriptHelper/actions/ec/ec/group/EquipmentClassGroupComposite'
 - super:             'com/kyj/fx/b/ETScriptHelper/actions/comm/core/AbstractManagementBorderPane'
 - sub:               
 - arrays:            NULL
 - methods:           Array<T>(0x0000020827f3ffa0)
 - method ordering:   Array<T>(0x0000020827f37fe0)
 - default_methods:   Array<T>(0x00000208270f0aa0)
 - default vtable indices:   Array<T>(0x00000208270f0ac0)
 - local interfaces:  Array<T>(0x00000208270effe0)
 - trans. interfaces: Array<T>(0x00000208270f0a50)
 - constants:         constant pool [150]/operands[7] {0x0000020827f47b08} for 'com/kyj/fx/b/ETScriptHelper/actions/ec/ec/group/EquipmentClassGroupComposite' cache=0x0000020827f3ac90
 - class loader data:  loader data: 0x000002087e698830 for instance a 'jdk/internal/loader/ClassLoaders$AppClassLoader'{0x000000068198b560}
 - source file:       'EquipmentClassGroupComposite.java'
 - source debug extension:       SMAP
EquipmentClassGroupComposite.java
Java
*S jdt
*F
1 EquipmentClassGroupComposite.java
2 file:/C:/Users/KYJ/git/repository/ETScriptHelper/target/classes/
*L
*E

 - class annotations:       Array<T>(0x0000000000000000)
 - class type annotations:  Array<T>(0x0000000000000000)
 - field annotations:       Array<T>(0x0000020827f0ffe8)
 - field type annotations:  Array<T>(0x0000000000000000)
 - generic signature: '
[error occurred during error reporting (printing register info), id 0xc0000005, EXCEPTION_ACCESS_VIOLATION (0xc0000005) at pc=0x00007ffbcdf0cad6]

Registers:
RAX=0x0000000000000080, RBX=0x000002087e667a2f, RCX=0x00000000007a0006, RDX=0x000002087f5e1a40
RSP=0x000000b2e7aff690, RBP=0x000002087f46acd0, RSI=0x0000000000000000, RDI=0xffffffffffffffff
R8 =0x0000000000000527, R9 =0x0000000000000040, R10=0x0000000000000500, R11=0x000000b2e7aff6b0
R12=0x000000b2e7aff7e8, R13=0x0000000000000000, R14=0x0000000800ebec68, R15=0x000000b2e7aff838
RIP=0x00007ffbcdf0beca, EFLAGS=0x0000000000010206

Top of Stack: (sp=0x000000b2e7aff690)
0x000000b2e7aff690:   000000000000004c 0000000800ebec68
0x000000b2e7aff6a0:   000002087f5b2340 0000000000000000
0x000000b2e7aff6b0:   ffffffffffffffff 00007ffbcdcd476c
0x000000b2e7aff6c0:   000002087e667a2f 000002087e6679e0
0x000000b2e7aff6d0:   000002087f46acd0 000002081b70fce0
0x000000b2e7aff6e0:   000002087e667980 00000000000003d8
0x000000b2e7aff6f0:   000002087e667990 000002087e667d68
0x000000b2e7aff700:   0000000000000002 000000b2e7aff7e8
0x000000b2e7aff710:   0000000000000000 0000000000000000
0x000000b2e7aff720:   00000006827bdf28 00007ffbcdca0084
0x000000b2e7aff730:   000002087f5b2340 000000b2e7aff838
0x000000b2e7aff740:   000002086bc160c0 000000b2e7aff838
0x000000b2e7aff750:   000002087f5b2340 0000000000000000
0x000000b2e7aff760:   0000020800000000 0000000000000000
0x000000b2e7aff770:   000000000000000d 00007ffc21ff2e9f
0x000000b2e7aff780:   000000b2e7aff830 00007ffc22001830 

Instructions: (pc=0x00007ffbcdf0beca)
0x00007ffbcdf0bdca:   48 83 c4 20 5f e9 fc 87 96 ff cc cc cc cc cc cc
0x00007ffbcdf0bdda:   cc cc cc cc cc cc 48 89 5c 24 08 57 48 83 ec 20
0x00007ffbcdf0bdea:   83 fa 02 8d 42 06 b9 08 00 00 00 49 8b d8 0f 4e
0x00007ffbcdf0bdfa:   c1 48 63 c8 48 83 c1 07 83 e1 f8 48 63 f9 49 8b
0x00007ffbcdf0be0a:   48 18 48 8b c7 48 f7 d0 48 3b c1 73 16 4c 8d 05
0x00007ffbcdf0be1a:   8a 48 17 00 48 8b d7 48 8b cb e8 07 eb 96 ff 48
0x00007ffbcdf0be2a:   8b 4b 18 48 8d 04 39 48 3b 43 20 76 18 45 33 c0
0x00007ffbcdf0be3a:   48 8b d7 48 8b cb 48 8b 5c 24 30 48 83 c4 20 5f
0x00007ffbcdf0be4a:   e9 61 e7 96 ff 48 89 43 18 48 8b c1 48 8b 5c 24
0x00007ffbcdf0be5a:   30 48 83 c4 20 5f c3 cc cc cc cc cc cc cc cc cc
0x00007ffbcdf0be6a:   cc cc cc cc cc cc 4c 8b d2 4c 8b d9 45 85 c0 7e
0x00007ffbcdf0be7a:   3c 44 0f b7 49 04 41 8d 40 ff 41 3b c1 44 0f 4c
0x00007ffbcdf0be8a:   c8 4d 63 c1 45 85 c9 7e 1f 48 8b c2 4c 2b da 49
0x00007ffbcdf0be9a:   8b d0 0f 1f 40 00 41 0f b6 4c 03 06 88 08 48 8d
0x00007ffbcdf0beaa:   40 01 48 83 ea 01 75 ee 43 c6 04 10 00 49 8b c2
0x00007ffbcdf0beba:   c3 cc cc cc cc cc 48 89 5c 24 08 57 48 83 ec 20
0x00007ffbcdf0beca:   0f b7 59 04 48 8b f9 33 d2 48 8d 4b 01 e8 14 9b
0x00007ffbcdf0beda:   f8 ff 0f b7 57 04 4c 8b c0 3b da 0f 42 d3 44 8b
0x00007ffbcdf0beea:   ca 85 d2 74 39 48 2b f8 0f 1f 40 00 66 66 0f 1f
0x00007ffbcdf0befa:   84 00 00 00 00 00 0f b6 4c 07 06 88 08 48 ff c0
0x00007ffbcdf0bf0a:   48 8b c8 49 2b c8 49 3b c9 7c eb 42 c6 04 02 00
0x00007ffbcdf0bf1a:   49 8b c0 48 8b 5c 24 30 48 83 c4 20 5f c3 48 8b
0x00007ffbcdf0bf2a:   5c 24 30 c6 04 02 00 48 83 c4 20 5f c3 cc cc cc
0x00007ffbcdf0bf3a:   cc cc cc cc cc cc 4c 8b d1 45 85 c0 7e 6c 44 0f
0x00007ffbcdf0bf4a:   b7 49 04 41 8d 40 ff 41 3b c1 44 0f 4c c8 4d 63
0x00007ffbcdf0bf5a:   d9 45 85 c9 7e 22 48 8b ca 4c 2b d2 4d 8b c3 0f
0x00007ffbcdf0bf6a:   1f 80 00 00 00 00 41 0f b6 44 0a 06 88 01 48 8d
0x00007ffbcdf0bf7a:   49 01 49 83 e8 01 75 ee 41 c6 04 13 00 48 c7 c0
0x00007ffbcdf0bf8a:   ff ff ff ff 66 90 48 ff c0 80 3c 02 00 75 f7 48
0x00007ffbcdf0bf9a:   63 c8 85 c0 48 8b c2 7e 14 80 38 2f 75 03 c6 00
0x00007ffbcdf0bfaa:   2e 48 ff c0 48 83 e9 01 75 ef 48 8b c2 c3 cc cc
0x00007ffbcdf0bfba:   cc cc cc cc cc cc 48 83 ec 28 e8 f7 fe ff ff 4c 


Stack slot to memory mapping:
stack at sp + 0 slots: 0x000000000000004c is an unknown value
stack at sp + 1 slots: 0x0000000800ebec68 is a pointer to class: 
com.kyj.fx.b.ETScriptHelper.actions.ec.ec.group.EquipmentClassGroupComposite {0x0000000800ebec70}
 - instance size:     80
 - klass size:        298
 - access:            public synchronized 
 - state:             fully_initialized
 - name:              'com/kyj/fx/b/ETScriptHelper/actions/ec/ec/group/EquipmentClassGroupComposite'
 - super:             'com/kyj/fx/b/ETScriptHelper/actions/comm/core/AbstractManagementBorderPane'
 - sub:               
 - arrays:            NULL
 - methods:           Array<T>(0x0000020827f3ffa0)
 - method ordering:   Array<T>(0x0000020827f37fe0)
 - default_methods:   Array<T>(0x00000208270f0aa0)
 - default vtable indices:   Array<T>(0x00000208270f0ac0)
 - local interfaces:  Array<T>(0x00000208270effe0)
 - trans. interfaces: Array<T>(0x00000208270f0a50)
 - constants:         constant pool [150]/operands[7] {0x0000020827f47b08} for 'com/kyj/fx/b/ETScriptHelper/actions/ec/ec/group/EquipmentClassGroupComposite' cache=0x0000020827f3ac90
 - class loader data:  loader data: 0x000002087e698830 for instance a 'jdk/internal/loader/ClassLoaders$AppClassLoader'{0x000000068198b560}
 - source file:       'EquipmentClassGroupComposite.java'
 - source debug extension:       SMAP
EquipmentClassGroupComposite.java
Java
*S jdt
*F
1 EquipmentClassGroupComposite.java
2 file:/C:/Users/KYJ/git/repository/ETScriptHelper/target/classes/
*L
*E

 - class annotations:       Array<T>(0x0000000000000000)
 - class type annotations:  Array<T>(0x0000000000000000)
 - field annotations:       Array<T>(0x0000020827f0ffe8)
 - field type annotations:  Array<T>(0x0000000000000000)
 - generic signature: '
[error occurred during error reporting (inspecting top of stack), id 0xc0000005, EXCEPTION_ACCESS_VIOLATION (0xc0000005) at pc=0x00007ffbcdf0cad6]


---------------  P R O C E S S  ---------------

Threads class SMR info:
_java_thread_list=0x0000020815d63d30, length=23, elements={
0x000002086bc17e40, 0x000002086b5d9c90, 0x000002086b5dbcc0, 0x000002087e5549e0,
0x000002086b5f2930, 0x000002086b5f33f0, 0x000002086b5fea10, 0x00000208688b00f0,
0x00000208688b0600, 0x000002087e56b240, 0x000002086b5bf8a0, 0x000002087f5b2340,
0x000002087e7f9530, 0x000002087e89cb80, 0x000002087f92c4d0, 0x000002087f9a9510,
0x000002081512ca70, 0x00000208151378b0, 0x00000208152e15a0, 0x000002081530ac50,
0x000002081b9a62a0, 0x0000020815edaea0, 0x0000020815eda030
}

Java Threads: ( => current thread )
  0x000002086bc17e40 JavaThread "main" [_thread_blocked, id=31724, stack(0x000000b2e6700000,0x000000b2e6800000)]
  0x000002086b5d9c90 JavaThread "Reference Handler" daemon [_thread_blocked, id=20380, stack(0x000000b2e6e00000,0x000000b2e6f00000)]
  0x000002086b5dbcc0 JavaThread "Finalizer" daemon [_thread_blocked, id=30388, stack(0x000000b2e6f00000,0x000000b2e7000000)]
  0x000002087e5549e0 JavaThread "Signal Dispatcher" daemon [_thread_blocked, id=12672, stack(0x000000b2e7000000,0x000000b2e7100000)]
  0x000002086b5f2930 JavaThread "Attach Listener" daemon [_thread_blocked, id=24584, stack(0x000000b2e7100000,0x000000b2e7200000)]
  0x000002086b5f33f0 JavaThread "Service Thread" daemon [_thread_blocked, id=25964, stack(0x000000b2e7200000,0x000000b2e7300000)]
  0x000002086b5fea10 JavaThread "Monitor Deflation Thread" daemon [_thread_blocked, id=10384, stack(0x000000b2e7300000,0x000000b2e7400000)]
  0x00000208688b00f0 JavaThread "C2 CompilerThread0" daemon [_thread_blocked, id=1744, stack(0x000000b2e7400000,0x000000b2e7500000)]
  0x00000208688b0600 JavaThread "C1 CompilerThread0" daemon [_thread_blocked, id=9544, stack(0x000000b2e7500000,0x000000b2e7600000)]
  0x000002087e56b240 JavaThread "Sweeper thread" daemon [_thread_blocked, id=7860, stack(0x000000b2e7600000,0x000000b2e7700000)]
  0x000002086b5bf8a0 JavaThread "Common-Cleaner" daemon [_thread_blocked, id=3504, stack(0x000000b2e7700000,0x000000b2e7800000)]
=>0x000002087f5b2340 JavaThread "JDWP Transport Listener: dt_socket" daemon [_thread_in_vm, id=11956, stack(0x000000b2e7a00000,0x000000b2e7b00000)]
  0x000002087e7f9530 JavaThread "JDWP Event Helper Thread" daemon [_thread_blocked, id=26100, stack(0x000000b2e7b00000,0x000000b2e7c00000)]
  0x000002087e89cb80 JavaThread "JDWP Command Reader" daemon [_thread_in_native, id=3944, stack(0x000000b2e7c00000,0x000000b2e7d00000)]
  0x000002087f92c4d0 JavaThread "Notification Thread" daemon [_thread_blocked, id=28120, stack(0x000000b2e7d00000,0x000000b2e7e00000)]
  0x000002087f9a9510 JavaThread "QuantumRenderer-0" daemon [_thread_blocked, id=25196, stack(0x000000b2e7900000,0x000000b2e7a00000)]
  0x000002081512ca70 JavaThread "InvokeLaterDispatcher" daemon [_thread_blocked, id=9172, stack(0x000000b2e8600000,0x000000b2e8700000)]
  0x00000208151378b0 JavaThread "JavaFX Application Thread" [_thread_blocked, id=28188, stack(0x000000b2e8700000,0x000000b2e8800000)]
  0x00000208152e15a0 JavaThread "Thread-1" daemon [_thread_in_native, id=4740, stack(0x000000b2e8b00000,0x000000b2e8c00000)]
  0x000002081530ac50 JavaThread "JavaFX-Launcher" [_thread_blocked, id=3524, stack(0x000000b2e8d00000,0x000000b2e8e00000)]
  0x000002081b9a62a0 JavaThread "Prism Font Disposer" daemon [_thread_blocked, id=15504, stack(0x000000b2e9100000,0x000000b2e9200000)]
  0x0000020815edaea0 JavaThread "PoolCleaner[317574433:1639707080023]" daemon [_thread_blocked, id=21392, stack(0x000000b2e9300000,0x000000b2e9400000)]
  0x0000020815eda030 JavaThread "Cleaner-0" daemon [_thread_blocked, id=26820, stack(0x000000b2e9500000,0x000000b2e9600000)]

Other Threads:
  0x000002086b5cde80 VMThread "VM Thread" [stack: 0x000000b2e6d00000,0x000000b2e6e00000] [id=2768]
  0x00000208688986f0 WatcherThread [stack: 0x000000b2e7e00000,0x000000b2e7f00000] [id=28312]
  0x000002086b459380 GCTaskThread "GC Thread#0" [stack: 0x000000b2e6800000,0x000000b2e6900000] [id=28992]
  0x000002087faf2770 GCTaskThread "GC Thread#1" [stack: 0x000000b2e7f00000,0x000000b2e8000000] [id=27156]
  0x000002087f9b53b0 GCTaskThread "GC Thread#2" [stack: 0x000000b2e8000000,0x000000b2e8100000] [id=31072]
  0x000002087fa83720 GCTaskThread "GC Thread#3" [stack: 0x000000b2e8100000,0x000000b2e8200000] [id=21852]
  0x000002087fa01e40 GCTaskThread "GC Thread#4" [stack: 0x000000b2e8200000,0x000000b2e8300000] [id=15948]
  0x000002087fa020f0 GCTaskThread "GC Thread#5" [stack: 0x000000b2e8300000,0x000000b2e8400000] [id=21564]
  0x000002087f9ede60 GCTaskThread "GC Thread#6" [stack: 0x000000b2e8400000,0x000000b2e8500000] [id=26864]
  0x000002087f9ee520 GCTaskThread "GC Thread#7" [stack: 0x000000b2e8500000,0x000000b2e8600000] [id=26104]
  0x000002086b4608f0 ConcurrentGCThread "G1 Main Marker" [stack: 0x000000b2e6900000,0x000000b2e6a00000] [id=25528]
  0x000002086bc3bf20 ConcurrentGCThread "G1 Conc#0" [stack: 0x000000b2e6a00000,0x000000b2e6b00000] [id=31164]
  0x000002081ee4ec30 ConcurrentGCThread "G1 Conc#1" [stack: 0x000000b2e9200000,0x000000b2e9300000] [id=21100]
  0x000002086b50def0 ConcurrentGCThread "G1 Refine#0" [stack: 0x000000b2e6b00000,0x000000b2e6c00000] [id=26312]
  0x000002087f9d3d10 ConcurrentGCThread "G1 Refine#1" [stack: 0x000000b2e9600000,0x000000b2e9700000] [id=15116]
  0x000002086b50f830 ConcurrentGCThread "G1 Service" [stack: 0x000000b2e6c00000,0x000000b2e6d00000] [id=30288]

Threads with active compile tasks:

VM state: not at safepoint (normal execution)

VM Mutex/Monitor currently owned by a thread: None

Heap address: 0x0000000681800000, size: 6120 MB, Compressed Oops mode: Zero based, Oop shift amount: 3

CDS archive(s) mapped at: [0x0000000800000000-0x0000000800bc0000-0x0000000800bc0000), size 12320768, SharedBaseAddress: 0x0000000800000000, ArchiveRelocationMode: 0.
Compressed class space mapped at: 0x0000000800c00000-0x0000000840c00000, reserved size: 1073741824
Narrow klass base: 0x0000000800000000, Narrow klass shift: 0, Narrow klass range: 0x100000000

GC Precious Log:
 CPUs: 8 total, 8 available
 Memory: 24467M
 Large Page Support: Disabled
 NUMA Support: Disabled
 Compressed Oops: Enabled (Zero based)
 Heap Region Size: 4M
 Heap Min Capacity: 8M
 Heap Initial Capacity: 384M
 Heap Max Capacity: 6120M
 Pre-touch: Disabled
 Parallel Workers: 8
 Concurrent Workers: 2
 Concurrent Refinement Workers: 8
 Periodic GC: Disabled

Heap:
 garbage-first heap   total 139264K, used 97040K [0x0000000681800000, 0x0000000800000000)
  region size 4096K, 18 young (73728K), 1 survivors (4096K)
 Metaspace       used 36697K, committed 37056K, reserved 1081344K
  class space    used 4821K, committed 4992K, reserved 1048576K

Heap Regions: E=young(eden), S=young(survivor), O=old, HS=humongous(starts), HC=humongous(continues), CS=collection set, F=free, OA=open archive, CA=closed archive, TAMS=top-at-mark-start (previous, next)
|   0|0x0000000681800000, 0x0000000681c00000, 0x0000000681c00000|100%| O|  |TAMS 0x0000000681c00000, 0x0000000681800000| Untracked 
|   1|0x0000000681c00000, 0x0000000682000000, 0x0000000682000000|100%| O|  |TAMS 0x0000000682000000, 0x0000000681c00000| Untracked 
|   2|0x0000000682000000, 0x0000000682400000, 0x0000000682400000|100%| O|  |TAMS 0x0000000682400000, 0x0000000682000000| Untracked 
|   3|0x0000000682400000, 0x0000000682800000, 0x0000000682800000|100%| O|  |TAMS 0x0000000682800000, 0x0000000682400000| Untracked 
|   4|0x0000000682800000, 0x0000000682c00000, 0x0000000682c00000|100%| O|  |TAMS 0x0000000682c00000, 0x0000000682800000| Untracked 
|   5|0x0000000682c00000, 0x0000000683000000, 0x0000000683000000|100%| O|  |TAMS 0x0000000683000000, 0x0000000682c00000| Untracked 
|   6|0x0000000683000000, 0x0000000683121200, 0x0000000683400000| 28%| O|  |TAMS 0x0000000683121200, 0x0000000683000000| Untracked 
|   7|0x0000000683400000, 0x0000000683800000, 0x0000000683800000|100%| O|  |TAMS 0x0000000683800000, 0x0000000683400000| Untracked 
|   8|0x0000000683800000, 0x0000000683800000, 0x0000000683c00000|  0%| F|  |TAMS 0x0000000683800000, 0x0000000683800000| Untracked 
|   9|0x0000000683c00000, 0x0000000683c00000, 0x0000000684000000|  0%| F|  |TAMS 0x0000000683c00000, 0x0000000683c00000| Untracked 
|  10|0x0000000684000000, 0x0000000684000000, 0x0000000684400000|  0%| F|  |TAMS 0x0000000684000000, 0x0000000684000000| Untracked 
|  11|0x0000000684400000, 0x0000000684400000, 0x0000000684800000|  0%| F|  |TAMS 0x0000000684400000, 0x0000000684400000| Untracked 
|  12|0x0000000684800000, 0x0000000684800000, 0x0000000684c00000|  0%| F|  |TAMS 0x0000000684800000, 0x0000000684800000| Untracked 
|  13|0x0000000684c00000, 0x0000000684c00000, 0x0000000685000000|  0%| F|  |TAMS 0x0000000684c00000, 0x0000000684c00000| Untracked 
|  14|0x0000000685000000, 0x0000000685000000, 0x0000000685400000|  0%| F|  |TAMS 0x0000000685000000, 0x0000000685000000| Untracked 
|  15|0x0000000685400000, 0x0000000685400000, 0x0000000685800000|  0%| F|  |TAMS 0x0000000685400000, 0x0000000685400000| Untracked 
|  16|0x0000000685800000, 0x0000000685a00800, 0x0000000685c00000| 50%| E|  |TAMS 0x0000000685800000, 0x0000000685800000| Complete 
|  17|0x0000000685c00000, 0x0000000686000000, 0x0000000686000000|100%| E|CS|TAMS 0x0000000685c00000, 0x0000000685c00000| Complete 
|  18|0x0000000686000000, 0x0000000686400000, 0x0000000686400000|100%| E|CS|TAMS 0x0000000686000000, 0x0000000686000000| Complete 
|  19|0x0000000686400000, 0x0000000686800000, 0x0000000686800000|100%| E|CS|TAMS 0x0000000686400000, 0x0000000686400000| Complete 
|  20|0x0000000686800000, 0x0000000686c00000, 0x0000000686c00000|100%| E|CS|TAMS 0x0000000686800000, 0x0000000686800000| Complete 
|  21|0x0000000686c00000, 0x0000000687000000, 0x0000000687000000|100%| E|CS|TAMS 0x0000000686c00000, 0x0000000686c00000| Complete 
|  22|0x0000000687000000, 0x0000000687400000, 0x0000000687400000|100%| E|CS|TAMS 0x0000000687000000, 0x0000000687000000| Complete 
|  23|0x0000000687400000, 0x0000000687800000, 0x0000000687800000|100%| E|CS|TAMS 0x0000000687400000, 0x0000000687400000| Complete 
|  24|0x0000000687800000, 0x0000000687c00000, 0x0000000687c00000|100%| E|CS|TAMS 0x0000000687800000, 0x0000000687800000| Complete 
|  25|0x0000000687c00000, 0x0000000688000000, 0x0000000688000000|100%| E|CS|TAMS 0x0000000687c00000, 0x0000000687c00000| Complete 
|  26|0x0000000688000000, 0x0000000688400000, 0x0000000688400000|100%| E|CS|TAMS 0x0000000688000000, 0x0000000688000000| Complete 
|  27|0x0000000688400000, 0x0000000688800000, 0x0000000688800000|100%| E|CS|TAMS 0x0000000688400000, 0x0000000688400000| Complete 
|  28|0x0000000688800000, 0x0000000688c00000, 0x0000000688c00000|100%| E|CS|TAMS 0x0000000688800000, 0x0000000688800000| Complete 
|  29|0x0000000688c00000, 0x0000000689000000, 0x0000000689000000|100%| E|CS|TAMS 0x0000000688c00000, 0x0000000688c00000| Complete 
|  30|0x0000000689000000, 0x0000000689400000, 0x0000000689400000|100%| E|CS|TAMS 0x0000000689000000, 0x0000000689000000| Complete 
|  31|0x0000000689400000, 0x0000000689800000, 0x0000000689800000|100%| E|CS|TAMS 0x0000000689400000, 0x0000000689400000| Complete 
|  53|0x000000068ec00000, 0x000000068eda3080, 0x000000068f000000| 40%| S|CS|TAMS 0x000000068ec00000, 0x000000068ec00000| Complete 
|  95|0x0000000699400000, 0x0000000699800000, 0x0000000699800000|100%| E|CS|TAMS 0x0000000699400000, 0x0000000699400000| Complete 

Card table byte_map: [0x00000208744b0000,0x00000208750b0000] _byte_map_base: 0x00000208710a4000

Marking Bits (Prev, Next): (CMBitMap*) 0x000002086b4598a0, (CMBitMap*) 0x000002086b4598e0
 Prev Bits: [0x0000020875cb0000, 0x000002087bc50000)
 Next Bits: [0x000002080f000000, 0x0000020814fa0000)

Polling page: 0x000002086b1d0000

Metaspace:

Usage:
  Non-class:     31.13 MB used.
      Class:      4.71 MB used.
       Both:     35.84 MB used.

Virtual space:
  Non-class space:       32.00 MB reserved,      31.31 MB ( 98%) committed,  4 nodes.
      Class space:        1.00 GB reserved,       4.88 MB ( <1%) committed,  1 nodes.
             Both:        1.03 GB reserved,      36.19 MB (  3%) committed. 

Chunk freelists:
   Non-Class:  411.00 KB
       Class:  3.05 MB
        Both:  3.45 MB

MaxMetaspaceSize: unlimited
CompressedClassSpaceSize: 1.00 GB
Initial GC threshold: 21.00 MB
Current GC threshold: 58.88 MB
CDS: on
MetaspaceReclaimPolicy: balanced
 - commit_granule_bytes: 65536.
 - commit_granule_words: 8192.
 - virtual_space_node_default_size: 1048576.
 - enlarge_chunks_in_place: 1.
 - new_chunks_are_fully_committed: 0.
 - uncommit_free_chunks: 1.
 - use_allocation_guard: 0.
 - handle_deallocations: 1.


Internal statistics:

num_allocs_failed_limit: 6.
num_arena_births: 332.
num_arena_deaths: 0.
num_vsnodes_births: 5.
num_vsnodes_deaths: 0.
num_space_committed: 579.
num_space_uncommitted: 0.
num_chunks_returned_to_freelist: 6.
num_chunks_taken_from_freelist: 1451.
num_chunk_merges: 6.
num_chunk_splits: 1021.
num_chunks_enlarged: 786.
num_purges: 0.
num_inconsistent_stats: 0.

CodeHeap 'non-profiled nmethods': size=120000Kb used=5268Kb max_used=5268Kb free=114731Kb
 bounds [0x0000020807ad0000, 0x0000020808000000, 0x000002080f000000]
CodeHeap 'profiled nmethods': size=120000Kb used=15803Kb max_used=15803Kb free=104196Kb
 bounds [0x00000208005a0000, 0x0000020801510000, 0x0000020807ad0000]
CodeHeap 'non-nmethods': size=5760Kb used=1617Kb max_used=1758Kb free=4142Kb
 bounds [0x0000020800000000, 0x0000020800270000, 0x00000208005a0000]
 total_blobs=7747 nmethods=6819 adapters=839
 compilation: enabled
              stopped_count=0, restarted_count=0
 full_count=0

Compilation events (20 events):
Event: 85.381 Thread 0x00000208688b0600 nmethod 7697 0x0000020807fec390 code [0x0000020807fec520, 0x0000020807fec5f8]
Event: 85.381 Thread 0x00000208688b0600 7681       3       javafx.scene.text.Text$TextAttribute$5::invalidated (49 bytes)
Event: 85.382 Thread 0x00000208688b0600 nmethod 7681 0x000002080150c990 code [0x000002080150cbe0, 0x000002080150d4c8]
Event: 85.382 Thread 0x00000208688b0600 7677       3       javafx.css.converter.StringConverter::convert (19 bytes)
Event: 85.382 Thread 0x00000208688b0600 nmethod 7677 0x000002080150d810 code [0x000002080150d9c0, 0x000002080150dca8]
Event: 85.382 Thread 0x00000208688b0600 7703       3       com.sun.marlin.DRenderer::initConsumer (72 bytes)
Event: 85.382 Thread 0x00000208688b0600 nmethod 7703 0x000002080150dd90 code [0x000002080150df20, 0x000002080150e0b8]
Event: 85.382 Thread 0x00000208688b0600 7704       3       com.sun.marlin.MaskMarlinAlphaConsumer::setMaxAlpha (19 bytes)
Event: 85.382 Thread 0x00000208688b0600 nmethod 7704 0x000002080150e190 code [0x000002080150e320, 0x000002080150e4d8]
Event: 85.383 Thread 0x000002081f378a80 7705       4       com.sun.javafx.geom.Path2D$Iterator::next (35 bytes)
Event: 85.383 Thread 0x00000208688b0600 7706       3       com.sun.prism.d3d.D3DSwapChain::getPhysicalWidth (11 bytes)
Event: 85.383 Thread 0x00000208688b0600 nmethod 7706 0x000002080150e590 code [0x000002080150e740, 0x000002080150e928]
Event: 85.383 Thread 0x00000208688b0600 7707       3       com.sun.prism.d3d.D3DSwapChain::getPhysicalHeight (11 bytes)
Event: 85.384 Thread 0x00000208688b0600 nmethod 7707 0x000002080150ea10 code [0x000002080150ebc0, 0x000002080150eda8]
Event: 85.384 Thread 0x000002081f378a80 nmethod 7705 0x0000020807fecb10 code [0x0000020807fecca0, 0x0000020807fece18]
Event: 85.399 Thread 0x000002081f372f60 nmethod 7585 0x0000020807fecf90 code [0x0000020807fed2a0, 0x0000020807ff1350]
Event: 85.868 Thread 0x000002081f378a80 7708       4       com.sun.javafx.tk.quantum.QuantumToolkit::postPulse (133 bytes)
Event: 85.876 Thread 0x000002081f378a80 nmethod 7708 0x0000020807ff2e90 code [0x0000020807ff3060, 0x0000020807ff38b8]
Event: 87.244 Thread 0x000002081f372f60 7709       4       com.sun.javafx.tk.quantum.QuantumToolkit$$Lambda$104/0x0000000800c9c310::run (8 bytes)
Event: 87.263 Thread 0x000002081f372f60 nmethod 7709 0x0000020807ff3e90 code [0x0000020807ff4080, 0x0000020807ff4a88]

GC Heap History (20 events):
Event: 1.304 GC heap before
{Heap before GC invocations=1 (full 0):
 garbage-first heap   total 393216K, used 26103K [0x0000000681800000, 0x0000000800000000)
  region size 4096K, 6 young (24576K), 1 survivors (4096K)
 Metaspace       used 6531K, committed 6720K, reserved 1056768K
  class space    used 643K, committed 704K, reserved 1048576K
}
Event: 1.308 GC heap after
{Heap after GC invocations=2 (full 0):
 garbage-first heap   total 393216K, used 6930K [0x0000000681800000, 0x0000000800000000)
  region size 4096K, 1 young (4096K), 1 survivors (4096K)
 Metaspace       used 6531K, committed 6720K, reserved 1056768K
  class space    used 643K, committed 704K, reserved 1048576K
}
Event: 3.451 GC heap before
{Heap before GC invocations=2 (full 0):
 garbage-first heap   total 393216K, used 88850K [0x0000000681800000, 0x0000000800000000)
  region size 4096K, 22 young (90112K), 1 survivors (4096K)
 Metaspace       used 17456K, committed 17664K, reserved 1064960K
  class space    used 2289K, committed 2368K, reserved 1048576K
}
Event: 3.458 GC heap after
{Heap after GC invocations=3 (full 0):
 garbage-first heap   total 393216K, used 11847K [0x0000000681800000, 0x0000000800000000)
  region size 4096K, 2 young (8192K), 2 survivors (8192K)
 Metaspace       used 17456K, committed 17664K, reserved 1064960K
  class space    used 2289K, committed 2368K, reserved 1048576K
}
Event: 3.921 GC heap before
{Heap before GC invocations=3 (full 0):
 garbage-first heap   total 393216K, used 44615K [0x0000000681800000, 0x0000000800000000)
  region size 4096K, 11 young (45056K), 2 survivors (8192K)
 Metaspace       used 21314K, committed 21504K, reserved 1073152K
  class space    used 2922K, committed 3008K, reserved 1048576K
}
Event: 3.925 GC heap after
{Heap after GC invocations=4 (full 0):
 garbage-first heap   total 393216K, used 13421K [0x0000000681800000, 0x0000000800000000)
  region size 4096K, 2 young (8192K), 2 survivors (8192K)
 Metaspace       used 21314K, committed 21504K, reserved 1073152K
  class space    used 2922K, committed 3008K, reserved 1048576K
}
Event: 5.284 GC heap before
{Heap before GC invocations=5 (full 0):
 garbage-first heap   total 69632K, used 46189K [0x0000000681800000, 0x0000000800000000)
  region size 4096K, 10 young (40960K), 2 survivors (8192K)
 Metaspace       used 27548K, committed 27904K, reserved 1073152K
  class space    used 3616K, committed 3776K, reserved 1048576K
}
Event: 5.291 GC heap after
{Heap after GC invocations=6 (full 0):
 garbage-first heap   total 69632K, used 17070K [0x0000000681800000, 0x0000000800000000)
  region size 4096K, 2 young (8192K), 2 survivors (8192K)
 Metaspace       used 27548K, committed 27904K, reserved 1073152K
  class space    used 3616K, committed 3776K, reserved 1048576K
}
Event: 5.327 GC heap before
{Heap before GC invocations=6 (full 0):
 garbage-first heap   total 69632K, used 21166K [0x0000000681800000, 0x0000000800000000)
  region size 4096K, 3 young (12288K), 2 survivors (8192K)
 Metaspace       used 27977K, committed 28224K, reserved 1073152K
  class space    used 3655K, committed 3776K, reserved 1048576K
}
Event: 5.330 GC heap after
{Heap after GC invocations=7 (full 0):
 garbage-first heap   total 69632K, used 17755K [0x0000000681800000, 0x0000000800000000)
  region size 4096K, 1 young (4096K), 1 survivors (4096K)
 Metaspace       used 27977K, committed 28224K, reserved 1073152K
  class space    used 3655K, committed 3776K, reserved 1048576K
}
Event: 5.724 GC heap before
{Heap before GC invocations=7 (full 0):
 garbage-first heap   total 69632K, used 42331K [0x0000000681800000, 0x0000000800000000)
  region size 4096K, 7 young (28672K), 1 survivors (4096K)
 Metaspace       used 30311K, committed 30592K, reserved 1081344K
  class space    used 4074K, committed 4224K, reserved 1048576K
}
Event: 5.728 GC heap after
{Heap after GC invocations=8 (full 0):
 garbage-first heap   total 69632K, used 19896K [0x0000000681800000, 0x0000000800000000)
  region size 4096K, 1 young (4096K), 1 survivors (4096K)
 Metaspace       used 30311K, committed 30592K, reserved 1081344K
  class space    used 4074K, committed 4224K, reserved 1048576K
}
Event: 6.105 GC heap before
{Heap before GC invocations=8 (full 0):
 garbage-first heap   total 69632K, used 44472K [0x0000000681800000, 0x0000000800000000)
  region size 4096K, 7 young (28672K), 1 survivors (4096K)
 Metaspace       used 32712K, committed 33024K, reserved 1081344K
  class space    used 4571K, committed 4736K, reserved 1048576K
}
Event: 6.110 GC heap after
{Heap after GC invocations=9 (full 0):
 garbage-first heap   total 69632K, used 22834K [0x0000000681800000, 0x0000000800000000)
  region size 4096K, 1 young (4096K), 1 survivors (4096K)
 Metaspace       used 32712K, committed 33024K, reserved 1081344K
  class space    used 4571K, committed 4736K, reserved 1048576K
}
Event: 6.507 GC heap before
{Heap before GC invocations=9 (full 0):
 garbage-first heap   total 69632K, used 47410K [0x0000000681800000, 0x0000000800000000)
  region size 4096K, 7 young (28672K), 1 survivors (4096K)
 Metaspace       used 34110K, committed 34432K, reserved 1081344K
  class space    used 4695K, committed 4864K, reserved 1048576K
}
Event: 6.513 GC heap after
{Heap after GC invocations=10 (full 0):
 garbage-first heap   total 69632K, used 29002K [0x0000000681800000, 0x0000000800000000)
  region size 4096K, 1 young (4096K), 1 survivors (4096K)
 Metaspace       used 34110K, committed 34432K, reserved 1081344K
  class space    used 4695K, committed 4864K, reserved 1048576K
}
Event: 11.953 GC heap before
{Heap before GC invocations=10 (full 0):
 garbage-first heap   total 69632K, used 45386K [0x0000000681800000, 0x0000000800000000)
  region size 4096K, 5 young (20480K), 1 survivors (4096K)
 Metaspace       used 35369K, committed 35712K, reserved 1081344K
  class space    used 4749K, committed 4928K, reserved 1048576K
}
Event: 11.958 GC heap after
{Heap after GC invocations=11 (full 0):
 garbage-first heap   total 233472K, used 31314K [0x0000000681800000, 0x0000000800000000)
  region size 4096K, 1 young (4096K), 1 survivors (4096K)
 Metaspace       used 35369K, committed 35712K, reserved 1081344K
  class space    used 4749K, committed 4928K, reserved 1048576K
}
Event: 41.596 GC heap before
{Heap before GC invocations=11 (full 0):
 garbage-first heap   total 233472K, used 39506K [0x0000000681800000, 0x0000000800000000)
  region size 4096K, 4 young (16384K), 1 survivors (4096K)
 Metaspace       used 35861K, committed 36096K, reserved 1081344K
  class space    used 4806K, committed 4928K, reserved 1048576K
}
Event: 41.599 GC heap after
{Heap after GC invocations=12 (full 0):
 garbage-first heap   total 233472K, used 31504K [0x0000000681800000, 0x0000000800000000)
  region size 4096K, 1 young (4096K), 1 survivors (4096K)
 Metaspace       used 35861K, committed 36096K, reserved 1081344K
  class space    used 4806K, committed 4928K, reserved 1048576K
}

Deoptimization events (20 events):
Event: 85.322 Thread 0x00000208151378b0 DEOPT PACKING pc=0x00000208007dff6c sp=0x000000b2e87fc460
Event: 85.322 Thread 0x00000208151378b0 DEOPT UNPACKING pc=0x0000020800052b43 sp=0x000000b2e87fba48 mode 1
Event: 85.322 Thread 0x00000208151378b0 DEOPT PACKING pc=0x00000208007e7b5c sp=0x000000b2e87fc650
Event: 85.322 Thread 0x00000208151378b0 DEOPT UNPACKING pc=0x0000020800052b43 sp=0x000000b2e87fbb18 mode 1
Event: 85.324 Thread 0x00000208151378b0 DEOPT PACKING pc=0x00000208007dff6c sp=0x000000b2e87fbeb0
Event: 85.324 Thread 0x00000208151378b0 DEOPT UNPACKING pc=0x0000020800052b43 sp=0x000000b2e87fb498 mode 1
Event: 85.324 Thread 0x00000208151378b0 DEOPT PACKING pc=0x00000208007e7b5c sp=0x000000b2e87fc0a0
Event: 85.325 Thread 0x00000208151378b0 DEOPT UNPACKING pc=0x0000020800052b43 sp=0x000000b2e87fb568 mode 1
Event: 85.329 Thread 0x00000208151378b0 Uncommon trap: trap_request=0xffffff45 fr.pc=0x0000020807f92438 relative=0x00000000000004d8
Event: 85.329 Thread 0x00000208151378b0 Uncommon trap: reason=unstable_if action=reinterpret pc=0x0000020807f92438 method=javafx.scene.control.Labeled.getText()Ljava/lang/String; @ 4 c2
Event: 85.329 Thread 0x00000208151378b0 DEOPT PACKING pc=0x0000020807f92438 sp=0x000000b2e87fcdf0
Event: 85.329 Thread 0x00000208151378b0 DEOPT UNPACKING pc=0x00000208000523a3 sp=0x000000b2e87fcd48 mode 2
Event: 96.906 Thread 0x00000208151378b0 DEOPT PACKING pc=0x000002080109e66c sp=0x000000b2e87fe420
Event: 96.906 Thread 0x00000208151378b0 DEOPT UNPACKING pc=0x0000020800052b43 sp=0x000000b2e87fd888 mode 0
Event: 96.906 Thread 0x00000208151378b0 DEOPT PACKING pc=0x0000020800ba6614 sp=0x000000b2e87fe590
Event: 96.906 Thread 0x00000208151378b0 DEOPT UNPACKING pc=0x0000020800052b43 sp=0x000000b2e87fda40 mode 0
Event: 99.367 Thread 0x00000208151378b0 DEOPT PACKING pc=0x000002080109e66c sp=0x000000b2e87fe420
Event: 99.367 Thread 0x00000208151378b0 DEOPT UNPACKING pc=0x0000020800052b43 sp=0x000000b2e87fd888 mode 0
Event: 99.367 Thread 0x00000208151378b0 DEOPT PACKING pc=0x0000020800ba6614 sp=0x000000b2e87fe590
Event: 99.367 Thread 0x00000208151378b0 DEOPT UNPACKING pc=0x0000020800052b43 sp=0x000000b2e87fda40 mode 0

Classes unloaded (0 events):
No events

Classes redefined (1 events):
Event: 70.883 Thread 0x000002086b5cde80 redefined class name=com.kyj.fx.b.ETScriptHelper.actions.ec.ec.group.EquipmentClassGroupComposite, count=1

Internal exceptions (20 events):
Event: 6.207 Thread 0x00000208151378b0 Exception <a 'java/lang/NoSuchMethodError'{0x0000000697067ea8}: 'void java.lang.invoke.DirectMethodHandle$Holder.invokeSpecial(java.lang.Object, java.lang.Object, int, int)'> (0x0000000697067ea8) 
thrown [t:\workspace\open\src\hotspot\share\interpreter\linkResolver.cpp, line 766]
Event: 6.207 Thread 0x00000208151378b0 Exception <a 'java/lang/NoSuchMethodError'{0x000000069706e6a0}: 'java.lang.Object java.lang.invoke.DirectMethodHandle$Holder.newInvokeSpecial(java.lang.Object, java.lang.Object, int, int)'> (0x000000069706e6a0) 
thrown [t:\workspace\open\src\hotspot\share\interpreter\linkResolver.cpp, line 766]
Event: 6.390 Thread 0x00000208151378b0 Implicit null exception at 0x0000020807d6abab to 0x0000020807d6c944
Event: 7.793 Thread 0x00000208151378b0 Exception <a 'java/lang/ClassNotFoundException'{0x00000006971d5c78}: com/kyj/fx/b/ETScriptHelper/actions/ec/ec/EquipmentClassDVOBeanInfo> (0x00000006971d5c78) 
thrown [t:\workspace\open\src\hotspot\share\classfile\systemDictionary.cpp, line 256]
Event: 7.794 Thread 0x00000208151378b0 Exception <a 'java/lang/ClassNotFoundException'{0x00000006971d8d60}: com/kyj/fx/b/ETScriptHelper/actions/ec/ec/EquipmentClassDVOCustomizer> (0x00000006971d8d60) 
thrown [t:\workspace\open\src\hotspot\share\classfile\systemDictionary.cpp, line 256]
Event: 10.675 Thread 0x00000208151378b0 Exception <a 'java/lang/NoSuchMethodError'{0x0000000684e4d448}: 'java.lang.Object java.lang.invoke.DirectMethodHandle$Holder.newInvokeSpecial(java.lang.Object, java.lang.Object, java.lang.Object, double, double, double, double, int, int, int, int, int, int, int, int, int)'> (0x0000000684e4d448) 
thrown [t:\workspace\open\src\hotspot\share\interpreter\linkResolver.cpp, line 766]
Event: 13.197 Thread 0x00000208151378b0 Exception <a 'java/lang/ClassNotFoundException'{0x00000006996b38d8}: com/kyj/fx/b/ETScriptHelper/actions/ec/ec/group/EquipmentClassGroupDVOBeanInfo> (0x00000006996b38d8) 
thrown [t:\workspace\open\src\hotspot\share\classfile\systemDictionary.cpp, line 256]
Event: 13.197 Thread 0x00000208151378b0 Exception <a 'java/lang/ClassNotFoundException'{0x00000006996b62d8}: com/kyj/fx/b/ETScriptHelper/actions/ec/ec/group/EquipmentClassGroupDVOCustomizer> (0x00000006996b62d8) 
thrown [t:\workspace\open\src\hotspot\share\classfile\systemDictionary.cpp, line 256]
Event: 38.752 Thread 0x00000208151378b0 Exception <a 'java/lang/NoSuchMethodError'{0x00000006997f4800}: 'java.lang.Object java.lang.invoke.DirectMethodHandle$Holder.newInvokeSpecial(java.lang.Object, java.lang.Object, int, int, int, int, int, java.lang.Object)'> (0x00000006997f4800) 
thrown [t:\workspace\open\src\hotspot\share\interpreter\linkResolver.cpp, line 766]
Event: 38.753 Thread 0x00000208151378b0 Exception <a 'java/lang/NoSuchMethodError'{0x000000069705eaa0}: 'java.lang.Object java.lang.invoke.DirectMethodHandle$Holder.newInvokeSpecial(java.lang.Object, java.lang.Object, java.lang.Object, int, int, int, int, int)'> (0x000000069705eaa0) 
thrown [t:\workspace\open\src\hotspot\share\interpreter\linkResolver.cpp, line 766]
Event: 38.753 Thread 0x00000208151378b0 Exception <a 'java/lang/NoSuchMethodError'{0x0000000697066300}: 'java.lang.Object java.lang.invoke.Invokers$Holder.linkToTargetMethod(java.lang.Object, java.lang.Object, int, int, int, int, int, java.lang.Object)'> (0x0000000697066300) 
thrown [t:\workspace\open\src\hotspot\share\interpreter\linkResolver.cpp, line 766]
Event: 41.022 Thread 0x00000208151378b0 Implicit null exception at 0x0000020807e8df84 to 0x0000020807e9dce0
Event: 41.052 Thread 0x00000208151378b0 Implicit null exception at 0x0000020807e6bb07 to 0x0000020807e6c3a4
Event: 41.748 Thread 0x00000208151378b0 Implicit null exception at 0x0000020807eaf1e0 to 0x0000020807eb6ce4
Event: 41.753 Thread 0x00000208151378b0 Implicit null exception at 0x0000020807e6eae0 to 0x0000020807e70375
Event: 42.478 Thread 0x00000208151378b0 Exception <a 'java/io/FileNotFoundException'{0x0000000689099490}> (0x0000000689099490) 
thrown [t:\workspace\open\src\hotspot\share\prims\jni.cpp, line 516]
Event: 42.482 Thread 0x00000208151378b0 Exception <a 'java/io/FileNotFoundException'{0x00000006890ba990}> (0x00000006890ba990) 
thrown [t:\workspace\open\src\hotspot\share\prims\jni.cpp, line 516]
Event: 85.255 Thread 0x00000208151378b0 Exception <a 'java/io/FileNotFoundException'{0x0000000686b6fd30}> (0x0000000686b6fd30) 
thrown [t:\workspace\open\src\hotspot\share\prims\jni.cpp, line 516]
Event: 85.260 Thread 0x00000208151378b0 Exception <a 'java/io/FileNotFoundException'{0x0000000686b91230}> (0x0000000686b91230) 
thrown [t:\workspace\open\src\hotspot\share\prims\jni.cpp, line 516]
Event: 85.329 Thread 0x00000208151378b0 Implicit null exception at 0x0000020807f91fce to 0x0000020807f92424

VM Operations (20 events):
Event: 98.644 Executing VM operation: ChangeSingleStep
Event: 98.644 Executing VM operation: ChangeSingleStep done
Event: 98.650 Executing VM operation: GetObjectMonitorUsage
Event: 98.650 Executing VM operation: GetObjectMonitorUsage done
Event: 98.650 Executing VM operation: GetObjectMonitorUsage
Event: 98.650 Executing VM operation: GetObjectMonitorUsage done
Event: 98.660 Executing VM operation: get/set locals
Event: 98.660 Executing VM operation: get/set locals done
Event: 98.661 Executing VM operation: get/set locals
Event: 98.661 Executing VM operation: get/set locals done
Event: 99.187 Executing VM operation: GetObjectMonitorUsage
Event: 99.187 Executing VM operation: GetObjectMonitorUsage done
Event: 99.188 Executing VM operation: GetObjectMonitorUsage
Event: 99.188 Executing VM operation: GetObjectMonitorUsage done
Event: 99.375 Executing VM operation: GetObjectMonitorUsage
Event: 99.375 Executing VM operation: GetObjectMonitorUsage done
Event: 99.375 Executing VM operation: GetObjectMonitorUsage
Event: 99.375 Executing VM operation: GetObjectMonitorUsage done
Event: 99.558 Executing VM operation: get/set locals
Event: 99.558 Executing VM operation: get/set locals done

Events (20 events):
Event: 42.436 loading class jdk/internal/access/foreign/MemorySegmentProxy done
Event: 42.477 Thread 0x000002081f377b50 Thread added: 0x000002081f377b50
Event: 45.968 Thread 0x000002081f374dc0 Thread exited: 0x000002081f374dc0
Event: 45.968 Thread 0x000002081f377b50 Thread exited: 0x000002081f377b50
Event: 45.975 Thread 0x000002081f377b50 Thread added: 0x000002081f377b50
Event: 45.978 Thread 0x000002081f378a80 Thread added: 0x000002081f378a80
Event: 51.219 Thread 0x000002081f378a80 Thread exited: 0x000002081f378a80
Event: 56.181 Thread 0x000002081f377b50 Thread exited: 0x000002081f377b50
Event: 73.978 Thread 0x000002081f372a50 Thread added: 0x000002081f372a50
Event: 74.330 Thread 0x000002081f372a50 Thread exited: 0x000002081f372a50
Event: 74.349 Thread 0x000002081f372a50 Thread added: 0x000002081f372a50
Event: 74.444 Thread 0x000002081f372f60 Thread added: 0x000002081f372f60
Event: 75.859 Thread 0x000002081f372f60 Thread exited: 0x000002081f372f60
Event: 76.115 Thread 0x000002081f372a50 Thread exited: 0x000002081f372a50
Event: 84.599 Thread 0x000002081f378a80 Thread added: 0x000002081f378a80
Event: 84.981 Thread 0x000002081f378a80 Thread exited: 0x000002081f378a80
Event: 85.245 Thread 0x000002081f372f60 Thread added: 0x000002081f372f60
Event: 85.246 Thread 0x000002081f378a80 Thread added: 0x000002081f378a80
Event: 87.244 Thread 0x000002081f378a80 Thread exited: 0x000002081f378a80
Event: 92.264 Thread 0x000002081f372f60 Thread exited: 0x000002081f372f60


Dynamic libraries:
0x00007ff76cfd0000 - 0x00007ff76cfde000 	C:\Program Files\Java\jdk-17\bin\javaw.exe
0x00007ffc2d290000 - 0x00007ffc2d485000 	C:\WINDOWS\SYSTEM32\ntdll.dll
0x00007ffc2ba40000 - 0x00007ffc2bafe000 	C:\WINDOWS\System32\KERNEL32.DLL
0x00007ffc2ace0000 - 0x00007ffc2afa8000 	C:\WINDOWS\System32\KERNELBASE.dll
0x00007ffc2afb0000 - 0x00007ffc2b0b0000 	C:\WINDOWS\System32\ucrtbase.dll
0x00007ffc25680000 - 0x00007ffc2569a000 	C:\Program Files\Java\jdk-17\bin\VCRUNTIME140.dll
0x00007ffc22870000 - 0x00007ffc22888000 	C:\Program Files\Java\jdk-17\bin\jli.dll
0x00007ffc2bb60000 - 0x00007ffc2bd01000 	C:\WINDOWS\System32\USER32.dll
0x00007ffc2b0b0000 - 0x00007ffc2b0d2000 	C:\WINDOWS\System32\win32u.dll
0x00007ffc2b490000 - 0x00007ffc2b4bb000 	C:\WINDOWS\System32\GDI32.dll
0x00007ffc2b180000 - 0x00007ffc2b28b000 	C:\WINDOWS\System32\gdi32full.dll
0x00007ffc2b0e0000 - 0x00007ffc2b17d000 	C:\WINDOWS\System32\msvcp_win.dll
0x00007ffc15930000 - 0x00007ffc15bca000 	C:\WINDOWS\WinSxS\amd64_microsoft.windows.common-controls_6595b64144ccf1df_6.0.19041.1110_none_60b5254171f9507e\COMCTL32.dll
0x00007ffc2b550000 - 0x00007ffc2b5ee000 	C:\WINDOWS\System32\msvcrt.dll
0x00007ffc2cda0000 - 0x00007ffc2cdd0000 	C:\WINDOWS\System32\IMM32.DLL
0x00007ffc13b80000 - 0x00007ffc13c29000 	C:\WINDOWS\INCOPS3\esdcnl64.dll
0x00007ffc2b690000 - 0x00007ffc2b73c000 	C:\WINDOWS\System32\ADVAPI32.dll
0x00007ffc2b5f0000 - 0x00007ffc2b68b000 	C:\WINDOWS\System32\sechost.dll
0x00007ffc2bd10000 - 0x00007ffc2be3a000 	C:\WINDOWS\System32\RPCRT4.dll
0x00007ffc295e0000 - 0x00007ffc29613000 	C:\WINDOWS\SYSTEM32\ntmarta.dll
0x00007ffc05fc0000 - 0x00007ffc060a5000 	C:\WINDOWS\INCOPS3\ESATM64.dll
0x00007ffc2c600000 - 0x00007ffc2cd3f000 	C:\WINDOWS\System32\SHELL32.dll
0x00007ffc2b910000 - 0x00007ffc2ba3a000 	C:\WINDOWS\System32\ole32.dll
0x00007ffc2c2a0000 - 0x00007ffc2c5f5000 	C:\WINDOWS\System32\combase.dll
0x00007ffc05730000 - 0x00007ffc05826000 	C:\WINDOWS\INCOPS3\ESSCNL64.dll
0x00007ffc06450000 - 0x00007ffc0674b000 	C:\WINDOWS\pcdrm\NSCCOR0364.DLL
0x00007ffc23800000 - 0x00007ffc2380a000 	C:\WINDOWS\SYSTEM32\VERSION.dll
0x00007ffc2b900000 - 0x00007ffc2b908000 	C:\WINDOWS\System32\psapi.dll
0x00007ffc06420000 - 0x00007ffc0644e000 	C:\WINDOWS\pcdrm\NBID64.dll
0x000002086a830000 - 0x000002086a8fd000 	C:\WINDOWS\System32\OLEAUT32.dll
0x00007ffc063e0000 - 0x00007ffc06419000 	C:\WINDOWS\pcdrm\NFD0164.dll
0x00007ffc04ac0000 - 0x00007ffc04ad6000 	C:\PAPERSECU\SPCOREHK64.dll
0x00007ffc049c0000 - 0x00007ffc04ab5000 	C:\PAPERSECU\PAPERHK64.DLL
0x00007ffc15890000 - 0x00007ffc15925000 	C:\WINDOWS\SYSTEM32\WINSPOOL.DRV
0x00007ffc04950000 - 0x00007ffc049b4000 	C:\PAPERSECU\PAPERPHK64.DLL
0x00007ffc258d0000 - 0x00007ffc258dc000 	C:\Program Files\Java\jdk-17\bin\vcruntime140_1.dll
0x00007ffc08fa0000 - 0x00007ffc0902d000 	C:\Program Files\Java\jdk-17\bin\msvcp140.dll
0x00007ffbcd7d0000 - 0x00007ffbce38e000 	C:\Program Files\Java\jdk-17\bin\server\jvm.dll
0x00007ffc14090000 - 0x00007ffc14099000 	C:\WINDOWS\SYSTEM32\WSOCK32.dll
0x000002086b2d0000 - 0x000002086b33b000 	C:\WINDOWS\System32\WS2_32.dll
0x00007ffc15d90000 - 0x00007ffc15db7000 	C:\WINDOWS\SYSTEM32\WINMM.dll
0x00007ffc291c0000 - 0x00007ffc291d2000 	C:\WINDOWS\SYSTEM32\kernel.appcore.dll
0x00007ffc25670000 - 0x00007ffc2567a000 	C:\Program Files\Java\jdk-17\bin\jimage.dll
0x00007ffc286f0000 - 0x00007ffc288d4000 	C:\WINDOWS\SYSTEM32\DBGHELP.DLL
0x00007ffc11db0000 - 0x00007ffc11ddc000 	C:\WINDOWS\SYSTEM32\dbgcore.DLL
0x00007ffc2aa60000 - 0x00007ffc2aae3000 	C:\WINDOWS\System32\bcryptPrimitives.dll
0x00007ffc21fd0000 - 0x00007ffc2200b000 	C:\Program Files\Java\jdk-17\bin\jdwp.dll
0x00007ffc22630000 - 0x00007ffc2263e000 	C:\Program Files\Java\jdk-17\bin\instrument.dll
0x00007ffc18e90000 - 0x00007ffc18eb5000 	C:\Program Files\Java\jdk-17\bin\java.dll
0x00007ffbfb090000 - 0x00007ffbfb166000 	C:\Program Files\Java\jdk-17\bin\svml.dll
0x00007ffc288e0000 - 0x00007ffc29070000 	C:\WINDOWS\SYSTEM32\windows.storage.dll
0x00007ffc2a320000 - 0x00007ffc2a34e000 	C:\WINDOWS\SYSTEM32\Wldp.dll
0x000002087ea60000 - 0x000002087eb0d000 	C:\WINDOWS\System32\SHCORE.dll
0x000002087eb10000 - 0x000002087eb65000 	C:\WINDOWS\System32\shlwapi.dll
0x00007ffc2a8f0000 - 0x00007ffc2a90f000 	C:\WINDOWS\SYSTEM32\profapi.dll
0x00007ffc22610000 - 0x00007ffc22629000 	C:\Program Files\Java\jdk-17\bin\net.dll
0x00007ffc195b0000 - 0x00007ffc196bc000 	C:\WINDOWS\SYSTEM32\WINHTTP.dll
0x00007ffc2a100000 - 0x00007ffc2a16a000 	C:\WINDOWS\system32\mswsock.dll
0x00007ffc192b0000 - 0x00007ffc192c5000 	C:\Program Files\Java\jdk-17\bin\nio.dll
0x00007ffc18c90000 - 0x00007ffc18ca8000 	C:\Program Files\Java\jdk-17\bin\zip.dll
0x00007ffc22550000 - 0x00007ffc2255c000 	C:\Program Files\Java\jdk-17\bin\dt_socket.dll
0x00007ffc29dc0000 - 0x00007ffc29dfb000 	C:\WINDOWS\SYSTEM32\IPHLPAPI.DLL
0x00007ffc29e00000 - 0x00007ffc29ecb000 	C:\WINDOWS\SYSTEM32\DNSAPI.dll
0x000002086b230000 - 0x000002086b238000 	C:\WINDOWS\System32\NSI.dll
0x00007ffc1fe20000 - 0x00007ffc1fe9f000 	C:\WINDOWS\System32\fwpuclnt.dll
0x00007ffc2ab50000 - 0x00007ffc2ab77000 	C:\WINDOWS\System32\bcrypt.dll
0x00007ffc17da0000 - 0x00007ffc17daa000 	C:\Windows\System32\rasadhlp.dll
0x00007ffc22450000 - 0x00007ffc22460000 	C:\Program Files\Java\jdk-17\bin\verify.dll
0x000002087eb80000 - 0x000002087eb83000 	C:\Users\KYJ\.openjfx\cache\16\api-ms-win-core-console-l1-1-0.dll
0x000002087eb90000 - 0x000002087eb93000 	C:\Users\KYJ\.openjfx\cache\16\api-ms-win-core-console-l1-2-0.dll
0x000002087eba0000 - 0x000002087eba3000 	C:\Users\KYJ\.openjfx\cache\16\api-ms-win-core-datetime-l1-1-0.dll
0x000002087ebb0000 - 0x000002087ebb3000 	C:\Users\KYJ\.openjfx\cache\16\api-ms-win-core-debug-l1-1-0.dll
0x000002087ebc0000 - 0x000002087ebc3000 	C:\Users\KYJ\.openjfx\cache\16\api-ms-win-core-errorhandling-l1-1-0.dll
0x000002087ebd0000 - 0x000002087ebd4000 	C:\Users\KYJ\.openjfx\cache\16\api-ms-win-core-file-l1-1-0.dll
0x000002087ebe0000 - 0x000002087ebe3000 	C:\Users\KYJ\.openjfx\cache\16\api-ms-win-core-file-l1-2-0.dll
0x000002087ebf0000 - 0x000002087ebf3000 	C:\Users\KYJ\.openjfx\cache\16\api-ms-win-core-file-l2-1-0.dll
0x000002087fc00000 - 0x000002087fc03000 	C:\Users\KYJ\.openjfx\cache\16\api-ms-win-core-handle-l1-1-0.dll
0x000002087fc10000 - 0x000002087fc13000 	C:\Users\KYJ\.openjfx\cache\16\api-ms-win-core-heap-l1-1-0.dll
0x000002087fc20000 - 0x000002087fc23000 	C:\Users\KYJ\.openjfx\cache\16\api-ms-win-core-interlocked-l1-1-0.dll
0x000002087fc30000 - 0x000002087fc33000 	C:\Users\KYJ\.openjfx\cache\16\api-ms-win-core-libraryloader-l1-1-0.dll
0x000002087fc40000 - 0x000002087fc43000 	C:\Users\KYJ\.openjfx\cache\16\api-ms-win-core-localization-l1-2-0.dll
0x000002087fc50000 - 0x000002087fc53000 	C:\Users\KYJ\.openjfx\cache\16\api-ms-win-core-memory-l1-1-0.dll
0x000002087fc60000 - 0x000002087fc63000 	C:\Users\KYJ\.openjfx\cache\16\api-ms-win-core-namedpipe-l1-1-0.dll
0x000002087fc70000 - 0x000002087fc73000 	C:\Users\KYJ\.openjfx\cache\16\api-ms-win-core-processenvironment-l1-1-0.dll
0x0000020815f70000 - 0x0000020815f73000 	C:\Users\KYJ\.openjfx\cache\16\api-ms-win-core-processthreads-l1-1-0.dll
0x0000020815f80000 - 0x0000020815f83000 	C:\Users\KYJ\.openjfx\cache\16\api-ms-win-core-processthreads-l1-1-1.dll
0x0000020815f90000 - 0x0000020815f93000 	C:\Users\KYJ\.openjfx\cache\16\api-ms-win-core-profile-l1-1-0.dll
0x0000020815fa0000 - 0x0000020815fa3000 	C:\Users\KYJ\.openjfx\cache\16\api-ms-win-core-rtlsupport-l1-1-0.dll
0x0000020815fb0000 - 0x0000020815fb3000 	C:\Users\KYJ\.openjfx\cache\16\api-ms-win-core-string-l1-1-0.dll
0x0000020815fc0000 - 0x0000020815fc3000 	C:\Users\KYJ\.openjfx\cache\16\api-ms-win-core-synch-l1-1-0.dll
0x0000020815fd0000 - 0x0000020815fd3000 	C:\Users\KYJ\.openjfx\cache\16\api-ms-win-core-synch-l1-2-0.dll
0x0000020815fe0000 - 0x0000020815fe3000 	C:\Users\KYJ\.openjfx\cache\16\api-ms-win-core-sysinfo-l1-1-0.dll
0x0000020815ff0000 - 0x0000020815ff3000 	C:\Users\KYJ\.openjfx\cache\16\api-ms-win-core-timezone-l1-1-0.dll
0x0000020816000000 - 0x0000020816003000 	C:\Users\KYJ\.openjfx\cache\16\api-ms-win-core-util-l1-1-0.dll
0x0000020816010000 - 0x0000020816013000 	C:\Users\KYJ\.openjfx\cache\16\api-ms-win-crt-conio-l1-1-0.dll
0x0000020816020000 - 0x0000020816024000 	C:\Users\KYJ\.openjfx\cache\16\api-ms-win-crt-convert-l1-1-0.dll
0x0000020816030000 - 0x0000020816033000 	C:\Users\KYJ\.openjfx\cache\16\api-ms-win-crt-environment-l1-1-0.dll
0x0000020816040000 - 0x0000020816043000 	C:\Users\KYJ\.openjfx\cache\16\api-ms-win-crt-filesystem-l1-1-0.dll
0x0000020816050000 - 0x0000020816053000 	C:\Users\KYJ\.openjfx\cache\16\api-ms-win-crt-heap-l1-1-0.dll
0x0000020816060000 - 0x0000020816063000 	C:\Users\KYJ\.openjfx\cache\16\api-ms-win-crt-locale-l1-1-0.dll
0x0000020816070000 - 0x0000020816075000 	C:\Users\KYJ\.openjfx\cache\16\api-ms-win-crt-math-l1-1-0.dll
0x0000020816080000 - 0x0000020816085000 	C:\Users\KYJ\.openjfx\cache\16\api-ms-win-crt-multibyte-l1-1-0.dll
0x0000020816090000 - 0x00000208160a0000 	C:\Users\KYJ\.openjfx\cache\16\api-ms-win-crt-private-l1-1-0.dll
0x00000208160a0000 - 0x00000208160a3000 	C:\Users\KYJ\.openjfx\cache\16\api-ms-win-crt-process-l1-1-0.dll
0x00000208160b0000 - 0x00000208160b4000 	C:\Users\KYJ\.openjfx\cache\16\api-ms-win-crt-runtime-l1-1-0.dll
0x00000208160c0000 - 0x00000208160c4000 	C:\Users\KYJ\.openjfx\cache\16\api-ms-win-crt-stdio-l1-1-0.dll
0x00000208160d0000 - 0x00000208160d4000 	C:\Users\KYJ\.openjfx\cache\16\api-ms-win-crt-string-l1-1-0.dll
0x00000208160e0000 - 0x00000208160e3000 	C:\Users\KYJ\.openjfx\cache\16\api-ms-win-crt-time-l1-1-0.dll
0x00000208160f0000 - 0x00000208160f3000 	C:\Users\KYJ\.openjfx\cache\16\api-ms-win-crt-utility-l1-1-0.dll
0x00007ffbe3da0000 - 0x00007ffbe3e9c000 	C:\Users\KYJ\.openjfx\cache\16\ucrtbase.dll
0x00007ffc18510000 - 0x00007ffc18529000 	C:\Users\KYJ\.openjfx\cache\16\vcruntime140.dll
0x00007ffc22020000 - 0x00007ffc2202c000 	C:\Users\KYJ\.openjfx\cache\16\vcruntime140_1.dll
0x00007ffc062b0000 - 0x00007ffc06341000 	C:\Users\KYJ\.openjfx\cache\16\msvcp140.dll
0x00007ffc16c50000 - 0x00007ffc16c77000 	C:\Users\KYJ\.openjfx\cache\16\prism_d3d.dll
0x00007ffc19f40000 - 0x00007ffc1a10e000 	C:\WINDOWS\system32\d3d9.dll
0x00007ffc28160000 - 0x00007ffc2818f000 	C:\WINDOWS\SYSTEM32\dwmapi.dll
0x00007ffc27250000 - 0x00007ffc272ee000 	C:\WINDOWS\system32\uxtheme.dll
0x00007ffbe3c40000 - 0x00007ffbe3da0000 	C:\WINDOWS\System32\DriverStore\FileRepository\iigd_dch.inf_amd64_d3bdee8c45641e36\igdumdim64.dll
0x00007ffbc1af0000 - 0x00007ffbc53fe000 	C:\WINDOWS\System32\DriverStore\FileRepository\iigd_dch.inf_amd64_d3bdee8c45641e36\igd9dxva64.dll
0x00000208161e0000 - 0x0000020816652000 	C:\WINDOWS\System32\SETUPAPI.dll
0x0000020816120000 - 0x000002081616e000 	C:\WINDOWS\System32\cfgmgr32.dll
0x00007ffc1f970000 - 0x00007ffc1fb17000 	C:\WINDOWS\System32\DriverStore\FileRepository\iigd_dch.inf_amd64_d3bdee8c45641e36\igdgmm64.dll
0x00007ffc16b20000 - 0x00007ffc16b62000 	C:\Users\KYJ\.openjfx\cache\16\glass.dll
0x0000020816660000 - 0x000002081673a000 	C:\WINDOWS\System32\COMDLG32.dll
0x00000208169f0000 - 0x0000020816b05000 	C:\WINDOWS\System32\MSCTF.dll
0x00007ffbf72c0000 - 0x00007ffbf72ff000 	C:\WINDOWS\incops3\ProcMon64.dll
0x00007ffc18d00000 - 0x00007ffc18d28000 	C:\WINDOWS\System32\DriverStore\FileRepository\iigd_dch.inf_amd64_d3bdee8c45641e36\igdinfo64.dll
0x00007ffc1a2e0000 - 0x00007ffc1cbe7000 	C:\WINDOWS\System32\DriverStore\FileRepository\iigd_dch.inf_amd64_d3bdee8c45641e36\igc64.dll

dbghelp: loaded successfully - version: 4.0.5 - missing functions: none
symbol engine: initialized successfully - sym options: 0x614 - pdb path: .;C:\Program Files\Java\jdk-17\bin;C:\WINDOWS\SYSTEM32;C:\WINDOWS\WinSxS\amd64_microsoft.windows.common-controls_6595b64144ccf1df_6.0.19041.1110_none_60b5254171f9507e;C:\WINDOWS\INCOPS3;C:\WINDOWS\pcdrm;C:\PAPERSECU;C:\Program Files\Java\jdk-17\bin\server;C:\Users\KYJ\.openjfx\cache\16;C:\WINDOWS\System32\DriverStore\FileRepository\iigd_dch.inf_amd64_d3bdee8c45641e36;C:\Program Files\Common Files\Microsoft Shared\Ink;C:\Windows\System32\IME\IMEKR;C:\Windows\System32\IME\shared

VM Arguments:
jvm_args: -Djava.net.preferIPv4Stack=true -XX:+ShowCodeDetailsInExceptionMessages -agentlib:jdwp=transport=dt_socket,suspend=y,address=localhost:61813 --module-path=C:\Program Files\Java\open-jdk-16-javafx --add-modules=ALL-MODULE-PATH -javaagent:C:\Users\KYJ\uml2-master2\eclipse\configuration\org.eclipse.osgi\1410\0\.cp\lib\javaagent-shaded.jar -Dfile.encoding=UTF-8 
java_command: com.kyj.fx.b.ETScriptHelper.MainApp
java_class_path (initial): C:\Users\KYJ\git\repository\ETScriptHelper\target\classes;C:\Users\KYJ\.p2\pool\plugins\org.junit.jupiter.api_5.7.1.v20210222-1948.jar;C:\Users\KYJ\.p2\pool\plugins\org.junit.jupiter.engine_5.7.1.v20210222-1948.jar;C:\Users\KYJ\.p2\pool\plugins\org.junit.jupiter.migrationsupport_5.7.1.v20210222-1948.jar;C:\Users\KYJ\.p2\pool\plugins\org.junit.jupiter.params_5.7.1.v20210222-1948.jar;C:\Users\KYJ\.p2\pool\plugins\org.junit.platform.commons_1.7.1.v20210222-1948.jar;C:\Users\KYJ\.p2\pool\plugins\org.junit.platform.engine_1.7.1.v20210222-1948.jar;C:\Users\KYJ\.p2\pool\plugins\org.junit.platform.launcher_1.7.1.v20210222-1948.jar;C:\Users\KYJ\.p2\pool\plugins\org.junit.platform.runner_1.7.1.v20210222-1948.jar;C:\Users\KYJ\.p2\pool\plugins\org.junit.platform.suite.api_1.7.1.v20210222-1948.jar;C:\Users\KYJ\.p2\pool\plugins\org.junit.vintage.engine_5.7.1.v20210222-1948.jar;C:\Users\KYJ\.p2\pool\plugins\org.opentest4j_1.2.0.v20190826-0900.jar;C:\Users\KYJ\.p2\pool\plugins\org.apiguardian_1.1.0.v20190826-0900.jar;C:\Users\KYJ\.p2\pool\plugins\org.junit_4.13.0.v20200204-1500.jar;C:\Users\KYJ\.p2\pool\plugins\org.hamcrest.core_1.3.0.v20180420-1519.jar;C:\Users\KYJ\.p2\pool\plugins\org.eclipse.fx.ide.css.jfx8_3.7.0.202010120832.jar;C:\Program Files\Java\javafx-sdk-17.0.1\lib\javafx.base.jar;C:\Program Files\Java\javafx-sdk-17.0.1\lib\javafx.controls.jar;C:\Program Files\Java\javafx-sdk-17.0.1\lib\javafx.fxml.jar;C:\Program Files\Java\javafx-sdk-17.0.1\lib\javafx.graphics.jar;C:\Program Files\Java\javafx-sdk-17.0.1\lib\javafx.media.jar;C:\Program Files\Java\javafx-sdk-17.0.1\lib\javafx.swing.jar;C:\Program Files\Java\javafx-sdk-17.0.1\lib\javafx.web.jar;C:\Program Files\Java\javafx-sdk-17.0.1\lib\javafx-swt.jar;C:\Users\KYJ\.m2\repository\org\slf4j\slf4j-api\1.7.20\slf4j-api-1.7.20.jar;C:\Users\KYJ\.m2\repository\ch\qos\logback\logback-classic\1.2.0\logback-classic-1.2.0.jar;C:\Users\KYJ\.m2\repository\ch\qos\logback\logback-core\1.2.0\logback-core-1.2.
Launcher Type: SUN_STANDARD

[Global flags]
     intx CICompilerCount                          = 4                                         {product} {ergonomic}
     uint ConcGCThreads                            = 2                                         {product} {ergonomic}
     uint G1ConcRefinementThreads                  = 8                                         {product} {ergonomic}
   size_t G1HeapRegionSize                         = 4194304                                   {product} {ergonomic}
    uintx GCDrainStackTargetSize                   = 64                                        {product} {ergonomic}
   size_t InitialHeapSize                          = 402653184                                 {product} {ergonomic}
   size_t MarkStackSize                            = 4194304                                   {product} {ergonomic}
   size_t MaxHeapSize                              = 6417285120                                {product} {ergonomic}
   size_t MaxNewSize                               = 3850371072                                {product} {ergonomic}
   size_t MinHeapDeltaBytes                        = 4194304                                   {product} {ergonomic}
   size_t MinHeapSize                              = 8388608                                   {product} {ergonomic}
    uintx NonNMethodCodeHeapSize                   = 5839372                                {pd product} {ergonomic}
    uintx NonProfiledCodeHeapSize                  = 122909434                              {pd product} {ergonomic}
    uintx ProfiledCodeHeapSize                     = 122909434                              {pd product} {ergonomic}
    uintx ReservedCodeCacheSize                    = 251658240                              {pd product} {ergonomic}
     bool SegmentedCodeCache                       = true                                      {product} {ergonomic}
     bool ShowCodeDetailsInExceptionMessages       = true                                   {manageable} {command line}
   size_t SoftMaxHeapSize                          = 6417285120                             {manageable} {ergonomic}
     bool UseCompressedClassPointers               = true                           {product lp64_product} {ergonomic}
     bool UseCompressedOops                        = true                           {product lp64_product} {ergonomic}
     bool UseG1GC                                  = true                                      {product} {ergonomic}
     bool UseLargePagesIndividualAllocation        = false                                  {pd product} {ergonomic}

Logging:
Log output configuration:
 #0: stdout all=warning uptime,level,tags
 #1: stderr all=off uptime,level,tags

Environment Variables:
JAVA_HOME=C:\Program Files\Java\jdk-17
JAVA_TOOL_OPTIONS=-Djava.net.preferIPv4Stack=true
PATH=C:\Program Files (x86)\ImageMagick-7.0.8-Q8;C:\Program Files (x86)\Intel\Intel(R) Management Engine Components\iCLS\;C:\Program Files\Intel\Intel(R) Management Engine Components\iCLS\;C:\Windows\system32;C:\Windows;C:\Windows\System32\Wbem;C:\Windows\System32\WindowsPowerShell\v1.0\;C:\Windows\System32\OpenSSH\;C:\Program Files (x86)\NVIDIA Corporation\PhysX\Common;C:\Program Files\NVIDIA Corporation\NVIDIA NvDLISR;C:\Program Files (x86)\Intel\Intel(R) Management Engine Components\DAL;C:\Program Files\Intel\Intel(R) Management Engine Components\DAL;C:\Program Files\dotnet\;C:\Program Files\Microsoft SQL Server\130\Tools\Binn\;C:\Program Files\Java\jdk-17\bin;C:\Users\KYJ\apache-maven-3.8.3\bin;C:\Program Files (x86)\Inno Setup 5;C:\Program Files (x86)\Microsoft SQL Server\Client SDK\ODBC\130\Tools\Binn\;C:\Program Files (x86)\Microsoft SQL Server\140\Tools\Binn\;C:\Program Files (x86)\Microsoft SQL Server\140\DTS\Binn\;C:\Program Files (x86)\Microsoft SQL Server\140\Tools\Binn\ManagementStudio\;C:\Program Files\TortoiseSVN\bin;C:\WINDOWS\system32;C:\WINDOWS;C:\WINDOWS\System32\Wbem;C:\WINDOWS\System32\WindowsPowerShell\v1.0\;C:\WINDOWS\System32\OpenSSH\;C:\Program Files\WinMerge;D:\Bitnami\redmine-3.4.6-2\ruby\bin;C:\Windows\Microsoft.NET\Framework\v4.0.30319;C:\Go\bin;C:\Users\KYJ\gradle-6.0.1-bin\gradle-6.0.1\bin;C:\Program Files (x86)\Log Parser 2.2;C:\Users\KYJ\tcping;C:\Program Files\nodejs\;C:\Users\KYJ\AppData\Local\Programs\Python\Python38-32\Scripts;C:\Users\KYJ\AppData\Local\Android\Sdk\platform-tools;C:\Program Files\Tesseract-OCR;C:\Users\KYJ\Perl\Strawberry\c\bin;C:\Users\KYJ\Perl\Strawberry\perl\site\bin;C:\Users\KYJ\Perl\Strawberry\perl\bin;C:\Users\KYJ\apache-ant-1.10.8\apache-ant-1.10.8\bin;C:\Program Files\PostgreSQL\12\bin;C:\Program Files\Docker\Docker\resources\bin;C:\ProgramData\DockerDesktop\version-bin;C:\Program Files\TortoiseGit\bin;C:\Program Files (x86)\Microsoft SQL Server\150\DTS\Binn\;C:\Program Files\Azure Data Studio\bin;C:\Users\K
USERNAME=KYJ
OS=Windows_NT
PROCESSOR_IDENTIFIER=Intel64 Family 6 Model 142 Stepping 11, GenuineIntel



---------------  S Y S T E M  ---------------

OS:
 Windows 10 , 64 bit Build 19041 (10.0.19041.1348)
OS uptime: 0 days 23:47 hours
Hyper-V role detected

CPU: total 8 (initial active 8) (4 cores per cpu, 2 threads per core) family 6 model 142 stepping 11 microcode 0xae, cx8, cmov, fxsr, ht, mmx, 3dnowpref, sse, sse2, sse3, ssse3, sse4.1, sse4.2, popcnt, lzcnt, tsc, tscinvbit, avx, avx2, aes, erms, clmul, bmi1, bmi2, adx, fma, vzeroupper, clflush, clflushopt, hv

Memory: 4k page, system-wide physical 24467M (12772M free)
TotalPageFile size 28051M (AvailPageFile size 6043M)
current process WorkingSet (physical memory assigned to process): 319M, peak: 388M
current process commit charge ("private bytes"): 362M, peak: 694M

vm_info: OpenJDK 64-Bit Server VM (17+35-2724) for windows-amd64 JRE (17+35-2724), built on Aug  5 2021 23:26:02 by "mach5one" with MS VC++ 16.8 (VS2019)

END.
